[2024-08-09T07:49:38.210+0000] {local_task_job_runner.py:120} INFO - ::group::Pre task execution logs
[2024-08-09T07:49:38.258+0000] {taskinstance.py:2076} INFO - Dependencies all met for dep_context=non-requeueable deps ti=<TaskInstance: streaming.get_data manual__2024-08-09T07:49:36.654007+00:00 [queued]>
[2024-08-09T07:49:38.272+0000] {taskinstance.py:2076} INFO - Dependencies all met for dep_context=requeueable deps ti=<TaskInstance: streaming.get_data manual__2024-08-09T07:49:36.654007+00:00 [queued]>
[2024-08-09T07:49:38.273+0000] {taskinstance.py:2306} INFO - Starting attempt 1 of 2
[2024-08-09T07:49:38.293+0000] {taskinstance.py:2330} INFO - Executing <Task(PythonOperator): get_data> on 2024-08-09 07:49:36.654007+00:00
[2024-08-09T07:49:38.303+0000] {logging_mixin.py:188} WARNING - /home/***/.local/lib/python3.12/site-packages/***/task/task_runner/standard_task_runner.py:62 DeprecationWarning: This process (pid=1305) is multi-threaded, use of fork() may lead to deadlocks in the child.
[2024-08-09T07:49:38.305+0000] {standard_task_runner.py:64} INFO - Started process 1312 to run task
[2024-08-09T07:49:38.303+0000] {standard_task_runner.py:90} INFO - Running: ['***', 'tasks', 'run', 'streaming', 'get_data', 'manual__2024-08-09T07:49:36.654007+00:00', '--job-id', '137', '--raw', '--subdir', 'DAGS_FOLDER/topic.py', '--cfg-path', '/tmp/tmpmmz7iugf']
[2024-08-09T07:49:38.306+0000] {standard_task_runner.py:91} INFO - Job 137: Subtask get_data
[2024-08-09T07:49:38.341+0000] {logging_mixin.py:188} WARNING - /home/***/.local/lib/python3.12/site-packages/***/settings.py:195 DeprecationWarning: The sql_alchemy_conn option in [core] has been moved to the sql_alchemy_conn option in [database] - the old setting has been used, but please update your config.
[2024-08-09T07:49:38.425+0000] {task_command.py:426} INFO - Running <TaskInstance: streaming.get_data manual__2024-08-09T07:49:36.654007+00:00 [running]> on host 110119ffa3a6
[2024-08-09T07:49:38.622+0000] {taskinstance.py:2648} INFO - Exporting env vars: AIRFLOW_CTX_DAG_OWNER='***' AIRFLOW_CTX_DAG_ID='streaming' AIRFLOW_CTX_TASK_ID='get_data' AIRFLOW_CTX_EXECUTION_DATE='2024-08-09T07:49:36.654007+00:00' AIRFLOW_CTX_TRY_NUMBER='1' AIRFLOW_CTX_DAG_RUN_ID='manual__2024-08-09T07:49:36.654007+00:00'
[2024-08-09T07:49:38.624+0000] {taskinstance.py:430} INFO - ::endgroup::
[2024-08-09T07:49:39.323+0000] {logging_mixin.py:188} WARNING - [*********************100%%**********************]  1 of 1 completed
[2024-08-09T07:49:39.471+0000] {logging_mixin.py:188} WARNING - [*********************100%%**********************]  1 of 1 completed
[2024-08-09T07:49:39.596+0000] {logging_mixin.py:188} WARNING - [*********************100%%**********************]  1 of 1 completed
[2024-08-09T07:49:39.797+0000] {logging_mixin.py:188} WARNING - [*********************100%%**********************]  1 of 1 completed
[2024-08-09T07:49:39.935+0000] {logging_mixin.py:188} INFO - $TPE: possibly delisted; No price data found  (1d 2024-08-08 -> 2024-08-09)
[2024-08-09T07:49:39.935+0000] {logging_mixin.py:188} WARNING - [*********************100%%**********************]  1 of 1 completed
[2024-08-09T07:49:39.938+0000] {multi.py:171} ERROR - 
1 Failed download:
[2024-08-09T07:49:39.939+0000] {multi.py:184} ERROR - ['TPE']: YFPricesMissingError('$%ticker%: possibly delisted; No price data found  (1d 2024-08-08 -> 2024-08-09)')
[2024-08-09T07:49:40.072+0000] {logging_mixin.py:188} WARNING - [*********************100%%**********************]  1 of 1 completed
[2024-08-09T07:49:40.268+0000] {logging_mixin.py:188} WARNING - [*********************100%%**********************]  1 of 1 completed
[2024-08-09T07:49:40.420+0000] {logging_mixin.py:188} WARNING - [*********************100%%**********************]  1 of 1 completed
[2024-08-09T07:49:40.588+0000] {logging_mixin.py:188} WARNING - [*********************100%%**********************]  1 of 1 completed
[2024-08-09T07:49:40.733+0000] {logging_mixin.py:188} WARNING - [*********************100%%**********************]  1 of 1 completed
[2024-08-09T07:49:40.808+0000] {python.py:237} INFO - Done. Returned value was: [                  Open        High  ...   Adj Close    Volume
Date                                ...                      
2024-08-08  213.110001  214.199997  ...  213.309998  44598400

[1 rows x 6 columns],                   Open        High  ...   Adj Close    Volume
Date                                ...                      
2024-08-08  131.970001  136.479996  ...  136.320007  48401800

[1 rows x 6 columns],                   Open        High  ...   Adj Close    Volume
Date                                ...                      
2024-08-08  165.169998  166.690002  ...  165.800003  44518900

[1 rows x 6 columns],                   Open        High         Low       Close   Adj Close   Volume
Date                                                                           
2024-08-08  160.740005  165.589996  157.869995  164.949997  164.949997  9480500, Empty DataFrame
Columns: [Open, High, Low, Close, Adj Close, Volume]
Index: [],                   Open        High  ...   Adj Close    Volume
Date                                ...                      
2024-08-08  160.509995  163.690002  ...  162.029999  25557400

[1 rows x 6 columns],             Open       High    Low  Close  Adj Close    Volume
Date                                                          
2024-08-08  19.1  20.549999  18.84  20.49      20.49  95664600,              Open        High         Low       Close   Adj Close    Volume
Date                                                                       
2024-08-08  497.5  509.959991  494.720001  509.630005  509.630005  16111300,              Open   High        Low       Close   Adj Close     Volume
Date                                                                  
2024-08-08  102.0  105.5  97.519997  104.970001  104.970001  390385700,                  Open        High        Low       Close   Adj Close   Volume
Date                                                                         
2024-08-08  621.98999  632.289978  616.02002  630.349976  630.349976  3279300]
[2024-08-09T07:49:40.874+0000] {taskinstance.py:441} INFO - ::group::Post task execution logs
[2024-08-09T07:49:40.937+0000] {taskinstance.py:1206} INFO - Marking task as SUCCESS. dag_id=streaming, task_id=get_data, run_id=manual__2024-08-09T07:49:36.654007+00:00, execution_date=20240809T074936, start_date=20240809T074938, end_date=20240809T074940
[2024-08-09T07:49:40.977+0000] {local_task_job_runner.py:243} INFO - Task exited with return code 0
[2024-08-09T07:49:41.011+0000] {taskinstance.py:3503} INFO - 1 downstream tasks scheduled from follow-on schedule check
[2024-08-09T07:49:41.014+0000] {local_task_job_runner.py:222} INFO - ::endgroup::
