[2024-08-10T14:27:53.674+0000] {local_task_job_runner.py:120} INFO - ::group::Pre task execution logs
[2024-08-10T14:27:53.714+0000] {taskinstance.py:2076} INFO - Dependencies all met for dep_context=non-requeueable deps ti=<TaskInstance: streaming_data_today.send_data manual__2024-08-10T14:27:44.826416+00:00 [queued]>
[2024-08-10T14:27:53.724+0000] {taskinstance.py:2076} INFO - Dependencies all met for dep_context=requeueable deps ti=<TaskInstance: streaming_data_today.send_data manual__2024-08-10T14:27:44.826416+00:00 [queued]>
[2024-08-10T14:27:53.726+0000] {taskinstance.py:2306} INFO - Starting attempt 1 of 2
[2024-08-10T14:27:53.744+0000] {taskinstance.py:2330} INFO - Executing <Task(PythonOperator): send_data> on 2024-08-10 14:27:44.826416+00:00
[2024-08-10T14:27:53.752+0000] {logging_mixin.py:188} WARNING - /home/***/.local/lib/python3.12/site-packages/***/task/task_runner/standard_task_runner.py:62 DeprecationWarning: This process (pid=1631) is multi-threaded, use of fork() may lead to deadlocks in the child.
[2024-08-10T14:27:53.753+0000] {standard_task_runner.py:64} INFO - Started process 1633 to run task
[2024-08-10T14:27:53.752+0000] {standard_task_runner.py:90} INFO - Running: ['***', 'tasks', 'run', 'streaming_data_today', 'send_data', 'manual__2024-08-10T14:27:44.826416+00:00', '--job-id', '200', '--raw', '--subdir', 'DAGS_FOLDER/stream_today.py', '--cfg-path', '/tmp/tmptm1ke8v0']
[2024-08-10T14:27:53.755+0000] {standard_task_runner.py:91} INFO - Job 200: Subtask send_data
[2024-08-10T14:27:53.780+0000] {logging_mixin.py:188} WARNING - /home/***/.local/lib/python3.12/site-packages/***/settings.py:195 DeprecationWarning: The sql_alchemy_conn option in [core] has been moved to the sql_alchemy_conn option in [database] - the old setting has been used, but please update your config.
[2024-08-10T14:27:53.833+0000] {task_command.py:426} INFO - Running <TaskInstance: streaming_data_today.send_data manual__2024-08-10T14:27:44.826416+00:00 [running]> on host 562e157be0a0
[2024-08-10T14:27:53.966+0000] {taskinstance.py:2648} INFO - Exporting env vars: AIRFLOW_CTX_DAG_OWNER='***' AIRFLOW_CTX_DAG_ID='streaming_data_today' AIRFLOW_CTX_TASK_ID='send_data' AIRFLOW_CTX_EXECUTION_DATE='2024-08-10T14:27:44.826416+00:00' AIRFLOW_CTX_TRY_NUMBER='1' AIRFLOW_CTX_DAG_RUN_ID='manual__2024-08-10T14:27:44.826416+00:00'
[2024-08-10T14:27:53.968+0000] {taskinstance.py:430} INFO - ::endgroup::
[2024-08-10T14:27:54.988+0000] {logging_mixin.py:188} INFO - Delivered message to stock_data [0]
[2024-08-10T14:27:54.989+0000] {logging_mixin.py:188} INFO - Delivered message to stock_data [0]
[2024-08-10T14:27:54.989+0000] {logging_mixin.py:188} INFO - Delivered message to stock_data [0]
[2024-08-10T14:27:54.990+0000] {logging_mixin.py:188} INFO - Delivered message to stock_data [0]
[2024-08-10T14:27:54.990+0000] {logging_mixin.py:188} INFO - Delivered message to stock_data [0]
[2024-08-10T14:27:54.991+0000] {logging_mixin.py:188} INFO - Delivered message to stock_data [0]
[2024-08-10T14:27:54.992+0000] {logging_mixin.py:188} INFO - Delivered message to stock_data [0]
[2024-08-10T14:27:54.992+0000] {logging_mixin.py:188} INFO - Delivered message to stock_data [0]
[2024-08-10T14:27:54.993+0000] {logging_mixin.py:188} INFO - Delivered message to stock_data [0]
[2024-08-10T14:27:54.994+0000] {python.py:237} INFO - Done. Returned value was: None
[2024-08-10T14:27:54.994+0000] {taskinstance.py:441} INFO - ::group::Post task execution logs
[2024-08-10T14:27:55.010+0000] {taskinstance.py:1206} INFO - Marking task as SUCCESS. dag_id=streaming_data_today, task_id=send_data, run_id=manual__2024-08-10T14:27:44.826416+00:00, execution_date=20240810T142744, start_date=20240810T142753, end_date=20240810T142755
[2024-08-10T14:27:55.064+0000] {local_task_job_runner.py:243} INFO - Task exited with return code 0
[2024-08-10T14:27:55.098+0000] {taskinstance.py:3503} INFO - 0 downstream tasks scheduled from follow-on schedule check
[2024-08-10T14:27:55.101+0000] {local_task_job_runner.py:222} INFO - ::endgroup::
