[2024-08-13T14:47:36.343+0000] {local_task_job_runner.py:120} INFO - ::group::Pre task execution logs
[2024-08-13T14:47:36.533+0000] {taskinstance.py:2076} INFO - Dependencies all met for dep_context=non-requeueable deps ti=<TaskInstance: streaming_data_today.get_data manual__2024-08-13T14:47:34.041865+00:00 [queued]>
[2024-08-13T14:47:36.555+0000] {taskinstance.py:2076} INFO - Dependencies all met for dep_context=requeueable deps ti=<TaskInstance: streaming_data_today.get_data manual__2024-08-13T14:47:34.041865+00:00 [queued]>
[2024-08-13T14:47:36.556+0000] {taskinstance.py:2306} INFO - Starting attempt 1 of 2
[2024-08-13T14:47:36.591+0000] {taskinstance.py:2330} INFO - Executing <Task(PythonOperator): get_data> on 2024-08-13 14:47:34.041865+00:00
[2024-08-13T14:47:36.607+0000] {logging_mixin.py:188} WARNING - /home/***/.local/lib/python3.12/site-packages/***/task/task_runner/standard_task_runner.py:62 DeprecationWarning: This process (pid=780) is multi-threaded, use of fork() may lead to deadlocks in the child.
[2024-08-13T14:47:36.609+0000] {standard_task_runner.py:64} INFO - Started process 782 to run task
[2024-08-13T14:47:36.606+0000] {standard_task_runner.py:90} INFO - Running: ['***', 'tasks', 'run', 'streaming_data_today', 'get_data', 'manual__2024-08-13T14:47:34.041865+00:00', '--job-id', '223', '--raw', '--subdir', 'DAGS_FOLDER/stream_today.py', '--cfg-path', '/tmp/tmp0auoxb8r']
[2024-08-13T14:47:36.612+0000] {standard_task_runner.py:91} INFO - Job 223: Subtask get_data
[2024-08-13T14:47:36.651+0000] {logging_mixin.py:188} WARNING - /home/***/.local/lib/python3.12/site-packages/***/settings.py:195 DeprecationWarning: The sql_alchemy_conn option in [core] has been moved to the sql_alchemy_conn option in [database] - the old setting has been used, but please update your config.
[2024-08-13T14:47:36.723+0000] {task_command.py:426} INFO - Running <TaskInstance: streaming_data_today.get_data manual__2024-08-13T14:47:34.041865+00:00 [running]> on host 3b2272169cb8
[2024-08-13T14:47:36.891+0000] {taskinstance.py:2648} INFO - Exporting env vars: AIRFLOW_CTX_DAG_OWNER='***' AIRFLOW_CTX_DAG_ID='streaming_data_today' AIRFLOW_CTX_TASK_ID='get_data' AIRFLOW_CTX_EXECUTION_DATE='2024-08-13T14:47:34.041865+00:00' AIRFLOW_CTX_TRY_NUMBER='1' AIRFLOW_CTX_DAG_RUN_ID='manual__2024-08-13T14:47:34.041865+00:00'
[2024-08-13T14:47:36.892+0000] {taskinstance.py:430} INFO - ::endgroup::
[2024-08-13T14:47:37.531+0000] {logging_mixin.py:188} INFO - $AAPL: possibly delisted; No price data found  (1d 2024-08-13 -> 2024-08-13)
[2024-08-13T14:47:37.535+0000] {logging_mixin.py:188} WARNING - [*********************100%%**********************]  1 of 1 completed
[2024-08-13T14:47:37.536+0000] {multi.py:171} ERROR - 
1 Failed download:
[2024-08-13T14:47:37.537+0000] {multi.py:184} ERROR - ['AAPL']: YFPricesMissingError('$%ticker%: possibly delisted; No price data found  (1d 2024-08-13 -> 2024-08-13)')
[2024-08-13T14:47:37.646+0000] {logging_mixin.py:188} INFO - $AMD: possibly delisted; No price data found  (1d 2024-08-13 -> 2024-08-13)
[2024-08-13T14:47:37.650+0000] {logging_mixin.py:188} WARNING - [*********************100%%**********************]  1 of 1 completed
[2024-08-13T14:47:37.685+0000] {multi.py:171} ERROR - 
1 Failed download:
[2024-08-13T14:47:37.686+0000] {multi.py:184} ERROR - ['AMD']: YFPricesMissingError('$%ticker%: possibly delisted; No price data found  (1d 2024-08-13 -> 2024-08-13)')
[2024-08-13T14:47:37.810+0000] {logging_mixin.py:188} INFO - $AMZN: possibly delisted; No price data found  (1d 2024-08-13 -> 2024-08-13)
[2024-08-13T14:47:37.811+0000] {logging_mixin.py:188} WARNING - [*********************100%%**********************]  1 of 1 completed
[2024-08-13T14:47:37.814+0000] {multi.py:171} ERROR - 
1 Failed download:
[2024-08-13T14:47:37.814+0000] {multi.py:184} ERROR - ['AMZN']: YFPricesMissingError('$%ticker%: possibly delisted; No price data found  (1d 2024-08-13 -> 2024-08-13)')
[2024-08-13T14:47:37.992+0000] {logging_mixin.py:188} INFO - $QCOM: possibly delisted; No price data found  (1d 2024-08-13 -> 2024-08-13)
[2024-08-13T14:47:38.000+0000] {logging_mixin.py:188} WARNING - [*********************100%%**********************]  1 of 1 completed
[2024-08-13T14:47:38.000+0000] {multi.py:171} ERROR - 
1 Failed download:
[2024-08-13T14:47:38.001+0000] {multi.py:184} ERROR - ['QCOM']: YFPricesMissingError('$%ticker%: possibly delisted; No price data found  (1d 2024-08-13 -> 2024-08-13)')
[2024-08-13T14:47:38.113+0000] {logging_mixin.py:188} INFO - $TPE: possibly delisted; No price data found  (1d 2024-08-13 -> 2024-08-13)
[2024-08-13T14:47:38.118+0000] {logging_mixin.py:188} WARNING - [*********************100%%**********************]  1 of 1 completed
[2024-08-13T14:47:38.119+0000] {multi.py:171} ERROR - 
1 Failed download:
[2024-08-13T14:47:38.119+0000] {multi.py:184} ERROR - ['TPE']: YFPricesMissingError('$%ticker%: possibly delisted; No price data found  (1d 2024-08-13 -> 2024-08-13)')
[2024-08-13T14:47:38.275+0000] {logging_mixin.py:188} INFO - $GOOGL: possibly delisted; No price data found  (1d 2024-08-13 -> 2024-08-13)
[2024-08-13T14:47:38.283+0000] {logging_mixin.py:188} WARNING - [*********************100%%**********************]  1 of 1 completed
[2024-08-13T14:47:38.285+0000] {multi.py:171} ERROR - 
1 Failed download:
[2024-08-13T14:47:38.286+0000] {multi.py:184} ERROR - ['GOOGL']: YFPricesMissingError('$%ticker%: possibly delisted; No price data found  (1d 2024-08-13 -> 2024-08-13)')
[2024-08-13T14:47:38.451+0000] {logging_mixin.py:188} INFO - $INTC: possibly delisted; No price data found  (1d 2024-08-13 -> 2024-08-13)
[2024-08-13T14:47:38.461+0000] {logging_mixin.py:188} WARNING - [*********************100%%**********************]  1 of 1 completed
[2024-08-13T14:47:38.462+0000] {multi.py:171} ERROR - 
1 Failed download:
[2024-08-13T14:47:38.463+0000] {multi.py:184} ERROR - ['INTC']: YFPricesMissingError('$%ticker%: possibly delisted; No price data found  (1d 2024-08-13 -> 2024-08-13)')
[2024-08-13T14:47:38.625+0000] {logging_mixin.py:188} INFO - $META: possibly delisted; No price data found  (1d 2024-08-13 -> 2024-08-13)
[2024-08-13T14:47:38.630+0000] {logging_mixin.py:188} WARNING - [*********************100%%**********************]  1 of 1 completed
[2024-08-13T14:47:38.642+0000] {multi.py:171} ERROR - 
1 Failed download:
[2024-08-13T14:47:38.644+0000] {multi.py:184} ERROR - ['META']: YFPricesMissingError('$%ticker%: possibly delisted; No price data found  (1d 2024-08-13 -> 2024-08-13)')
[2024-08-13T14:47:38.795+0000] {logging_mixin.py:188} INFO - $NVDA: possibly delisted; No price data found  (1d 2024-08-13 -> 2024-08-13)
[2024-08-13T14:47:38.797+0000] {logging_mixin.py:188} WARNING - [*********************100%%**********************]  1 of 1 completed
[2024-08-13T14:47:38.809+0000] {multi.py:171} ERROR - 
1 Failed download:
[2024-08-13T14:47:38.811+0000] {multi.py:184} ERROR - ['NVDA']: YFPricesMissingError('$%ticker%: possibly delisted; No price data found  (1d 2024-08-13 -> 2024-08-13)')
[2024-08-13T14:47:38.942+0000] {logging_mixin.py:188} INFO - $NFLX: possibly delisted; No price data found  (1d 2024-08-13 -> 2024-08-13)
[2024-08-13T14:47:38.948+0000] {logging_mixin.py:188} WARNING - [*********************100%%**********************]  1 of 1 completed
[2024-08-13T14:47:38.948+0000] {multi.py:171} ERROR - 
1 Failed download:
[2024-08-13T14:47:38.949+0000] {multi.py:184} ERROR - ['NFLX']: YFPricesMissingError('$%ticker%: possibly delisted; No price data found  (1d 2024-08-13 -> 2024-08-13)')
[2024-08-13T14:47:39.011+0000] {python.py:237} INFO - Done. Returned value was: [Empty DataFrame
Columns: [Open, High, Low, Close, Adj Close, Volume]
Index: [], Empty DataFrame
Columns: [Open, High, Low, Close, Adj Close, Volume]
Index: [], Empty DataFrame
Columns: [Open, High, Low, Close, Adj Close, Volume]
Index: [], Empty DataFrame
Columns: [Open, High, Low, Close, Adj Close, Volume]
Index: [], Empty DataFrame
Columns: [Open, High, Low, Close, Adj Close, Volume]
Index: [], Empty DataFrame
Columns: [Open, High, Low, Close, Adj Close, Volume]
Index: [], Empty DataFrame
Columns: [Open, High, Low, Close, Adj Close, Volume]
Index: [], Empty DataFrame
Columns: [Open, High, Low, Close, Adj Close, Volume]
Index: [], Empty DataFrame
Columns: [Open, High, Low, Close, Adj Close, Volume]
Index: [], Empty DataFrame
Columns: [Open, High, Low, Close, Adj Close, Volume]
Index: []]
[2024-08-13T14:47:39.018+0000] {taskinstance.py:441} INFO - ::group::Post task execution logs
[2024-08-13T14:47:39.071+0000] {taskinstance.py:1206} INFO - Marking task as SUCCESS. dag_id=streaming_data_today, task_id=get_data, run_id=manual__2024-08-13T14:47:34.041865+00:00, execution_date=20240813T144734, start_date=20240813T144736, end_date=20240813T144739
[2024-08-13T14:47:39.126+0000] {local_task_job_runner.py:243} INFO - Task exited with return code 0
[2024-08-13T14:47:39.175+0000] {taskinstance.py:3503} INFO - 1 downstream tasks scheduled from follow-on schedule check
[2024-08-13T14:47:39.179+0000] {local_task_job_runner.py:222} INFO - ::endgroup::
