[2024-08-09T08:41:35.743+0000] {local_task_job_runner.py:120} INFO - ::group::Pre task execution logs
[2024-08-09T08:41:35.889+0000] {taskinstance.py:2076} INFO - Dependencies all met for dep_context=non-requeueable deps ti=<TaskInstance: streaming_data.send_data manual__2024-08-09T08:40:48.161460+00:00 [queued]>
[2024-08-09T08:41:35.946+0000] {taskinstance.py:2076} INFO - Dependencies all met for dep_context=requeueable deps ti=<TaskInstance: streaming_data.send_data manual__2024-08-09T08:40:48.161460+00:00 [queued]>
[2024-08-09T08:41:35.953+0000] {taskinstance.py:2306} INFO - Starting attempt 1 of 2
[2024-08-09T08:41:36.045+0000] {taskinstance.py:2330} INFO - Executing <Task(PythonOperator): send_data> on 2024-08-09 08:40:48.161460+00:00
[2024-08-09T08:41:36.066+0000] {standard_task_runner.py:90} INFO - Running: ['***', 'tasks', 'run', 'streaming_data', 'send_data', 'manual__2024-08-09T08:40:48.161460+00:00', '--job-id', '166', '--raw', '--subdir', 'DAGS_FOLDER/stream.py', '--cfg-path', '/tmp/tmp5fkc45c3']
[2024-08-09T08:41:36.075+0000] {logging_mixin.py:188} WARNING - /home/***/.local/lib/python3.12/site-packages/***/task/task_runner/standard_task_runner.py:62 DeprecationWarning: This process (pid=606) is multi-threaded, use of fork() may lead to deadlocks in the child.
[2024-08-09T08:41:36.078+0000] {standard_task_runner.py:64} INFO - Started process 612 to run task
[2024-08-09T08:41:36.076+0000] {standard_task_runner.py:91} INFO - Job 166: Subtask send_data
[2024-08-09T08:41:36.133+0000] {logging_mixin.py:188} WARNING - /home/***/.local/lib/python3.12/site-packages/***/settings.py:195 DeprecationWarning: The sql_alchemy_conn option in [core] has been moved to the sql_alchemy_conn option in [database] - the old setting has been used, but please update your config.
[2024-08-09T08:41:36.245+0000] {task_command.py:426} INFO - Running <TaskInstance: streaming_data.send_data manual__2024-08-09T08:40:48.161460+00:00 [running]> on host 562e157be0a0
[2024-08-09T08:41:36.609+0000] {taskinstance.py:2648} INFO - Exporting env vars: AIRFLOW_CTX_DAG_OWNER='***' AIRFLOW_CTX_DAG_ID='streaming_data' AIRFLOW_CTX_TASK_ID='send_data' AIRFLOW_CTX_EXECUTION_DATE='2024-08-09T08:40:48.161460+00:00' AIRFLOW_CTX_TRY_NUMBER='1' AIRFLOW_CTX_DAG_RUN_ID='manual__2024-08-09T08:40:48.161460+00:00'
[2024-08-09T08:41:36.625+0000] {taskinstance.py:430} INFO - ::endgroup::
[2024-08-09T08:41:38.711+0000] {logging_mixin.py:188} INFO - Delivered message to stock_data [0]
[2024-08-09T08:41:38.712+0000] {logging_mixin.py:188} INFO - Delivered message to stock_data [0]
[2024-08-09T08:41:38.713+0000] {logging_mixin.py:188} INFO - Delivered message to stock_data [0]
[2024-08-09T08:41:38.714+0000] {logging_mixin.py:188} INFO - Delivered message to stock_data [0]
[2024-08-09T08:41:38.714+0000] {logging_mixin.py:188} INFO - Delivered message to stock_data [0]
[2024-08-09T08:41:38.715+0000] {logging_mixin.py:188} INFO - Delivered message to stock_data [0]
[2024-08-09T08:41:38.715+0000] {logging_mixin.py:188} INFO - Delivered message to stock_data [0]
[2024-08-09T08:41:38.716+0000] {logging_mixin.py:188} INFO - Delivered message to stock_data [0]
[2024-08-09T08:41:38.717+0000] {logging_mixin.py:188} INFO - Delivered message to stock_data [0]
[2024-08-09T08:41:38.717+0000] {logging_mixin.py:188} INFO - Delivered message to stock_data [0]
[2024-08-09T08:41:38.718+0000] {logging_mixin.py:188} INFO - Delivered message to stock_data [0]
[2024-08-09T08:41:38.719+0000] {logging_mixin.py:188} INFO - Delivered message to stock_data [0]
[2024-08-09T08:41:38.721+0000] {logging_mixin.py:188} INFO - Delivered message to stock_data [0]
[2024-08-09T08:41:38.722+0000] {logging_mixin.py:188} INFO - Delivered message to stock_data [0]
[2024-08-09T08:41:38.723+0000] {logging_mixin.py:188} INFO - Delivered message to stock_data [0]
[2024-08-09T08:41:38.724+0000] {logging_mixin.py:188} INFO - Delivered message to stock_data [0]
[2024-08-09T08:41:38.724+0000] {logging_mixin.py:188} INFO - Delivered message to stock_data [0]
[2024-08-09T08:41:38.725+0000] {logging_mixin.py:188} INFO - Delivered message to stock_data [0]
[2024-08-09T08:41:38.726+0000] {logging_mixin.py:188} INFO - Delivered message to stock_data [0]
[2024-08-09T08:41:38.726+0000] {logging_mixin.py:188} INFO - Delivered message to stock_data [0]
[2024-08-09T08:41:38.728+0000] {python.py:237} INFO - Done. Returned value was: None
[2024-08-09T08:41:38.728+0000] {taskinstance.py:441} INFO - ::group::Post task execution logs
[2024-08-09T08:41:38.750+0000] {taskinstance.py:1206} INFO - Marking task as SUCCESS. dag_id=streaming_data, task_id=send_data, run_id=manual__2024-08-09T08:40:48.161460+00:00, execution_date=20240809T084048, start_date=20240809T084135, end_date=20240809T084138
[2024-08-09T08:41:38.812+0000] {local_task_job_runner.py:243} INFO - Task exited with return code 0
[2024-08-09T08:41:38.882+0000] {taskinstance.py:3503} INFO - 0 downstream tasks scheduled from follow-on schedule check
[2024-08-09T08:41:38.886+0000] {local_task_job_runner.py:222} INFO - ::endgroup::
