[2024-08-09T07:40:41.605+0000] {local_task_job_runner.py:120} INFO - ::group::Pre task execution logs
[2024-08-09T07:40:41.695+0000] {taskinstance.py:2076} INFO - Dependencies all met for dep_context=non-requeueable deps ti=<TaskInstance: finnhub_kafka.stream_data_from_api manual__2024-08-09T07:40:40.153539+00:00 [queued]>
[2024-08-09T07:40:41.717+0000] {taskinstance.py:2076} INFO - Dependencies all met for dep_context=requeueable deps ti=<TaskInstance: finnhub_kafka.stream_data_from_api manual__2024-08-09T07:40:40.153539+00:00 [queued]>
[2024-08-09T07:40:41.718+0000] {taskinstance.py:2306} INFO - Starting attempt 1 of 1
[2024-08-09T07:40:41.747+0000] {taskinstance.py:2330} INFO - Executing <Task(PythonOperator): stream_data_from_api> on 2024-08-09 07:40:40.153539+00:00
[2024-08-09T07:40:41.761+0000] {logging_mixin.py:188} WARNING - /home/***/.local/lib/python3.12/site-packages/***/task/task_runner/standard_task_runner.py:62 DeprecationWarning: This process (pid=824) is multi-threaded, use of fork() may lead to deadlocks in the child.
[2024-08-09T07:40:41.763+0000] {standard_task_runner.py:64} INFO - Started process 825 to run task
[2024-08-09T07:40:41.758+0000] {standard_task_runner.py:90} INFO - Running: ['***', 'tasks', 'run', 'finnhub_kafka', 'stream_data_from_api', 'manual__2024-08-09T07:40:40.153539+00:00', '--job-id', '132', '--raw', '--subdir', 'DAGS_FOLDER/stream.py', '--cfg-path', '/tmp/tmpx5qm6hji']
[2024-08-09T07:40:41.768+0000] {standard_task_runner.py:91} INFO - Job 132: Subtask stream_data_from_api
[2024-08-09T07:40:41.818+0000] {logging_mixin.py:188} WARNING - /home/***/.local/lib/python3.12/site-packages/***/settings.py:195 DeprecationWarning: The sql_alchemy_conn option in [core] has been moved to the sql_alchemy_conn option in [database] - the old setting has been used, but please update your config.
[2024-08-09T07:40:41.909+0000] {task_command.py:426} INFO - Running <TaskInstance: finnhub_kafka.stream_data_from_api manual__2024-08-09T07:40:40.153539+00:00 [running]> on host 110119ffa3a6
[2024-08-09T07:40:42.096+0000] {taskinstance.py:2648} INFO - Exporting env vars: AIRFLOW_CTX_DAG_OWNER='***' AIRFLOW_CTX_DAG_ID='finnhub_kafka' AIRFLOW_CTX_TASK_ID='stream_data_from_api' AIRFLOW_CTX_EXECUTION_DATE='2024-08-09T07:40:40.153539+00:00' AIRFLOW_CTX_TRY_NUMBER='1' AIRFLOW_CTX_DAG_RUN_ID='manual__2024-08-09T07:40:40.153539+00:00'
[2024-08-09T07:40:42.097+0000] {taskinstance.py:430} INFO - ::endgroup::
[2024-08-09T07:40:43.370+0000] {logging_mixin.py:188} INFO - {'symbol': 'AAPL', 'data': {'c': 213.31, 'd': 3.49, 'dp': 1.6633, 'h': 214.2, 'l': 208.83, 'o': 213.095, 'pc': 209.82, 't': 1723147201}, 'timestamp': '2024-08-09T07:40:43.370524'}
[2024-08-09T07:40:43.376+0000] {logging_mixin.py:188} INFO - Message được gửi tới topic_finnhub [Partition: 0]
[2024-08-09T07:40:43.377+0000] {python.py:237} INFO - Done. Returned value was: None
[2024-08-09T07:40:43.378+0000] {taskinstance.py:441} INFO - ::group::Post task execution logs
[2024-08-09T07:40:43.399+0000] {taskinstance.py:1206} INFO - Marking task as SUCCESS. dag_id=finnhub_kafka, task_id=stream_data_from_api, run_id=manual__2024-08-09T07:40:40.153539+00:00, execution_date=20240809T074040, start_date=20240809T074041, end_date=20240809T074043
[2024-08-09T07:40:43.447+0000] {local_task_job_runner.py:243} INFO - Task exited with return code 0
[2024-08-09T07:40:43.468+0000] {taskinstance.py:3503} INFO - 0 downstream tasks scheduled from follow-on schedule check
[2024-08-09T07:40:43.472+0000] {local_task_job_runner.py:222} INFO - ::endgroup::
