[2024-08-16T03:51:34.054+0000] {local_task_job_runner.py:120} INFO - ::group::Pre task execution logs
[2024-08-16T03:51:34.100+0000] {taskinstance.py:2076} INFO - Dependencies all met for dep_context=non-requeueable deps ti=<TaskInstance: streaming_data_today.send_data manual__2024-08-16T03:51:21.238636+00:00 [queued]>
[2024-08-16T03:51:34.110+0000] {taskinstance.py:2076} INFO - Dependencies all met for dep_context=requeueable deps ti=<TaskInstance: streaming_data_today.send_data manual__2024-08-16T03:51:21.238636+00:00 [queued]>
[2024-08-16T03:51:34.112+0000] {taskinstance.py:2306} INFO - Starting attempt 1 of 2
[2024-08-16T03:51:34.130+0000] {taskinstance.py:2330} INFO - Executing <Task(PythonOperator): send_data> on 2024-08-16 03:51:21.238636+00:00
[2024-08-16T03:51:34.140+0000] {logging_mixin.py:188} WARNING - /home/***/.local/lib/python3.12/site-packages/***/task/task_runner/standard_task_runner.py:62 DeprecationWarning: This process (pid=333) is multi-threaded, use of fork() may lead to deadlocks in the child.
[2024-08-16T03:51:34.142+0000] {standard_task_runner.py:64} INFO - Started process 335 to run task
[2024-08-16T03:51:34.140+0000] {standard_task_runner.py:90} INFO - Running: ['***', 'tasks', 'run', 'streaming_data_today', 'send_data', 'manual__2024-08-16T03:51:21.238636+00:00', '--job-id', '238', '--raw', '--subdir', 'DAGS_FOLDER/stream_today.py', '--cfg-path', '/tmp/tmphxh2e95f']
[2024-08-16T03:51:34.144+0000] {standard_task_runner.py:91} INFO - Job 238: Subtask send_data
[2024-08-16T03:51:34.166+0000] {logging_mixin.py:188} WARNING - /home/***/.local/lib/python3.12/site-packages/***/settings.py:195 DeprecationWarning: The sql_alchemy_conn option in [core] has been moved to the sql_alchemy_conn option in [database] - the old setting has been used, but please update your config.
[2024-08-16T03:51:34.220+0000] {task_command.py:426} INFO - Running <TaskInstance: streaming_data_today.send_data manual__2024-08-16T03:51:21.238636+00:00 [running]> on host 3b2272169cb8
[2024-08-16T03:51:34.417+0000] {taskinstance.py:2648} INFO - Exporting env vars: AIRFLOW_CTX_DAG_OWNER='***' AIRFLOW_CTX_DAG_ID='streaming_data_today' AIRFLOW_CTX_TASK_ID='send_data' AIRFLOW_CTX_EXECUTION_DATE='2024-08-16T03:51:21.238636+00:00' AIRFLOW_CTX_TRY_NUMBER='1' AIRFLOW_CTX_DAG_RUN_ID='manual__2024-08-16T03:51:21.238636+00:00'
[2024-08-16T03:51:34.420+0000] {taskinstance.py:430} INFO - ::endgroup::
[2024-08-16T03:51:35.461+0000] {logging_mixin.py:188} INFO - Delivered message to data [0]
[2024-08-16T03:51:35.462+0000] {logging_mixin.py:188} INFO - Delivered message to data [0]
[2024-08-16T03:51:35.462+0000] {logging_mixin.py:188} INFO - Delivered message to data [0]
[2024-08-16T03:51:35.463+0000] {logging_mixin.py:188} INFO - Delivered message to data [0]
[2024-08-16T03:51:35.463+0000] {logging_mixin.py:188} INFO - Delivered message to data [0]
[2024-08-16T03:51:35.464+0000] {logging_mixin.py:188} INFO - Delivered message to data [0]
[2024-08-16T03:51:35.464+0000] {logging_mixin.py:188} INFO - Delivered message to data [0]
[2024-08-16T03:51:35.465+0000] {logging_mixin.py:188} INFO - Delivered message to data [0]
[2024-08-16T03:51:35.466+0000] {logging_mixin.py:188} INFO - Delivered message to data [0]
[2024-08-16T03:51:35.466+0000] {logging_mixin.py:188} INFO - Delivered message to data [0]
[2024-08-16T03:51:35.467+0000] {python.py:237} INFO - Done. Returned value was: None
[2024-08-16T03:51:35.468+0000] {taskinstance.py:441} INFO - ::group::Post task execution logs
[2024-08-16T03:51:35.487+0000] {taskinstance.py:1206} INFO - Marking task as SUCCESS. dag_id=streaming_data_today, task_id=send_data, run_id=manual__2024-08-16T03:51:21.238636+00:00, execution_date=20240816T035121, start_date=20240816T035134, end_date=20240816T035135
[2024-08-16T03:51:35.522+0000] {local_task_job_runner.py:243} INFO - Task exited with return code 0
[2024-08-16T03:51:35.558+0000] {taskinstance.py:3503} INFO - 0 downstream tasks scheduled from follow-on schedule check
[2024-08-16T03:51:35.561+0000] {local_task_job_runner.py:222} INFO - ::endgroup::
