[2024-08-07T15:53:33.878+0000] {local_task_job_runner.py:120} INFO - ::group::Pre task execution logs
[2024-08-07T15:53:34.019+0000] {taskinstance.py:2076} INFO - Dependencies all met for dep_context=non-requeueable deps ti=<TaskInstance: user_automation.stream_data_from_api manual__2024-08-07T15:53:32.197995+00:00 [queued]>
[2024-08-07T15:53:34.039+0000] {taskinstance.py:2076} INFO - Dependencies all met for dep_context=requeueable deps ti=<TaskInstance: user_automation.stream_data_from_api manual__2024-08-07T15:53:32.197995+00:00 [queued]>
[2024-08-07T15:53:34.041+0000] {taskinstance.py:2306} INFO - Starting attempt 1 of 1
[2024-08-07T15:53:34.071+0000] {taskinstance.py:2330} INFO - Executing <Task(PythonOperator): stream_data_from_api> on 2024-08-07 15:53:32.197995+00:00
[2024-08-07T15:53:34.080+0000] {standard_task_runner.py:90} INFO - Running: ['***', 'tasks', 'run', 'user_automation', 'stream_data_from_api', 'manual__2024-08-07T15:53:32.197995+00:00', '--job-id', '18', '--raw', '--subdir', 'DAGS_FOLDER/kafka_stream.py', '--cfg-path', '/tmp/tmp5mxvlw4a']
[2024-08-07T15:53:34.087+0000] {logging_mixin.py:188} WARNING - /home/***/.local/lib/python3.12/site-packages/***/task/task_runner/standard_task_runner.py:62 DeprecationWarning: This process (pid=347) is multi-threaded, use of fork() may lead to deadlocks in the child.
[2024-08-07T15:53:34.089+0000] {standard_task_runner.py:91} INFO - Job 18: Subtask stream_data_from_api
[2024-08-07T15:53:34.089+0000] {standard_task_runner.py:64} INFO - Started process 348 to run task
[2024-08-07T15:53:34.136+0000] {logging_mixin.py:188} WARNING - /home/***/.local/lib/python3.12/site-packages/***/settings.py:195 DeprecationWarning: The sql_alchemy_conn option in [core] has been moved to the sql_alchemy_conn option in [database] - the old setting has been used, but please update your config.
[2024-08-07T15:53:34.201+0000] {task_command.py:426} INFO - Running <TaskInstance: user_automation.stream_data_from_api manual__2024-08-07T15:53:32.197995+00:00 [running]> on host 1c8fec21bc35
[2024-08-07T15:53:34.405+0000] {taskinstance.py:2648} INFO - Exporting env vars: AIRFLOW_CTX_DAG_OWNER='airscholar' AIRFLOW_CTX_DAG_ID='user_automation' AIRFLOW_CTX_TASK_ID='stream_data_from_api' AIRFLOW_CTX_EXECUTION_DATE='2024-08-07T15:53:32.197995+00:00' AIRFLOW_CTX_TRY_NUMBER='1' AIRFLOW_CTX_DAG_RUN_ID='manual__2024-08-07T15:53:32.197995+00:00'
[2024-08-07T15:53:34.407+0000] {taskinstance.py:430} INFO - ::endgroup::
[2024-08-07T15:53:37.049+0000] {kafka_stream.py:55} INFO - Message sent to users_created partition 0
[2024-08-07T15:53:37.527+0000] {kafka_stream.py:55} INFO - Message sent to users_created partition 0
[2024-08-07T15:53:38.043+0000] {kafka_stream.py:55} INFO - Message sent to users_created partition 0
[2024-08-07T15:53:38.603+0000] {kafka_stream.py:55} INFO - Message sent to users_created partition 0
[2024-08-07T15:53:39.110+0000] {kafka_stream.py:55} INFO - Message sent to users_created partition 0
[2024-08-07T15:53:39.627+0000] {kafka_stream.py:55} INFO - Message sent to users_created partition 0
[2024-08-07T15:53:40.164+0000] {kafka_stream.py:55} INFO - Message sent to users_created partition 0
[2024-08-07T15:53:40.668+0000] {kafka_stream.py:55} INFO - Message sent to users_created partition 0
[2024-08-07T15:53:41.167+0000] {kafka_stream.py:55} INFO - Message sent to users_created partition 0
[2024-08-07T15:53:41.644+0000] {kafka_stream.py:55} INFO - Message sent to users_created partition 0
[2024-08-07T15:53:42.128+0000] {kafka_stream.py:55} INFO - Message sent to users_created partition 0
[2024-08-07T15:53:42.668+0000] {kafka_stream.py:55} INFO - Message sent to users_created partition 0
[2024-08-07T15:53:43.586+0000] {kafka_stream.py:55} INFO - Message sent to users_created partition 0
[2024-08-07T15:53:44.440+0000] {kafka_stream.py:55} INFO - Message sent to users_created partition 0
[2024-08-07T15:53:44.978+0000] {kafka_stream.py:55} INFO - Message sent to users_created partition 0
[2024-08-07T15:53:45.496+0000] {kafka_stream.py:55} INFO - Message sent to users_created partition 0
[2024-08-07T15:53:49.360+0000] {kafka_stream.py:55} INFO - Message sent to users_created partition 0
[2024-08-07T15:53:52.426+0000] {kafka_stream.py:55} INFO - Message sent to users_created partition 0
[2024-08-07T15:53:54.459+0000] {kafka_stream.py:55} INFO - Message sent to users_created partition 0
[2024-08-07T15:53:55.519+0000] {kafka_stream.py:55} INFO - Message sent to users_created partition 0
[2024-08-07T15:53:56.192+0000] {kafka_stream.py:55} INFO - Message sent to users_created partition 0
[2024-08-07T15:53:56.725+0000] {kafka_stream.py:55} INFO - Message sent to users_created partition 0
[2024-08-07T15:53:57.210+0000] {kafka_stream.py:55} INFO - Message sent to users_created partition 0
[2024-08-07T15:53:57.695+0000] {kafka_stream.py:55} INFO - Message sent to users_created partition 0
[2024-08-07T15:53:58.255+0000] {kafka_stream.py:55} INFO - Message sent to users_created partition 0
[2024-08-07T15:53:58.753+0000] {kafka_stream.py:55} INFO - Message sent to users_created partition 0
[2024-08-07T15:53:59.249+0000] {kafka_stream.py:55} INFO - Message sent to users_created partition 0
[2024-08-07T15:53:59.752+0000] {kafka_stream.py:55} INFO - Message sent to users_created partition 0
[2024-08-07T15:54:00.280+0000] {kafka_stream.py:55} INFO - Message sent to users_created partition 0
[2024-08-07T15:54:00.939+0000] {kafka_stream.py:55} INFO - Message sent to users_created partition 0
[2024-08-07T15:54:01.572+0000] {kafka_stream.py:55} INFO - Message sent to users_created partition 0
[2024-08-07T15:54:04.392+0000] {kafka_stream.py:55} INFO - Message sent to users_created partition 0
[2024-08-07T15:54:06.404+0000] {kafka_stream.py:55} INFO - Message sent to users_created partition 0
[2024-08-07T15:54:07.587+0000] {kafka_stream.py:55} INFO - Message sent to users_created partition 0
[2024-08-07T15:54:08.183+0000] {kafka_stream.py:55} INFO - Message sent to users_created partition 0
[2024-08-07T15:54:08.690+0000] {kafka_stream.py:55} INFO - Message sent to users_created partition 0
[2024-08-07T15:54:09.168+0000] {kafka_stream.py:55} INFO - Message sent to users_created partition 0
[2024-08-07T15:54:09.633+0000] {kafka_stream.py:55} INFO - Message sent to users_created partition 0
[2024-08-07T15:54:10.174+0000] {kafka_stream.py:55} INFO - Message sent to users_created partition 0
[2024-08-07T15:54:10.664+0000] {kafka_stream.py:55} INFO - Message sent to users_created partition 0
[2024-08-07T15:54:16.199+0000] {kafka_stream.py:55} INFO - Message sent to users_created partition 0
[2024-08-07T15:54:17.058+0000] {kafka_stream.py:55} INFO - Message sent to users_created partition 0
[2024-08-07T15:54:17.587+0000] {kafka_stream.py:55} INFO - Message sent to users_created partition 0
[2024-08-07T15:54:18.074+0000] {kafka_stream.py:55} INFO - Message sent to users_created partition 0
[2024-08-07T15:54:18.553+0000] {kafka_stream.py:55} INFO - Message sent to users_created partition 0
[2024-08-07T15:54:19.031+0000] {kafka_stream.py:55} INFO - Message sent to users_created partition 0
[2024-08-07T15:54:19.535+0000] {kafka_stream.py:55} INFO - Message sent to users_created partition 0
[2024-08-07T15:54:20.086+0000] {kafka_stream.py:55} INFO - Message sent to users_created partition 0
[2024-08-07T15:54:20.566+0000] {kafka_stream.py:55} INFO - Message sent to users_created partition 0
[2024-08-07T15:54:21.114+0000] {kafka_stream.py:55} INFO - Message sent to users_created partition 0
[2024-08-07T15:54:21.690+0000] {kafka_stream.py:55} INFO - Message sent to users_created partition 0
[2024-08-07T15:54:22.192+0000] {kafka_stream.py:55} INFO - Message sent to users_created partition 0
[2024-08-07T15:54:22.903+0000] {kafka_stream.py:55} INFO - Message sent to users_created partition 0
[2024-08-07T15:54:23.419+0000] {kafka_stream.py:55} INFO - Message sent to users_created partition 0
[2024-08-07T15:54:23.926+0000] {kafka_stream.py:55} INFO - Message sent to users_created partition 0
[2024-08-07T15:54:24.397+0000] {kafka_stream.py:55} INFO - Message sent to users_created partition 0
[2024-08-07T15:54:24.954+0000] {kafka_stream.py:55} INFO - Message sent to users_created partition 0
[2024-08-07T15:54:25.445+0000] {kafka_stream.py:55} INFO - Message sent to users_created partition 0
[2024-08-07T15:54:25.956+0000] {kafka_stream.py:55} INFO - Message sent to users_created partition 0
[2024-08-07T15:54:26.452+0000] {kafka_stream.py:55} INFO - Message sent to users_created partition 0
[2024-08-07T15:54:26.915+0000] {kafka_stream.py:55} INFO - Message sent to users_created partition 0
[2024-08-07T15:54:27.594+0000] {kafka_stream.py:55} INFO - Message sent to users_created partition 0
[2024-08-07T15:54:28.144+0000] {kafka_stream.py:55} INFO - Message sent to users_created partition 0
[2024-08-07T15:54:28.926+0000] {kafka_stream.py:55} INFO - Message sent to users_created partition 0
[2024-08-07T15:54:29.547+0000] {kafka_stream.py:55} INFO - Message sent to users_created partition 0
[2024-08-07T15:54:30.098+0000] {kafka_stream.py:55} INFO - Message sent to users_created partition 0
[2024-08-07T15:54:30.615+0000] {kafka_stream.py:55} INFO - Message sent to users_created partition 0
[2024-08-07T15:54:31.099+0000] {kafka_stream.py:55} INFO - Message sent to users_created partition 0
[2024-08-07T15:54:31.592+0000] {kafka_stream.py:55} INFO - Message sent to users_created partition 0
[2024-08-07T15:54:32.152+0000] {kafka_stream.py:55} INFO - Message sent to users_created partition 0
[2024-08-07T15:54:32.769+0000] {kafka_stream.py:55} INFO - Message sent to users_created partition 0
[2024-08-07T15:54:33.252+0000] {kafka_stream.py:55} INFO - Message sent to users_created partition 0
[2024-08-07T15:54:33.809+0000] {kafka_stream.py:55} INFO - Message sent to users_created partition 0
[2024-08-07T15:54:34.311+0000] {kafka_stream.py:55} INFO - Message sent to users_created partition 0
[2024-08-07T15:54:34.796+0000] {kafka_stream.py:55} INFO - Message sent to users_created partition 0
[2024-08-07T15:54:34.798+0000] {python.py:237} INFO - Done. Returned value was: None
[2024-08-07T15:54:34.799+0000] {taskinstance.py:441} INFO - ::group::Post task execution logs
[2024-08-07T15:54:34.819+0000] {taskinstance.py:1206} INFO - Marking task as SUCCESS. dag_id=user_automation, task_id=stream_data_from_api, run_id=manual__2024-08-07T15:53:32.197995+00:00, execution_date=20240807T155332, start_date=20240807T155334, end_date=20240807T155434
[2024-08-07T15:54:34.860+0000] {local_task_job_runner.py:243} INFO - Task exited with return code 0
[2024-08-07T15:54:34.879+0000] {taskinstance.py:3503} INFO - 0 downstream tasks scheduled from follow-on schedule check
[2024-08-07T15:54:34.883+0000] {local_task_job_runner.py:222} INFO - ::endgroup::
