[2024-08-09T08:33:34.473+0000] {local_task_job_runner.py:120} INFO - ::group::Pre task execution logs
[2024-08-09T08:33:34.515+0000] {taskinstance.py:2076} INFO - Dependencies all met for dep_context=non-requeueable deps ti=<TaskInstance: streaming_data.get_data manual__2024-08-09T08:33:32.530115+00:00 [queued]>
[2024-08-09T08:33:34.526+0000] {taskinstance.py:2076} INFO - Dependencies all met for dep_context=requeueable deps ti=<TaskInstance: streaming_data.get_data manual__2024-08-09T08:33:32.530115+00:00 [queued]>
[2024-08-09T08:33:34.528+0000] {taskinstance.py:2306} INFO - Starting attempt 1 of 2
[2024-08-09T08:33:34.547+0000] {taskinstance.py:2330} INFO - Executing <Task(PythonOperator): get_data> on 2024-08-09 08:33:32.530115+00:00
[2024-08-09T08:33:34.557+0000] {logging_mixin.py:188} WARNING - /home/***/.local/lib/python3.12/site-packages/***/task/task_runner/standard_task_runner.py:62 DeprecationWarning: This process (pid=315) is multi-threaded, use of fork() may lead to deadlocks in the child.
[2024-08-09T08:33:34.556+0000] {standard_task_runner.py:90} INFO - Running: ['***', 'tasks', 'run', 'streaming_data', 'get_data', 'manual__2024-08-09T08:33:32.530115+00:00', '--job-id', '155', '--raw', '--subdir', 'DAGS_FOLDER/stream.py', '--cfg-path', '/tmp/tmpll8jr_m1']
[2024-08-09T08:33:34.559+0000] {standard_task_runner.py:64} INFO - Started process 317 to run task
[2024-08-09T08:33:34.559+0000] {standard_task_runner.py:91} INFO - Job 155: Subtask get_data
[2024-08-09T08:33:34.594+0000] {logging_mixin.py:188} WARNING - /home/***/.local/lib/python3.12/site-packages/***/settings.py:195 DeprecationWarning: The sql_alchemy_conn option in [core] has been moved to the sql_alchemy_conn option in [database] - the old setting has been used, but please update your config.
[2024-08-09T08:33:34.669+0000] {task_command.py:426} INFO - Running <TaskInstance: streaming_data.get_data manual__2024-08-09T08:33:32.530115+00:00 [running]> on host 562e157be0a0
[2024-08-09T08:33:34.847+0000] {taskinstance.py:2648} INFO - Exporting env vars: AIRFLOW_CTX_DAG_OWNER='***' AIRFLOW_CTX_DAG_ID='streaming_data' AIRFLOW_CTX_TASK_ID='get_data' AIRFLOW_CTX_EXECUTION_DATE='2024-08-09T08:33:32.530115+00:00' AIRFLOW_CTX_TRY_NUMBER='1' AIRFLOW_CTX_DAG_RUN_ID='manual__2024-08-09T08:33:32.530115+00:00'
[2024-08-09T08:33:34.849+0000] {taskinstance.py:430} INFO - ::endgroup::
[2024-08-09T08:33:36.203+0000] {logging_mixin.py:188} WARNING - [*********************100%%**********************]  1 of 1 completed
[2024-08-09T08:33:36.491+0000] {logging_mixin.py:188} WARNING - [*********************100%%**********************]  1 of 1 completed
[2024-08-09T08:33:36.758+0000] {logging_mixin.py:188} WARNING - [*********************100%%**********************]  1 of 1 completed
[2024-08-09T08:33:37.089+0000] {logging_mixin.py:188} WARNING - [*********************100%%**********************]  1 of 1 completed
[2024-08-09T08:33:37.326+0000] {logging_mixin.py:188} INFO - $TPE: possibly delisted; No price data found  (1d 2024-08-06 -> 2024-08-07)
[2024-08-09T08:33:37.336+0000] {logging_mixin.py:188} WARNING - [*********************100%%**********************]  1 of 1 completed
[2024-08-09T08:33:37.336+0000] {multi.py:171} ERROR - 
1 Failed download:
[2024-08-09T08:33:37.337+0000] {multi.py:184} ERROR - ['TPE']: YFPricesMissingError('$%ticker%: possibly delisted; No price data found  (1d 2024-08-06 -> 2024-08-07)')
[2024-08-09T08:33:37.630+0000] {logging_mixin.py:188} WARNING - [*********************100%%**********************]  1 of 1 completed
[2024-08-09T08:33:38.014+0000] {logging_mixin.py:188} WARNING - [*********************100%%**********************]  1 of 1 completed
[2024-08-09T08:33:38.278+0000] {logging_mixin.py:188} WARNING - [*********************100%%**********************]  1 of 1 completed
[2024-08-09T08:33:38.587+0000] {logging_mixin.py:188} WARNING - [*********************100%%**********************]  1 of 1 completed
[2024-08-09T08:33:38.870+0000] {logging_mixin.py:188} WARNING - [*********************100%%**********************]  1 of 1 completed
[2024-08-09T08:33:39.097+0000] {python.py:237} INFO - Done. Returned value was: [                  Open        High  ...   Adj Close    Volume
Date                                ...                      
2024-08-06  205.300003  209.990005  ...  207.229996  69660500

[1 rows x 6 columns],                   Open        High  ...   Adj Close    Volume
Date                                ...                      
2024-08-06  135.149994  136.440002  ...  130.179993  64455600

[1 rows x 6 columns],                   Open        High  ...   Adj Close    Volume
Date                                ...                      
2024-08-06  161.710007  165.080002  ...  161.929993  59950800

[1 rows x 6 columns],                   Open        High    Low       Close   Adj Close   Volume
Date                                                                      
2024-08-06  158.419998  163.630005  156.5  158.720001  158.720001  9301000, Empty DataFrame
Columns: [Open, High, Low, Close, Adj Close, Volume]
Index: [],                   Open        High  ...   Adj Close    Volume
Date                                ...                      
2024-08-06  159.330002  160.570007  ...  158.289993  49004600

[1 rows x 6 columns],              Open       High    Low  Close  Adj Close     Volume
Date                                                            
2024-08-06  20.32  20.629999  19.75  19.83     19.705  106670400,              Open        High         Low       Close   Adj Close    Volume
Date                                                                       
2024-08-06  479.0  502.559998  478.649994  494.089996  494.089996  20955000,                   Open        High         Low   Close  Adj Close     Volume
Date                                                                        
2024-08-06  103.839996  107.709999  100.550003  104.25     104.25  409012100,                   Open        High         Low       Close   Adj Close   Volume
Date                                                                           
2024-08-06  600.619995  622.450012  600.619995  609.570007  609.570007  4319100]
[2024-08-09T08:33:39.226+0000] {taskinstance.py:441} INFO - ::group::Post task execution logs
[2024-08-09T08:33:39.303+0000] {taskinstance.py:1206} INFO - Marking task as SUCCESS. dag_id=streaming_data, task_id=get_data, run_id=manual__2024-08-09T08:33:32.530115+00:00, execution_date=20240809T083332, start_date=20240809T083334, end_date=20240809T083339
[2024-08-09T08:33:39.369+0000] {local_task_job_runner.py:243} INFO - Task exited with return code 0
[2024-08-09T08:33:39.408+0000] {taskinstance.py:3503} INFO - 1 downstream tasks scheduled from follow-on schedule check
[2024-08-09T08:33:39.414+0000] {local_task_job_runner.py:222} INFO - ::endgroup::
