[2024-08-08T15:12:45.204+0000] {local_task_job_runner.py:120} INFO - ::group::Pre task execution logs
[2024-08-08T15:12:45.263+0000] {taskinstance.py:2076} INFO - Dependencies all met for dep_context=non-requeueable deps ti=<TaskInstance: finnhub_data_streaming.stream_data manual__2024-08-08T15:12:38.702895+00:00 [queued]>
[2024-08-08T15:12:45.276+0000] {taskinstance.py:2076} INFO - Dependencies all met for dep_context=requeueable deps ti=<TaskInstance: finnhub_data_streaming.stream_data manual__2024-08-08T15:12:38.702895+00:00 [queued]>
[2024-08-08T15:12:45.294+0000] {taskinstance.py:2306} INFO - Starting attempt 1 of 1
[2024-08-08T15:12:45.314+0000] {taskinstance.py:2330} INFO - Executing <Task(PythonOperator): stream_data> on 2024-08-08 15:12:38.702895+00:00
[2024-08-08T15:12:45.327+0000] {logging_mixin.py:188} WARNING - /home/***/.local/lib/python3.12/site-packages/***/task/task_runner/standard_task_runner.py:62 DeprecationWarning: This process (pid=1848) is multi-threaded, use of fork() may lead to deadlocks in the child.
[2024-08-08T15:12:45.329+0000] {standard_task_runner.py:64} INFO - Started process 1849 to run task
[2024-08-08T15:12:45.327+0000] {standard_task_runner.py:90} INFO - Running: ['***', 'tasks', 'run', 'finnhub_data_streaming', 'stream_data', 'manual__2024-08-08T15:12:38.702895+00:00', '--job-id', '50', '--raw', '--subdir', 'DAGS_FOLDER/topic.py', '--cfg-path', '/tmp/tmplm4c5xsb']
[2024-08-08T15:12:45.330+0000] {standard_task_runner.py:91} INFO - Job 50: Subtask stream_data
[2024-08-08T15:12:45.354+0000] {logging_mixin.py:188} WARNING - /home/***/.local/lib/python3.12/site-packages/***/settings.py:195 DeprecationWarning: The sql_alchemy_conn option in [core] has been moved to the sql_alchemy_conn option in [database] - the old setting has been used, but please update your config.
[2024-08-08T15:12:45.405+0000] {task_command.py:426} INFO - Running <TaskInstance: finnhub_data_streaming.stream_data manual__2024-08-08T15:12:38.702895+00:00 [running]> on host 1c8fec21bc35
[2024-08-08T15:12:45.569+0000] {taskinstance.py:2648} INFO - Exporting env vars: AIRFLOW_CTX_DAG_OWNER='***' AIRFLOW_CTX_DAG_ID='finnhub_data_streaming' AIRFLOW_CTX_TASK_ID='stream_data' AIRFLOW_CTX_EXECUTION_DATE='2024-08-08T15:12:38.702895+00:00' AIRFLOW_CTX_TRY_NUMBER='1' AIRFLOW_CTX_DAG_RUN_ID='manual__2024-08-08T15:12:38.702895+00:00'
[2024-08-08T15:12:45.570+0000] {taskinstance.py:430} INFO - ::endgroup::
[2024-08-08T15:12:46.592+0000] {logging_mixin.py:188} INFO - Message được gửi tới topic_finnhub [Partition: 0]
[2024-08-08T15:12:46.594+0000] {python.py:237} INFO - Done. Returned value was: None
[2024-08-08T15:12:46.595+0000] {taskinstance.py:441} INFO - ::group::Post task execution logs
[2024-08-08T15:12:46.611+0000] {taskinstance.py:1206} INFO - Marking task as SUCCESS. dag_id=finnhub_data_streaming, task_id=stream_data, run_id=manual__2024-08-08T15:12:38.702895+00:00, execution_date=20240808T151238, start_date=20240808T151245, end_date=20240808T151246
[2024-08-08T15:12:46.681+0000] {local_task_job_runner.py:243} INFO - Task exited with return code 0
[2024-08-08T15:12:46.704+0000] {taskinstance.py:3503} INFO - 0 downstream tasks scheduled from follow-on schedule check
[2024-08-08T15:12:46.708+0000] {local_task_job_runner.py:222} INFO - ::endgroup::
