[2024-08-13T15:00:38.380+0000] {local_task_job_runner.py:120} INFO - ::group::Pre task execution logs
[2024-08-13T15:00:38.431+0000] {taskinstance.py:2076} INFO - Dependencies all met for dep_context=non-requeueable deps ti=<TaskInstance: streaming_data.send_data manual__2024-08-13T15:00:28.389797+00:00 [queued]>
[2024-08-13T15:00:38.444+0000] {taskinstance.py:2076} INFO - Dependencies all met for dep_context=requeueable deps ti=<TaskInstance: streaming_data.send_data manual__2024-08-13T15:00:28.389797+00:00 [queued]>
[2024-08-13T15:00:38.464+0000] {taskinstance.py:2306} INFO - Starting attempt 1 of 2
[2024-08-13T15:00:38.489+0000] {taskinstance.py:2330} INFO - Executing <Task(PythonOperator): send_data> on 2024-08-13 15:00:28.389797+00:00
[2024-08-13T15:00:38.498+0000] {logging_mixin.py:188} WARNING - /home/***/.local/lib/python3.12/site-packages/***/task/task_runner/standard_task_runner.py:62 DeprecationWarning: This process (pid=1210) is multi-threaded, use of fork() may lead to deadlocks in the child.
[2024-08-13T15:00:38.500+0000] {standard_task_runner.py:64} INFO - Started process 1212 to run task
[2024-08-13T15:00:38.498+0000] {standard_task_runner.py:90} INFO - Running: ['***', 'tasks', 'run', 'streaming_data', 'send_data', 'manual__2024-08-13T15:00:28.389797+00:00', '--job-id', '234', '--raw', '--subdir', 'DAGS_FOLDER/stream.py', '--cfg-path', '/tmp/tmpotu80fh8']
[2024-08-13T15:00:38.501+0000] {standard_task_runner.py:91} INFO - Job 234: Subtask send_data
[2024-08-13T15:00:38.526+0000] {logging_mixin.py:188} WARNING - /home/***/.local/lib/python3.12/site-packages/***/settings.py:195 DeprecationWarning: The sql_alchemy_conn option in [core] has been moved to the sql_alchemy_conn option in [database] - the old setting has been used, but please update your config.
[2024-08-13T15:00:38.578+0000] {task_command.py:426} INFO - Running <TaskInstance: streaming_data.send_data manual__2024-08-13T15:00:28.389797+00:00 [running]> on host 3b2272169cb8
[2024-08-13T15:00:38.716+0000] {taskinstance.py:2648} INFO - Exporting env vars: AIRFLOW_CTX_DAG_OWNER='***' AIRFLOW_CTX_DAG_ID='streaming_data' AIRFLOW_CTX_TASK_ID='send_data' AIRFLOW_CTX_EXECUTION_DATE='2024-08-13T15:00:28.389797+00:00' AIRFLOW_CTX_TRY_NUMBER='1' AIRFLOW_CTX_DAG_RUN_ID='manual__2024-08-13T15:00:28.389797+00:00'
[2024-08-13T15:00:38.717+0000] {taskinstance.py:430} INFO - ::endgroup::
[2024-08-13T15:00:39.741+0000] {logging_mixin.py:188} INFO - Delivered message to data [0]
[2024-08-13T15:00:39.742+0000] {logging_mixin.py:188} INFO - Delivered message to data [0]
[2024-08-13T15:00:39.743+0000] {logging_mixin.py:188} INFO - Delivered message to data [0]
[2024-08-13T15:00:39.743+0000] {logging_mixin.py:188} INFO - Delivered message to data [0]
[2024-08-13T15:00:39.744+0000] {logging_mixin.py:188} INFO - Delivered message to data [0]
[2024-08-13T15:00:39.744+0000] {logging_mixin.py:188} INFO - Delivered message to data [0]
[2024-08-13T15:00:39.745+0000] {logging_mixin.py:188} INFO - Delivered message to data [0]
[2024-08-13T15:00:39.746+0000] {logging_mixin.py:188} INFO - Delivered message to data [0]
[2024-08-13T15:00:39.746+0000] {logging_mixin.py:188} INFO - Delivered message to data [0]
[2024-08-13T15:00:39.747+0000] {logging_mixin.py:188} INFO - Delivered message to data [0]
[2024-08-13T15:00:39.747+0000] {logging_mixin.py:188} INFO - Delivered message to data [0]
[2024-08-13T15:00:39.748+0000] {logging_mixin.py:188} INFO - Delivered message to data [0]
[2024-08-13T15:00:39.748+0000] {logging_mixin.py:188} INFO - Delivered message to data [0]
[2024-08-13T15:00:39.749+0000] {logging_mixin.py:188} INFO - Delivered message to data [0]
[2024-08-13T15:00:39.749+0000] {logging_mixin.py:188} INFO - Delivered message to data [0]
[2024-08-13T15:00:39.750+0000] {logging_mixin.py:188} INFO - Delivered message to data [0]
[2024-08-13T15:00:39.750+0000] {logging_mixin.py:188} INFO - Delivered message to data [0]
[2024-08-13T15:00:39.751+0000] {logging_mixin.py:188} INFO - Delivered message to data [0]
[2024-08-13T15:00:39.751+0000] {logging_mixin.py:188} INFO - Delivered message to data [0]
[2024-08-13T15:00:39.752+0000] {logging_mixin.py:188} INFO - Delivered message to data [0]
[2024-08-13T15:00:39.752+0000] {logging_mixin.py:188} INFO - Delivered message to data [0]
[2024-08-13T15:00:39.754+0000] {logging_mixin.py:188} INFO - Delivered message to data [0]
[2024-08-13T15:00:39.755+0000] {logging_mixin.py:188} INFO - Delivered message to data [0]
[2024-08-13T15:00:39.755+0000] {logging_mixin.py:188} INFO - Delivered message to data [0]
[2024-08-13T15:00:39.756+0000] {logging_mixin.py:188} INFO - Delivered message to data [0]
[2024-08-13T15:00:39.756+0000] {logging_mixin.py:188} INFO - Delivered message to data [0]
[2024-08-13T15:00:39.757+0000] {logging_mixin.py:188} INFO - Delivered message to data [0]
[2024-08-13T15:00:39.758+0000] {logging_mixin.py:188} INFO - Delivered message to data [0]
[2024-08-13T15:00:39.759+0000] {logging_mixin.py:188} INFO - Delivered message to data [0]
[2024-08-13T15:00:39.759+0000] {logging_mixin.py:188} INFO - Delivered message to data [0]
[2024-08-13T15:00:39.760+0000] {logging_mixin.py:188} INFO - Delivered message to data [0]
[2024-08-13T15:00:39.761+0000] {logging_mixin.py:188} INFO - Delivered message to data [0]
[2024-08-13T15:00:39.762+0000] {logging_mixin.py:188} INFO - Delivered message to data [0]
[2024-08-13T15:00:39.762+0000] {logging_mixin.py:188} INFO - Delivered message to data [0]
[2024-08-13T15:00:39.763+0000] {logging_mixin.py:188} INFO - Delivered message to data [0]
[2024-08-13T15:00:39.764+0000] {logging_mixin.py:188} INFO - Delivered message to data [0]
[2024-08-13T15:00:39.765+0000] {logging_mixin.py:188} INFO - Delivered message to data [0]
[2024-08-13T15:00:39.766+0000] {logging_mixin.py:188} INFO - Delivered message to data [0]
[2024-08-13T15:00:39.766+0000] {logging_mixin.py:188} INFO - Delivered message to data [0]
[2024-08-13T15:00:39.767+0000] {logging_mixin.py:188} INFO - Delivered message to data [0]
[2024-08-13T15:00:39.768+0000] {logging_mixin.py:188} INFO - Delivered message to data [0]
[2024-08-13T15:00:39.770+0000] {logging_mixin.py:188} INFO - Delivered message to data [0]
[2024-08-13T15:00:39.771+0000] {logging_mixin.py:188} INFO - Delivered message to data [0]
[2024-08-13T15:00:39.772+0000] {logging_mixin.py:188} INFO - Delivered message to data [0]
[2024-08-13T15:00:39.772+0000] {logging_mixin.py:188} INFO - Delivered message to data [0]
[2024-08-13T15:00:39.773+0000] {logging_mixin.py:188} INFO - Delivered message to data [0]
[2024-08-13T15:00:39.774+0000] {logging_mixin.py:188} INFO - Delivered message to data [0]
[2024-08-13T15:00:39.775+0000] {logging_mixin.py:188} INFO - Delivered message to data [0]
[2024-08-13T15:00:39.775+0000] {logging_mixin.py:188} INFO - Delivered message to data [0]
[2024-08-13T15:00:39.776+0000] {logging_mixin.py:188} INFO - Delivered message to data [0]
[2024-08-13T15:00:39.777+0000] {logging_mixin.py:188} INFO - Delivered message to data [0]
[2024-08-13T15:00:39.777+0000] {logging_mixin.py:188} INFO - Delivered message to data [0]
[2024-08-13T15:00:39.778+0000] {logging_mixin.py:188} INFO - Delivered message to data [0]
[2024-08-13T15:00:39.779+0000] {logging_mixin.py:188} INFO - Delivered message to data [0]
[2024-08-13T15:00:39.779+0000] {logging_mixin.py:188} INFO - Delivered message to data [0]
[2024-08-13T15:00:39.780+0000] {logging_mixin.py:188} INFO - Delivered message to data [0]
[2024-08-13T15:00:39.781+0000] {logging_mixin.py:188} INFO - Delivered message to data [0]
[2024-08-13T15:00:39.781+0000] {logging_mixin.py:188} INFO - Delivered message to data [0]
[2024-08-13T15:00:39.782+0000] {logging_mixin.py:188} INFO - Delivered message to data [0]
[2024-08-13T15:00:39.783+0000] {logging_mixin.py:188} INFO - Delivered message to data [0]
[2024-08-13T15:00:39.783+0000] {logging_mixin.py:188} INFO - Delivered message to data [0]
[2024-08-13T15:00:39.784+0000] {logging_mixin.py:188} INFO - Delivered message to data [0]
[2024-08-13T15:00:39.787+0000] {logging_mixin.py:188} INFO - Delivered message to data [0]
[2024-08-13T15:00:39.788+0000] {logging_mixin.py:188} INFO - Delivered message to data [0]
[2024-08-13T15:00:39.789+0000] {logging_mixin.py:188} INFO - Delivered message to data [0]
[2024-08-13T15:00:39.790+0000] {logging_mixin.py:188} INFO - Delivered message to data [0]
[2024-08-13T15:00:39.790+0000] {logging_mixin.py:188} INFO - Delivered message to data [0]
[2024-08-13T15:00:39.791+0000] {logging_mixin.py:188} INFO - Delivered message to data [0]
[2024-08-13T15:00:39.792+0000] {logging_mixin.py:188} INFO - Delivered message to data [0]
[2024-08-13T15:00:39.793+0000] {logging_mixin.py:188} INFO - Delivered message to data [0]
[2024-08-13T15:00:39.793+0000] {logging_mixin.py:188} INFO - Delivered message to data [0]
[2024-08-13T15:00:39.794+0000] {logging_mixin.py:188} INFO - Delivered message to data [0]
[2024-08-13T15:00:39.795+0000] {logging_mixin.py:188} INFO - Delivered message to data [0]
[2024-08-13T15:00:39.795+0000] {logging_mixin.py:188} INFO - Delivered message to data [0]
[2024-08-13T15:00:39.796+0000] {logging_mixin.py:188} INFO - Delivered message to data [0]
[2024-08-13T15:00:39.797+0000] {logging_mixin.py:188} INFO - Delivered message to data [0]
[2024-08-13T15:00:39.797+0000] {logging_mixin.py:188} INFO - Delivered message to data [0]
[2024-08-13T15:00:39.798+0000] {logging_mixin.py:188} INFO - Delivered message to data [0]
[2024-08-13T15:00:39.799+0000] {logging_mixin.py:188} INFO - Delivered message to data [0]
[2024-08-13T15:00:39.800+0000] {logging_mixin.py:188} INFO - Delivered message to data [0]
[2024-08-13T15:00:39.800+0000] {logging_mixin.py:188} INFO - Delivered message to data [0]
[2024-08-13T15:00:39.801+0000] {logging_mixin.py:188} INFO - Delivered message to data [0]
[2024-08-13T15:00:39.801+0000] {logging_mixin.py:188} INFO - Delivered message to data [0]
[2024-08-13T15:00:39.802+0000] {logging_mixin.py:188} INFO - Delivered message to data [0]
[2024-08-13T15:00:39.803+0000] {logging_mixin.py:188} INFO - Delivered message to data [0]
[2024-08-13T15:00:39.804+0000] {logging_mixin.py:188} INFO - Delivered message to data [0]
[2024-08-13T15:00:39.805+0000] {logging_mixin.py:188} INFO - Delivered message to data [0]
[2024-08-13T15:00:39.805+0000] {logging_mixin.py:188} INFO - Delivered message to data [0]
[2024-08-13T15:00:39.806+0000] {logging_mixin.py:188} INFO - Delivered message to data [0]
[2024-08-13T15:00:39.807+0000] {logging_mixin.py:188} INFO - Delivered message to data [0]
[2024-08-13T15:00:39.807+0000] {logging_mixin.py:188} INFO - Delivered message to data [0]
[2024-08-13T15:00:39.808+0000] {logging_mixin.py:188} INFO - Delivered message to data [0]
[2024-08-13T15:00:39.809+0000] {logging_mixin.py:188} INFO - Delivered message to data [0]
[2024-08-13T15:00:39.810+0000] {logging_mixin.py:188} INFO - Delivered message to data [0]
[2024-08-13T15:00:39.810+0000] {logging_mixin.py:188} INFO - Delivered message to data [0]
[2024-08-13T15:00:39.811+0000] {logging_mixin.py:188} INFO - Delivered message to data [0]
[2024-08-13T15:00:39.811+0000] {logging_mixin.py:188} INFO - Delivered message to data [0]
[2024-08-13T15:00:39.812+0000] {logging_mixin.py:188} INFO - Delivered message to data [0]
[2024-08-13T15:00:39.813+0000] {logging_mixin.py:188} INFO - Delivered message to data [0]
[2024-08-13T15:00:39.813+0000] {logging_mixin.py:188} INFO - Delivered message to data [0]
[2024-08-13T15:00:39.814+0000] {logging_mixin.py:188} INFO - Delivered message to data [0]
[2024-08-13T15:00:39.815+0000] {logging_mixin.py:188} INFO - Delivered message to data [0]
[2024-08-13T15:00:39.815+0000] {logging_mixin.py:188} INFO - Delivered message to data [0]
[2024-08-13T15:00:39.816+0000] {logging_mixin.py:188} INFO - Delivered message to data [0]
[2024-08-13T15:00:39.817+0000] {logging_mixin.py:188} INFO - Delivered message to data [0]
[2024-08-13T15:00:39.817+0000] {logging_mixin.py:188} INFO - Delivered message to data [0]
[2024-08-13T15:00:39.818+0000] {logging_mixin.py:188} INFO - Delivered message to data [0]
[2024-08-13T15:00:39.819+0000] {logging_mixin.py:188} INFO - Delivered message to data [0]
[2024-08-13T15:00:39.820+0000] {logging_mixin.py:188} INFO - Delivered message to data [0]
[2024-08-13T15:00:39.821+0000] {logging_mixin.py:188} INFO - Delivered message to data [0]
[2024-08-13T15:00:39.821+0000] {logging_mixin.py:188} INFO - Delivered message to data [0]
[2024-08-13T15:00:39.822+0000] {logging_mixin.py:188} INFO - Delivered message to data [0]
[2024-08-13T15:00:39.822+0000] {logging_mixin.py:188} INFO - Delivered message to data [0]
[2024-08-13T15:00:39.823+0000] {logging_mixin.py:188} INFO - Delivered message to data [0]
[2024-08-13T15:00:39.824+0000] {logging_mixin.py:188} INFO - Delivered message to data [0]
[2024-08-13T15:00:39.824+0000] {logging_mixin.py:188} INFO - Delivered message to data [0]
[2024-08-13T15:00:39.825+0000] {logging_mixin.py:188} INFO - Delivered message to data [0]
[2024-08-13T15:00:39.826+0000] {logging_mixin.py:188} INFO - Delivered message to data [0]
[2024-08-13T15:00:39.826+0000] {logging_mixin.py:188} INFO - Delivered message to data [0]
[2024-08-13T15:00:39.827+0000] {logging_mixin.py:188} INFO - Delivered message to data [0]
[2024-08-13T15:00:39.828+0000] {logging_mixin.py:188} INFO - Delivered message to data [0]
[2024-08-13T15:00:39.828+0000] {logging_mixin.py:188} INFO - Delivered message to data [0]
[2024-08-13T15:00:39.829+0000] {logging_mixin.py:188} INFO - Delivered message to data [0]
[2024-08-13T15:00:39.829+0000] {logging_mixin.py:188} INFO - Delivered message to data [0]
[2024-08-13T15:00:39.830+0000] {logging_mixin.py:188} INFO - Delivered message to data [0]
[2024-08-13T15:00:39.831+0000] {logging_mixin.py:188} INFO - Delivered message to data [0]
[2024-08-13T15:00:39.831+0000] {logging_mixin.py:188} INFO - Delivered message to data [0]
[2024-08-13T15:00:39.832+0000] {logging_mixin.py:188} INFO - Delivered message to data [0]
[2024-08-13T15:00:39.832+0000] {logging_mixin.py:188} INFO - Delivered message to data [0]
[2024-08-13T15:00:39.833+0000] {logging_mixin.py:188} INFO - Delivered message to data [0]
[2024-08-13T15:00:39.833+0000] {logging_mixin.py:188} INFO - Delivered message to data [0]
[2024-08-13T15:00:39.834+0000] {logging_mixin.py:188} INFO - Delivered message to data [0]
[2024-08-13T15:00:39.835+0000] {logging_mixin.py:188} INFO - Delivered message to data [0]
[2024-08-13T15:00:39.836+0000] {logging_mixin.py:188} INFO - Delivered message to data [0]
[2024-08-13T15:00:39.837+0000] {logging_mixin.py:188} INFO - Delivered message to data [0]
[2024-08-13T15:00:39.837+0000] {logging_mixin.py:188} INFO - Delivered message to data [0]
[2024-08-13T15:00:39.838+0000] {logging_mixin.py:188} INFO - Delivered message to data [0]
[2024-08-13T15:00:39.839+0000] {logging_mixin.py:188} INFO - Delivered message to data [0]
[2024-08-13T15:00:39.839+0000] {logging_mixin.py:188} INFO - Delivered message to data [0]
[2024-08-13T15:00:39.840+0000] {logging_mixin.py:188} INFO - Delivered message to data [0]
[2024-08-13T15:00:39.841+0000] {logging_mixin.py:188} INFO - Delivered message to data [0]
[2024-08-13T15:00:39.841+0000] {logging_mixin.py:188} INFO - Delivered message to data [0]
[2024-08-13T15:00:39.842+0000] {logging_mixin.py:188} INFO - Delivered message to data [0]
[2024-08-13T15:00:39.842+0000] {logging_mixin.py:188} INFO - Delivered message to data [0]
[2024-08-13T15:00:39.843+0000] {logging_mixin.py:188} INFO - Delivered message to data [0]
[2024-08-13T15:00:39.844+0000] {logging_mixin.py:188} INFO - Delivered message to data [0]
[2024-08-13T15:00:39.844+0000] {logging_mixin.py:188} INFO - Delivered message to data [0]
[2024-08-13T15:00:39.845+0000] {logging_mixin.py:188} INFO - Delivered message to data [0]
[2024-08-13T15:00:39.845+0000] {logging_mixin.py:188} INFO - Delivered message to data [0]
[2024-08-13T15:00:39.846+0000] {logging_mixin.py:188} INFO - Delivered message to data [0]
[2024-08-13T15:00:39.846+0000] {logging_mixin.py:188} INFO - Delivered message to data [0]
[2024-08-13T15:00:39.847+0000] {logging_mixin.py:188} INFO - Delivered message to data [0]
[2024-08-13T15:00:39.848+0000] {logging_mixin.py:188} INFO - Delivered message to data [0]
[2024-08-13T15:00:39.848+0000] {logging_mixin.py:188} INFO - Delivered message to data [0]
[2024-08-13T15:00:39.849+0000] {logging_mixin.py:188} INFO - Delivered message to data [0]
[2024-08-13T15:00:39.850+0000] {logging_mixin.py:188} INFO - Delivered message to data [0]
[2024-08-13T15:00:39.851+0000] {logging_mixin.py:188} INFO - Delivered message to data [0]
[2024-08-13T15:00:39.851+0000] {logging_mixin.py:188} INFO - Delivered message to data [0]
[2024-08-13T15:00:39.852+0000] {logging_mixin.py:188} INFO - Delivered message to data [0]
[2024-08-13T15:00:39.853+0000] {logging_mixin.py:188} INFO - Delivered message to data [0]
[2024-08-13T15:00:39.854+0000] {logging_mixin.py:188} INFO - Delivered message to data [0]
[2024-08-13T15:00:39.855+0000] {logging_mixin.py:188} INFO - Delivered message to data [0]
[2024-08-13T15:00:39.856+0000] {logging_mixin.py:188} INFO - Delivered message to data [0]
[2024-08-13T15:00:39.857+0000] {logging_mixin.py:188} INFO - Delivered message to data [0]
[2024-08-13T15:00:39.857+0000] {logging_mixin.py:188} INFO - Delivered message to data [0]
[2024-08-13T15:00:39.858+0000] {logging_mixin.py:188} INFO - Delivered message to data [0]
[2024-08-13T15:00:39.859+0000] {logging_mixin.py:188} INFO - Delivered message to data [0]
[2024-08-13T15:00:39.859+0000] {logging_mixin.py:188} INFO - Delivered message to data [0]
[2024-08-13T15:00:39.860+0000] {logging_mixin.py:188} INFO - Delivered message to data [0]
[2024-08-13T15:00:39.861+0000] {logging_mixin.py:188} INFO - Delivered message to data [0]
[2024-08-13T15:00:39.861+0000] {logging_mixin.py:188} INFO - Delivered message to data [0]
[2024-08-13T15:00:39.862+0000] {logging_mixin.py:188} INFO - Delivered message to data [0]
[2024-08-13T15:00:39.862+0000] {logging_mixin.py:188} INFO - Delivered message to data [0]
[2024-08-13T15:00:39.863+0000] {logging_mixin.py:188} INFO - Delivered message to data [0]
[2024-08-13T15:00:39.864+0000] {logging_mixin.py:188} INFO - Delivered message to data [0]
[2024-08-13T15:00:39.864+0000] {logging_mixin.py:188} INFO - Delivered message to data [0]
[2024-08-13T15:00:39.865+0000] {logging_mixin.py:188} INFO - Delivered message to data [0]
[2024-08-13T15:00:39.866+0000] {logging_mixin.py:188} INFO - Delivered message to data [0]
[2024-08-13T15:00:39.866+0000] {logging_mixin.py:188} INFO - Delivered message to data [0]
[2024-08-13T15:00:39.867+0000] {logging_mixin.py:188} INFO - Delivered message to data [0]
[2024-08-13T15:00:39.867+0000] {logging_mixin.py:188} INFO - Delivered message to data [0]
[2024-08-13T15:00:39.869+0000] {logging_mixin.py:188} INFO - Delivered message to data [0]
[2024-08-13T15:00:39.871+0000] {logging_mixin.py:188} INFO - Delivered message to data [0]
[2024-08-13T15:00:39.872+0000] {logging_mixin.py:188} INFO - Delivered message to data [0]
[2024-08-13T15:00:39.873+0000] {logging_mixin.py:188} INFO - Delivered message to data [0]
[2024-08-13T15:00:39.874+0000] {logging_mixin.py:188} INFO - Delivered message to data [0]
[2024-08-13T15:00:39.876+0000] {logging_mixin.py:188} INFO - Delivered message to data [0]
[2024-08-13T15:00:39.877+0000] {logging_mixin.py:188} INFO - Delivered message to data [0]
[2024-08-13T15:00:39.878+0000] {logging_mixin.py:188} INFO - Delivered message to data [0]
[2024-08-13T15:00:39.878+0000] {logging_mixin.py:188} INFO - Delivered message to data [0]
[2024-08-13T15:00:39.879+0000] {logging_mixin.py:188} INFO - Delivered message to data [0]
[2024-08-13T15:00:39.879+0000] {logging_mixin.py:188} INFO - Delivered message to data [0]
[2024-08-13T15:00:39.880+0000] {logging_mixin.py:188} INFO - Delivered message to data [0]
[2024-08-13T15:00:39.880+0000] {logging_mixin.py:188} INFO - Delivered message to data [0]
[2024-08-13T15:00:39.881+0000] {logging_mixin.py:188} INFO - Delivered message to data [0]
[2024-08-13T15:00:39.882+0000] {logging_mixin.py:188} INFO - Delivered message to data [0]
[2024-08-13T15:00:39.882+0000] {logging_mixin.py:188} INFO - Delivered message to data [0]
[2024-08-13T15:00:39.883+0000] {logging_mixin.py:188} INFO - Delivered message to data [0]
[2024-08-13T15:00:39.884+0000] {logging_mixin.py:188} INFO - Delivered message to data [0]
[2024-08-13T15:00:39.884+0000] {logging_mixin.py:188} INFO - Delivered message to data [0]
[2024-08-13T15:00:39.885+0000] {logging_mixin.py:188} INFO - Delivered message to data [0]
[2024-08-13T15:00:39.886+0000] {logging_mixin.py:188} INFO - Delivered message to data [0]
[2024-08-13T15:00:39.887+0000] {logging_mixin.py:188} INFO - Delivered message to data [0]
[2024-08-13T15:00:39.888+0000] {logging_mixin.py:188} INFO - Delivered message to data [0]
[2024-08-13T15:00:39.889+0000] {logging_mixin.py:188} INFO - Delivered message to data [0]
[2024-08-13T15:00:39.890+0000] {logging_mixin.py:188} INFO - Delivered message to data [0]
[2024-08-13T15:00:39.891+0000] {logging_mixin.py:188} INFO - Delivered message to data [0]
[2024-08-13T15:00:39.892+0000] {logging_mixin.py:188} INFO - Delivered message to data [0]
[2024-08-13T15:00:39.893+0000] {logging_mixin.py:188} INFO - Delivered message to data [0]
[2024-08-13T15:00:39.893+0000] {logging_mixin.py:188} INFO - Delivered message to data [0]
[2024-08-13T15:00:39.894+0000] {logging_mixin.py:188} INFO - Delivered message to data [0]
[2024-08-13T15:00:39.895+0000] {logging_mixin.py:188} INFO - Delivered message to data [0]
[2024-08-13T15:00:39.896+0000] {logging_mixin.py:188} INFO - Delivered message to data [0]
[2024-08-13T15:00:39.897+0000] {logging_mixin.py:188} INFO - Delivered message to data [0]
[2024-08-13T15:00:39.898+0000] {logging_mixin.py:188} INFO - Delivered message to data [0]
[2024-08-13T15:00:39.898+0000] {logging_mixin.py:188} INFO - Delivered message to data [0]
[2024-08-13T15:00:39.899+0000] {logging_mixin.py:188} INFO - Delivered message to data [0]
[2024-08-13T15:00:39.900+0000] {logging_mixin.py:188} INFO - Delivered message to data [0]
[2024-08-13T15:00:39.901+0000] {logging_mixin.py:188} INFO - Delivered message to data [0]
[2024-08-13T15:00:39.904+0000] {logging_mixin.py:188} INFO - Delivered message to data [0]
[2024-08-13T15:00:39.906+0000] {logging_mixin.py:188} INFO - Delivered message to data [0]
[2024-08-13T15:00:39.906+0000] {logging_mixin.py:188} INFO - Delivered message to data [0]
[2024-08-13T15:00:39.907+0000] {logging_mixin.py:188} INFO - Delivered message to data [0]
[2024-08-13T15:00:39.908+0000] {logging_mixin.py:188} INFO - Delivered message to data [0]
[2024-08-13T15:00:39.908+0000] {logging_mixin.py:188} INFO - Delivered message to data [0]
[2024-08-13T15:00:39.909+0000] {logging_mixin.py:188} INFO - Delivered message to data [0]
[2024-08-13T15:00:39.910+0000] {logging_mixin.py:188} INFO - Delivered message to data [0]
[2024-08-13T15:00:39.910+0000] {logging_mixin.py:188} INFO - Delivered message to data [0]
[2024-08-13T15:00:39.911+0000] {logging_mixin.py:188} INFO - Delivered message to data [0]
[2024-08-13T15:00:39.912+0000] {logging_mixin.py:188} INFO - Delivered message to data [0]
[2024-08-13T15:00:39.913+0000] {logging_mixin.py:188} INFO - Delivered message to data [0]
[2024-08-13T15:00:39.914+0000] {logging_mixin.py:188} INFO - Delivered message to data [0]
[2024-08-13T15:00:39.914+0000] {logging_mixin.py:188} INFO - Delivered message to data [0]
[2024-08-13T15:00:39.915+0000] {logging_mixin.py:188} INFO - Delivered message to data [0]
[2024-08-13T15:00:39.916+0000] {logging_mixin.py:188} INFO - Delivered message to data [0]
[2024-08-13T15:00:39.916+0000] {logging_mixin.py:188} INFO - Delivered message to data [0]
[2024-08-13T15:00:39.917+0000] {logging_mixin.py:188} INFO - Delivered message to data [0]
[2024-08-13T15:00:39.918+0000] {logging_mixin.py:188} INFO - Delivered message to data [0]
[2024-08-13T15:00:39.919+0000] {logging_mixin.py:188} INFO - Delivered message to data [0]
[2024-08-13T15:00:39.921+0000] {logging_mixin.py:188} INFO - Delivered message to data [0]
[2024-08-13T15:00:39.923+0000] {logging_mixin.py:188} INFO - Delivered message to data [0]
[2024-08-13T15:00:39.923+0000] {logging_mixin.py:188} INFO - Delivered message to data [0]
[2024-08-13T15:00:39.924+0000] {logging_mixin.py:188} INFO - Delivered message to data [0]
[2024-08-13T15:00:39.925+0000] {logging_mixin.py:188} INFO - Delivered message to data [0]
[2024-08-13T15:00:39.925+0000] {logging_mixin.py:188} INFO - Delivered message to data [0]
[2024-08-13T15:00:39.926+0000] {logging_mixin.py:188} INFO - Delivered message to data [0]
[2024-08-13T15:00:39.927+0000] {logging_mixin.py:188} INFO - Delivered message to data [0]
[2024-08-13T15:00:39.928+0000] {logging_mixin.py:188} INFO - Delivered message to data [0]
[2024-08-13T15:00:39.929+0000] {logging_mixin.py:188} INFO - Delivered message to data [0]
[2024-08-13T15:00:39.930+0000] {logging_mixin.py:188} INFO - Delivered message to data [0]
[2024-08-13T15:00:39.931+0000] {logging_mixin.py:188} INFO - Delivered message to data [0]
[2024-08-13T15:00:39.931+0000] {logging_mixin.py:188} INFO - Delivered message to data [0]
[2024-08-13T15:00:39.932+0000] {logging_mixin.py:188} INFO - Delivered message to data [0]
[2024-08-13T15:00:39.932+0000] {logging_mixin.py:188} INFO - Delivered message to data [0]
[2024-08-13T15:00:39.933+0000] {logging_mixin.py:188} INFO - Delivered message to data [0]
[2024-08-13T15:00:39.933+0000] {logging_mixin.py:188} INFO - Delivered message to data [0]
[2024-08-13T15:00:39.934+0000] {logging_mixin.py:188} INFO - Delivered message to data [0]
[2024-08-13T15:00:39.934+0000] {logging_mixin.py:188} INFO - Delivered message to data [0]
[2024-08-13T15:00:39.935+0000] {logging_mixin.py:188} INFO - Delivered message to data [0]
[2024-08-13T15:00:39.936+0000] {logging_mixin.py:188} INFO - Delivered message to data [0]
[2024-08-13T15:00:39.937+0000] {logging_mixin.py:188} INFO - Delivered message to data [0]
[2024-08-13T15:00:39.938+0000] {logging_mixin.py:188} INFO - Delivered message to data [0]
[2024-08-13T15:00:39.939+0000] {logging_mixin.py:188} INFO - Delivered message to data [0]
[2024-08-13T15:00:39.939+0000] {logging_mixin.py:188} INFO - Delivered message to data [0]
[2024-08-13T15:00:39.940+0000] {logging_mixin.py:188} INFO - Delivered message to data [0]
[2024-08-13T15:00:39.940+0000] {logging_mixin.py:188} INFO - Delivered message to data [0]
[2024-08-13T15:00:39.941+0000] {logging_mixin.py:188} INFO - Delivered message to data [0]
[2024-08-13T15:00:39.941+0000] {logging_mixin.py:188} INFO - Delivered message to data [0]
[2024-08-13T15:00:39.942+0000] {logging_mixin.py:188} INFO - Delivered message to data [0]
[2024-08-13T15:00:39.954+0000] {logging_mixin.py:188} INFO - Delivered message to data [0]
[2024-08-13T15:00:39.956+0000] {python.py:237} INFO - Done. Returned value was: None
[2024-08-13T15:00:39.957+0000] {taskinstance.py:441} INFO - ::group::Post task execution logs
[2024-08-13T15:00:39.980+0000] {taskinstance.py:1206} INFO - Marking task as SUCCESS. dag_id=streaming_data, task_id=send_data, run_id=manual__2024-08-13T15:00:28.389797+00:00, execution_date=20240813T150028, start_date=20240813T150038, end_date=20240813T150039
[2024-08-13T15:00:40.046+0000] {local_task_job_runner.py:243} INFO - Task exited with return code 0
[2024-08-13T15:00:40.081+0000] {taskinstance.py:3503} INFO - 0 downstream tasks scheduled from follow-on schedule check
[2024-08-13T15:00:40.085+0000] {local_task_job_runner.py:222} INFO - ::endgroup::
