[2024-08-16T15:21:06.578+0000] {local_task_job_runner.py:120} INFO - ::group::Pre task execution logs
[2024-08-16T15:21:06.638+0000] {taskinstance.py:2076} INFO - Dependencies all met for dep_context=non-requeueable deps ti=<TaskInstance: streaming_data.get_data manual__2024-08-16T15:21:04.545449+00:00 [queued]>
[2024-08-16T15:21:06.660+0000] {taskinstance.py:2076} INFO - Dependencies all met for dep_context=requeueable deps ti=<TaskInstance: streaming_data.get_data manual__2024-08-16T15:21:04.545449+00:00 [queued]>
[2024-08-16T15:21:06.661+0000] {taskinstance.py:2306} INFO - Starting attempt 1 of 2
[2024-08-16T15:21:06.705+0000] {taskinstance.py:2330} INFO - Executing <Task(PythonOperator): get_data> on 2024-08-16 15:21:04.545449+00:00
[2024-08-16T15:21:06.740+0000] {logging_mixin.py:188} WARNING - /home/***/.local/lib/python3.12/site-packages/***/task/task_runner/standard_task_runner.py:62 DeprecationWarning: This process (pid=591) is multi-threaded, use of fork() may lead to deadlocks in the child.
[2024-08-16T15:21:06.742+0000] {standard_task_runner.py:64} INFO - Started process 593 to run task
[2024-08-16T15:21:06.746+0000] {standard_task_runner.py:90} INFO - Running: ['***', 'tasks', 'run', 'streaming_data', 'get_data', 'manual__2024-08-16T15:21:04.545449+00:00', '--job-id', '264', '--raw', '--subdir', 'DAGS_FOLDER/stream.py', '--cfg-path', '/tmp/tmpussrtsdn']
[2024-08-16T15:21:06.759+0000] {standard_task_runner.py:91} INFO - Job 264: Subtask get_data
[2024-08-16T15:21:06.820+0000] {logging_mixin.py:188} WARNING - /home/***/.local/lib/python3.12/site-packages/***/settings.py:195 DeprecationWarning: The sql_alchemy_conn option in [core] has been moved to the sql_alchemy_conn option in [database] - the old setting has been used, but please update your config.
[2024-08-16T15:21:06.919+0000] {task_command.py:426} INFO - Running <TaskInstance: streaming_data.get_data manual__2024-08-16T15:21:04.545449+00:00 [running]> on host 44da6da64016
[2024-08-16T15:21:07.216+0000] {taskinstance.py:2648} INFO - Exporting env vars: AIRFLOW_CTX_DAG_OWNER='***' AIRFLOW_CTX_DAG_ID='streaming_data' AIRFLOW_CTX_TASK_ID='get_data' AIRFLOW_CTX_EXECUTION_DATE='2024-08-16T15:21:04.545449+00:00' AIRFLOW_CTX_TRY_NUMBER='1' AIRFLOW_CTX_DAG_RUN_ID='manual__2024-08-16T15:21:04.545449+00:00'
[2024-08-16T15:21:07.219+0000] {taskinstance.py:430} INFO - ::endgroup::
[2024-08-16T15:21:08.179+0000] {logging_mixin.py:188} WARNING - [*********************100%%**********************]  1 of 1 completed
[2024-08-16T15:21:08.312+0000] {logging_mixin.py:188} WARNING - [*********************100%%**********************]  1 of 1 completed
[2024-08-16T15:21:08.501+0000] {logging_mixin.py:188} WARNING - [*********************100%%**********************]  1 of 1 completed
[2024-08-16T15:21:08.813+0000] {logging_mixin.py:188} WARNING - [*********************100%%**********************]  1 of 1 completed
[2024-08-16T15:21:08.938+0000] {logging_mixin.py:188} WARNING - [*********************100%%**********************]  1 of 1 completed
[2024-08-16T15:21:09.118+0000] {logging_mixin.py:188} WARNING - [*********************100%%**********************]  1 of 1 completed
[2024-08-16T15:21:09.342+0000] {logging_mixin.py:188} WARNING - [*********************100%%**********************]  1 of 1 completed
[2024-08-16T15:21:09.550+0000] {logging_mixin.py:188} WARNING - [*********************100%%**********************]  1 of 1 completed
[2024-08-16T15:21:09.753+0000] {logging_mixin.py:188} WARNING - [*********************100%%**********************]  1 of 1 completed
[2024-08-16T15:21:10.266+0000] {logging_mixin.py:188} WARNING - [*********************100%%**********************]  1 of 1 completed
[2024-08-16T15:21:10.741+0000] {python.py:237} INFO - Done. Returned value was: [               Open     High      Low    Close  Adj Close    Volume
Date                                                               
2023-07-17  56700.0  59000.0  56500.0  59000.0    59000.0   5467701
2023-07-19  58800.0  59000.0  58200.0  58500.0    58500.0   2716000
2023-07-20  58500.0  58500.0  57300.0  57700.0    57700.0   4588406
2023-07-21  57500.0  59000.0  57300.0  59000.0    59000.0   3603509
2023-07-24  59500.0  59500.0  58100.0  59100.0    59100.0   2213813
...             ...      ...      ...      ...        ...       ...
2024-08-09  37800.0  37800.0  36800.0  37200.0    37200.0   8691600
2024-08-12  37150.0  37150.0  36350.0  36500.0    36500.0  27145000
2024-08-13  36350.0  36650.0  35850.0  36350.0    36350.0   9925900
2024-08-14  36350.0  37400.0  36000.0  37200.0    37200.0  19385620
2024-08-15  37500.0  38300.0  37150.0  37850.0    37850.0  17798730

[264 rows x 6 columns],                Open     High      Low    Close  Adj Close    Volume
Date                                                               
2023-07-17  51600.0  53100.0  51400.0  52900.0    52900.0  12105500
2023-07-19  52900.0  52900.0  52100.0  52100.0    52100.0   1816000
2023-07-20  52100.0  52600.0  51600.0  52000.0    52000.0   1893807
2023-07-21  52000.0  52300.0  51600.0  52100.0    52100.0   2324811
2023-07-24  52200.0  52600.0  51800.0  52000.0    52000.0   2611616
...             ...      ...      ...      ...        ...       ...
2024-08-09  41800.0  42000.0  41200.0  41200.0    41200.0   2266900
2024-08-12  41100.0  41200.0  40600.0  40600.0    40600.0   1806700
2024-08-13  40650.0  41200.0  40650.0  40700.0    40700.0   6519600
2024-08-14  40750.0  41200.0  40750.0  40800.0    40800.0   1377400
2024-08-15  41000.0  41150.0  40800.0  40800.0    40800.0   1213500

[264 rows x 6 columns],                Open     High      Low    Close     Adj Close   Volume
Date                                                                 
2023-07-17  73000.0  73600.0  72200.0  72300.0  69941.234375  5802800
2023-07-19  72500.0  73000.0  72400.0  72600.0  70231.453125  3025100
2023-07-20  72600.0  72800.0  72300.0  72600.0  70231.453125  2600707
2023-07-21  72600.0  73500.0  72500.0  73500.0  71102.078125  3821822
2023-07-24  73500.0  74000.0  73300.0  73600.0  71198.820312  2535331
...             ...      ...      ...      ...           ...      ...
2024-08-09  72800.0  73400.0  72500.0  73300.0  73300.000000  4527500
2024-08-12  73300.0  74400.0  72800.0  73000.0  73000.000000  5804000
2024-08-13  72800.0  74400.0  72700.0  73800.0  73800.000000  6834400
2024-08-14  74000.0  74100.0  73300.0  74000.0  74000.000000  5456225
2024-08-15  74000.0  74600.0  73700.0  73800.0  73800.000000  4255830

[264 rows x 6 columns],                     Open          High  ...     Adj Close    Volume
Date                                    ...                        
2020-01-02  10144.176758  10360.010742  ...  10360.010742   9804382
2020-01-03  10446.343750  10511.093750  ...  10424.760742  18144096
2020-01-06  10360.010742  10467.926758  ...  10360.010742  12442596
2020-01-07  10403.176758  10446.343750  ...  10230.509766  12442966
2020-01-08  10144.176758  10208.926758  ...  10122.593750  15245844
...                  ...           ...  ...           ...       ...
2024-08-09  25900.000000  26100.000000  ...  26050.000000  13383200
2024-08-12  26050.000000  26100.000000  ...  25850.000000  13266000
2024-08-13  25900.000000  25950.000000  ...  25400.000000  27064600
2024-08-14  25500.000000  25700.000000  ...  25450.000000  14953420
2024-08-15  25450.000000  25450.000000  ...  25200.000000  17264450

[1154 rows x 6 columns],                Open     High      Low    Close  Adj Close    Volume
Date                                                               
2023-07-17  81800.0  81800.0  80500.0  80700.0    80700.0   3783200
2023-07-19  80600.0  81300.0  80500.0  80800.0    80800.0   2170700
2023-07-20  80900.0  80900.0  79100.0  79500.0    79500.0   2335704
2023-07-21  79500.0  83000.0  79500.0  83000.0    83000.0   2883206
2023-07-24  84600.0  84700.0  83200.0  84000.0    84000.0   2676811
...             ...      ...      ...      ...        ...       ...
2024-08-09  74600.0  75300.0  74500.0  75200.0    75200.0   3965800
2024-08-12  75500.0  76200.0  74300.0  75200.0    75200.0   4458500
2024-08-13  75000.0  75200.0  73800.0  74800.0    74800.0   4915200
2024-08-14  75200.0  77300.0  74900.0  76500.0    76500.0  10253710
2024-08-15  76700.0  76700.0  75000.0  75000.0    75000.0   3474953

[264 rows x 6 columns],                     Open          High  ...     Adj Close   Volume
Date                                    ...                       
2020-01-02  59855.761719  60652.070312  ...  60253.914062   582121
2020-01-03  60718.429688  60917.503906  ...  59656.683594   807923
2020-01-06  59192.171875  59391.250000  ...  58064.070312  1326286
2020-01-07  57732.277344  58329.507812  ...  58263.148438  1691708
2020-01-08  57665.917969  58329.507812  ...  57732.277344  1269278
...                  ...           ...  ...           ...      ...
2024-08-09  87400.000000  88300.000000  ...  87700.000000  1136700
2024-08-12  88400.000000  88400.000000  ...  87800.000000  1102300
2024-08-13  87600.000000  89500.000000  ...  89500.000000  1592900
2024-08-14  89300.000000  89400.000000  ...  88000.000000  1492818
2024-08-15  88000.000000  88800.000000  ...  87600.000000   921018

[1147 rows x 6 columns],                     Open          High  ...     Adj Close   Volume
Date                                    ...                       
2020-01-02  32455.722656  33302.394531  ...  33090.726562  1236777
2020-01-03  33408.226562  33514.062500  ...  32949.613281   855972
2020-01-06  32949.613281  32949.613281  ...  32314.609375  1126042
2020-01-07  32314.609375  32949.613281  ...  32949.613281   746768
2020-01-08  32455.722656  33796.285156  ...  33231.835938  1744473
...                  ...           ...  ...           ...      ...
2024-08-09  47000.000000  47000.000000  ...  46700.000000  1050910
2024-08-12  46700.000000  47350.000000  ...  46800.000000  1358400
2024-08-13  47000.000000  47150.000000  ...  46650.000000  1015400
2024-08-14  46800.000000  47750.000000  ...  47050.000000  1703835
2024-08-15  47050.000000  47450.000000  ...  46650.000000  1004349

[1153 rows x 6 columns],                     Open          High  ...     Adj Close    Volume
Date                                    ...                        
2020-01-02  14491.327148  15080.687500  ...  14907.345703   6270304
2020-01-03  15080.687500  15150.023438  ...  14768.672852   5230492
2020-01-06  14699.336914  15046.019531  ...  14803.341797   4576925
2020-01-07  14976.682617  15150.023438  ...  15046.019531   6139046
2020-01-08  14942.014648  15358.033203  ...  15011.350586  94576760
...                  ...           ...  ...           ...       ...
2024-08-09  30350.000000  31500.000000  ...  31500.000000   7499900
2024-08-12  31550.000000  31750.000000  ...  31700.000000   3252300
2024-08-13  31850.000000  31850.000000  ...  31850.000000   4264400
2024-08-14  31850.000000  32000.000000  ...  31800.000000   4868000
2024-08-15  31800.000000  31950.000000  ...  31850.000000   5235800

[1153 rows x 6 columns],                      Open           High  ...      Adj Close   Volume
Date                                      ...                        
2020-01-02   27777.677734   28111.201172  ...   27333.160156  1882040
2020-01-03   28063.554688   28158.847656  ...   26866.724609  4298104
2020-01-06   27205.925781   27444.156250  ...   26586.861328  2291182
2020-01-07   27301.216797   27682.386719  ...   27099.941406  1757201
2020-01-08   27396.509766   27491.802734  ...   26493.574219  3858696
...                   ...            ...  ...            ...      ...
2024-08-09  122400.000000  126900.000000  ...  126900.000000  6011400
2024-08-12  126900.000000  130200.000000  ...  130000.000000  6775001
2024-08-13  129700.000000  130200.000000  ...  129700.000000  4362301
2024-08-14  130700.000000  131500.000000  ...  129500.000000  3822200
2024-08-15  129100.000000  129500.000000  ...  128700.000000  2305600

[1154 rows x 6 columns],                     Open          High  ...     Adj Close   Volume
Date                                    ...                       
2020-01-02  78083.335938  79333.335938  ...  75533.335938   169511
2020-01-03  78833.335938  80333.335938  ...  75693.023438   262775
2020-01-06  80583.335938  81666.664062  ...  78088.375000   517307
2020-01-07  81416.664062  81416.664062  ...  77529.453125   171359
2020-01-08  82166.664062  82500.000000  ...  77449.617188   527111
...                  ...           ...  ...           ...      ...
2024-08-09  82000.000000  82200.000000  ...  81600.000000  1243901
2024-08-12  81600.000000  83300.000000  ...  82500.000000  1929500
2024-08-13  82300.000000  82300.000000  ...  81500.000000  1751900
2024-08-14  81900.000000  83300.000000  ...  82000.000000  2298838
2024-08-15  82000.000000  82700.000000  ...  81200.000000  1248035

[1152 rows x 6 columns]]
[2024-08-16T15:21:10.935+0000] {taskinstance.py:441} INFO - ::group::Post task execution logs
[2024-08-16T15:21:11.171+0000] {taskinstance.py:1206} INFO - Marking task as SUCCESS. dag_id=streaming_data, task_id=get_data, run_id=manual__2024-08-16T15:21:04.545449+00:00, execution_date=20240816T152104, start_date=20240816T152106, end_date=20240816T152111
[2024-08-16T15:21:11.224+0000] {local_task_job_runner.py:243} INFO - Task exited with return code 0
[2024-08-16T15:21:11.269+0000] {taskinstance.py:3503} INFO - 1 downstream tasks scheduled from follow-on schedule check
[2024-08-16T15:21:11.272+0000] {local_task_job_runner.py:222} INFO - ::endgroup::
