[2024-08-13T14:33:10.905+0000] {local_task_job_runner.py:120} INFO - ::group::Pre task execution logs
[2024-08-13T14:33:11.001+0000] {taskinstance.py:2076} INFO - Dependencies all met for dep_context=non-requeueable deps ti=<TaskInstance: streaming_data_today.get_data manual__2024-08-13T14:33:08.789870+00:00 [queued]>
[2024-08-13T14:33:11.021+0000] {taskinstance.py:2076} INFO - Dependencies all met for dep_context=requeueable deps ti=<TaskInstance: streaming_data_today.get_data manual__2024-08-13T14:33:08.789870+00:00 [queued]>
[2024-08-13T14:33:11.024+0000] {taskinstance.py:2306} INFO - Starting attempt 1 of 2
[2024-08-13T14:33:11.069+0000] {taskinstance.py:2330} INFO - Executing <Task(PythonOperator): get_data> on 2024-08-13 14:33:08.789870+00:00
[2024-08-13T14:33:11.090+0000] {logging_mixin.py:188} WARNING - /home/***/.local/lib/python3.12/site-packages/***/task/task_runner/standard_task_runner.py:62 DeprecationWarning: This process (pid=363) is multi-threaded, use of fork() may lead to deadlocks in the child.
[2024-08-13T14:33:11.088+0000] {standard_task_runner.py:90} INFO - Running: ['***', 'tasks', 'run', 'streaming_data_today', 'get_data', 'manual__2024-08-13T14:33:08.789870+00:00', '--job-id', '214', '--raw', '--subdir', 'DAGS_FOLDER/stream_today.py', '--cfg-path', '/tmp/tmp2bv_mqtb']
[2024-08-13T14:33:11.093+0000] {standard_task_runner.py:64} INFO - Started process 365 to run task
[2024-08-13T14:33:11.095+0000] {standard_task_runner.py:91} INFO - Job 214: Subtask get_data
[2024-08-13T14:33:11.145+0000] {logging_mixin.py:188} WARNING - /home/***/.local/lib/python3.12/site-packages/***/settings.py:195 DeprecationWarning: The sql_alchemy_conn option in [core] has been moved to the sql_alchemy_conn option in [database] - the old setting has been used, but please update your config.
[2024-08-13T14:33:11.212+0000] {task_command.py:426} INFO - Running <TaskInstance: streaming_data_today.get_data manual__2024-08-13T14:33:08.789870+00:00 [running]> on host 3b2272169cb8
[2024-08-13T14:33:11.423+0000] {taskinstance.py:2648} INFO - Exporting env vars: AIRFLOW_CTX_DAG_OWNER='***' AIRFLOW_CTX_DAG_ID='streaming_data_today' AIRFLOW_CTX_TASK_ID='get_data' AIRFLOW_CTX_EXECUTION_DATE='2024-08-13T14:33:08.789870+00:00' AIRFLOW_CTX_TRY_NUMBER='1' AIRFLOW_CTX_DAG_RUN_ID='manual__2024-08-13T14:33:08.789870+00:00'
[2024-08-13T14:33:11.425+0000] {taskinstance.py:430} INFO - ::endgroup::
[2024-08-13T14:33:12.052+0000] {logging_mixin.py:188} INFO - $AAPL: possibly delisted; No price data found  (1d 2024-08-13 -> 2024-08-13)
[2024-08-13T14:33:12.057+0000] {logging_mixin.py:188} WARNING - [*********************100%%**********************]  1 of 1 completed
[2024-08-13T14:33:12.063+0000] {multi.py:171} ERROR - 
1 Failed download:
[2024-08-13T14:33:12.066+0000] {multi.py:184} ERROR - ['AAPL']: YFPricesMissingError('$%ticker%: possibly delisted; No price data found  (1d 2024-08-13 -> 2024-08-13)')
[2024-08-13T14:33:12.215+0000] {logging_mixin.py:188} INFO - $AMD: possibly delisted; No price data found  (1d 2024-08-13 -> 2024-08-13)
[2024-08-13T14:33:12.224+0000] {logging_mixin.py:188} WARNING - [*********************100%%**********************]  1 of 1 completed
[2024-08-13T14:33:12.225+0000] {multi.py:171} ERROR - 
1 Failed download:
[2024-08-13T14:33:12.226+0000] {multi.py:184} ERROR - ['AMD']: YFPricesMissingError('$%ticker%: possibly delisted; No price data found  (1d 2024-08-13 -> 2024-08-13)')
[2024-08-13T14:33:12.368+0000] {logging_mixin.py:188} INFO - $AMZN: possibly delisted; No price data found  (1d 2024-08-13 -> 2024-08-13)
[2024-08-13T14:33:12.372+0000] {logging_mixin.py:188} WARNING - [*********************100%%**********************]  1 of 1 completed
[2024-08-13T14:33:12.374+0000] {multi.py:171} ERROR - 
1 Failed download:
[2024-08-13T14:33:12.376+0000] {multi.py:184} ERROR - ['AMZN']: YFPricesMissingError('$%ticker%: possibly delisted; No price data found  (1d 2024-08-13 -> 2024-08-13)')
[2024-08-13T14:33:12.545+0000] {logging_mixin.py:188} INFO - $QCOM: possibly delisted; No price data found  (1d 2024-08-13 -> 2024-08-13)
[2024-08-13T14:33:12.550+0000] {logging_mixin.py:188} WARNING - [*********************100%%**********************]  1 of 1 completed
[2024-08-13T14:33:12.551+0000] {multi.py:171} ERROR - 
1 Failed download:
[2024-08-13T14:33:12.552+0000] {multi.py:184} ERROR - ['QCOM']: YFPricesMissingError('$%ticker%: possibly delisted; No price data found  (1d 2024-08-13 -> 2024-08-13)')
[2024-08-13T14:33:12.700+0000] {logging_mixin.py:188} INFO - $TPE: possibly delisted; No price data found  (1d 2024-08-13 -> 2024-08-13)
[2024-08-13T14:33:12.706+0000] {logging_mixin.py:188} WARNING - [*********************100%%**********************]  1 of 1 completed
[2024-08-13T14:33:12.707+0000] {multi.py:171} ERROR - 
1 Failed download:
[2024-08-13T14:33:12.708+0000] {multi.py:184} ERROR - ['TPE']: YFPricesMissingError('$%ticker%: possibly delisted; No price data found  (1d 2024-08-13 -> 2024-08-13)')
[2024-08-13T14:33:12.849+0000] {logging_mixin.py:188} INFO - $GOOGL: possibly delisted; No price data found  (1d 2024-08-13 -> 2024-08-13)
[2024-08-13T14:33:12.852+0000] {logging_mixin.py:188} WARNING - [*********************100%%**********************]  1 of 1 completed
[2024-08-13T14:33:12.853+0000] {multi.py:171} ERROR - 
1 Failed download:
[2024-08-13T14:33:12.854+0000] {multi.py:184} ERROR - ['GOOGL']: YFPricesMissingError('$%ticker%: possibly delisted; No price data found  (1d 2024-08-13 -> 2024-08-13)')
[2024-08-13T14:33:13.034+0000] {logging_mixin.py:188} INFO - $INTC: possibly delisted; No price data found  (1d 2024-08-13 -> 2024-08-13)
[2024-08-13T14:33:13.038+0000] {logging_mixin.py:188} WARNING - [*********************100%%**********************]  1 of 1 completed
[2024-08-13T14:33:13.039+0000] {multi.py:171} ERROR - 
1 Failed download:
[2024-08-13T14:33:13.040+0000] {multi.py:184} ERROR - ['INTC']: YFPricesMissingError('$%ticker%: possibly delisted; No price data found  (1d 2024-08-13 -> 2024-08-13)')
[2024-08-13T14:33:13.189+0000] {logging_mixin.py:188} INFO - $META: possibly delisted; No price data found  (1d 2024-08-13 -> 2024-08-13)
[2024-08-13T14:33:13.194+0000] {logging_mixin.py:188} WARNING - [*********************100%%**********************]  1 of 1 completed
[2024-08-13T14:33:13.195+0000] {multi.py:171} ERROR - 
1 Failed download:
[2024-08-13T14:33:13.195+0000] {multi.py:184} ERROR - ['META']: YFPricesMissingError('$%ticker%: possibly delisted; No price data found  (1d 2024-08-13 -> 2024-08-13)')
[2024-08-13T14:33:13.318+0000] {logging_mixin.py:188} INFO - $NVDA: possibly delisted; No price data found  (1d 2024-08-13 -> 2024-08-13)
[2024-08-13T14:33:13.324+0000] {logging_mixin.py:188} WARNING - [*********************100%%**********************]  1 of 1 completed
[2024-08-13T14:33:13.325+0000] {multi.py:171} ERROR - 
1 Failed download:
[2024-08-13T14:33:13.326+0000] {multi.py:184} ERROR - ['NVDA']: YFPricesMissingError('$%ticker%: possibly delisted; No price data found  (1d 2024-08-13 -> 2024-08-13)')
[2024-08-13T14:33:13.463+0000] {logging_mixin.py:188} INFO - $NFLX: possibly delisted; No price data found  (1d 2024-08-13 -> 2024-08-13)
[2024-08-13T14:33:13.470+0000] {logging_mixin.py:188} WARNING - [*********************100%%**********************]  1 of 1 completed
[2024-08-13T14:33:13.470+0000] {multi.py:171} ERROR - 
1 Failed download:
[2024-08-13T14:33:13.471+0000] {multi.py:184} ERROR - ['NFLX']: YFPricesMissingError('$%ticker%: possibly delisted; No price data found  (1d 2024-08-13 -> 2024-08-13)')
[2024-08-13T14:33:13.571+0000] {python.py:237} INFO - Done. Returned value was: [Empty DataFrame
Columns: [Open, High, Low, Close, Adj Close, Volume]
Index: [], Empty DataFrame
Columns: [Open, High, Low, Close, Adj Close, Volume]
Index: [], Empty DataFrame
Columns: [Open, High, Low, Close, Adj Close, Volume]
Index: [], Empty DataFrame
Columns: [Open, High, Low, Close, Adj Close, Volume]
Index: [], Empty DataFrame
Columns: [Open, High, Low, Close, Adj Close, Volume]
Index: [], Empty DataFrame
Columns: [Open, High, Low, Close, Adj Close, Volume]
Index: [], Empty DataFrame
Columns: [Open, High, Low, Close, Adj Close, Volume]
Index: [], Empty DataFrame
Columns: [Open, High, Low, Close, Adj Close, Volume]
Index: [], Empty DataFrame
Columns: [Open, High, Low, Close, Adj Close, Volume]
Index: [], Empty DataFrame
Columns: [Open, High, Low, Close, Adj Close, Volume]
Index: []]
[2024-08-13T14:33:13.583+0000] {taskinstance.py:441} INFO - ::group::Post task execution logs
[2024-08-13T14:33:13.654+0000] {taskinstance.py:1206} INFO - Marking task as SUCCESS. dag_id=streaming_data_today, task_id=get_data, run_id=manual__2024-08-13T14:33:08.789870+00:00, execution_date=20240813T143308, start_date=20240813T143311, end_date=20240813T143313
[2024-08-13T14:33:13.723+0000] {local_task_job_runner.py:243} INFO - Task exited with return code 0
[2024-08-13T14:33:13.774+0000] {taskinstance.py:3503} INFO - 1 downstream tasks scheduled from follow-on schedule check
[2024-08-13T14:33:13.777+0000] {local_task_job_runner.py:222} INFO - ::endgroup::
