[2024-08-10T14:26:18.822+0000] {local_task_job_runner.py:120} INFO - ::group::Pre task execution logs
[2024-08-10T14:26:18.863+0000] {taskinstance.py:2076} INFO - Dependencies all met for dep_context=non-requeueable deps ti=<TaskInstance: streaming_data.send_data manual__2024-08-10T14:26:09.677836+00:00 [queued]>
[2024-08-10T14:26:18.873+0000] {taskinstance.py:2076} INFO - Dependencies all met for dep_context=requeueable deps ti=<TaskInstance: streaming_data.send_data manual__2024-08-10T14:26:09.677836+00:00 [queued]>
[2024-08-10T14:26:18.874+0000] {taskinstance.py:2306} INFO - Starting attempt 1 of 2
[2024-08-10T14:26:18.894+0000] {taskinstance.py:2330} INFO - Executing <Task(PythonOperator): send_data> on 2024-08-10 14:26:09.677836+00:00
[2024-08-10T14:26:18.901+0000] {logging_mixin.py:188} WARNING - /home/***/.local/lib/python3.12/site-packages/***/task/task_runner/standard_task_runner.py:62 DeprecationWarning: This process (pid=1564) is multi-threaded, use of fork() may lead to deadlocks in the child.
[2024-08-10T14:26:18.903+0000] {standard_task_runner.py:64} INFO - Started process 1566 to run task
[2024-08-10T14:26:18.901+0000] {standard_task_runner.py:90} INFO - Running: ['***', 'tasks', 'run', 'streaming_data', 'send_data', 'manual__2024-08-10T14:26:09.677836+00:00', '--job-id', '197', '--raw', '--subdir', 'DAGS_FOLDER/stream.py', '--cfg-path', '/tmp/tmphsem1zm4']
[2024-08-10T14:26:18.907+0000] {standard_task_runner.py:91} INFO - Job 197: Subtask send_data
[2024-08-10T14:26:18.928+0000] {logging_mixin.py:188} WARNING - /home/***/.local/lib/python3.12/site-packages/***/settings.py:195 DeprecationWarning: The sql_alchemy_conn option in [core] has been moved to the sql_alchemy_conn option in [database] - the old setting has been used, but please update your config.
[2024-08-10T14:26:18.984+0000] {task_command.py:426} INFO - Running <TaskInstance: streaming_data.send_data manual__2024-08-10T14:26:09.677836+00:00 [running]> on host 562e157be0a0
[2024-08-10T14:26:19.127+0000] {taskinstance.py:2648} INFO - Exporting env vars: AIRFLOW_CTX_DAG_OWNER='***' AIRFLOW_CTX_DAG_ID='streaming_data' AIRFLOW_CTX_TASK_ID='send_data' AIRFLOW_CTX_EXECUTION_DATE='2024-08-10T14:26:09.677836+00:00' AIRFLOW_CTX_TRY_NUMBER='1' AIRFLOW_CTX_DAG_RUN_ID='manual__2024-08-10T14:26:09.677836+00:00'
[2024-08-10T14:26:19.128+0000] {taskinstance.py:430} INFO - ::endgroup::
[2024-08-10T14:26:21.169+0000] {logging_mixin.py:188} INFO - Delivered message to stock_data [0]
[2024-08-10T14:26:21.170+0000] {logging_mixin.py:188} INFO - Delivered message to stock_data [0]
[2024-08-10T14:26:21.171+0000] {logging_mixin.py:188} INFO - Delivered message to stock_data [0]
[2024-08-10T14:26:21.171+0000] {logging_mixin.py:188} INFO - Delivered message to stock_data [0]
[2024-08-10T14:26:21.172+0000] {logging_mixin.py:188} INFO - Delivered message to stock_data [0]
[2024-08-10T14:26:21.172+0000] {logging_mixin.py:188} INFO - Delivered message to stock_data [0]
[2024-08-10T14:26:21.173+0000] {logging_mixin.py:188} INFO - Delivered message to stock_data [0]
[2024-08-10T14:26:21.173+0000] {logging_mixin.py:188} INFO - Delivered message to stock_data [0]
[2024-08-10T14:26:21.174+0000] {logging_mixin.py:188} INFO - Delivered message to stock_data [0]
[2024-08-10T14:26:21.174+0000] {logging_mixin.py:188} INFO - Delivered message to stock_data [0]
[2024-08-10T14:26:21.175+0000] {logging_mixin.py:188} INFO - Delivered message to stock_data [0]
[2024-08-10T14:26:21.176+0000] {logging_mixin.py:188} INFO - Delivered message to stock_data [0]
[2024-08-10T14:26:21.176+0000] {logging_mixin.py:188} INFO - Delivered message to stock_data [0]
[2024-08-10T14:26:21.177+0000] {logging_mixin.py:188} INFO - Delivered message to stock_data [0]
[2024-08-10T14:26:21.177+0000] {logging_mixin.py:188} INFO - Delivered message to stock_data [0]
[2024-08-10T14:26:21.178+0000] {logging_mixin.py:188} INFO - Delivered message to stock_data [0]
[2024-08-10T14:26:21.178+0000] {logging_mixin.py:188} INFO - Delivered message to stock_data [0]
[2024-08-10T14:26:21.179+0000] {logging_mixin.py:188} INFO - Delivered message to stock_data [0]
[2024-08-10T14:26:21.179+0000] {logging_mixin.py:188} INFO - Delivered message to stock_data [0]
[2024-08-10T14:26:21.180+0000] {logging_mixin.py:188} INFO - Delivered message to stock_data [0]
[2024-08-10T14:26:21.180+0000] {logging_mixin.py:188} INFO - Delivered message to stock_data [0]
[2024-08-10T14:26:21.180+0000] {logging_mixin.py:188} INFO - Delivered message to stock_data [0]
[2024-08-10T14:26:21.181+0000] {logging_mixin.py:188} INFO - Delivered message to stock_data [0]
[2024-08-10T14:26:21.181+0000] {logging_mixin.py:188} INFO - Delivered message to stock_data [0]
[2024-08-10T14:26:21.182+0000] {logging_mixin.py:188} INFO - Delivered message to stock_data [0]
[2024-08-10T14:26:21.182+0000] {logging_mixin.py:188} INFO - Delivered message to stock_data [0]
[2024-08-10T14:26:21.183+0000] {logging_mixin.py:188} INFO - Delivered message to stock_data [0]
[2024-08-10T14:26:21.183+0000] {logging_mixin.py:188} INFO - Delivered message to stock_data [0]
[2024-08-10T14:26:21.183+0000] {logging_mixin.py:188} INFO - Delivered message to stock_data [0]
[2024-08-10T14:26:21.184+0000] {logging_mixin.py:188} INFO - Delivered message to stock_data [0]
[2024-08-10T14:26:21.184+0000] {logging_mixin.py:188} INFO - Delivered message to stock_data [0]
[2024-08-10T14:26:21.185+0000] {logging_mixin.py:188} INFO - Delivered message to stock_data [0]
[2024-08-10T14:26:21.185+0000] {logging_mixin.py:188} INFO - Delivered message to stock_data [0]
[2024-08-10T14:26:21.185+0000] {logging_mixin.py:188} INFO - Delivered message to stock_data [0]
[2024-08-10T14:26:21.186+0000] {logging_mixin.py:188} INFO - Delivered message to stock_data [0]
[2024-08-10T14:26:21.186+0000] {logging_mixin.py:188} INFO - Delivered message to stock_data [0]
[2024-08-10T14:26:21.187+0000] {logging_mixin.py:188} INFO - Delivered message to stock_data [0]
[2024-08-10T14:26:21.187+0000] {logging_mixin.py:188} INFO - Delivered message to stock_data [0]
[2024-08-10T14:26:21.188+0000] {logging_mixin.py:188} INFO - Delivered message to stock_data [0]
[2024-08-10T14:26:21.188+0000] {logging_mixin.py:188} INFO - Delivered message to stock_data [0]
[2024-08-10T14:26:21.189+0000] {logging_mixin.py:188} INFO - Delivered message to stock_data [0]
[2024-08-10T14:26:21.189+0000] {logging_mixin.py:188} INFO - Delivered message to stock_data [0]
[2024-08-10T14:26:21.189+0000] {logging_mixin.py:188} INFO - Delivered message to stock_data [0]
[2024-08-10T14:26:21.190+0000] {logging_mixin.py:188} INFO - Delivered message to stock_data [0]
[2024-08-10T14:26:21.190+0000] {logging_mixin.py:188} INFO - Delivered message to stock_data [0]
[2024-08-10T14:26:21.191+0000] {logging_mixin.py:188} INFO - Delivered message to stock_data [0]
[2024-08-10T14:26:21.191+0000] {logging_mixin.py:188} INFO - Delivered message to stock_data [0]
[2024-08-10T14:26:21.192+0000] {logging_mixin.py:188} INFO - Delivered message to stock_data [0]
[2024-08-10T14:26:21.192+0000] {logging_mixin.py:188} INFO - Delivered message to stock_data [0]
[2024-08-10T14:26:21.192+0000] {logging_mixin.py:188} INFO - Delivered message to stock_data [0]
[2024-08-10T14:26:21.193+0000] {logging_mixin.py:188} INFO - Delivered message to stock_data [0]
[2024-08-10T14:26:21.193+0000] {logging_mixin.py:188} INFO - Delivered message to stock_data [0]
[2024-08-10T14:26:21.194+0000] {logging_mixin.py:188} INFO - Delivered message to stock_data [0]
[2024-08-10T14:26:21.194+0000] {logging_mixin.py:188} INFO - Delivered message to stock_data [0]
[2024-08-10T14:26:21.195+0000] {python.py:237} INFO - Done. Returned value was: None
[2024-08-10T14:26:21.196+0000] {taskinstance.py:441} INFO - ::group::Post task execution logs
[2024-08-10T14:26:21.208+0000] {taskinstance.py:1206} INFO - Marking task as SUCCESS. dag_id=streaming_data, task_id=send_data, run_id=manual__2024-08-10T14:26:09.677836+00:00, execution_date=20240810T142609, start_date=20240810T142618, end_date=20240810T142621
[2024-08-10T14:26:21.252+0000] {local_task_job_runner.py:243} INFO - Task exited with return code 0
[2024-08-10T14:26:21.273+0000] {taskinstance.py:3503} INFO - 0 downstream tasks scheduled from follow-on schedule check
[2024-08-10T14:26:21.276+0000] {local_task_job_runner.py:222} INFO - ::endgroup::
