[2024-08-09T07:49:44.374+0000] {local_task_job_runner.py:120} INFO - ::group::Pre task execution logs
[2024-08-09T07:49:44.423+0000] {taskinstance.py:2076} INFO - Dependencies all met for dep_context=non-requeueable deps ti=<TaskInstance: streaming.send_data manual__2024-08-09T07:49:36.654007+00:00 [queued]>
[2024-08-09T07:49:44.438+0000] {taskinstance.py:2076} INFO - Dependencies all met for dep_context=requeueable deps ti=<TaskInstance: streaming.send_data manual__2024-08-09T07:49:36.654007+00:00 [queued]>
[2024-08-09T07:49:44.440+0000] {taskinstance.py:2306} INFO - Starting attempt 1 of 2
[2024-08-09T07:49:44.458+0000] {taskinstance.py:2330} INFO - Executing <Task(PythonOperator): send_data> on 2024-08-09 07:49:36.654007+00:00
[2024-08-09T07:49:44.471+0000] {logging_mixin.py:188} WARNING - /home/***/.local/lib/python3.12/site-packages/***/task/task_runner/standard_task_runner.py:62 DeprecationWarning: This process (pid=1335) is multi-threaded, use of fork() may lead to deadlocks in the child.
[2024-08-09T07:49:44.473+0000] {standard_task_runner.py:64} INFO - Started process 1341 to run task
[2024-08-09T07:49:44.470+0000] {standard_task_runner.py:90} INFO - Running: ['***', 'tasks', 'run', 'streaming', 'send_data', 'manual__2024-08-09T07:49:36.654007+00:00', '--job-id', '139', '--raw', '--subdir', 'DAGS_FOLDER/topic.py', '--cfg-path', '/tmp/tmpl1gs6kad']
[2024-08-09T07:49:44.474+0000] {standard_task_runner.py:91} INFO - Job 139: Subtask send_data
[2024-08-09T07:49:44.500+0000] {logging_mixin.py:188} WARNING - /home/***/.local/lib/python3.12/site-packages/***/settings.py:195 DeprecationWarning: The sql_alchemy_conn option in [core] has been moved to the sql_alchemy_conn option in [database] - the old setting has been used, but please update your config.
[2024-08-09T07:49:44.568+0000] {task_command.py:426} INFO - Running <TaskInstance: streaming.send_data manual__2024-08-09T07:49:36.654007+00:00 [running]> on host 110119ffa3a6
[2024-08-09T07:49:44.760+0000] {taskinstance.py:2648} INFO - Exporting env vars: AIRFLOW_CTX_DAG_OWNER='***' AIRFLOW_CTX_DAG_ID='streaming' AIRFLOW_CTX_TASK_ID='send_data' AIRFLOW_CTX_EXECUTION_DATE='2024-08-09T07:49:36.654007+00:00' AIRFLOW_CTX_TRY_NUMBER='1' AIRFLOW_CTX_DAG_RUN_ID='manual__2024-08-09T07:49:36.654007+00:00'
[2024-08-09T07:49:44.762+0000] {taskinstance.py:430} INFO - ::endgroup::
[2024-08-09T07:49:45.796+0000] {logging_mixin.py:188} INFO - Message được gửi tới topic_finnhub [Partition: 0]
[2024-08-09T07:49:45.797+0000] {logging_mixin.py:188} INFO - Message được gửi tới topic_finnhub [Partition: 0]
[2024-08-09T07:49:45.797+0000] {logging_mixin.py:188} INFO - Message được gửi tới topic_finnhub [Partition: 0]
[2024-08-09T07:49:45.798+0000] {logging_mixin.py:188} INFO - Message được gửi tới topic_finnhub [Partition: 0]
[2024-08-09T07:49:45.799+0000] {logging_mixin.py:188} INFO - Message được gửi tới topic_finnhub [Partition: 0]
[2024-08-09T07:49:45.799+0000] {logging_mixin.py:188} INFO - Message được gửi tới topic_finnhub [Partition: 0]
[2024-08-09T07:49:45.800+0000] {logging_mixin.py:188} INFO - Message được gửi tới topic_finnhub [Partition: 0]
[2024-08-09T07:49:45.800+0000] {logging_mixin.py:188} INFO - Message được gửi tới topic_finnhub [Partition: 0]
[2024-08-09T07:49:45.801+0000] {logging_mixin.py:188} INFO - Message được gửi tới topic_finnhub [Partition: 0]
[2024-08-09T07:49:45.802+0000] {python.py:237} INFO - Done. Returned value was: None
[2024-08-09T07:49:45.803+0000] {taskinstance.py:441} INFO - ::group::Post task execution logs
[2024-08-09T07:49:45.817+0000] {taskinstance.py:1206} INFO - Marking task as SUCCESS. dag_id=streaming, task_id=send_data, run_id=manual__2024-08-09T07:49:36.654007+00:00, execution_date=20240809T074936, start_date=20240809T074944, end_date=20240809T074945
[2024-08-09T07:49:45.856+0000] {local_task_job_runner.py:243} INFO - Task exited with return code 0
[2024-08-09T07:49:45.883+0000] {taskinstance.py:3503} INFO - 1 downstream tasks scheduled from follow-on schedule check
[2024-08-09T07:49:45.886+0000] {local_task_job_runner.py:222} INFO - ::endgroup::
