[2024-08-16T04:54:46.699+0000] {local_task_job_runner.py:120} INFO - ::group::Pre task execution logs
[2024-08-16T04:54:46.781+0000] {taskinstance.py:2076} INFO - Dependencies all met for dep_context=non-requeueable deps ti=<TaskInstance: streaming_data.send_data manual__2024-08-16T04:54:32.107731+00:00 [queued]>
[2024-08-16T04:54:46.801+0000] {taskinstance.py:2076} INFO - Dependencies all met for dep_context=requeueable deps ti=<TaskInstance: streaming_data.send_data manual__2024-08-16T04:54:32.107731+00:00 [queued]>
[2024-08-16T04:54:46.803+0000] {taskinstance.py:2306} INFO - Starting attempt 1 of 2
[2024-08-16T04:54:46.838+0000] {taskinstance.py:2330} INFO - Executing <Task(PythonOperator): send_data> on 2024-08-16 04:54:32.107731+00:00
[2024-08-16T04:54:46.854+0000] {logging_mixin.py:188} WARNING - /home/***/.local/lib/python3.12/site-packages/***/task/task_runner/standard_task_runner.py:62 DeprecationWarning: This process (pid=339) is multi-threaded, use of fork() may lead to deadlocks in the child.
[2024-08-16T04:54:46.855+0000] {standard_task_runner.py:64} INFO - Started process 341 to run task
[2024-08-16T04:54:46.854+0000] {standard_task_runner.py:90} INFO - Running: ['***', 'tasks', 'run', 'streaming_data', 'send_data', 'manual__2024-08-16T04:54:32.107731+00:00', '--job-id', '252', '--raw', '--subdir', 'DAGS_FOLDER/stream.py', '--cfg-path', '/tmp/tmptag0eb7d']
[2024-08-16T04:54:46.857+0000] {standard_task_runner.py:91} INFO - Job 252: Subtask send_data
[2024-08-16T04:54:46.891+0000] {logging_mixin.py:188} WARNING - /home/***/.local/lib/python3.12/site-packages/***/settings.py:195 DeprecationWarning: The sql_alchemy_conn option in [core] has been moved to the sql_alchemy_conn option in [database] - the old setting has been used, but please update your config.
[2024-08-16T04:54:46.999+0000] {task_command.py:426} INFO - Running <TaskInstance: streaming_data.send_data manual__2024-08-16T04:54:32.107731+00:00 [running]> on host 44da6da64016
[2024-08-16T04:54:47.248+0000] {taskinstance.py:2648} INFO - Exporting env vars: AIRFLOW_CTX_DAG_OWNER='***' AIRFLOW_CTX_DAG_ID='streaming_data' AIRFLOW_CTX_TASK_ID='send_data' AIRFLOW_CTX_EXECUTION_DATE='2024-08-16T04:54:32.107731+00:00' AIRFLOW_CTX_TRY_NUMBER='1' AIRFLOW_CTX_DAG_RUN_ID='manual__2024-08-16T04:54:32.107731+00:00'
[2024-08-16T04:54:47.251+0000] {taskinstance.py:430} INFO - ::endgroup::
[2024-08-16T04:54:49.322+0000] {logging_mixin.py:188} INFO - Delivered message to data [0]
[2024-08-16T04:54:49.324+0000] {logging_mixin.py:188} INFO - Delivered message to data [0]
[2024-08-16T04:54:49.325+0000] {logging_mixin.py:188} INFO - Delivered message to data [0]
[2024-08-16T04:54:49.327+0000] {logging_mixin.py:188} INFO - Delivered message to data [0]
[2024-08-16T04:54:49.330+0000] {logging_mixin.py:188} INFO - Delivered message to data [0]
[2024-08-16T04:54:49.332+0000] {logging_mixin.py:188} INFO - Delivered message to data [0]
[2024-08-16T04:54:49.335+0000] {logging_mixin.py:188} INFO - Delivered message to data [0]
[2024-08-16T04:54:49.352+0000] {logging_mixin.py:188} INFO - Delivered message to data [0]
[2024-08-16T04:54:49.354+0000] {logging_mixin.py:188} INFO - Delivered message to data [0]
[2024-08-16T04:54:49.355+0000] {logging_mixin.py:188} INFO - Delivered message to data [0]
[2024-08-16T04:54:49.359+0000] {logging_mixin.py:188} INFO - Delivered message to data [0]
[2024-08-16T04:54:49.365+0000] {logging_mixin.py:188} INFO - Delivered message to data [0]
[2024-08-16T04:54:49.366+0000] {logging_mixin.py:188} INFO - Delivered message to data [0]
[2024-08-16T04:54:49.368+0000] {logging_mixin.py:188} INFO - Delivered message to data [0]
[2024-08-16T04:54:49.369+0000] {logging_mixin.py:188} INFO - Delivered message to data [0]
[2024-08-16T04:54:49.370+0000] {logging_mixin.py:188} INFO - Delivered message to data [0]
[2024-08-16T04:54:49.371+0000] {logging_mixin.py:188} INFO - Delivered message to data [0]
[2024-08-16T04:54:49.371+0000] {logging_mixin.py:188} INFO - Delivered message to data [0]
[2024-08-16T04:54:49.373+0000] {logging_mixin.py:188} INFO - Delivered message to data [0]
[2024-08-16T04:54:49.377+0000] {logging_mixin.py:188} INFO - Delivered message to data [0]
[2024-08-16T04:54:49.383+0000] {logging_mixin.py:188} INFO - Delivered message to data [0]
[2024-08-16T04:54:49.384+0000] {logging_mixin.py:188} INFO - Delivered message to data [0]
[2024-08-16T04:54:49.385+0000] {logging_mixin.py:188} INFO - Delivered message to data [0]
[2024-08-16T04:54:49.387+0000] {logging_mixin.py:188} INFO - Delivered message to data [0]
[2024-08-16T04:54:49.388+0000] {logging_mixin.py:188} INFO - Delivered message to data [0]
[2024-08-16T04:54:49.389+0000] {logging_mixin.py:188} INFO - Delivered message to data [0]
[2024-08-16T04:54:49.391+0000] {logging_mixin.py:188} INFO - Delivered message to data [0]
[2024-08-16T04:54:49.392+0000] {logging_mixin.py:188} INFO - Delivered message to data [0]
[2024-08-16T04:54:49.395+0000] {logging_mixin.py:188} INFO - Delivered message to data [0]
[2024-08-16T04:54:49.399+0000] {logging_mixin.py:188} INFO - Delivered message to data [0]
[2024-08-16T04:54:49.401+0000] {logging_mixin.py:188} INFO - Delivered message to data [0]
[2024-08-16T04:54:49.402+0000] {logging_mixin.py:188} INFO - Delivered message to data [0]
[2024-08-16T04:54:49.404+0000] {logging_mixin.py:188} INFO - Delivered message to data [0]
[2024-08-16T04:54:49.405+0000] {logging_mixin.py:188} INFO - Delivered message to data [0]
[2024-08-16T04:54:49.406+0000] {logging_mixin.py:188} INFO - Delivered message to data [0]
[2024-08-16T04:54:49.408+0000] {logging_mixin.py:188} INFO - Delivered message to data [0]
[2024-08-16T04:54:49.409+0000] {logging_mixin.py:188} INFO - Delivered message to data [0]
[2024-08-16T04:54:49.410+0000] {logging_mixin.py:188} INFO - Delivered message to data [0]
[2024-08-16T04:54:49.411+0000] {logging_mixin.py:188} INFO - Delivered message to data [0]
[2024-08-16T04:54:49.415+0000] {logging_mixin.py:188} INFO - Delivered message to data [0]
[2024-08-16T04:54:49.417+0000] {logging_mixin.py:188} INFO - Delivered message to data [0]
[2024-08-16T04:54:49.418+0000] {logging_mixin.py:188} INFO - Delivered message to data [0]
[2024-08-16T04:54:49.419+0000] {logging_mixin.py:188} INFO - Delivered message to data [0]
[2024-08-16T04:54:49.420+0000] {logging_mixin.py:188} INFO - Delivered message to data [0]
[2024-08-16T04:54:49.421+0000] {logging_mixin.py:188} INFO - Delivered message to data [0]
[2024-08-16T04:54:49.421+0000] {logging_mixin.py:188} INFO - Delivered message to data [0]
[2024-08-16T04:54:49.422+0000] {logging_mixin.py:188} INFO - Delivered message to data [0]
[2024-08-16T04:54:49.423+0000] {logging_mixin.py:188} INFO - Delivered message to data [0]
[2024-08-16T04:54:49.423+0000] {logging_mixin.py:188} INFO - Delivered message to data [0]
[2024-08-16T04:54:49.424+0000] {logging_mixin.py:188} INFO - Delivered message to data [0]
[2024-08-16T04:54:49.425+0000] {logging_mixin.py:188} INFO - Delivered message to data [0]
[2024-08-16T04:54:49.425+0000] {logging_mixin.py:188} INFO - Delivered message to data [0]
[2024-08-16T04:54:49.427+0000] {logging_mixin.py:188} INFO - Delivered message to data [0]
[2024-08-16T04:54:49.428+0000] {logging_mixin.py:188} INFO - Delivered message to data [0]
[2024-08-16T04:54:49.429+0000] {logging_mixin.py:188} INFO - Delivered message to data [0]
[2024-08-16T04:54:49.431+0000] {logging_mixin.py:188} INFO - Delivered message to data [0]
[2024-08-16T04:54:49.433+0000] {logging_mixin.py:188} INFO - Delivered message to data [0]
[2024-08-16T04:54:49.434+0000] {logging_mixin.py:188} INFO - Delivered message to data [0]
[2024-08-16T04:54:49.435+0000] {logging_mixin.py:188} INFO - Delivered message to data [0]
[2024-08-16T04:54:49.436+0000] {logging_mixin.py:188} INFO - Delivered message to data [0]
[2024-08-16T04:54:49.437+0000] {logging_mixin.py:188} INFO - Delivered message to data [0]
[2024-08-16T04:54:49.438+0000] {logging_mixin.py:188} INFO - Delivered message to data [0]
[2024-08-16T04:54:49.439+0000] {logging_mixin.py:188} INFO - Delivered message to data [0]
[2024-08-16T04:54:49.440+0000] {logging_mixin.py:188} INFO - Delivered message to data [0]
[2024-08-16T04:54:49.442+0000] {logging_mixin.py:188} INFO - Delivered message to data [0]
[2024-08-16T04:54:49.444+0000] {logging_mixin.py:188} INFO - Delivered message to data [0]
[2024-08-16T04:54:49.449+0000] {logging_mixin.py:188} INFO - Delivered message to data [0]
[2024-08-16T04:54:49.451+0000] {logging_mixin.py:188} INFO - Delivered message to data [0]
[2024-08-16T04:54:49.452+0000] {logging_mixin.py:188} INFO - Delivered message to data [0]
[2024-08-16T04:54:49.461+0000] {logging_mixin.py:188} INFO - Delivered message to data [0]
[2024-08-16T04:54:49.464+0000] {logging_mixin.py:188} INFO - Delivered message to data [0]
[2024-08-16T04:54:49.467+0000] {logging_mixin.py:188} INFO - Delivered message to data [0]
[2024-08-16T04:54:49.468+0000] {logging_mixin.py:188} INFO - Delivered message to data [0]
[2024-08-16T04:54:49.469+0000] {logging_mixin.py:188} INFO - Delivered message to data [0]
[2024-08-16T04:54:49.471+0000] {logging_mixin.py:188} INFO - Delivered message to data [0]
[2024-08-16T04:54:49.474+0000] {logging_mixin.py:188} INFO - Delivered message to data [0]
[2024-08-16T04:54:49.477+0000] {logging_mixin.py:188} INFO - Delivered message to data [0]
[2024-08-16T04:54:49.478+0000] {logging_mixin.py:188} INFO - Delivered message to data [0]
[2024-08-16T04:54:49.483+0000] {logging_mixin.py:188} INFO - Delivered message to data [0]
[2024-08-16T04:54:49.489+0000] {logging_mixin.py:188} INFO - Delivered message to data [0]
[2024-08-16T04:54:49.491+0000] {logging_mixin.py:188} INFO - Delivered message to data [0]
[2024-08-16T04:54:49.492+0000] {logging_mixin.py:188} INFO - Delivered message to data [0]
[2024-08-16T04:54:49.493+0000] {logging_mixin.py:188} INFO - Delivered message to data [0]
[2024-08-16T04:54:49.494+0000] {logging_mixin.py:188} INFO - Delivered message to data [0]
[2024-08-16T04:54:49.500+0000] {logging_mixin.py:188} INFO - Delivered message to data [0]
[2024-08-16T04:54:49.501+0000] {logging_mixin.py:188} INFO - Delivered message to data [0]
[2024-08-16T04:54:49.502+0000] {logging_mixin.py:188} INFO - Delivered message to data [0]
[2024-08-16T04:54:49.504+0000] {logging_mixin.py:188} INFO - Delivered message to data [0]
[2024-08-16T04:54:49.505+0000] {logging_mixin.py:188} INFO - Delivered message to data [0]
[2024-08-16T04:54:49.515+0000] {logging_mixin.py:188} INFO - Delivered message to data [0]
[2024-08-16T04:54:49.517+0000] {logging_mixin.py:188} INFO - Delivered message to data [0]
[2024-08-16T04:54:49.518+0000] {logging_mixin.py:188} INFO - Delivered message to data [0]
[2024-08-16T04:54:49.519+0000] {logging_mixin.py:188} INFO - Delivered message to data [0]
[2024-08-16T04:54:49.520+0000] {logging_mixin.py:188} INFO - Delivered message to data [0]
[2024-08-16T04:54:49.521+0000] {logging_mixin.py:188} INFO - Delivered message to data [0]
[2024-08-16T04:54:49.522+0000] {logging_mixin.py:188} INFO - Delivered message to data [0]
[2024-08-16T04:54:49.523+0000] {logging_mixin.py:188} INFO - Delivered message to data [0]
[2024-08-16T04:54:49.524+0000] {logging_mixin.py:188} INFO - Delivered message to data [0]
[2024-08-16T04:54:49.525+0000] {logging_mixin.py:188} INFO - Delivered message to data [0]
[2024-08-16T04:54:49.526+0000] {logging_mixin.py:188} INFO - Delivered message to data [0]
[2024-08-16T04:54:49.526+0000] {logging_mixin.py:188} INFO - Delivered message to data [0]
[2024-08-16T04:54:49.527+0000] {logging_mixin.py:188} INFO - Delivered message to data [0]
[2024-08-16T04:54:49.528+0000] {logging_mixin.py:188} INFO - Delivered message to data [0]
[2024-08-16T04:54:49.530+0000] {logging_mixin.py:188} INFO - Delivered message to data [0]
[2024-08-16T04:54:49.531+0000] {logging_mixin.py:188} INFO - Delivered message to data [0]
[2024-08-16T04:54:49.532+0000] {logging_mixin.py:188} INFO - Delivered message to data [0]
[2024-08-16T04:54:49.533+0000] {logging_mixin.py:188} INFO - Delivered message to data [0]
[2024-08-16T04:54:49.534+0000] {logging_mixin.py:188} INFO - Delivered message to data [0]
[2024-08-16T04:54:49.535+0000] {logging_mixin.py:188} INFO - Delivered message to data [0]
[2024-08-16T04:54:49.537+0000] {logging_mixin.py:188} INFO - Delivered message to data [0]
[2024-08-16T04:54:49.538+0000] {logging_mixin.py:188} INFO - Delivered message to data [0]
[2024-08-16T04:54:49.539+0000] {logging_mixin.py:188} INFO - Delivered message to data [0]
[2024-08-16T04:54:49.539+0000] {logging_mixin.py:188} INFO - Delivered message to data [0]
[2024-08-16T04:54:49.540+0000] {logging_mixin.py:188} INFO - Delivered message to data [0]
[2024-08-16T04:54:49.541+0000] {logging_mixin.py:188} INFO - Delivered message to data [0]
[2024-08-16T04:54:49.542+0000] {logging_mixin.py:188} INFO - Delivered message to data [0]
[2024-08-16T04:54:49.542+0000] {logging_mixin.py:188} INFO - Delivered message to data [0]
[2024-08-16T04:54:49.543+0000] {logging_mixin.py:188} INFO - Delivered message to data [0]
[2024-08-16T04:54:49.544+0000] {logging_mixin.py:188} INFO - Delivered message to data [0]
[2024-08-16T04:54:49.545+0000] {logging_mixin.py:188} INFO - Delivered message to data [0]
[2024-08-16T04:54:49.548+0000] {logging_mixin.py:188} INFO - Delivered message to data [0]
[2024-08-16T04:54:49.550+0000] {logging_mixin.py:188} INFO - Delivered message to data [0]
[2024-08-16T04:54:49.552+0000] {logging_mixin.py:188} INFO - Delivered message to data [0]
[2024-08-16T04:54:49.553+0000] {logging_mixin.py:188} INFO - Delivered message to data [0]
[2024-08-16T04:54:49.554+0000] {logging_mixin.py:188} INFO - Delivered message to data [0]
[2024-08-16T04:54:49.555+0000] {logging_mixin.py:188} INFO - Delivered message to data [0]
[2024-08-16T04:54:49.556+0000] {logging_mixin.py:188} INFO - Delivered message to data [0]
[2024-08-16T04:54:49.557+0000] {logging_mixin.py:188} INFO - Delivered message to data [0]
[2024-08-16T04:54:49.558+0000] {logging_mixin.py:188} INFO - Delivered message to data [0]
[2024-08-16T04:54:49.559+0000] {logging_mixin.py:188} INFO - Delivered message to data [0]
[2024-08-16T04:54:49.559+0000] {logging_mixin.py:188} INFO - Delivered message to data [0]
[2024-08-16T04:54:49.560+0000] {logging_mixin.py:188} INFO - Delivered message to data [0]
[2024-08-16T04:54:49.561+0000] {logging_mixin.py:188} INFO - Delivered message to data [0]
[2024-08-16T04:54:49.563+0000] {logging_mixin.py:188} INFO - Delivered message to data [0]
[2024-08-16T04:54:49.565+0000] {logging_mixin.py:188} INFO - Delivered message to data [0]
[2024-08-16T04:54:49.566+0000] {logging_mixin.py:188} INFO - Delivered message to data [0]
[2024-08-16T04:54:49.568+0000] {logging_mixin.py:188} INFO - Delivered message to data [0]
[2024-08-16T04:54:49.569+0000] {logging_mixin.py:188} INFO - Delivered message to data [0]
[2024-08-16T04:54:49.570+0000] {logging_mixin.py:188} INFO - Delivered message to data [0]
[2024-08-16T04:54:49.571+0000] {logging_mixin.py:188} INFO - Delivered message to data [0]
[2024-08-16T04:54:49.572+0000] {logging_mixin.py:188} INFO - Delivered message to data [0]
[2024-08-16T04:54:49.574+0000] {logging_mixin.py:188} INFO - Delivered message to data [0]
[2024-08-16T04:54:49.575+0000] {logging_mixin.py:188} INFO - Delivered message to data [0]
[2024-08-16T04:54:49.576+0000] {logging_mixin.py:188} INFO - Delivered message to data [0]
[2024-08-16T04:54:49.577+0000] {logging_mixin.py:188} INFO - Delivered message to data [0]
[2024-08-16T04:54:49.578+0000] {logging_mixin.py:188} INFO - Delivered message to data [0]
[2024-08-16T04:54:49.579+0000] {logging_mixin.py:188} INFO - Delivered message to data [0]
[2024-08-16T04:54:49.580+0000] {logging_mixin.py:188} INFO - Delivered message to data [0]
[2024-08-16T04:54:49.581+0000] {logging_mixin.py:188} INFO - Delivered message to data [0]
[2024-08-16T04:54:49.582+0000] {logging_mixin.py:188} INFO - Delivered message to data [0]
[2024-08-16T04:54:49.583+0000] {logging_mixin.py:188} INFO - Delivered message to data [0]
[2024-08-16T04:54:49.584+0000] {logging_mixin.py:188} INFO - Delivered message to data [0]
[2024-08-16T04:54:49.584+0000] {logging_mixin.py:188} INFO - Delivered message to data [0]
[2024-08-16T04:54:49.585+0000] {logging_mixin.py:188} INFO - Delivered message to data [0]
[2024-08-16T04:54:49.586+0000] {logging_mixin.py:188} INFO - Delivered message to data [0]
[2024-08-16T04:54:49.587+0000] {logging_mixin.py:188} INFO - Delivered message to data [0]
[2024-08-16T04:54:49.587+0000] {logging_mixin.py:188} INFO - Delivered message to data [0]
[2024-08-16T04:54:49.588+0000] {logging_mixin.py:188} INFO - Delivered message to data [0]
[2024-08-16T04:54:49.589+0000] {logging_mixin.py:188} INFO - Delivered message to data [0]
[2024-08-16T04:54:49.589+0000] {logging_mixin.py:188} INFO - Delivered message to data [0]
[2024-08-16T04:54:49.590+0000] {logging_mixin.py:188} INFO - Delivered message to data [0]
[2024-08-16T04:54:49.591+0000] {logging_mixin.py:188} INFO - Delivered message to data [0]
[2024-08-16T04:54:49.591+0000] {logging_mixin.py:188} INFO - Delivered message to data [0]
[2024-08-16T04:54:49.592+0000] {logging_mixin.py:188} INFO - Delivered message to data [0]
[2024-08-16T04:54:49.593+0000] {logging_mixin.py:188} INFO - Delivered message to data [0]
[2024-08-16T04:54:49.593+0000] {logging_mixin.py:188} INFO - Delivered message to data [0]
[2024-08-16T04:54:49.594+0000] {logging_mixin.py:188} INFO - Delivered message to data [0]
[2024-08-16T04:54:49.595+0000] {logging_mixin.py:188} INFO - Delivered message to data [0]
[2024-08-16T04:54:49.597+0000] {logging_mixin.py:188} INFO - Delivered message to data [0]
[2024-08-16T04:54:49.598+0000] {logging_mixin.py:188} INFO - Delivered message to data [0]
[2024-08-16T04:54:49.599+0000] {logging_mixin.py:188} INFO - Delivered message to data [0]
[2024-08-16T04:54:49.600+0000] {logging_mixin.py:188} INFO - Delivered message to data [0]
[2024-08-16T04:54:49.601+0000] {logging_mixin.py:188} INFO - Delivered message to data [0]
[2024-08-16T04:54:49.602+0000] {logging_mixin.py:188} INFO - Delivered message to data [0]
[2024-08-16T04:54:49.603+0000] {logging_mixin.py:188} INFO - Delivered message to data [0]
[2024-08-16T04:54:49.604+0000] {logging_mixin.py:188} INFO - Delivered message to data [0]
[2024-08-16T04:54:49.604+0000] {logging_mixin.py:188} INFO - Delivered message to data [0]
[2024-08-16T04:54:49.605+0000] {logging_mixin.py:188} INFO - Delivered message to data [0]
[2024-08-16T04:54:49.606+0000] {logging_mixin.py:188} INFO - Delivered message to data [0]
[2024-08-16T04:54:49.607+0000] {logging_mixin.py:188} INFO - Delivered message to data [0]
[2024-08-16T04:54:49.607+0000] {logging_mixin.py:188} INFO - Delivered message to data [0]
[2024-08-16T04:54:49.608+0000] {logging_mixin.py:188} INFO - Delivered message to data [0]
[2024-08-16T04:54:49.609+0000] {logging_mixin.py:188} INFO - Delivered message to data [0]
[2024-08-16T04:54:49.610+0000] {logging_mixin.py:188} INFO - Delivered message to data [0]
[2024-08-16T04:54:49.611+0000] {logging_mixin.py:188} INFO - Delivered message to data [0]
[2024-08-16T04:54:49.612+0000] {logging_mixin.py:188} INFO - Delivered message to data [0]
[2024-08-16T04:54:49.613+0000] {logging_mixin.py:188} INFO - Delivered message to data [0]
[2024-08-16T04:54:49.614+0000] {logging_mixin.py:188} INFO - Delivered message to data [0]
[2024-08-16T04:54:49.615+0000] {logging_mixin.py:188} INFO - Delivered message to data [0]
[2024-08-16T04:54:49.616+0000] {logging_mixin.py:188} INFO - Delivered message to data [0]
[2024-08-16T04:54:49.617+0000] {logging_mixin.py:188} INFO - Delivered message to data [0]
[2024-08-16T04:54:49.617+0000] {logging_mixin.py:188} INFO - Delivered message to data [0]
[2024-08-16T04:54:49.618+0000] {logging_mixin.py:188} INFO - Delivered message to data [0]
[2024-08-16T04:54:49.619+0000] {logging_mixin.py:188} INFO - Delivered message to data [0]
[2024-08-16T04:54:49.619+0000] {logging_mixin.py:188} INFO - Delivered message to data [0]
[2024-08-16T04:54:49.620+0000] {logging_mixin.py:188} INFO - Delivered message to data [0]
[2024-08-16T04:54:49.621+0000] {logging_mixin.py:188} INFO - Delivered message to data [0]
[2024-08-16T04:54:49.621+0000] {logging_mixin.py:188} INFO - Delivered message to data [0]
[2024-08-16T04:54:49.622+0000] {logging_mixin.py:188} INFO - Delivered message to data [0]
[2024-08-16T04:54:49.623+0000] {logging_mixin.py:188} INFO - Delivered message to data [0]
[2024-08-16T04:54:49.623+0000] {logging_mixin.py:188} INFO - Delivered message to data [0]
[2024-08-16T04:54:49.624+0000] {logging_mixin.py:188} INFO - Delivered message to data [0]
[2024-08-16T04:54:49.624+0000] {logging_mixin.py:188} INFO - Delivered message to data [0]
[2024-08-16T04:54:49.625+0000] {logging_mixin.py:188} INFO - Delivered message to data [0]
[2024-08-16T04:54:49.626+0000] {logging_mixin.py:188} INFO - Delivered message to data [0]
[2024-08-16T04:54:49.627+0000] {logging_mixin.py:188} INFO - Delivered message to data [0]
[2024-08-16T04:54:49.628+0000] {logging_mixin.py:188} INFO - Delivered message to data [0]
[2024-08-16T04:54:49.628+0000] {logging_mixin.py:188} INFO - Delivered message to data [0]
[2024-08-16T04:54:49.629+0000] {logging_mixin.py:188} INFO - Delivered message to data [0]
[2024-08-16T04:54:49.630+0000] {logging_mixin.py:188} INFO - Delivered message to data [0]
[2024-08-16T04:54:49.632+0000] {logging_mixin.py:188} INFO - Delivered message to data [0]
[2024-08-16T04:54:49.632+0000] {logging_mixin.py:188} INFO - Delivered message to data [0]
[2024-08-16T04:54:49.633+0000] {logging_mixin.py:188} INFO - Delivered message to data [0]
[2024-08-16T04:54:49.634+0000] {logging_mixin.py:188} INFO - Delivered message to data [0]
[2024-08-16T04:54:49.635+0000] {logging_mixin.py:188} INFO - Delivered message to data [0]
[2024-08-16T04:54:49.637+0000] {logging_mixin.py:188} INFO - Delivered message to data [0]
[2024-08-16T04:54:49.638+0000] {logging_mixin.py:188} INFO - Delivered message to data [0]
[2024-08-16T04:54:49.639+0000] {logging_mixin.py:188} INFO - Delivered message to data [0]
[2024-08-16T04:54:49.639+0000] {logging_mixin.py:188} INFO - Delivered message to data [0]
[2024-08-16T04:54:49.640+0000] {logging_mixin.py:188} INFO - Delivered message to data [0]
[2024-08-16T04:54:49.641+0000] {logging_mixin.py:188} INFO - Delivered message to data [0]
[2024-08-16T04:54:49.642+0000] {logging_mixin.py:188} INFO - Delivered message to data [0]
[2024-08-16T04:54:49.643+0000] {logging_mixin.py:188} INFO - Delivered message to data [0]
[2024-08-16T04:54:49.644+0000] {logging_mixin.py:188} INFO - Delivered message to data [0]
[2024-08-16T04:54:49.645+0000] {logging_mixin.py:188} INFO - Delivered message to data [0]
[2024-08-16T04:54:49.647+0000] {logging_mixin.py:188} INFO - Delivered message to data [0]
[2024-08-16T04:54:49.648+0000] {logging_mixin.py:188} INFO - Delivered message to data [0]
[2024-08-16T04:54:49.649+0000] {logging_mixin.py:188} INFO - Delivered message to data [0]
[2024-08-16T04:54:49.650+0000] {logging_mixin.py:188} INFO - Delivered message to data [0]
[2024-08-16T04:54:49.651+0000] {logging_mixin.py:188} INFO - Delivered message to data [0]
[2024-08-16T04:54:49.652+0000] {logging_mixin.py:188} INFO - Delivered message to data [0]
[2024-08-16T04:54:49.653+0000] {logging_mixin.py:188} INFO - Delivered message to data [0]
[2024-08-16T04:54:49.653+0000] {logging_mixin.py:188} INFO - Delivered message to data [0]
[2024-08-16T04:54:49.654+0000] {logging_mixin.py:188} INFO - Delivered message to data [0]
[2024-08-16T04:54:49.656+0000] {logging_mixin.py:188} INFO - Delivered message to data [0]
[2024-08-16T04:54:49.674+0000] {logging_mixin.py:188} INFO - Delivered message to data [0]
[2024-08-16T04:54:49.676+0000] {logging_mixin.py:188} INFO - Delivered message to data [0]
[2024-08-16T04:54:49.678+0000] {logging_mixin.py:188} INFO - Delivered message to data [0]
[2024-08-16T04:54:49.681+0000] {logging_mixin.py:188} INFO - Delivered message to data [0]
[2024-08-16T04:54:49.682+0000] {logging_mixin.py:188} INFO - Delivered message to data [0]
[2024-08-16T04:54:49.683+0000] {logging_mixin.py:188} INFO - Delivered message to data [0]
[2024-08-16T04:54:49.684+0000] {logging_mixin.py:188} INFO - Delivered message to data [0]
[2024-08-16T04:54:49.685+0000] {logging_mixin.py:188} INFO - Delivered message to data [0]
[2024-08-16T04:54:49.687+0000] {logging_mixin.py:188} INFO - Delivered message to data [0]
[2024-08-16T04:54:49.688+0000] {logging_mixin.py:188} INFO - Delivered message to data [0]
[2024-08-16T04:54:49.689+0000] {logging_mixin.py:188} INFO - Delivered message to data [0]
[2024-08-16T04:54:49.690+0000] {logging_mixin.py:188} INFO - Delivered message to data [0]
[2024-08-16T04:54:49.691+0000] {logging_mixin.py:188} INFO - Delivered message to data [0]
[2024-08-16T04:54:49.692+0000] {logging_mixin.py:188} INFO - Delivered message to data [0]
[2024-08-16T04:54:49.692+0000] {logging_mixin.py:188} INFO - Delivered message to data [0]
[2024-08-16T04:54:49.693+0000] {logging_mixin.py:188} INFO - Delivered message to data [0]
[2024-08-16T04:54:49.693+0000] {logging_mixin.py:188} INFO - Delivered message to data [0]
[2024-08-16T04:54:49.694+0000] {logging_mixin.py:188} INFO - Delivered message to data [0]
[2024-08-16T04:54:49.694+0000] {logging_mixin.py:188} INFO - Delivered message to data [0]
[2024-08-16T04:54:49.695+0000] {logging_mixin.py:188} INFO - Delivered message to data [0]
[2024-08-16T04:54:49.697+0000] {logging_mixin.py:188} INFO - Delivered message to data [0]
[2024-08-16T04:54:49.700+0000] {logging_mixin.py:188} INFO - Delivered message to data [0]
[2024-08-16T04:54:49.701+0000] {logging_mixin.py:188} INFO - Delivered message to data [0]
[2024-08-16T04:54:49.702+0000] {logging_mixin.py:188} INFO - Delivered message to data [0]
[2024-08-16T04:54:49.702+0000] {logging_mixin.py:188} INFO - Delivered message to data [0]
[2024-08-16T04:54:49.703+0000] {logging_mixin.py:188} INFO - Delivered message to data [0]
[2024-08-16T04:54:49.704+0000] {logging_mixin.py:188} INFO - Delivered message to data [0]
[2024-08-16T04:54:49.704+0000] {logging_mixin.py:188} INFO - Delivered message to data [0]
[2024-08-16T04:54:49.705+0000] {logging_mixin.py:188} INFO - Delivered message to data [0]
[2024-08-16T04:54:49.706+0000] {logging_mixin.py:188} INFO - Delivered message to data [0]
[2024-08-16T04:54:49.707+0000] {logging_mixin.py:188} INFO - Delivered message to data [0]
[2024-08-16T04:54:49.708+0000] {logging_mixin.py:188} INFO - Delivered message to data [0]
[2024-08-16T04:54:49.708+0000] {logging_mixin.py:188} INFO - Delivered message to data [0]
[2024-08-16T04:54:49.709+0000] {logging_mixin.py:188} INFO - Delivered message to data [0]
[2024-08-16T04:54:49.710+0000] {logging_mixin.py:188} INFO - Delivered message to data [0]
[2024-08-16T04:54:49.711+0000] {logging_mixin.py:188} INFO - Delivered message to data [0]
[2024-08-16T04:54:49.712+0000] {logging_mixin.py:188} INFO - Delivered message to data [0]
[2024-08-16T04:54:49.713+0000] {logging_mixin.py:188} INFO - Delivered message to data [0]
[2024-08-16T04:54:49.714+0000] {logging_mixin.py:188} INFO - Delivered message to data [0]
[2024-08-16T04:54:49.715+0000] {logging_mixin.py:188} INFO - Delivered message to data [0]
[2024-08-16T04:54:49.716+0000] {logging_mixin.py:188} INFO - Delivered message to data [0]
[2024-08-16T04:54:49.717+0000] {logging_mixin.py:188} INFO - Delivered message to data [0]
[2024-08-16T04:54:49.718+0000] {logging_mixin.py:188} INFO - Delivered message to data [0]
[2024-08-16T04:54:49.718+0000] {logging_mixin.py:188} INFO - Delivered message to data [0]
[2024-08-16T04:54:49.719+0000] {logging_mixin.py:188} INFO - Delivered message to data [0]
[2024-08-16T04:54:49.720+0000] {logging_mixin.py:188} INFO - Delivered message to data [0]
[2024-08-16T04:54:49.721+0000] {logging_mixin.py:188} INFO - Delivered message to data [0]
[2024-08-16T04:54:49.721+0000] {logging_mixin.py:188} INFO - Delivered message to data [0]
[2024-08-16T04:54:49.723+0000] {logging_mixin.py:188} INFO - Delivered message to data [0]
[2024-08-16T04:54:49.724+0000] {logging_mixin.py:188} INFO - Delivered message to data [0]
[2024-08-16T04:54:49.724+0000] {logging_mixin.py:188} INFO - Delivered message to data [0]
[2024-08-16T04:54:49.725+0000] {logging_mixin.py:188} INFO - Delivered message to data [0]
[2024-08-16T04:54:49.725+0000] {logging_mixin.py:188} INFO - Delivered message to data [0]
[2024-08-16T04:54:49.726+0000] {logging_mixin.py:188} INFO - Delivered message to data [0]
[2024-08-16T04:54:49.727+0000] {logging_mixin.py:188} INFO - Delivered message to data [0]
[2024-08-16T04:54:49.728+0000] {logging_mixin.py:188} INFO - Delivered message to data [0]
[2024-08-16T04:54:49.728+0000] {logging_mixin.py:188} INFO - Delivered message to data [0]
[2024-08-16T04:54:49.729+0000] {logging_mixin.py:188} INFO - Delivered message to data [0]
[2024-08-16T04:54:49.730+0000] {logging_mixin.py:188} INFO - Delivered message to data [0]
[2024-08-16T04:54:49.731+0000] {logging_mixin.py:188} INFO - Delivered message to data [0]
[2024-08-16T04:54:49.732+0000] {logging_mixin.py:188} INFO - Delivered message to data [0]
[2024-08-16T04:54:49.733+0000] {logging_mixin.py:188} INFO - Delivered message to data [0]
[2024-08-16T04:54:49.733+0000] {logging_mixin.py:188} INFO - Delivered message to data [0]
[2024-08-16T04:54:49.734+0000] {logging_mixin.py:188} INFO - Delivered message to data [0]
[2024-08-16T04:54:49.735+0000] {logging_mixin.py:188} INFO - Delivered message to data [0]
[2024-08-16T04:54:49.735+0000] {logging_mixin.py:188} INFO - Delivered message to data [0]
[2024-08-16T04:54:49.736+0000] {logging_mixin.py:188} INFO - Delivered message to data [0]
[2024-08-16T04:54:49.736+0000] {logging_mixin.py:188} INFO - Delivered message to data [0]
[2024-08-16T04:54:49.737+0000] {logging_mixin.py:188} INFO - Delivered message to data [0]
[2024-08-16T04:54:49.737+0000] {logging_mixin.py:188} INFO - Delivered message to data [0]
[2024-08-16T04:54:49.738+0000] {logging_mixin.py:188} INFO - Delivered message to data [0]
[2024-08-16T04:54:49.738+0000] {logging_mixin.py:188} INFO - Delivered message to data [0]
[2024-08-16T04:54:49.739+0000] {logging_mixin.py:188} INFO - Delivered message to data [0]
[2024-08-16T04:54:49.740+0000] {logging_mixin.py:188} INFO - Delivered message to data [0]
[2024-08-16T04:54:49.740+0000] {logging_mixin.py:188} INFO - Delivered message to data [0]
[2024-08-16T04:54:49.741+0000] {logging_mixin.py:188} INFO - Delivered message to data [0]
[2024-08-16T04:54:49.742+0000] {logging_mixin.py:188} INFO - Delivered message to data [0]
[2024-08-16T04:54:49.743+0000] {logging_mixin.py:188} INFO - Delivered message to data [0]
[2024-08-16T04:54:49.744+0000] {logging_mixin.py:188} INFO - Delivered message to data [0]
[2024-08-16T04:54:49.745+0000] {logging_mixin.py:188} INFO - Delivered message to data [0]
[2024-08-16T04:54:49.746+0000] {logging_mixin.py:188} INFO - Delivered message to data [0]
[2024-08-16T04:54:49.748+0000] {logging_mixin.py:188} INFO - Delivered message to data [0]
[2024-08-16T04:54:49.749+0000] {logging_mixin.py:188} INFO - Delivered message to data [0]
[2024-08-16T04:54:49.750+0000] {logging_mixin.py:188} INFO - Delivered message to data [0]
[2024-08-16T04:54:49.751+0000] {logging_mixin.py:188} INFO - Delivered message to data [0]
[2024-08-16T04:54:49.752+0000] {logging_mixin.py:188} INFO - Delivered message to data [0]
[2024-08-16T04:54:49.752+0000] {logging_mixin.py:188} INFO - Delivered message to data [0]
[2024-08-16T04:54:49.753+0000] {logging_mixin.py:188} INFO - Delivered message to data [0]
[2024-08-16T04:54:49.754+0000] {logging_mixin.py:188} INFO - Delivered message to data [0]
[2024-08-16T04:54:49.755+0000] {logging_mixin.py:188} INFO - Delivered message to data [0]
[2024-08-16T04:54:49.756+0000] {logging_mixin.py:188} INFO - Delivered message to data [0]
[2024-08-16T04:54:49.757+0000] {logging_mixin.py:188} INFO - Delivered message to data [0]
[2024-08-16T04:54:49.757+0000] {logging_mixin.py:188} INFO - Delivered message to data [0]
[2024-08-16T04:54:49.758+0000] {logging_mixin.py:188} INFO - Delivered message to data [0]
[2024-08-16T04:54:49.758+0000] {logging_mixin.py:188} INFO - Delivered message to data [0]
[2024-08-16T04:54:49.760+0000] {python.py:237} INFO - Done. Returned value was: None
[2024-08-16T04:54:49.760+0000] {taskinstance.py:441} INFO - ::group::Post task execution logs
[2024-08-16T04:54:49.784+0000] {taskinstance.py:1206} INFO - Marking task as SUCCESS. dag_id=streaming_data, task_id=send_data, run_id=manual__2024-08-16T04:54:32.107731+00:00, execution_date=20240816T045432, start_date=20240816T045446, end_date=20240816T045449
[2024-08-16T04:54:49.831+0000] {local_task_job_runner.py:243} INFO - Task exited with return code 0
[2024-08-16T04:54:49.884+0000] {taskinstance.py:3503} INFO - 0 downstream tasks scheduled from follow-on schedule check
[2024-08-16T04:54:49.889+0000] {local_task_job_runner.py:222} INFO - ::endgroup::
