[2024-08-10T14:06:49.476+0000] {local_task_job_runner.py:120} INFO - ::group::Pre task execution logs
[2024-08-10T14:06:49.521+0000] {taskinstance.py:2076} INFO - Dependencies all met for dep_context=non-requeueable deps ti=<TaskInstance: streaming_data.get_data manual__2024-08-10T14:06:47.738590+00:00 [queued]>
[2024-08-10T14:06:49.533+0000] {taskinstance.py:2076} INFO - Dependencies all met for dep_context=requeueable deps ti=<TaskInstance: streaming_data.get_data manual__2024-08-10T14:06:47.738590+00:00 [queued]>
[2024-08-10T14:06:49.549+0000] {taskinstance.py:2306} INFO - Starting attempt 1 of 2
[2024-08-10T14:06:49.569+0000] {taskinstance.py:2330} INFO - Executing <Task(PythonOperator): get_data> on 2024-08-10 14:06:47.738590+00:00
[2024-08-10T14:06:49.578+0000] {logging_mixin.py:188} WARNING - /home/***/.local/lib/python3.12/site-packages/***/task/task_runner/standard_task_runner.py:62 DeprecationWarning: This process (pid=856) is multi-threaded, use of fork() may lead to deadlocks in the child.
[2024-08-10T14:06:49.579+0000] {standard_task_runner.py:64} INFO - Started process 858 to run task
[2024-08-10T14:06:49.578+0000] {standard_task_runner.py:90} INFO - Running: ['***', 'tasks', 'run', 'streaming_data', 'get_data', 'manual__2024-08-10T14:06:47.738590+00:00', '--job-id', '180', '--raw', '--subdir', 'DAGS_FOLDER/stream.py', '--cfg-path', '/tmp/tmpz7gndv94']
[2024-08-10T14:06:49.581+0000] {standard_task_runner.py:91} INFO - Job 180: Subtask get_data
[2024-08-10T14:06:49.603+0000] {logging_mixin.py:188} WARNING - /home/***/.local/lib/python3.12/site-packages/***/settings.py:195 DeprecationWarning: The sql_alchemy_conn option in [core] has been moved to the sql_alchemy_conn option in [database] - the old setting has been used, but please update your config.
[2024-08-10T14:06:49.651+0000] {task_command.py:426} INFO - Running <TaskInstance: streaming_data.get_data manual__2024-08-10T14:06:47.738590+00:00 [running]> on host 562e157be0a0
[2024-08-10T14:06:49.807+0000] {taskinstance.py:2648} INFO - Exporting env vars: AIRFLOW_CTX_DAG_OWNER='***' AIRFLOW_CTX_DAG_ID='streaming_data' AIRFLOW_CTX_TASK_ID='get_data' AIRFLOW_CTX_EXECUTION_DATE='2024-08-10T14:06:47.738590+00:00' AIRFLOW_CTX_TRY_NUMBER='1' AIRFLOW_CTX_DAG_RUN_ID='manual__2024-08-10T14:06:47.738590+00:00'
[2024-08-10T14:06:49.809+0000] {taskinstance.py:430} INFO - ::endgroup::
[2024-08-10T14:06:50.432+0000] {logging_mixin.py:188} WARNING - [*********************100%%**********************]  1 of 1 completed
[2024-08-10T14:06:50.445+0000] {logging_mixin.py:188} WARNING - [*********************100%%**********************]  1 of 1 completed
[2024-08-10T14:06:50.458+0000] {logging_mixin.py:188} WARNING - [*********************100%%**********************]  1 of 1 completed
[2024-08-10T14:06:50.482+0000] {logging_mixin.py:188} WARNING - [*********************100%%**********************]  1 of 1 completed
[2024-08-10T14:06:50.508+0000] {logging_mixin.py:188} WARNING - [*********************100%%**********************]  1 of 1 completed
[2024-08-10T14:06:50.524+0000] {logging_mixin.py:188} WARNING - [*********************100%%**********************]  1 of 1 completed
[2024-08-10T14:06:50.538+0000] {logging_mixin.py:188} WARNING - [*********************100%%**********************]  1 of 1 completed
[2024-08-10T14:06:50.552+0000] {logging_mixin.py:188} WARNING - [*********************100%%**********************]  1 of 1 completed
[2024-08-10T14:06:50.566+0000] {logging_mixin.py:188} WARNING - [*********************100%%**********************]  1 of 1 completed
[2024-08-10T14:06:50.589+0000] {logging_mixin.py:188} WARNING - [*********************100%%**********************]  1 of 1 completed
[2024-08-10T14:06:50.679+0000] {python.py:237} INFO - Done. Returned value was: [                  Open        High  ...   Adj Close     Volume
Date                                ...                       
2024-08-05  199.089996  213.500000  ...  209.270004  119548600
2024-08-06  205.300003  209.990005  ...  207.229996   69660500
2024-08-07  206.899994  213.639999  ...  209.820007   63516400
2024-08-08  213.110001  214.199997  ...  213.309998   47161100

[4 rows x 6 columns],                   Open        High  ...   Adj Close     Volume
Date                                ...                       
2024-08-05  199.089996  213.500000  ...  209.270004  119548600
2024-08-06  205.300003  209.990005  ...  207.229996   69660500
2024-08-07  206.899994  213.639999  ...  209.820007   63516400
2024-08-08  213.110001  214.199997  ...  213.309998   47161100

[4 rows x 6 columns],                   Open        High  ...   Adj Close     Volume
Date                                ...                       
2024-08-05  199.089996  213.500000  ...  209.270004  119548600
2024-08-06  205.300003  209.990005  ...  207.229996   69660500
2024-08-07  206.899994  213.639999  ...  209.820007   63516400
2024-08-08  213.110001  214.199997  ...  213.309998   47161100

[4 rows x 6 columns],                   Open        High  ...   Adj Close     Volume
Date                                ...                       
2024-08-05  199.089996  213.500000  ...  209.270004  119548600
2024-08-06  205.300003  209.990005  ...  207.229996   69660500
2024-08-07  206.899994  213.639999  ...  209.820007   63516400
2024-08-08  213.110001  214.199997  ...  213.309998   47161100

[4 rows x 6 columns],                   Open        High  ...   Adj Close     Volume
Date                                ...                       
2024-08-05  199.089996  213.500000  ...  209.270004  119548600
2024-08-06  205.300003  209.990005  ...  207.229996   69660500
2024-08-07  206.899994  213.639999  ...  209.820007   63516400
2024-08-08  213.110001  214.199997  ...  213.309998   47161100

[4 rows x 6 columns],                   Open        High  ...   Adj Close     Volume
Date                                ...                       
2024-08-05  199.089996  213.500000  ...  209.270004  119548600
2024-08-06  205.300003  209.990005  ...  207.229996   69660500
2024-08-07  206.899994  213.639999  ...  209.820007   63516400
2024-08-08  213.110001  214.199997  ...  213.309998   47161100

[4 rows x 6 columns],                   Open        High  ...   Adj Close     Volume
Date                                ...                       
2024-08-05  199.089996  213.500000  ...  209.270004  119548600
2024-08-06  205.300003  209.990005  ...  207.229996   69660500
2024-08-07  206.899994  213.639999  ...  209.820007   63516400
2024-08-08  213.110001  214.199997  ...  213.309998   47161100

[4 rows x 6 columns],                   Open        High  ...   Adj Close     Volume
Date                                ...                       
2024-08-05  199.089996  213.500000  ...  209.270004  119548600
2024-08-06  205.300003  209.990005  ...  207.229996   69660500
2024-08-07  206.899994  213.639999  ...  209.820007   63516400
2024-08-08  213.110001  214.199997  ...  213.309998   47161100

[4 rows x 6 columns],                   Open        High  ...   Adj Close     Volume
Date                                ...                       
2024-08-05  199.089996  213.500000  ...  209.270004  119548600
2024-08-06  205.300003  209.990005  ...  207.229996   69660500
2024-08-07  206.899994  213.639999  ...  209.820007   63516400
2024-08-08  213.110001  214.199997  ...  213.309998   47161100

[4 rows x 6 columns],                   Open        High  ...   Adj Close     Volume
Date                                ...                       
2024-08-05  199.089996  213.500000  ...  209.270004  119548600
2024-08-06  205.300003  209.990005  ...  207.229996   69660500
2024-08-07  206.899994  213.639999  ...  209.820007   63516400
2024-08-08  213.110001  214.199997  ...  213.309998   47161100

[4 rows x 6 columns]]
[2024-08-10T14:06:50.801+0000] {taskinstance.py:441} INFO - ::group::Post task execution logs
[2024-08-10T14:06:50.862+0000] {taskinstance.py:1206} INFO - Marking task as SUCCESS. dag_id=streaming_data, task_id=get_data, run_id=manual__2024-08-10T14:06:47.738590+00:00, execution_date=20240810T140647, start_date=20240810T140649, end_date=20240810T140650
[2024-08-10T14:06:50.919+0000] {local_task_job_runner.py:243} INFO - Task exited with return code 0
[2024-08-10T14:06:50.953+0000] {taskinstance.py:3503} INFO - 1 downstream tasks scheduled from follow-on schedule check
[2024-08-10T14:06:50.957+0000] {local_task_job_runner.py:222} INFO - ::endgroup::
