[2024-07-26T10:48:51.681+0000] {local_task_job_runner.py:120} INFO - ::group::Pre task execution logs
[2024-07-26T10:48:51.775+0000] {taskinstance.py:2076} INFO - Dependencies all met for dep_context=non-requeueable deps ti=<TaskInstance: finnhub_kafka.stream_data_from_api manual__2024-07-26T10:48:49.819540+00:00 [queued]>
[2024-07-26T10:48:51.790+0000] {taskinstance.py:2076} INFO - Dependencies all met for dep_context=requeueable deps ti=<TaskInstance: finnhub_kafka.stream_data_from_api manual__2024-07-26T10:48:49.819540+00:00 [queued]>
[2024-07-26T10:48:51.791+0000] {taskinstance.py:2306} INFO - Starting attempt 1 of 1
[2024-07-26T10:48:51.823+0000] {taskinstance.py:2330} INFO - Executing <Task(PythonOperator): stream_data_from_api> on 2024-07-26 10:48:49.819540+00:00
[2024-07-26T10:48:51.837+0000] {logging_mixin.py:188} WARNING - /home/***/.local/lib/python3.12/site-packages/***/task/task_runner/standard_task_runner.py:62 DeprecationWarning: This process (pid=252) is multi-threaded, use of fork() may lead to deadlocks in the child.
[2024-07-26T10:48:51.839+0000] {standard_task_runner.py:64} INFO - Started process 255 to run task
[2024-07-26T10:48:51.838+0000] {standard_task_runner.py:90} INFO - Running: ['***', 'tasks', 'run', 'finnhub_kafka', 'stream_data_from_api', 'manual__2024-07-26T10:48:49.819540+00:00', '--job-id', '35', '--raw', '--subdir', 'DAGS_FOLDER/topic.py', '--cfg-path', '/tmp/tmp_yyeryzn']
[2024-07-26T10:48:51.843+0000] {standard_task_runner.py:91} INFO - Job 35: Subtask stream_data_from_api
[2024-07-26T10:48:51.888+0000] {logging_mixin.py:188} WARNING - /home/***/.local/lib/python3.12/site-packages/***/settings.py:195 DeprecationWarning: The sql_alchemy_conn option in [core] has been moved to the sql_alchemy_conn option in [database] - the old setting has been used, but please update your config.
[2024-07-26T10:48:52.168+0000] {task_command.py:426} INFO - Running <TaskInstance: finnhub_kafka.stream_data_from_api manual__2024-07-26T10:48:49.819540+00:00 [running]> on host 58d89cf8ae8c
[2024-07-26T10:48:52.512+0000] {taskinstance.py:2648} INFO - Exporting env vars: AIRFLOW_CTX_DAG_OWNER='***' AIRFLOW_CTX_DAG_ID='finnhub_kafka' AIRFLOW_CTX_TASK_ID='stream_data_from_api' AIRFLOW_CTX_EXECUTION_DATE='2024-07-26T10:48:49.819540+00:00' AIRFLOW_CTX_TRY_NUMBER='1' AIRFLOW_CTX_DAG_RUN_ID='manual__2024-07-26T10:48:49.819540+00:00'
[2024-07-26T10:48:52.515+0000] {taskinstance.py:430} INFO - ::endgroup::
[2024-07-26T10:48:53.674+0000] {logging_mixin.py:188} INFO - {'symbol': 'AAPL', 'data': {'c': 217.49, 'd': -1.05, 'dp': -0.4805, 'h': 220.85, 'l': 214.62, 'o': 218.87, 'pc': 218.54, 't': 1721937602}, 'timestamp': '2024-07-26T10:48:53.674687'}
[2024-07-26T10:48:54.685+0000] {logging_mixin.py:188} INFO - Message được gửi tới topic_finnhub [Partition: 0]
[2024-07-26T10:48:54.687+0000] {python.py:237} INFO - Done. Returned value was: None
[2024-07-26T10:48:54.688+0000] {taskinstance.py:441} INFO - ::group::Post task execution logs
[2024-07-26T10:48:54.707+0000] {taskinstance.py:1206} INFO - Marking task as SUCCESS. dag_id=finnhub_kafka, task_id=stream_data_from_api, run_id=manual__2024-07-26T10:48:49.819540+00:00, execution_date=20240726T104849, start_date=20240726T104851, end_date=20240726T104854
[2024-07-26T10:48:54.745+0000] {local_task_job_runner.py:243} INFO - Task exited with return code 0
[2024-07-26T10:48:54.775+0000] {taskinstance.py:3503} INFO - 0 downstream tasks scheduled from follow-on schedule check
[2024-07-26T10:48:54.779+0000] {local_task_job_runner.py:222} INFO - ::endgroup::
