[2024-08-10T14:15:42.945+0000] {local_task_job_runner.py:120} INFO - ::group::Pre task execution logs
[2024-08-10T14:15:42.987+0000] {taskinstance.py:2076} INFO - Dependencies all met for dep_context=non-requeueable deps ti=<TaskInstance: streaming_data.send_data manual__2024-08-10T14:15:33.928109+00:00 [queued]>
[2024-08-10T14:15:42.997+0000] {taskinstance.py:2076} INFO - Dependencies all met for dep_context=requeueable deps ti=<TaskInstance: streaming_data.send_data manual__2024-08-10T14:15:33.928109+00:00 [queued]>
[2024-08-10T14:15:42.999+0000] {taskinstance.py:2306} INFO - Starting attempt 1 of 2
[2024-08-10T14:15:43.017+0000] {taskinstance.py:2330} INFO - Executing <Task(PythonOperator): send_data> on 2024-08-10 14:15:33.928109+00:00
[2024-08-10T14:15:43.025+0000] {logging_mixin.py:188} WARNING - /home/***/.local/lib/python3.12/site-packages/***/task/task_runner/standard_task_runner.py:62 DeprecationWarning: This process (pid=1251) is multi-threaded, use of fork() may lead to deadlocks in the child.
[2024-08-10T14:15:43.026+0000] {standard_task_runner.py:64} INFO - Started process 1253 to run task
[2024-08-10T14:15:43.025+0000] {standard_task_runner.py:90} INFO - Running: ['***', 'tasks', 'run', 'streaming_data', 'send_data', 'manual__2024-08-10T14:15:33.928109+00:00', '--job-id', '194', '--raw', '--subdir', 'DAGS_FOLDER/stream.py', '--cfg-path', '/tmp/tmpexju7xe8']
[2024-08-10T14:15:43.028+0000] {standard_task_runner.py:91} INFO - Job 194: Subtask send_data
[2024-08-10T14:15:43.050+0000] {logging_mixin.py:188} WARNING - /home/***/.local/lib/python3.12/site-packages/***/settings.py:195 DeprecationWarning: The sql_alchemy_conn option in [core] has been moved to the sql_alchemy_conn option in [database] - the old setting has been used, but please update your config.
[2024-08-10T14:15:43.095+0000] {task_command.py:426} INFO - Running <TaskInstance: streaming_data.send_data manual__2024-08-10T14:15:33.928109+00:00 [running]> on host 562e157be0a0
[2024-08-10T14:15:43.247+0000] {taskinstance.py:2648} INFO - Exporting env vars: AIRFLOW_CTX_DAG_OWNER='***' AIRFLOW_CTX_DAG_ID='streaming_data' AIRFLOW_CTX_TASK_ID='send_data' AIRFLOW_CTX_EXECUTION_DATE='2024-08-10T14:15:33.928109+00:00' AIRFLOW_CTX_TRY_NUMBER='1' AIRFLOW_CTX_DAG_RUN_ID='manual__2024-08-10T14:15:33.928109+00:00'
[2024-08-10T14:15:43.249+0000] {taskinstance.py:430} INFO - ::endgroup::
[2024-08-10T14:15:44.277+0000] {logging_mixin.py:188} INFO - Delivered message to data [0]
[2024-08-10T14:15:44.278+0000] {logging_mixin.py:188} INFO - Delivered message to data [0]
[2024-08-10T14:15:44.278+0000] {logging_mixin.py:188} INFO - Delivered message to data [0]
[2024-08-10T14:15:44.279+0000] {logging_mixin.py:188} INFO - Delivered message to data [0]
[2024-08-10T14:15:44.280+0000] {logging_mixin.py:188} INFO - Delivered message to data [0]
[2024-08-10T14:15:44.280+0000] {logging_mixin.py:188} INFO - Delivered message to data [0]
[2024-08-10T14:15:44.281+0000] {logging_mixin.py:188} INFO - Delivered message to data [0]
[2024-08-10T14:15:44.283+0000] {logging_mixin.py:188} INFO - Delivered message to data [0]
[2024-08-10T14:15:44.285+0000] {logging_mixin.py:188} INFO - Delivered message to data [0]
[2024-08-10T14:15:44.286+0000] {logging_mixin.py:188} INFO - Delivered message to data [0]
[2024-08-10T14:15:44.287+0000] {logging_mixin.py:188} INFO - Delivered message to data [0]
[2024-08-10T14:15:44.287+0000] {logging_mixin.py:188} INFO - Delivered message to data [0]
[2024-08-10T14:15:44.288+0000] {logging_mixin.py:188} INFO - Delivered message to data [0]
[2024-08-10T14:15:44.289+0000] {logging_mixin.py:188} INFO - Delivered message to data [0]
[2024-08-10T14:15:44.290+0000] {logging_mixin.py:188} INFO - Delivered message to data [0]
[2024-08-10T14:15:44.290+0000] {logging_mixin.py:188} INFO - Delivered message to data [0]
[2024-08-10T14:15:44.291+0000] {logging_mixin.py:188} INFO - Delivered message to data [0]
[2024-08-10T14:15:44.292+0000] {logging_mixin.py:188} INFO - Delivered message to data [0]
[2024-08-10T14:15:44.292+0000] {logging_mixin.py:188} INFO - Delivered message to data [0]
[2024-08-10T14:15:44.293+0000] {logging_mixin.py:188} INFO - Delivered message to data [0]
[2024-08-10T14:15:44.294+0000] {logging_mixin.py:188} INFO - Delivered message to data [0]
[2024-08-10T14:15:44.294+0000] {logging_mixin.py:188} INFO - Delivered message to data [0]
[2024-08-10T14:15:44.295+0000] {logging_mixin.py:188} INFO - Delivered message to data [0]
[2024-08-10T14:15:44.295+0000] {logging_mixin.py:188} INFO - Delivered message to data [0]
[2024-08-10T14:15:44.296+0000] {logging_mixin.py:188} INFO - Delivered message to data [0]
[2024-08-10T14:15:44.297+0000] {logging_mixin.py:188} INFO - Delivered message to data [0]
[2024-08-10T14:15:44.298+0000] {logging_mixin.py:188} INFO - Delivered message to data [0]
[2024-08-10T14:15:44.299+0000] {logging_mixin.py:188} INFO - Delivered message to data [0]
[2024-08-10T14:15:44.300+0000] {logging_mixin.py:188} INFO - Delivered message to data [0]
[2024-08-10T14:15:44.301+0000] {logging_mixin.py:188} INFO - Delivered message to data [0]
[2024-08-10T14:15:44.302+0000] {logging_mixin.py:188} INFO - Delivered message to data [0]
[2024-08-10T14:15:44.303+0000] {logging_mixin.py:188} INFO - Delivered message to data [0]
[2024-08-10T14:15:44.304+0000] {logging_mixin.py:188} INFO - Delivered message to data [0]
[2024-08-10T14:15:44.305+0000] {logging_mixin.py:188} INFO - Delivered message to data [0]
[2024-08-10T14:15:44.305+0000] {logging_mixin.py:188} INFO - Delivered message to data [0]
[2024-08-10T14:15:44.306+0000] {logging_mixin.py:188} INFO - Delivered message to data [0]
[2024-08-10T14:15:44.307+0000] {logging_mixin.py:188} INFO - Delivered message to data [0]
[2024-08-10T14:15:44.308+0000] {logging_mixin.py:188} INFO - Delivered message to data [0]
[2024-08-10T14:15:44.308+0000] {logging_mixin.py:188} INFO - Delivered message to data [0]
[2024-08-10T14:15:44.309+0000] {logging_mixin.py:188} INFO - Delivered message to data [0]
[2024-08-10T14:15:44.310+0000] {logging_mixin.py:188} INFO - Delivered message to data [0]
[2024-08-10T14:15:44.310+0000] {logging_mixin.py:188} INFO - Delivered message to data [0]
[2024-08-10T14:15:44.311+0000] {logging_mixin.py:188} INFO - Delivered message to data [0]
[2024-08-10T14:15:44.311+0000] {logging_mixin.py:188} INFO - Delivered message to data [0]
[2024-08-10T14:15:44.312+0000] {logging_mixin.py:188} INFO - Delivered message to data [0]
[2024-08-10T14:15:44.313+0000] {logging_mixin.py:188} INFO - Delivered message to data [0]
[2024-08-10T14:15:44.313+0000] {logging_mixin.py:188} INFO - Delivered message to data [0]
[2024-08-10T14:15:44.314+0000] {logging_mixin.py:188} INFO - Delivered message to data [0]
[2024-08-10T14:15:44.314+0000] {logging_mixin.py:188} INFO - Delivered message to data [0]
[2024-08-10T14:15:44.315+0000] {logging_mixin.py:188} INFO - Delivered message to data [0]
[2024-08-10T14:15:44.317+0000] {logging_mixin.py:188} INFO - Delivered message to data [0]
[2024-08-10T14:15:44.318+0000] {logging_mixin.py:188} INFO - Delivered message to data [0]
[2024-08-10T14:15:44.318+0000] {logging_mixin.py:188} INFO - Delivered message to data [0]
[2024-08-10T14:15:44.319+0000] {logging_mixin.py:188} INFO - Delivered message to data [0]
[2024-08-10T14:15:44.320+0000] {logging_mixin.py:188} INFO - Delivered message to data [0]
[2024-08-10T14:15:44.321+0000] {logging_mixin.py:188} INFO - Delivered message to data [0]
[2024-08-10T14:15:44.322+0000] {logging_mixin.py:188} INFO - Delivered message to data [0]
[2024-08-10T14:15:44.322+0000] {logging_mixin.py:188} INFO - Delivered message to data [0]
[2024-08-10T14:15:44.323+0000] {logging_mixin.py:188} INFO - Delivered message to data [0]
[2024-08-10T14:15:44.323+0000] {logging_mixin.py:188} INFO - Delivered message to data [0]
[2024-08-10T14:15:44.325+0000] {python.py:237} INFO - Done. Returned value was: None
[2024-08-10T14:15:44.325+0000] {taskinstance.py:441} INFO - ::group::Post task execution logs
[2024-08-10T14:15:44.345+0000] {taskinstance.py:1206} INFO - Marking task as SUCCESS. dag_id=streaming_data, task_id=send_data, run_id=manual__2024-08-10T14:15:33.928109+00:00, execution_date=20240810T141533, start_date=20240810T141542, end_date=20240810T141544
[2024-08-10T14:15:44.406+0000] {local_task_job_runner.py:243} INFO - Task exited with return code 0
[2024-08-10T14:15:44.434+0000] {taskinstance.py:3503} INFO - 0 downstream tasks scheduled from follow-on schedule check
[2024-08-10T14:15:44.438+0000] {local_task_job_runner.py:222} INFO - ::endgroup::
