[2024-08-10T14:12:16.925+0000] {local_task_job_runner.py:120} INFO - ::group::Pre task execution logs
[2024-08-10T14:12:16.987+0000] {taskinstance.py:2076} INFO - Dependencies all met for dep_context=non-requeueable deps ti=<TaskInstance: streaming_data_today.send_data manual__2024-08-10T14:12:06.364508+00:00 [queued]>
[2024-08-10T14:12:17.006+0000] {taskinstance.py:2076} INFO - Dependencies all met for dep_context=requeueable deps ti=<TaskInstance: streaming_data_today.send_data manual__2024-08-10T14:12:06.364508+00:00 [queued]>
[2024-08-10T14:12:17.025+0000] {taskinstance.py:2306} INFO - Starting attempt 1 of 2
[2024-08-10T14:12:17.060+0000] {taskinstance.py:2330} INFO - Executing <Task(PythonOperator): send_data> on 2024-08-10 14:12:06.364508+00:00
[2024-08-10T14:12:17.077+0000] {logging_mixin.py:188} WARNING - /home/***/.local/lib/python3.12/site-packages/***/task/task_runner/standard_task_runner.py:62 DeprecationWarning: This process (pid=1146) is multi-threaded, use of fork() may lead to deadlocks in the child.
[2024-08-10T14:12:17.075+0000] {standard_task_runner.py:90} INFO - Running: ['***', 'tasks', 'run', 'streaming_data_today', 'send_data', 'manual__2024-08-10T14:12:06.364508+00:00', '--job-id', '191', '--raw', '--subdir', 'DAGS_FOLDER/stream_today.py', '--cfg-path', '/tmp/tmpxvz551_7']
[2024-08-10T14:12:17.079+0000] {standard_task_runner.py:64} INFO - Started process 1150 to run task
[2024-08-10T14:12:17.080+0000] {standard_task_runner.py:91} INFO - Job 191: Subtask send_data
[2024-08-10T14:12:17.110+0000] {logging_mixin.py:188} WARNING - /home/***/.local/lib/python3.12/site-packages/***/settings.py:195 DeprecationWarning: The sql_alchemy_conn option in [core] has been moved to the sql_alchemy_conn option in [database] - the old setting has been used, but please update your config.
[2024-08-10T14:12:17.180+0000] {task_command.py:426} INFO - Running <TaskInstance: streaming_data_today.send_data manual__2024-08-10T14:12:06.364508+00:00 [running]> on host 562e157be0a0
[2024-08-10T14:12:17.365+0000] {taskinstance.py:2648} INFO - Exporting env vars: AIRFLOW_CTX_DAG_OWNER='***' AIRFLOW_CTX_DAG_ID='streaming_data_today' AIRFLOW_CTX_TASK_ID='send_data' AIRFLOW_CTX_EXECUTION_DATE='2024-08-10T14:12:06.364508+00:00' AIRFLOW_CTX_TRY_NUMBER='1' AIRFLOW_CTX_DAG_RUN_ID='manual__2024-08-10T14:12:06.364508+00:00'
[2024-08-10T14:12:17.367+0000] {taskinstance.py:430} INFO - ::endgroup::
[2024-08-10T14:12:18.401+0000] {logging_mixin.py:188} INFO - Delivered message to data [0]
[2024-08-10T14:12:18.402+0000] {logging_mixin.py:188} INFO - Delivered message to data [0]
[2024-08-10T14:12:18.402+0000] {logging_mixin.py:188} INFO - Delivered message to data [0]
[2024-08-10T14:12:18.403+0000] {logging_mixin.py:188} INFO - Delivered message to data [0]
[2024-08-10T14:12:18.403+0000] {logging_mixin.py:188} INFO - Delivered message to data [0]
[2024-08-10T14:12:18.404+0000] {logging_mixin.py:188} INFO - Delivered message to data [0]
[2024-08-10T14:12:18.404+0000] {logging_mixin.py:188} INFO - Delivered message to data [0]
[2024-08-10T14:12:18.405+0000] {logging_mixin.py:188} INFO - Delivered message to data [0]
[2024-08-10T14:12:18.405+0000] {logging_mixin.py:188} INFO - Delivered message to data [0]
[2024-08-10T14:12:18.407+0000] {python.py:237} INFO - Done. Returned value was: None
[2024-08-10T14:12:18.407+0000] {taskinstance.py:441} INFO - ::group::Post task execution logs
[2024-08-10T14:12:18.432+0000] {taskinstance.py:1206} INFO - Marking task as SUCCESS. dag_id=streaming_data_today, task_id=send_data, run_id=manual__2024-08-10T14:12:06.364508+00:00, execution_date=20240810T141206, start_date=20240810T141216, end_date=20240810T141218
[2024-08-10T14:12:18.509+0000] {local_task_job_runner.py:243} INFO - Task exited with return code 0
[2024-08-10T14:12:18.557+0000] {taskinstance.py:3503} INFO - 0 downstream tasks scheduled from follow-on schedule check
[2024-08-10T14:12:18.561+0000] {local_task_job_runner.py:222} INFO - ::endgroup::
