[2024-08-13T14:49:30.253+0000] {local_task_job_runner.py:120} INFO - ::group::Pre task execution logs
[2024-08-13T14:49:30.329+0000] {taskinstance.py:2076} INFO - Dependencies all met for dep_context=non-requeueable deps ti=<TaskInstance: streaming_data_today.get_data manual__2024-08-13T14:49:27.714538+00:00 [queued]>
[2024-08-13T14:49:30.351+0000] {taskinstance.py:2076} INFO - Dependencies all met for dep_context=requeueable deps ti=<TaskInstance: streaming_data_today.get_data manual__2024-08-13T14:49:27.714538+00:00 [queued]>
[2024-08-13T14:49:30.353+0000] {taskinstance.py:2306} INFO - Starting attempt 1 of 2
[2024-08-13T14:49:30.390+0000] {taskinstance.py:2330} INFO - Executing <Task(PythonOperator): get_data> on 2024-08-13 14:49:27.714538+00:00
[2024-08-13T14:49:30.404+0000] {logging_mixin.py:188} WARNING - /home/***/.local/lib/python3.12/site-packages/***/task/task_runner/standard_task_runner.py:62 DeprecationWarning: This process (pid=853) is multi-threaded, use of fork() may lead to deadlocks in the child.
[2024-08-13T14:49:30.404+0000] {standard_task_runner.py:90} INFO - Running: ['***', 'tasks', 'run', 'streaming_data_today', 'get_data', 'manual__2024-08-13T14:49:27.714538+00:00', '--job-id', '226', '--raw', '--subdir', 'DAGS_FOLDER/stream_today.py', '--cfg-path', '/tmp/tmptf3ousgz']
[2024-08-13T14:49:30.410+0000] {standard_task_runner.py:64} INFO - Started process 855 to run task
[2024-08-13T14:49:30.410+0000] {standard_task_runner.py:91} INFO - Job 226: Subtask get_data
[2024-08-13T14:49:30.458+0000] {logging_mixin.py:188} WARNING - /home/***/.local/lib/python3.12/site-packages/***/settings.py:195 DeprecationWarning: The sql_alchemy_conn option in [core] has been moved to the sql_alchemy_conn option in [database] - the old setting has been used, but please update your config.
[2024-08-13T14:49:30.556+0000] {task_command.py:426} INFO - Running <TaskInstance: streaming_data_today.get_data manual__2024-08-13T14:49:27.714538+00:00 [running]> on host 3b2272169cb8
[2024-08-13T14:49:30.852+0000] {taskinstance.py:2648} INFO - Exporting env vars: AIRFLOW_CTX_DAG_OWNER='***' AIRFLOW_CTX_DAG_ID='streaming_data_today' AIRFLOW_CTX_TASK_ID='get_data' AIRFLOW_CTX_EXECUTION_DATE='2024-08-13T14:49:27.714538+00:00' AIRFLOW_CTX_TRY_NUMBER='1' AIRFLOW_CTX_DAG_RUN_ID='manual__2024-08-13T14:49:27.714538+00:00'
[2024-08-13T14:49:30.855+0000] {taskinstance.py:430} INFO - ::endgroup::
[2024-08-13T14:49:31.710+0000] {logging_mixin.py:188} INFO - $AAPL: possibly delisted; No price data found  (1d 2024-08-13 -> 2024-08-13)
[2024-08-13T14:49:31.728+0000] {logging_mixin.py:188} WARNING - [*********************100%%**********************]  1 of 1 completed
[2024-08-13T14:49:31.729+0000] {multi.py:171} ERROR - 
1 Failed download:
[2024-08-13T14:49:31.731+0000] {multi.py:184} ERROR - ['AAPL']: YFPricesMissingError('$%ticker%: possibly delisted; No price data found  (1d 2024-08-13 -> 2024-08-13)')
[2024-08-13T14:49:31.876+0000] {logging_mixin.py:188} INFO - $AMD: possibly delisted; No price data found  (1d 2024-08-13 -> 2024-08-13)
[2024-08-13T14:49:31.876+0000] {logging_mixin.py:188} WARNING - [*********************100%%**********************]  1 of 1 completed
[2024-08-13T14:49:31.879+0000] {multi.py:171} ERROR - 
1 Failed download:
[2024-08-13T14:49:31.879+0000] {multi.py:184} ERROR - ['AMD']: YFPricesMissingError('$%ticker%: possibly delisted; No price data found  (1d 2024-08-13 -> 2024-08-13)')
[2024-08-13T14:49:32.021+0000] {logging_mixin.py:188} INFO - $AMZN: possibly delisted; No price data found  (1d 2024-08-13 -> 2024-08-13)
[2024-08-13T14:49:32.023+0000] {logging_mixin.py:188} WARNING - [*********************100%%**********************]  1 of 1 completed
[2024-08-13T14:49:32.024+0000] {multi.py:171} ERROR - 
1 Failed download:
[2024-08-13T14:49:32.025+0000] {multi.py:184} ERROR - ['AMZN']: YFPricesMissingError('$%ticker%: possibly delisted; No price data found  (1d 2024-08-13 -> 2024-08-13)')
[2024-08-13T14:49:32.195+0000] {logging_mixin.py:188} INFO - $QCOM: possibly delisted; No price data found  (1d 2024-08-13 -> 2024-08-13)
[2024-08-13T14:49:32.199+0000] {logging_mixin.py:188} WARNING - [*********************100%%**********************]  1 of 1 completed
[2024-08-13T14:49:32.200+0000] {multi.py:171} ERROR - 
1 Failed download:
[2024-08-13T14:49:32.201+0000] {multi.py:184} ERROR - ['QCOM']: YFPricesMissingError('$%ticker%: possibly delisted; No price data found  (1d 2024-08-13 -> 2024-08-13)')
[2024-08-13T14:49:32.354+0000] {logging_mixin.py:188} INFO - $TPE: possibly delisted; No price data found  (1d 2024-08-13 -> 2024-08-13)
[2024-08-13T14:49:32.354+0000] {logging_mixin.py:188} WARNING - [*********************100%%**********************]  1 of 1 completed
[2024-08-13T14:49:32.357+0000] {multi.py:171} ERROR - 
1 Failed download:
[2024-08-13T14:49:32.358+0000] {multi.py:184} ERROR - ['TPE']: YFPricesMissingError('$%ticker%: possibly delisted; No price data found  (1d 2024-08-13 -> 2024-08-13)')
[2024-08-13T14:49:32.511+0000] {logging_mixin.py:188} INFO - $GOOGL: possibly delisted; No price data found  (1d 2024-08-13 -> 2024-08-13)
[2024-08-13T14:49:32.511+0000] {logging_mixin.py:188} WARNING - [*********************100%%**********************]  1 of 1 completed
[2024-08-13T14:49:32.515+0000] {multi.py:171} ERROR - 
1 Failed download:
[2024-08-13T14:49:32.516+0000] {multi.py:184} ERROR - ['GOOGL']: YFPricesMissingError('$%ticker%: possibly delisted; No price data found  (1d 2024-08-13 -> 2024-08-13)')
[2024-08-13T14:49:32.715+0000] {logging_mixin.py:188} INFO - $INTC: possibly delisted; No price data found  (1d 2024-08-13 -> 2024-08-13)
[2024-08-13T14:49:32.720+0000] {logging_mixin.py:188} WARNING - [*********************100%%**********************]  1 of 1 completed
[2024-08-13T14:49:32.721+0000] {multi.py:171} ERROR - 
1 Failed download:
[2024-08-13T14:49:32.722+0000] {multi.py:184} ERROR - ['INTC']: YFPricesMissingError('$%ticker%: possibly delisted; No price data found  (1d 2024-08-13 -> 2024-08-13)')
[2024-08-13T14:49:32.871+0000] {logging_mixin.py:188} INFO - $META: possibly delisted; No price data found  (1d 2024-08-13 -> 2024-08-13)
[2024-08-13T14:49:32.875+0000] {logging_mixin.py:188} WARNING - [*********************100%%**********************]  1 of 1 completed
[2024-08-13T14:49:32.876+0000] {multi.py:171} ERROR - 
1 Failed download:
[2024-08-13T14:49:32.876+0000] {multi.py:184} ERROR - ['META']: YFPricesMissingError('$%ticker%: possibly delisted; No price data found  (1d 2024-08-13 -> 2024-08-13)')
[2024-08-13T14:49:33.032+0000] {logging_mixin.py:188} INFO - $NVDA: possibly delisted; No price data found  (1d 2024-08-13 -> 2024-08-13)
[2024-08-13T14:49:33.034+0000] {logging_mixin.py:188} WARNING - [*********************100%%**********************]  1 of 1 completed
[2024-08-13T14:49:33.042+0000] {multi.py:171} ERROR - 
1 Failed download:
[2024-08-13T14:49:33.043+0000] {multi.py:184} ERROR - ['NVDA']: YFPricesMissingError('$%ticker%: possibly delisted; No price data found  (1d 2024-08-13 -> 2024-08-13)')
[2024-08-13T14:49:33.192+0000] {logging_mixin.py:188} INFO - $NFLX: possibly delisted; No price data found  (1d 2024-08-13 -> 2024-08-13)
[2024-08-13T14:49:33.197+0000] {logging_mixin.py:188} WARNING - [*********************100%%**********************]  1 of 1 completed
[2024-08-13T14:49:33.198+0000] {multi.py:171} ERROR - 
1 Failed download:
[2024-08-13T14:49:33.199+0000] {multi.py:184} ERROR - ['NFLX']: YFPricesMissingError('$%ticker%: possibly delisted; No price data found  (1d 2024-08-13 -> 2024-08-13)')
[2024-08-13T14:49:33.361+0000] {python.py:237} INFO - Done. Returned value was: [Empty DataFrame
Columns: [Open, High, Low, Close, Adj Close, Volume]
Index: [], Empty DataFrame
Columns: [Open, High, Low, Close, Adj Close, Volume]
Index: [], Empty DataFrame
Columns: [Open, High, Low, Close, Adj Close, Volume]
Index: [], Empty DataFrame
Columns: [Open, High, Low, Close, Adj Close, Volume]
Index: [], Empty DataFrame
Columns: [Open, High, Low, Close, Adj Close, Volume]
Index: [], Empty DataFrame
Columns: [Open, High, Low, Close, Adj Close, Volume]
Index: [], Empty DataFrame
Columns: [Open, High, Low, Close, Adj Close, Volume]
Index: [], Empty DataFrame
Columns: [Open, High, Low, Close, Adj Close, Volume]
Index: [], Empty DataFrame
Columns: [Open, High, Low, Close, Adj Close, Volume]
Index: [], Empty DataFrame
Columns: [Open, High, Low, Close, Adj Close, Volume]
Index: []]
[2024-08-13T14:49:33.393+0000] {taskinstance.py:441} INFO - ::group::Post task execution logs
[2024-08-13T14:49:33.551+0000] {taskinstance.py:1206} INFO - Marking task as SUCCESS. dag_id=streaming_data_today, task_id=get_data, run_id=manual__2024-08-13T14:49:27.714538+00:00, execution_date=20240813T144927, start_date=20240813T144930, end_date=20240813T144933
[2024-08-13T14:49:33.643+0000] {local_task_job_runner.py:243} INFO - Task exited with return code 0
[2024-08-13T14:49:33.759+0000] {taskinstance.py:3503} INFO - 1 downstream tasks scheduled from follow-on schedule check
[2024-08-13T14:49:33.764+0000] {local_task_job_runner.py:222} INFO - ::endgroup::
