[2024-08-01T08:43:22.565+0000] {local_task_job_runner.py:120} INFO - ::group::Pre task execution logs
[2024-08-01T08:43:22.622+0000] {taskinstance.py:2076} INFO - Dependencies all met for dep_context=non-requeueable deps ti=<TaskInstance: finnhub_data_streaming.stream_data scheduled__2024-01-01T12:24:00+00:00 [queued]>
[2024-08-01T08:43:22.635+0000] {taskinstance.py:2076} INFO - Dependencies all met for dep_context=requeueable deps ti=<TaskInstance: finnhub_data_streaming.stream_data scheduled__2024-01-01T12:24:00+00:00 [queued]>
[2024-08-01T08:43:22.636+0000] {taskinstance.py:2306} INFO - Starting attempt 1 of 1
[2024-08-01T08:43:22.663+0000] {taskinstance.py:2330} INFO - Executing <Task(PythonOperator): stream_data> on 2024-01-01 12:24:00+00:00
[2024-08-01T08:43:22.673+0000] {logging_mixin.py:188} WARNING - /home/***/.local/lib/python3.12/site-packages/***/task/task_runner/standard_task_runner.py:62 DeprecationWarning: This process (pid=1413) is multi-threaded, use of fork() may lead to deadlocks in the child.
[2024-08-01T08:43:22.674+0000] {standard_task_runner.py:90} INFO - Running: ['***', 'tasks', 'run', 'finnhub_data_streaming', 'stream_data', 'scheduled__2024-01-01T12:24:00+00:00', '--job-id', '373', '--raw', '--subdir', 'DAGS_FOLDER/topic.py', '--cfg-path', '/tmp/tmpdapqj0_d']
[2024-08-01T08:43:22.677+0000] {standard_task_runner.py:64} INFO - Started process 1430 to run task
[2024-08-01T08:43:22.677+0000] {standard_task_runner.py:91} INFO - Job 373: Subtask stream_data
[2024-08-01T08:43:22.701+0000] {logging_mixin.py:188} WARNING - /home/***/.local/lib/python3.12/site-packages/***/settings.py:195 DeprecationWarning: The sql_alchemy_conn option in [core] has been moved to the sql_alchemy_conn option in [database] - the old setting has been used, but please update your config.
[2024-08-01T08:43:22.744+0000] {task_command.py:426} INFO - Running <TaskInstance: finnhub_data_streaming.stream_data scheduled__2024-01-01T12:24:00+00:00 [running]> on host 0baaf0b4c9a1
[2024-08-01T08:43:22.861+0000] {taskinstance.py:2648} INFO - Exporting env vars: AIRFLOW_CTX_DAG_OWNER='***' AIRFLOW_CTX_DAG_ID='finnhub_data_streaming' AIRFLOW_CTX_TASK_ID='stream_data' AIRFLOW_CTX_EXECUTION_DATE='2024-01-01T12:24:00+00:00' AIRFLOW_CTX_TRY_NUMBER='1' AIRFLOW_CTX_DAG_RUN_ID='scheduled__2024-01-01T12:24:00+00:00'
[2024-08-01T08:43:22.863+0000] {taskinstance.py:430} INFO - ::endgroup::
[2024-08-01T08:43:23.886+0000] {logging_mixin.py:188} INFO - Message được gửi tới topic_finnhub [Partition: 0]
[2024-08-01T08:43:23.887+0000] {python.py:237} INFO - Done. Returned value was: None
[2024-08-01T08:43:23.887+0000] {taskinstance.py:441} INFO - ::group::Post task execution logs
[2024-08-01T08:43:23.904+0000] {taskinstance.py:1206} INFO - Marking task as SUCCESS. dag_id=finnhub_data_streaming, task_id=stream_data, run_id=scheduled__2024-01-01T12:24:00+00:00, execution_date=20240101T122400, start_date=20240801T084322, end_date=20240801T084323
[2024-08-01T08:43:23.936+0000] {local_task_job_runner.py:243} INFO - Task exited with return code 0
[2024-08-01T08:43:23.956+0000] {taskinstance.py:3503} INFO - 0 downstream tasks scheduled from follow-on schedule check
[2024-08-01T08:43:23.959+0000] {local_task_job_runner.py:222} INFO - ::endgroup::
