[2024-08-09T07:49:07.438+0000] {local_task_job_runner.py:120} INFO - ::group::Pre task execution logs
[2024-08-09T07:49:07.475+0000] {taskinstance.py:2076} INFO - Dependencies all met for dep_context=non-requeueable deps ti=<TaskInstance: streaming.send_data manual__2024-08-09T07:48:57.577276+00:00 [queued]>
[2024-08-09T07:49:07.487+0000] {taskinstance.py:2076} INFO - Dependencies all met for dep_context=requeueable deps ti=<TaskInstance: streaming.send_data manual__2024-08-09T07:48:57.577276+00:00 [queued]>
[2024-08-09T07:49:07.488+0000] {taskinstance.py:2306} INFO - Starting attempt 1 of 2
[2024-08-09T07:49:07.503+0000] {taskinstance.py:2330} INFO - Executing <Task(PythonOperator): send_data> on 2024-08-09 07:48:57.577276+00:00
[2024-08-09T07:49:07.512+0000] {logging_mixin.py:188} WARNING - /home/***/.local/lib/python3.12/site-packages/***/task/task_runner/standard_task_runner.py:62 DeprecationWarning: This process (pid=1250) is multi-threaded, use of fork() may lead to deadlocks in the child.
[2024-08-09T07:49:07.514+0000] {standard_task_runner.py:64} INFO - Started process 1252 to run task
[2024-08-09T07:49:07.512+0000] {standard_task_runner.py:90} INFO - Running: ['***', 'tasks', 'run', 'streaming', 'send_data', 'manual__2024-08-09T07:48:57.577276+00:00', '--job-id', '135', '--raw', '--subdir', 'DAGS_FOLDER/topic.py', '--cfg-path', '/tmp/tmpgl5dr3k3']
[2024-08-09T07:49:07.515+0000] {standard_task_runner.py:91} INFO - Job 135: Subtask send_data
[2024-08-09T07:49:07.534+0000] {logging_mixin.py:188} WARNING - /home/***/.local/lib/python3.12/site-packages/***/settings.py:195 DeprecationWarning: The sql_alchemy_conn option in [core] has been moved to the sql_alchemy_conn option in [database] - the old setting has been used, but please update your config.
[2024-08-09T07:49:07.581+0000] {task_command.py:426} INFO - Running <TaskInstance: streaming.send_data manual__2024-08-09T07:48:57.577276+00:00 [running]> on host 110119ffa3a6
[2024-08-09T07:49:07.708+0000] {taskinstance.py:2648} INFO - Exporting env vars: AIRFLOW_CTX_DAG_OWNER='***' AIRFLOW_CTX_DAG_ID='streaming' AIRFLOW_CTX_TASK_ID='send_data' AIRFLOW_CTX_EXECUTION_DATE='2024-08-09T07:48:57.577276+00:00' AIRFLOW_CTX_TRY_NUMBER='1' AIRFLOW_CTX_DAG_RUN_ID='manual__2024-08-09T07:48:57.577276+00:00'
[2024-08-09T07:49:07.710+0000] {taskinstance.py:430} INFO - ::endgroup::
[2024-08-09T07:49:08.738+0000] {logging_mixin.py:188} INFO - Message được gửi tới topic_finnhub [Partition: 0]
[2024-08-09T07:49:08.738+0000] {logging_mixin.py:188} INFO - Message được gửi tới topic_finnhub [Partition: 0]
[2024-08-09T07:49:08.739+0000] {logging_mixin.py:188} INFO - Message được gửi tới topic_finnhub [Partition: 0]
[2024-08-09T07:49:08.740+0000] {logging_mixin.py:188} INFO - Message được gửi tới topic_finnhub [Partition: 0]
[2024-08-09T07:49:08.740+0000] {logging_mixin.py:188} INFO - Message được gửi tới topic_finnhub [Partition: 0]
[2024-08-09T07:49:08.741+0000] {logging_mixin.py:188} INFO - Message được gửi tới topic_finnhub [Partition: 0]
[2024-08-09T07:49:08.742+0000] {logging_mixin.py:188} INFO - Message được gửi tới topic_finnhub [Partition: 0]
[2024-08-09T07:49:08.742+0000] {logging_mixin.py:188} INFO - Message được gửi tới topic_finnhub [Partition: 0]
[2024-08-09T07:49:08.743+0000] {logging_mixin.py:188} INFO - Message được gửi tới topic_finnhub [Partition: 0]
[2024-08-09T07:49:08.744+0000] {python.py:237} INFO - Done. Returned value was: None
[2024-08-09T07:49:08.745+0000] {taskinstance.py:441} INFO - ::group::Post task execution logs
[2024-08-09T07:49:08.763+0000] {taskinstance.py:1206} INFO - Marking task as SUCCESS. dag_id=streaming, task_id=send_data, run_id=manual__2024-08-09T07:48:57.577276+00:00, execution_date=20240809T074857, start_date=20240809T074907, end_date=20240809T074908
[2024-08-09T07:49:08.814+0000] {local_task_job_runner.py:243} INFO - Task exited with return code 0
[2024-08-09T07:49:08.850+0000] {taskinstance.py:3503} INFO - 1 downstream tasks scheduled from follow-on schedule check
[2024-08-09T07:49:08.854+0000] {local_task_job_runner.py:222} INFO - ::endgroup::
