[2024-08-08T16:22:38.498+0000] {local_task_job_runner.py:120} INFO - ::group::Pre task execution logs
[2024-08-08T16:22:38.570+0000] {taskinstance.py:2076} INFO - Dependencies all met for dep_context=non-requeueable deps ti=<TaskInstance: finnhub_data_streaming.stream_data manual__2024-08-08T16:22:30.764805+00:00 [queued]>
[2024-08-08T16:22:38.587+0000] {taskinstance.py:2076} INFO - Dependencies all met for dep_context=requeueable deps ti=<TaskInstance: finnhub_data_streaming.stream_data manual__2024-08-08T16:22:30.764805+00:00 [queued]>
[2024-08-08T16:22:38.599+0000] {taskinstance.py:2306} INFO - Starting attempt 1 of 1
[2024-08-08T16:22:38.628+0000] {taskinstance.py:2330} INFO - Executing <Task(PythonOperator): stream_data> on 2024-08-08 16:22:30.764805+00:00
[2024-08-08T16:22:38.637+0000] {logging_mixin.py:188} WARNING - /home/***/.local/lib/python3.12/site-packages/***/task/task_runner/standard_task_runner.py:62 DeprecationWarning: This process (pid=888) is multi-threaded, use of fork() may lead to deadlocks in the child.
[2024-08-08T16:22:38.638+0000] {standard_task_runner.py:64} INFO - Started process 889 to run task
[2024-08-08T16:22:38.637+0000] {standard_task_runner.py:90} INFO - Running: ['***', 'tasks', 'run', 'finnhub_data_streaming', 'stream_data', 'manual__2024-08-08T16:22:30.764805+00:00', '--job-id', '85', '--raw', '--subdir', 'DAGS_FOLDER/topic.py', '--cfg-path', '/tmp/tmpv27o8uox']
[2024-08-08T16:22:38.640+0000] {standard_task_runner.py:91} INFO - Job 85: Subtask stream_data
[2024-08-08T16:22:38.673+0000] {logging_mixin.py:188} WARNING - /home/***/.local/lib/python3.12/site-packages/***/settings.py:195 DeprecationWarning: The sql_alchemy_conn option in [core] has been moved to the sql_alchemy_conn option in [database] - the old setting has been used, but please update your config.
[2024-08-08T16:22:38.736+0000] {task_command.py:426} INFO - Running <TaskInstance: finnhub_data_streaming.stream_data manual__2024-08-08T16:22:30.764805+00:00 [running]> on host 552be2a98828
[2024-08-08T16:22:38.939+0000] {taskinstance.py:2648} INFO - Exporting env vars: AIRFLOW_CTX_DAG_OWNER='***' AIRFLOW_CTX_DAG_ID='finnhub_data_streaming' AIRFLOW_CTX_TASK_ID='stream_data' AIRFLOW_CTX_EXECUTION_DATE='2024-08-08T16:22:30.764805+00:00' AIRFLOW_CTX_TRY_NUMBER='1' AIRFLOW_CTX_DAG_RUN_ID='manual__2024-08-08T16:22:30.764805+00:00'
[2024-08-08T16:22:38.947+0000] {taskinstance.py:430} INFO - ::endgroup::
[2024-08-08T16:22:39.982+0000] {logging_mixin.py:188} INFO - Message được gửi tới topic_finnhub [Partition: 0]
[2024-08-08T16:22:39.984+0000] {python.py:237} INFO - Done. Returned value was: None
[2024-08-08T16:22:39.985+0000] {taskinstance.py:441} INFO - ::group::Post task execution logs
[2024-08-08T16:22:40.010+0000] {taskinstance.py:1206} INFO - Marking task as SUCCESS. dag_id=finnhub_data_streaming, task_id=stream_data, run_id=manual__2024-08-08T16:22:30.764805+00:00, execution_date=20240808T162230, start_date=20240808T162238, end_date=20240808T162240
[2024-08-08T16:22:40.065+0000] {local_task_job_runner.py:243} INFO - Task exited with return code 0
[2024-08-08T16:22:40.140+0000] {taskinstance.py:3503} INFO - 0 downstream tasks scheduled from follow-on schedule check
[2024-08-08T16:22:40.148+0000] {local_task_job_runner.py:222} INFO - ::endgroup::
