[2024-08-07T16:35:08.257+0000] {local_task_job_runner.py:120} INFO - ::group::Pre task execution logs
[2024-08-07T16:35:08.416+0000] {taskinstance.py:2076} INFO - Dependencies all met for dep_context=non-requeueable deps ti=<TaskInstance: user_automation.stream_data_from_api manual__2024-08-07T16:35:05.402064+00:00 [queued]>
[2024-08-07T16:35:08.438+0000] {taskinstance.py:2076} INFO - Dependencies all met for dep_context=requeueable deps ti=<TaskInstance: user_automation.stream_data_from_api manual__2024-08-07T16:35:05.402064+00:00 [queued]>
[2024-08-07T16:35:08.439+0000] {taskinstance.py:2306} INFO - Starting attempt 1 of 1
[2024-08-07T16:35:08.502+0000] {taskinstance.py:2330} INFO - Executing <Task(PythonOperator): stream_data_from_api> on 2024-08-07 16:35:05.402064+00:00
[2024-08-07T16:35:08.526+0000] {logging_mixin.py:188} WARNING - /home/***/.local/lib/python3.12/site-packages/***/task/task_runner/standard_task_runner.py:62 DeprecationWarning: This process (pid=1167) is multi-threaded, use of fork() may lead to deadlocks in the child.
[2024-08-07T16:35:08.524+0000] {standard_task_runner.py:90} INFO - Running: ['***', 'tasks', 'run', 'user_automation', 'stream_data_from_api', 'manual__2024-08-07T16:35:05.402064+00:00', '--job-id', '19', '--raw', '--subdir', 'DAGS_FOLDER/kafka_stream.py', '--cfg-path', '/tmp/tmpq24pc7hi']
[2024-08-07T16:35:08.532+0000] {standard_task_runner.py:91} INFO - Job 19: Subtask stream_data_from_api
[2024-08-07T16:35:08.531+0000] {standard_task_runner.py:64} INFO - Started process 1168 to run task
[2024-08-07T16:35:08.627+0000] {logging_mixin.py:188} WARNING - /home/***/.local/lib/python3.12/site-packages/***/settings.py:195 DeprecationWarning: The sql_alchemy_conn option in [core] has been moved to the sql_alchemy_conn option in [database] - the old setting has been used, but please update your config.
[2024-08-07T16:35:08.777+0000] {task_command.py:426} INFO - Running <TaskInstance: user_automation.stream_data_from_api manual__2024-08-07T16:35:05.402064+00:00 [running]> on host 1c8fec21bc35
[2024-08-07T16:35:09.232+0000] {taskinstance.py:2648} INFO - Exporting env vars: AIRFLOW_CTX_DAG_OWNER='airscholar' AIRFLOW_CTX_DAG_ID='user_automation' AIRFLOW_CTX_TASK_ID='stream_data_from_api' AIRFLOW_CTX_EXECUTION_DATE='2024-08-07T16:35:05.402064+00:00' AIRFLOW_CTX_TRY_NUMBER='1' AIRFLOW_CTX_DAG_RUN_ID='manual__2024-08-07T16:35:05.402064+00:00'
[2024-08-07T16:35:09.235+0000] {taskinstance.py:430} INFO - ::endgroup::
[2024-08-07T16:35:11.310+0000] {kafka_stream.py:55} INFO - Message sent to users_created partition 0
[2024-08-07T16:35:12.395+0000] {kafka_stream.py:55} INFO - Message sent to users_created partition 0
[2024-08-07T16:35:13.448+0000] {kafka_stream.py:55} INFO - Message sent to users_created partition 0
[2024-08-07T16:35:13.982+0000] {kafka_stream.py:55} INFO - Message sent to users_created partition 0
[2024-08-07T16:35:14.489+0000] {kafka_stream.py:55} INFO - Message sent to users_created partition 0
[2024-08-07T16:35:15.043+0000] {kafka_stream.py:55} INFO - Message sent to users_created partition 0
[2024-08-07T16:35:15.601+0000] {kafka_stream.py:55} INFO - Message sent to users_created partition 0
[2024-08-07T16:35:17.297+0000] {kafka_stream.py:55} INFO - Message sent to users_created partition 0
[2024-08-07T16:35:17.909+0000] {kafka_stream.py:55} INFO - Message sent to users_created partition 0
[2024-08-07T16:35:18.462+0000] {kafka_stream.py:55} INFO - Message sent to users_created partition 0
[2024-08-07T16:35:19.058+0000] {kafka_stream.py:55} INFO - Message sent to users_created partition 0
[2024-08-07T16:35:19.643+0000] {kafka_stream.py:55} INFO - Message sent to users_created partition 0
[2024-08-07T16:35:20.209+0000] {kafka_stream.py:55} INFO - Message sent to users_created partition 0
[2024-08-07T16:35:20.981+0000] {kafka_stream.py:55} INFO - Message sent to users_created partition 0
[2024-08-07T16:35:21.550+0000] {kafka_stream.py:55} INFO - Message sent to users_created partition 0
[2024-08-07T16:35:22.754+0000] {kafka_stream.py:55} INFO - Message sent to users_created partition 0
[2024-08-07T16:35:23.415+0000] {kafka_stream.py:55} INFO - Message sent to users_created partition 0
[2024-08-07T16:35:23.905+0000] {kafka_stream.py:55} INFO - Message sent to users_created partition 0
[2024-08-07T16:35:24.500+0000] {kafka_stream.py:55} INFO - Message sent to users_created partition 0
[2024-08-07T16:35:25.562+0000] {kafka_stream.py:55} INFO - Message sent to users_created partition 0
[2024-08-07T16:35:26.066+0000] {kafka_stream.py:55} INFO - Message sent to users_created partition 0
[2024-08-07T16:35:26.554+0000] {kafka_stream.py:55} INFO - Message sent to users_created partition 0
[2024-08-07T16:35:27.088+0000] {kafka_stream.py:55} INFO - Message sent to users_created partition 0
[2024-08-07T16:35:27.819+0000] {kafka_stream.py:55} INFO - Message sent to users_created partition 0
[2024-08-07T16:35:28.852+0000] {kafka_stream.py:55} INFO - Message sent to users_created partition 0
[2024-08-07T16:35:29.383+0000] {kafka_stream.py:55} INFO - Message sent to users_created partition 0
[2024-08-07T16:35:29.979+0000] {kafka_stream.py:55} INFO - Message sent to users_created partition 0
[2024-08-07T16:35:30.475+0000] {kafka_stream.py:55} INFO - Message sent to users_created partition 0
[2024-08-07T16:35:31.037+0000] {kafka_stream.py:55} INFO - Message sent to users_created partition 0
[2024-08-07T16:35:31.537+0000] {kafka_stream.py:55} INFO - Message sent to users_created partition 0
[2024-08-07T16:35:32.102+0000] {kafka_stream.py:55} INFO - Message sent to users_created partition 0
[2024-08-07T16:35:32.640+0000] {kafka_stream.py:55} INFO - Message sent to users_created partition 0
[2024-08-07T16:35:33.221+0000] {kafka_stream.py:55} INFO - Message sent to users_created partition 0
[2024-08-07T16:35:33.794+0000] {kafka_stream.py:55} INFO - Message sent to users_created partition 0
[2024-08-07T16:35:34.325+0000] {kafka_stream.py:55} INFO - Message sent to users_created partition 0
[2024-08-07T16:35:34.872+0000] {kafka_stream.py:55} INFO - Message sent to users_created partition 0
[2024-08-07T16:35:35.448+0000] {kafka_stream.py:55} INFO - Message sent to users_created partition 0
[2024-08-07T16:35:36.361+0000] {kafka_stream.py:55} INFO - Message sent to users_created partition 0
[2024-08-07T16:35:36.889+0000] {kafka_stream.py:55} INFO - Message sent to users_created partition 0
[2024-08-07T16:35:37.513+0000] {kafka_stream.py:55} INFO - Message sent to users_created partition 0
[2024-08-07T16:35:38.430+0000] {kafka_stream.py:55} INFO - Message sent to users_created partition 0
[2024-08-07T16:35:38.994+0000] {kafka_stream.py:55} INFO - Message sent to users_created partition 0
[2024-08-07T16:35:39.972+0000] {kafka_stream.py:55} INFO - Message sent to users_created partition 0
[2024-08-07T16:35:40.476+0000] {kafka_stream.py:55} INFO - Message sent to users_created partition 0
[2024-08-07T16:35:41.021+0000] {kafka_stream.py:55} INFO - Message sent to users_created partition 0
[2024-08-07T16:35:42.165+0000] {kafka_stream.py:55} INFO - Message sent to users_created partition 0
[2024-08-07T16:35:42.750+0000] {kafka_stream.py:55} INFO - Message sent to users_created partition 0
[2024-08-07T16:35:43.679+0000] {kafka_stream.py:55} INFO - Message sent to users_created partition 0
[2024-08-07T16:35:44.145+0000] {kafka_stream.py:55} INFO - Message sent to users_created partition 0
[2024-08-07T16:35:44.703+0000] {kafka_stream.py:55} INFO - Message sent to users_created partition 0
[2024-08-07T16:35:45.205+0000] {kafka_stream.py:55} INFO - Message sent to users_created partition 0
[2024-08-07T16:35:45.735+0000] {kafka_stream.py:55} INFO - Message sent to users_created partition 0
[2024-08-07T16:35:46.286+0000] {kafka_stream.py:55} INFO - Message sent to users_created partition 0
[2024-08-07T16:35:46.806+0000] {kafka_stream.py:55} INFO - Message sent to users_created partition 0
[2024-08-07T16:35:47.284+0000] {kafka_stream.py:55} INFO - Message sent to users_created partition 0
[2024-08-07T16:35:47.788+0000] {kafka_stream.py:55} INFO - Message sent to users_created partition 0
[2024-08-07T16:35:48.257+0000] {kafka_stream.py:55} INFO - Message sent to users_created partition 0
[2024-08-07T16:35:48.813+0000] {kafka_stream.py:55} INFO - Message sent to users_created partition 0
[2024-08-07T16:35:49.924+0000] {kafka_stream.py:55} INFO - Message sent to users_created partition 0
[2024-08-07T16:35:50.465+0000] {kafka_stream.py:55} INFO - Message sent to users_created partition 0
[2024-08-07T16:35:51.244+0000] {kafka_stream.py:55} INFO - Message sent to users_created partition 0
[2024-08-07T16:35:51.853+0000] {kafka_stream.py:55} INFO - Message sent to users_created partition 0
[2024-08-07T16:35:52.369+0000] {kafka_stream.py:55} INFO - Message sent to users_created partition 0
[2024-08-07T16:35:52.914+0000] {kafka_stream.py:55} INFO - Message sent to users_created partition 0
[2024-08-07T16:35:53.392+0000] {kafka_stream.py:55} INFO - Message sent to users_created partition 0
[2024-08-07T16:35:53.980+0000] {kafka_stream.py:55} INFO - Message sent to users_created partition 0
[2024-08-07T16:35:54.518+0000] {kafka_stream.py:55} INFO - Message sent to users_created partition 0
[2024-08-07T16:35:55.573+0000] {kafka_stream.py:55} INFO - Message sent to users_created partition 0
[2024-08-07T16:35:56.060+0000] {kafka_stream.py:55} INFO - Message sent to users_created partition 0
[2024-08-07T16:35:56.600+0000] {kafka_stream.py:55} INFO - Message sent to users_created partition 0
[2024-08-07T16:35:57.192+0000] {kafka_stream.py:55} INFO - Message sent to users_created partition 0
[2024-08-07T16:35:57.803+0000] {kafka_stream.py:55} INFO - Message sent to users_created partition 0
[2024-08-07T16:35:58.429+0000] {kafka_stream.py:55} INFO - Message sent to users_created partition 0
[2024-08-07T16:35:59.203+0000] {kafka_stream.py:55} INFO - Message sent to users_created partition 0
[2024-08-07T16:35:59.672+0000] {kafka_stream.py:55} INFO - Message sent to users_created partition 0
[2024-08-07T16:36:00.158+0000] {kafka_stream.py:55} INFO - Message sent to users_created partition 0
[2024-08-07T16:36:01.128+0000] {kafka_stream.py:55} INFO - Message sent to users_created partition 0
[2024-08-07T16:36:01.641+0000] {kafka_stream.py:55} INFO - Message sent to users_created partition 0
[2024-08-07T16:36:02.280+0000] {kafka_stream.py:55} INFO - Message sent to users_created partition 0
[2024-08-07T16:36:03.078+0000] {kafka_stream.py:55} INFO - Message sent to users_created partition 0
[2024-08-07T16:36:03.684+0000] {kafka_stream.py:55} INFO - Message sent to users_created partition 0
[2024-08-07T16:36:04.255+0000] {kafka_stream.py:55} INFO - Message sent to users_created partition 0
[2024-08-07T16:36:04.830+0000] {kafka_stream.py:55} INFO - Message sent to users_created partition 0
[2024-08-07T16:36:05.416+0000] {kafka_stream.py:55} INFO - Message sent to users_created partition 0
[2024-08-07T16:36:05.965+0000] {kafka_stream.py:55} INFO - Message sent to users_created partition 0
[2024-08-07T16:36:06.533+0000] {kafka_stream.py:55} INFO - Message sent to users_created partition 0
[2024-08-07T16:36:07.108+0000] {kafka_stream.py:55} INFO - Message sent to users_created partition 0
[2024-08-07T16:36:07.614+0000] {kafka_stream.py:55} INFO - Message sent to users_created partition 0
[2024-08-07T16:36:08.540+0000] {kafka_stream.py:55} INFO - Message sent to users_created partition 0
[2024-08-07T16:36:09.091+0000] {kafka_stream.py:55} INFO - Message sent to users_created partition 0
[2024-08-07T16:36:09.603+0000] {kafka_stream.py:55} INFO - Message sent to users_created partition 0
[2024-08-07T16:36:09.605+0000] {python.py:237} INFO - Done. Returned value was: None
[2024-08-07T16:36:09.607+0000] {taskinstance.py:441} INFO - ::group::Post task execution logs
[2024-08-07T16:36:09.625+0000] {taskinstance.py:1206} INFO - Marking task as SUCCESS. dag_id=user_automation, task_id=stream_data_from_api, run_id=manual__2024-08-07T16:35:05.402064+00:00, execution_date=20240807T163505, start_date=20240807T163508, end_date=20240807T163609
[2024-08-07T16:36:09.655+0000] {local_task_job_runner.py:243} INFO - Task exited with return code 0
[2024-08-07T16:36:09.675+0000] {taskinstance.py:3503} INFO - 0 downstream tasks scheduled from follow-on schedule check
[2024-08-07T16:36:09.679+0000] {local_task_job_runner.py:222} INFO - ::endgroup::
