[2024-08-09T08:14:40.783+0000] {local_task_job_runner.py:120} INFO - ::group::Pre task execution logs
[2024-08-09T08:14:40.893+0000] {taskinstance.py:2076} INFO - Dependencies all met for dep_context=non-requeueable deps ti=<TaskInstance: streaming_data.send_data scheduled__2024-07-15T00:00:00+00:00 [queued]>
[2024-08-09T08:14:40.920+0000] {taskinstance.py:2076} INFO - Dependencies all met for dep_context=requeueable deps ti=<TaskInstance: streaming_data.send_data scheduled__2024-07-15T00:00:00+00:00 [queued]>
[2024-08-09T08:14:40.935+0000] {taskinstance.py:2306} INFO - Starting attempt 1 of 2
[2024-08-09T08:14:40.970+0000] {taskinstance.py:2330} INFO - Executing <Task(PythonOperator): send_data> on 2024-07-15 00:00:00+00:00
[2024-08-09T08:14:41.005+0000] {logging_mixin.py:188} WARNING - /home/***/.local/lib/python3.12/site-packages/***/task/task_runner/standard_task_runner.py:62 DeprecationWarning: This process (pid=2400) is multi-threaded, use of fork() may lead to deadlocks in the child.
[2024-08-09T08:14:41.009+0000] {standard_task_runner.py:64} INFO - Started process 2406 to run task
[2024-08-09T08:14:41.002+0000] {standard_task_runner.py:90} INFO - Running: ['***', 'tasks', 'run', 'streaming_data', 'send_data', 'scheduled__2024-07-15T00:00:00+00:00', '--job-id', '147', '--raw', '--subdir', 'DAGS_FOLDER/topic.py', '--cfg-path', '/tmp/tmp0cbp7qhv']
[2024-08-09T08:14:41.017+0000] {standard_task_runner.py:91} INFO - Job 147: Subtask send_data
[2024-08-09T08:14:41.088+0000] {logging_mixin.py:188} WARNING - /home/***/.local/lib/python3.12/site-packages/***/settings.py:195 DeprecationWarning: The sql_alchemy_conn option in [core] has been moved to the sql_alchemy_conn option in [database] - the old setting has been used, but please update your config.
[2024-08-09T08:14:41.233+0000] {task_command.py:426} INFO - Running <TaskInstance: streaming_data.send_data scheduled__2024-07-15T00:00:00+00:00 [running]> on host 110119ffa3a6
[2024-08-09T08:14:41.491+0000] {taskinstance.py:2648} INFO - Exporting env vars: AIRFLOW_CTX_DAG_OWNER='***' AIRFLOW_CTX_DAG_ID='streaming_data' AIRFLOW_CTX_TASK_ID='send_data' AIRFLOW_CTX_EXECUTION_DATE='2024-07-15T00:00:00+00:00' AIRFLOW_CTX_TRY_NUMBER='1' AIRFLOW_CTX_DAG_RUN_ID='scheduled__2024-07-15T00:00:00+00:00'
[2024-08-09T08:14:41.495+0000] {taskinstance.py:430} INFO - ::endgroup::
[2024-08-09T08:14:43.555+0000] {logging_mixin.py:188} INFO - Delivered message to stock_data [0]
[2024-08-09T08:14:43.556+0000] {logging_mixin.py:188} INFO - Delivered message to stock_data [0]
[2024-08-09T08:14:43.556+0000] {logging_mixin.py:188} INFO - Delivered message to stock_data [0]
[2024-08-09T08:14:43.557+0000] {logging_mixin.py:188} INFO - Delivered message to stock_data [0]
[2024-08-09T08:14:43.557+0000] {logging_mixin.py:188} INFO - Delivered message to stock_data [0]
[2024-08-09T08:14:43.558+0000] {logging_mixin.py:188} INFO - Delivered message to stock_data [0]
[2024-08-09T08:14:43.559+0000] {logging_mixin.py:188} INFO - Delivered message to stock_data [0]
[2024-08-09T08:14:43.559+0000] {logging_mixin.py:188} INFO - Delivered message to stock_data [0]
[2024-08-09T08:14:43.560+0000] {logging_mixin.py:188} INFO - Delivered message to stock_data [0]
[2024-08-09T08:14:43.560+0000] {logging_mixin.py:188} INFO - Delivered message to stock_data [0]
[2024-08-09T08:14:43.561+0000] {logging_mixin.py:188} INFO - Delivered message to stock_data [0]
[2024-08-09T08:14:43.562+0000] {logging_mixin.py:188} INFO - Delivered message to stock_data [0]
[2024-08-09T08:14:43.562+0000] {logging_mixin.py:188} INFO - Delivered message to stock_data [0]
[2024-08-09T08:14:43.563+0000] {logging_mixin.py:188} INFO - Delivered message to stock_data [0]
[2024-08-09T08:14:43.563+0000] {logging_mixin.py:188} INFO - Delivered message to stock_data [0]
[2024-08-09T08:14:43.564+0000] {logging_mixin.py:188} INFO - Delivered message to stock_data [0]
[2024-08-09T08:14:43.565+0000] {logging_mixin.py:188} INFO - Delivered message to stock_data [0]
[2024-08-09T08:14:43.565+0000] {logging_mixin.py:188} INFO - Delivered message to stock_data [0]
[2024-08-09T08:14:43.566+0000] {python.py:237} INFO - Done. Returned value was: None
[2024-08-09T08:14:43.567+0000] {taskinstance.py:441} INFO - ::group::Post task execution logs
[2024-08-09T08:14:43.580+0000] {taskinstance.py:1206} INFO - Marking task as SUCCESS. dag_id=streaming_data, task_id=send_data, run_id=scheduled__2024-07-15T00:00:00+00:00, execution_date=20240715T000000, start_date=20240809T081440, end_date=20240809T081443
[2024-08-09T08:14:43.604+0000] {local_task_job_runner.py:243} INFO - Task exited with return code 0
[2024-08-09T08:14:43.624+0000] {taskinstance.py:3503} INFO - 0 downstream tasks scheduled from follow-on schedule check
[2024-08-09T08:14:43.627+0000] {local_task_job_runner.py:222} INFO - ::endgroup::
