[2024-08-10T14:06:54.717+0000] {local_task_job_runner.py:120} INFO - ::group::Pre task execution logs
[2024-08-10T14:06:54.762+0000] {taskinstance.py:2076} INFO - Dependencies all met for dep_context=non-requeueable deps ti=<TaskInstance: streaming_data.send_data manual__2024-08-10T14:06:47.738590+00:00 [queued]>
[2024-08-10T14:06:54.773+0000] {taskinstance.py:2076} INFO - Dependencies all met for dep_context=requeueable deps ti=<TaskInstance: streaming_data.send_data manual__2024-08-10T14:06:47.738590+00:00 [queued]>
[2024-08-10T14:06:54.794+0000] {taskinstance.py:2306} INFO - Starting attempt 1 of 2
[2024-08-10T14:06:54.811+0000] {taskinstance.py:2330} INFO - Executing <Task(PythonOperator): send_data> on 2024-08-10 14:06:47.738590+00:00
[2024-08-10T14:06:54.819+0000] {logging_mixin.py:188} WARNING - /home/***/.local/lib/python3.12/site-packages/***/task/task_runner/standard_task_runner.py:62 DeprecationWarning: This process (pid=881) is multi-threaded, use of fork() may lead to deadlocks in the child.
[2024-08-10T14:06:54.821+0000] {standard_task_runner.py:64} INFO - Started process 883 to run task
[2024-08-10T14:06:54.819+0000] {standard_task_runner.py:90} INFO - Running: ['***', 'tasks', 'run', 'streaming_data', 'send_data', 'manual__2024-08-10T14:06:47.738590+00:00', '--job-id', '182', '--raw', '--subdir', 'DAGS_FOLDER/stream.py', '--cfg-path', '/tmp/tmpq4fptw4i']
[2024-08-10T14:06:54.822+0000] {standard_task_runner.py:91} INFO - Job 182: Subtask send_data
[2024-08-10T14:06:54.846+0000] {logging_mixin.py:188} WARNING - /home/***/.local/lib/python3.12/site-packages/***/settings.py:195 DeprecationWarning: The sql_alchemy_conn option in [core] has been moved to the sql_alchemy_conn option in [database] - the old setting has been used, but please update your config.
[2024-08-10T14:06:54.897+0000] {task_command.py:426} INFO - Running <TaskInstance: streaming_data.send_data manual__2024-08-10T14:06:47.738590+00:00 [running]> on host 562e157be0a0
[2024-08-10T14:06:55.022+0000] {taskinstance.py:2648} INFO - Exporting env vars: AIRFLOW_CTX_DAG_OWNER='***' AIRFLOW_CTX_DAG_ID='streaming_data' AIRFLOW_CTX_TASK_ID='send_data' AIRFLOW_CTX_EXECUTION_DATE='2024-08-10T14:06:47.738590+00:00' AIRFLOW_CTX_TRY_NUMBER='1' AIRFLOW_CTX_DAG_RUN_ID='manual__2024-08-10T14:06:47.738590+00:00'
[2024-08-10T14:06:55.023+0000] {taskinstance.py:430} INFO - ::endgroup::
[2024-08-10T14:06:57.046+0000] {logging_mixin.py:188} INFO - Delivered message to data [0]
[2024-08-10T14:06:57.047+0000] {logging_mixin.py:188} INFO - Delivered message to data [0]
[2024-08-10T14:06:57.047+0000] {logging_mixin.py:188} INFO - Delivered message to data [0]
[2024-08-10T14:06:57.048+0000] {logging_mixin.py:188} INFO - Delivered message to data [0]
[2024-08-10T14:06:57.048+0000] {logging_mixin.py:188} INFO - Delivered message to data [0]
[2024-08-10T14:06:57.049+0000] {logging_mixin.py:188} INFO - Delivered message to data [0]
[2024-08-10T14:06:57.049+0000] {logging_mixin.py:188} INFO - Delivered message to data [0]
[2024-08-10T14:06:57.050+0000] {logging_mixin.py:188} INFO - Delivered message to data [0]
[2024-08-10T14:06:57.050+0000] {logging_mixin.py:188} INFO - Delivered message to data [0]
[2024-08-10T14:06:57.051+0000] {logging_mixin.py:188} INFO - Delivered message to data [0]
[2024-08-10T14:06:57.051+0000] {logging_mixin.py:188} INFO - Delivered message to data [0]
[2024-08-10T14:06:57.052+0000] {logging_mixin.py:188} INFO - Delivered message to data [0]
[2024-08-10T14:06:57.053+0000] {logging_mixin.py:188} INFO - Delivered message to data [0]
[2024-08-10T14:06:57.053+0000] {logging_mixin.py:188} INFO - Delivered message to data [0]
[2024-08-10T14:06:57.054+0000] {logging_mixin.py:188} INFO - Delivered message to data [0]
[2024-08-10T14:06:57.054+0000] {logging_mixin.py:188} INFO - Delivered message to data [0]
[2024-08-10T14:06:57.055+0000] {logging_mixin.py:188} INFO - Delivered message to data [0]
[2024-08-10T14:06:57.055+0000] {logging_mixin.py:188} INFO - Delivered message to data [0]
[2024-08-10T14:06:57.056+0000] {logging_mixin.py:188} INFO - Delivered message to data [0]
[2024-08-10T14:06:57.056+0000] {logging_mixin.py:188} INFO - Delivered message to data [0]
[2024-08-10T14:06:57.057+0000] {logging_mixin.py:188} INFO - Delivered message to data [0]
[2024-08-10T14:06:57.057+0000] {logging_mixin.py:188} INFO - Delivered message to data [0]
[2024-08-10T14:06:57.058+0000] {logging_mixin.py:188} INFO - Delivered message to data [0]
[2024-08-10T14:06:57.058+0000] {logging_mixin.py:188} INFO - Delivered message to data [0]
[2024-08-10T14:06:57.059+0000] {logging_mixin.py:188} INFO - Delivered message to data [0]
[2024-08-10T14:06:57.059+0000] {logging_mixin.py:188} INFO - Delivered message to data [0]
[2024-08-10T14:06:57.060+0000] {logging_mixin.py:188} INFO - Delivered message to data [0]
[2024-08-10T14:06:57.060+0000] {logging_mixin.py:188} INFO - Delivered message to data [0]
[2024-08-10T14:06:57.061+0000] {logging_mixin.py:188} INFO - Delivered message to data [0]
[2024-08-10T14:06:57.061+0000] {logging_mixin.py:188} INFO - Delivered message to data [0]
[2024-08-10T14:06:57.062+0000] {logging_mixin.py:188} INFO - Delivered message to data [0]
[2024-08-10T14:06:57.062+0000] {logging_mixin.py:188} INFO - Delivered message to data [0]
[2024-08-10T14:06:57.063+0000] {logging_mixin.py:188} INFO - Delivered message to data [0]
[2024-08-10T14:06:57.063+0000] {logging_mixin.py:188} INFO - Delivered message to data [0]
[2024-08-10T14:06:57.063+0000] {logging_mixin.py:188} INFO - Delivered message to data [0]
[2024-08-10T14:06:57.064+0000] {logging_mixin.py:188} INFO - Delivered message to data [0]
[2024-08-10T14:06:57.064+0000] {logging_mixin.py:188} INFO - Delivered message to data [0]
[2024-08-10T14:06:57.065+0000] {logging_mixin.py:188} INFO - Delivered message to data [0]
[2024-08-10T14:06:57.065+0000] {logging_mixin.py:188} INFO - Delivered message to data [0]
[2024-08-10T14:06:57.066+0000] {logging_mixin.py:188} INFO - Delivered message to data [0]
[2024-08-10T14:06:57.066+0000] {python.py:237} INFO - Done. Returned value was: None
[2024-08-10T14:06:57.067+0000] {taskinstance.py:441} INFO - ::group::Post task execution logs
[2024-08-10T14:06:57.078+0000] {taskinstance.py:1206} INFO - Marking task as SUCCESS. dag_id=streaming_data, task_id=send_data, run_id=manual__2024-08-10T14:06:47.738590+00:00, execution_date=20240810T140647, start_date=20240810T140654, end_date=20240810T140657
[2024-08-10T14:06:57.108+0000] {local_task_job_runner.py:243} INFO - Task exited with return code 0
[2024-08-10T14:06:57.127+0000] {taskinstance.py:3503} INFO - 0 downstream tasks scheduled from follow-on schedule check
[2024-08-10T14:06:57.130+0000] {local_task_job_runner.py:222} INFO - ::endgroup::
