[2024-08-16T04:58:44.037+0000] {local_task_job_runner.py:120} INFO - ::group::Pre task execution logs
[2024-08-16T04:58:44.110+0000] {taskinstance.py:2076} INFO - Dependencies all met for dep_context=non-requeueable deps ti=<TaskInstance: streaming_data.send_data manual__2024-08-16T04:58:30.364569+00:00 [queued]>
[2024-08-16T04:58:44.126+0000] {taskinstance.py:2076} INFO - Dependencies all met for dep_context=requeueable deps ti=<TaskInstance: streaming_data.send_data manual__2024-08-16T04:58:30.364569+00:00 [queued]>
[2024-08-16T04:58:44.141+0000] {taskinstance.py:2306} INFO - Starting attempt 1 of 2
[2024-08-16T04:58:44.172+0000] {taskinstance.py:2330} INFO - Executing <Task(PythonOperator): send_data> on 2024-08-16 04:58:30.364569+00:00
[2024-08-16T04:58:44.187+0000] {logging_mixin.py:188} WARNING - /home/***/.local/lib/python3.12/site-packages/***/task/task_runner/standard_task_runner.py:62 DeprecationWarning: This process (pid=454) is multi-threaded, use of fork() may lead to deadlocks in the child.
[2024-08-16T04:58:44.189+0000] {standard_task_runner.py:64} INFO - Started process 456 to run task
[2024-08-16T04:58:44.186+0000] {standard_task_runner.py:90} INFO - Running: ['***', 'tasks', 'run', 'streaming_data', 'send_data', 'manual__2024-08-16T04:58:30.364569+00:00', '--job-id', '255', '--raw', '--subdir', 'DAGS_FOLDER/stream.py', '--cfg-path', '/tmp/tmpl1c_kyqt']
[2024-08-16T04:58:44.190+0000] {standard_task_runner.py:91} INFO - Job 255: Subtask send_data
[2024-08-16T04:58:44.228+0000] {logging_mixin.py:188} WARNING - /home/***/.local/lib/python3.12/site-packages/***/settings.py:195 DeprecationWarning: The sql_alchemy_conn option in [core] has been moved to the sql_alchemy_conn option in [database] - the old setting has been used, but please update your config.
[2024-08-16T04:58:44.290+0000] {task_command.py:426} INFO - Running <TaskInstance: streaming_data.send_data manual__2024-08-16T04:58:30.364569+00:00 [running]> on host 44da6da64016
[2024-08-16T04:58:44.472+0000] {taskinstance.py:2648} INFO - Exporting env vars: AIRFLOW_CTX_DAG_OWNER='***' AIRFLOW_CTX_DAG_ID='streaming_data' AIRFLOW_CTX_TASK_ID='send_data' AIRFLOW_CTX_EXECUTION_DATE='2024-08-16T04:58:30.364569+00:00' AIRFLOW_CTX_TRY_NUMBER='1' AIRFLOW_CTX_DAG_RUN_ID='manual__2024-08-16T04:58:30.364569+00:00'
[2024-08-16T04:58:44.474+0000] {taskinstance.py:430} INFO - ::endgroup::
[2024-08-16T04:58:45.505+0000] {logging_mixin.py:188} INFO - Delivered message to data [0]
[2024-08-16T04:58:45.506+0000] {logging_mixin.py:188} INFO - Delivered message to data [0]
[2024-08-16T04:58:45.507+0000] {logging_mixin.py:188} INFO - Delivered message to data [0]
[2024-08-16T04:58:45.508+0000] {logging_mixin.py:188} INFO - Delivered message to data [0]
[2024-08-16T04:58:45.508+0000] {logging_mixin.py:188} INFO - Delivered message to data [0]
[2024-08-16T04:58:45.509+0000] {logging_mixin.py:188} INFO - Delivered message to data [0]
[2024-08-16T04:58:45.509+0000] {logging_mixin.py:188} INFO - Delivered message to data [0]
[2024-08-16T04:58:45.510+0000] {logging_mixin.py:188} INFO - Delivered message to data [0]
[2024-08-16T04:58:45.511+0000] {logging_mixin.py:188} INFO - Delivered message to data [0]
[2024-08-16T04:58:45.511+0000] {logging_mixin.py:188} INFO - Delivered message to data [0]
[2024-08-16T04:58:45.512+0000] {logging_mixin.py:188} INFO - Delivered message to data [0]
[2024-08-16T04:58:45.512+0000] {logging_mixin.py:188} INFO - Delivered message to data [0]
[2024-08-16T04:58:45.513+0000] {logging_mixin.py:188} INFO - Delivered message to data [0]
[2024-08-16T04:58:45.513+0000] {logging_mixin.py:188} INFO - Delivered message to data [0]
[2024-08-16T04:58:45.514+0000] {logging_mixin.py:188} INFO - Delivered message to data [0]
[2024-08-16T04:58:45.515+0000] {logging_mixin.py:188} INFO - Delivered message to data [0]
[2024-08-16T04:58:45.515+0000] {logging_mixin.py:188} INFO - Delivered message to data [0]
[2024-08-16T04:58:45.516+0000] {logging_mixin.py:188} INFO - Delivered message to data [0]
[2024-08-16T04:58:45.517+0000] {logging_mixin.py:188} INFO - Delivered message to data [0]
[2024-08-16T04:58:45.518+0000] {logging_mixin.py:188} INFO - Delivered message to data [0]
[2024-08-16T04:58:45.518+0000] {logging_mixin.py:188} INFO - Delivered message to data [0]
[2024-08-16T04:58:45.518+0000] {logging_mixin.py:188} INFO - Delivered message to data [0]
[2024-08-16T04:58:45.519+0000] {logging_mixin.py:188} INFO - Delivered message to data [0]
[2024-08-16T04:58:45.519+0000] {logging_mixin.py:188} INFO - Delivered message to data [0]
[2024-08-16T04:58:45.520+0000] {logging_mixin.py:188} INFO - Delivered message to data [0]
[2024-08-16T04:58:45.520+0000] {logging_mixin.py:188} INFO - Delivered message to data [0]
[2024-08-16T04:58:45.521+0000] {logging_mixin.py:188} INFO - Delivered message to data [0]
[2024-08-16T04:58:45.521+0000] {logging_mixin.py:188} INFO - Delivered message to data [0]
[2024-08-16T04:58:45.522+0000] {logging_mixin.py:188} INFO - Delivered message to data [0]
[2024-08-16T04:58:45.524+0000] {logging_mixin.py:188} INFO - Delivered message to data [0]
[2024-08-16T04:58:45.525+0000] {logging_mixin.py:188} INFO - Delivered message to data [0]
[2024-08-16T04:58:45.527+0000] {logging_mixin.py:188} INFO - Delivered message to data [0]
[2024-08-16T04:58:45.532+0000] {logging_mixin.py:188} INFO - Delivered message to data [0]
[2024-08-16T04:58:45.534+0000] {logging_mixin.py:188} INFO - Delivered message to data [0]
[2024-08-16T04:58:45.535+0000] {logging_mixin.py:188} INFO - Delivered message to data [0]
[2024-08-16T04:58:45.536+0000] {logging_mixin.py:188} INFO - Delivered message to data [0]
[2024-08-16T04:58:45.538+0000] {logging_mixin.py:188} INFO - Delivered message to data [0]
[2024-08-16T04:58:45.545+0000] {logging_mixin.py:188} INFO - Delivered message to data [0]
[2024-08-16T04:58:45.546+0000] {logging_mixin.py:188} INFO - Delivered message to data [0]
[2024-08-16T04:58:45.566+0000] {logging_mixin.py:188} INFO - Delivered message to data [0]
[2024-08-16T04:58:45.567+0000] {logging_mixin.py:188} INFO - Delivered message to data [0]
[2024-08-16T04:58:45.573+0000] {logging_mixin.py:188} INFO - Delivered message to data [0]
[2024-08-16T04:58:45.574+0000] {logging_mixin.py:188} INFO - Delivered message to data [0]
[2024-08-16T04:58:45.577+0000] {logging_mixin.py:188} INFO - Delivered message to data [0]
[2024-08-16T04:58:45.579+0000] {logging_mixin.py:188} INFO - Delivered message to data [0]
[2024-08-16T04:58:45.581+0000] {logging_mixin.py:188} INFO - Delivered message to data [0]
[2024-08-16T04:58:45.583+0000] {logging_mixin.py:188} INFO - Delivered message to data [0]
[2024-08-16T04:58:45.584+0000] {logging_mixin.py:188} INFO - Delivered message to data [0]
[2024-08-16T04:58:45.586+0000] {logging_mixin.py:188} INFO - Delivered message to data [0]
[2024-08-16T04:58:45.587+0000] {logging_mixin.py:188} INFO - Delivered message to data [0]
[2024-08-16T04:58:45.588+0000] {logging_mixin.py:188} INFO - Delivered message to data [0]
[2024-08-16T04:58:45.589+0000] {logging_mixin.py:188} INFO - Delivered message to data [0]
[2024-08-16T04:58:45.591+0000] {logging_mixin.py:188} INFO - Delivered message to data [0]
[2024-08-16T04:58:45.592+0000] {logging_mixin.py:188} INFO - Delivered message to data [0]
[2024-08-16T04:58:45.593+0000] {logging_mixin.py:188} INFO - Delivered message to data [0]
[2024-08-16T04:58:45.595+0000] {logging_mixin.py:188} INFO - Delivered message to data [0]
[2024-08-16T04:58:45.595+0000] {logging_mixin.py:188} INFO - Delivered message to data [0]
[2024-08-16T04:58:45.596+0000] {logging_mixin.py:188} INFO - Delivered message to data [0]
[2024-08-16T04:58:45.597+0000] {logging_mixin.py:188} INFO - Delivered message to data [0]
[2024-08-16T04:58:45.599+0000] {logging_mixin.py:188} INFO - Delivered message to data [0]
[2024-08-16T04:58:45.600+0000] {logging_mixin.py:188} INFO - Delivered message to data [0]
[2024-08-16T04:58:45.601+0000] {logging_mixin.py:188} INFO - Delivered message to data [0]
[2024-08-16T04:58:45.602+0000] {logging_mixin.py:188} INFO - Delivered message to data [0]
[2024-08-16T04:58:45.604+0000] {logging_mixin.py:188} INFO - Delivered message to data [0]
[2024-08-16T04:58:45.605+0000] {logging_mixin.py:188} INFO - Delivered message to data [0]
[2024-08-16T04:58:45.606+0000] {logging_mixin.py:188} INFO - Delivered message to data [0]
[2024-08-16T04:58:45.607+0000] {logging_mixin.py:188} INFO - Delivered message to data [0]
[2024-08-16T04:58:45.608+0000] {logging_mixin.py:188} INFO - Delivered message to data [0]
[2024-08-16T04:58:45.610+0000] {logging_mixin.py:188} INFO - Delivered message to data [0]
[2024-08-16T04:58:45.614+0000] {logging_mixin.py:188} INFO - Delivered message to data [0]
[2024-08-16T04:58:45.615+0000] {logging_mixin.py:188} INFO - Delivered message to data [0]
[2024-08-16T04:58:45.623+0000] {logging_mixin.py:188} INFO - Delivered message to data [0]
[2024-08-16T04:58:45.624+0000] {logging_mixin.py:188} INFO - Delivered message to data [0]
[2024-08-16T04:58:45.625+0000] {logging_mixin.py:188} INFO - Delivered message to data [0]
[2024-08-16T04:58:45.626+0000] {logging_mixin.py:188} INFO - Delivered message to data [0]
[2024-08-16T04:58:45.628+0000] {logging_mixin.py:188} INFO - Delivered message to data [0]
[2024-08-16T04:58:45.628+0000] {logging_mixin.py:188} INFO - Delivered message to data [0]
[2024-08-16T04:58:45.630+0000] {logging_mixin.py:188} INFO - Delivered message to data [0]
[2024-08-16T04:58:45.633+0000] {logging_mixin.py:188} INFO - Delivered message to data [0]
[2024-08-16T04:58:45.645+0000] {logging_mixin.py:188} INFO - Delivered message to data [0]
[2024-08-16T04:58:45.653+0000] {logging_mixin.py:188} INFO - Delivered message to data [0]
[2024-08-16T04:58:45.662+0000] {logging_mixin.py:188} INFO - Delivered message to data [0]
[2024-08-16T04:58:45.667+0000] {logging_mixin.py:188} INFO - Delivered message to data [0]
[2024-08-16T04:58:45.668+0000] {logging_mixin.py:188} INFO - Delivered message to data [0]
[2024-08-16T04:58:45.669+0000] {logging_mixin.py:188} INFO - Delivered message to data [0]
[2024-08-16T04:58:45.674+0000] {logging_mixin.py:188} INFO - Delivered message to data [0]
[2024-08-16T04:58:45.684+0000] {logging_mixin.py:188} INFO - Delivered message to data [0]
[2024-08-16T04:58:45.694+0000] {logging_mixin.py:188} INFO - Delivered message to data [0]
[2024-08-16T04:58:45.699+0000] {logging_mixin.py:188} INFO - Delivered message to data [0]
[2024-08-16T04:58:45.700+0000] {logging_mixin.py:188} INFO - Delivered message to data [0]
[2024-08-16T04:58:45.702+0000] {logging_mixin.py:188} INFO - Delivered message to data [0]
[2024-08-16T04:58:45.704+0000] {logging_mixin.py:188} INFO - Delivered message to data [0]
[2024-08-16T04:58:45.731+0000] {logging_mixin.py:188} INFO - Delivered message to data [0]
[2024-08-16T04:58:45.742+0000] {logging_mixin.py:188} INFO - Delivered message to data [0]
[2024-08-16T04:58:45.752+0000] {logging_mixin.py:188} INFO - Delivered message to data [0]
[2024-08-16T04:58:45.756+0000] {logging_mixin.py:188} INFO - Delivered message to data [0]
[2024-08-16T04:58:45.763+0000] {logging_mixin.py:188} INFO - Delivered message to data [0]
[2024-08-16T04:58:45.765+0000] {logging_mixin.py:188} INFO - Delivered message to data [0]
[2024-08-16T04:58:45.767+0000] {logging_mixin.py:188} INFO - Delivered message to data [0]
[2024-08-16T04:58:45.768+0000] {logging_mixin.py:188} INFO - Delivered message to data [0]
[2024-08-16T04:58:45.769+0000] {logging_mixin.py:188} INFO - Delivered message to data [0]
[2024-08-16T04:58:45.772+0000] {logging_mixin.py:188} INFO - Delivered message to data [0]
[2024-08-16T04:58:45.773+0000] {logging_mixin.py:188} INFO - Delivered message to data [0]
[2024-08-16T04:58:45.780+0000] {logging_mixin.py:188} INFO - Delivered message to data [0]
[2024-08-16T04:58:45.782+0000] {logging_mixin.py:188} INFO - Delivered message to data [0]
[2024-08-16T04:58:45.783+0000] {logging_mixin.py:188} INFO - Delivered message to data [0]
[2024-08-16T04:58:45.784+0000] {logging_mixin.py:188} INFO - Delivered message to data [0]
[2024-08-16T04:58:45.786+0000] {logging_mixin.py:188} INFO - Delivered message to data [0]
[2024-08-16T04:58:45.787+0000] {logging_mixin.py:188} INFO - Delivered message to data [0]
[2024-08-16T04:58:45.790+0000] {logging_mixin.py:188} INFO - Delivered message to data [0]
[2024-08-16T04:58:45.797+0000] {logging_mixin.py:188} INFO - Delivered message to data [0]
[2024-08-16T04:58:45.805+0000] {logging_mixin.py:188} INFO - Delivered message to data [0]
[2024-08-16T04:58:45.806+0000] {logging_mixin.py:188} INFO - Delivered message to data [0]
[2024-08-16T04:58:45.807+0000] {logging_mixin.py:188} INFO - Delivered message to data [0]
[2024-08-16T04:58:45.808+0000] {logging_mixin.py:188} INFO - Delivered message to data [0]
[2024-08-16T04:58:45.809+0000] {logging_mixin.py:188} INFO - Delivered message to data [0]
[2024-08-16T04:58:45.811+0000] {logging_mixin.py:188} INFO - Delivered message to data [0]
[2024-08-16T04:58:45.812+0000] {logging_mixin.py:188} INFO - Delivered message to data [0]
[2024-08-16T04:58:45.813+0000] {logging_mixin.py:188} INFO - Delivered message to data [0]
[2024-08-16T04:58:45.814+0000] {logging_mixin.py:188} INFO - Delivered message to data [0]
[2024-08-16T04:58:45.815+0000] {logging_mixin.py:188} INFO - Delivered message to data [0]
[2024-08-16T04:58:45.816+0000] {logging_mixin.py:188} INFO - Delivered message to data [0]
[2024-08-16T04:58:45.817+0000] {logging_mixin.py:188} INFO - Delivered message to data [0]
[2024-08-16T04:58:45.819+0000] {logging_mixin.py:188} INFO - Delivered message to data [0]
[2024-08-16T04:58:45.820+0000] {logging_mixin.py:188} INFO - Delivered message to data [0]
[2024-08-16T04:58:45.821+0000] {logging_mixin.py:188} INFO - Delivered message to data [0]
[2024-08-16T04:58:45.822+0000] {logging_mixin.py:188} INFO - Delivered message to data [0]
[2024-08-16T04:58:45.823+0000] {logging_mixin.py:188} INFO - Delivered message to data [0]
[2024-08-16T04:58:45.824+0000] {logging_mixin.py:188} INFO - Delivered message to data [0]
[2024-08-16T04:58:45.825+0000] {logging_mixin.py:188} INFO - Delivered message to data [0]
[2024-08-16T04:58:45.827+0000] {logging_mixin.py:188} INFO - Delivered message to data [0]
[2024-08-16T04:58:45.828+0000] {logging_mixin.py:188} INFO - Delivered message to data [0]
[2024-08-16T04:58:45.829+0000] {logging_mixin.py:188} INFO - Delivered message to data [0]
[2024-08-16T04:58:45.830+0000] {logging_mixin.py:188} INFO - Delivered message to data [0]
[2024-08-16T04:58:45.832+0000] {logging_mixin.py:188} INFO - Delivered message to data [0]
[2024-08-16T04:58:45.833+0000] {logging_mixin.py:188} INFO - Delivered message to data [0]
[2024-08-16T04:58:45.834+0000] {logging_mixin.py:188} INFO - Delivered message to data [0]
[2024-08-16T04:58:45.835+0000] {logging_mixin.py:188} INFO - Delivered message to data [0]
[2024-08-16T04:58:45.836+0000] {logging_mixin.py:188} INFO - Delivered message to data [0]
[2024-08-16T04:58:45.844+0000] {logging_mixin.py:188} INFO - Delivered message to data [0]
[2024-08-16T04:58:45.846+0000] {logging_mixin.py:188} INFO - Delivered message to data [0]
[2024-08-16T04:58:45.848+0000] {logging_mixin.py:188} INFO - Delivered message to data [0]
[2024-08-16T04:58:45.850+0000] {logging_mixin.py:188} INFO - Delivered message to data [0]
[2024-08-16T04:58:45.851+0000] {logging_mixin.py:188} INFO - Delivered message to data [0]
[2024-08-16T04:58:45.853+0000] {logging_mixin.py:188} INFO - Delivered message to data [0]
[2024-08-16T04:58:45.855+0000] {logging_mixin.py:188} INFO - Delivered message to data [0]
[2024-08-16T04:58:45.860+0000] {logging_mixin.py:188} INFO - Delivered message to data [0]
[2024-08-16T04:58:45.867+0000] {logging_mixin.py:188} INFO - Delivered message to data [0]
[2024-08-16T04:58:45.873+0000] {logging_mixin.py:188} INFO - Delivered message to data [0]
[2024-08-16T04:58:45.881+0000] {logging_mixin.py:188} INFO - Delivered message to data [0]
[2024-08-16T04:58:45.886+0000] {logging_mixin.py:188} INFO - Delivered message to data [0]
[2024-08-16T04:58:45.890+0000] {logging_mixin.py:188} INFO - Delivered message to data [0]
[2024-08-16T04:58:45.894+0000] {logging_mixin.py:188} INFO - Delivered message to data [0]
[2024-08-16T04:58:45.898+0000] {logging_mixin.py:188} INFO - Delivered message to data [0]
[2024-08-16T04:58:45.900+0000] {logging_mixin.py:188} INFO - Delivered message to data [0]
[2024-08-16T04:58:45.901+0000] {logging_mixin.py:188} INFO - Delivered message to data [0]
[2024-08-16T04:58:45.902+0000] {logging_mixin.py:188} INFO - Delivered message to data [0]
[2024-08-16T04:58:45.903+0000] {logging_mixin.py:188} INFO - Delivered message to data [0]
[2024-08-16T04:58:45.905+0000] {logging_mixin.py:188} INFO - Delivered message to data [0]
[2024-08-16T04:58:45.906+0000] {logging_mixin.py:188} INFO - Delivered message to data [0]
[2024-08-16T04:58:45.907+0000] {logging_mixin.py:188} INFO - Delivered message to data [0]
[2024-08-16T04:58:45.908+0000] {logging_mixin.py:188} INFO - Delivered message to data [0]
[2024-08-16T04:58:45.909+0000] {logging_mixin.py:188} INFO - Delivered message to data [0]
[2024-08-16T04:58:45.910+0000] {logging_mixin.py:188} INFO - Delivered message to data [0]
[2024-08-16T04:58:45.911+0000] {logging_mixin.py:188} INFO - Delivered message to data [0]
[2024-08-16T04:58:45.912+0000] {logging_mixin.py:188} INFO - Delivered message to data [0]
[2024-08-16T04:58:45.913+0000] {logging_mixin.py:188} INFO - Delivered message to data [0]
[2024-08-16T04:58:45.914+0000] {logging_mixin.py:188} INFO - Delivered message to data [0]
[2024-08-16T04:58:45.915+0000] {logging_mixin.py:188} INFO - Delivered message to data [0]
[2024-08-16T04:58:45.916+0000] {logging_mixin.py:188} INFO - Delivered message to data [0]
[2024-08-16T04:58:45.917+0000] {logging_mixin.py:188} INFO - Delivered message to data [0]
[2024-08-16T04:58:45.918+0000] {logging_mixin.py:188} INFO - Delivered message to data [0]
[2024-08-16T04:58:45.919+0000] {logging_mixin.py:188} INFO - Delivered message to data [0]
[2024-08-16T04:58:45.919+0000] {logging_mixin.py:188} INFO - Delivered message to data [0]
[2024-08-16T04:58:45.920+0000] {logging_mixin.py:188} INFO - Delivered message to data [0]
[2024-08-16T04:58:45.921+0000] {logging_mixin.py:188} INFO - Delivered message to data [0]
[2024-08-16T04:58:45.922+0000] {logging_mixin.py:188} INFO - Delivered message to data [0]
[2024-08-16T04:58:45.922+0000] {logging_mixin.py:188} INFO - Delivered message to data [0]
[2024-08-16T04:58:45.923+0000] {logging_mixin.py:188} INFO - Delivered message to data [0]
[2024-08-16T04:58:45.924+0000] {logging_mixin.py:188} INFO - Delivered message to data [0]
[2024-08-16T04:58:45.925+0000] {logging_mixin.py:188} INFO - Delivered message to data [0]
[2024-08-16T04:58:45.926+0000] {logging_mixin.py:188} INFO - Delivered message to data [0]
[2024-08-16T04:58:45.927+0000] {logging_mixin.py:188} INFO - Delivered message to data [0]
[2024-08-16T04:58:45.928+0000] {logging_mixin.py:188} INFO - Delivered message to data [0]
[2024-08-16T04:58:45.932+0000] {logging_mixin.py:188} INFO - Delivered message to data [0]
[2024-08-16T04:58:45.933+0000] {logging_mixin.py:188} INFO - Delivered message to data [0]
[2024-08-16T04:58:45.934+0000] {logging_mixin.py:188} INFO - Delivered message to data [0]
[2024-08-16T04:58:45.937+0000] {logging_mixin.py:188} INFO - Delivered message to data [0]
[2024-08-16T04:58:45.938+0000] {logging_mixin.py:188} INFO - Delivered message to data [0]
[2024-08-16T04:58:45.940+0000] {logging_mixin.py:188} INFO - Delivered message to data [0]
[2024-08-16T04:58:45.941+0000] {logging_mixin.py:188} INFO - Delivered message to data [0]
[2024-08-16T04:58:45.943+0000] {logging_mixin.py:188} INFO - Delivered message to data [0]
[2024-08-16T04:58:45.945+0000] {logging_mixin.py:188} INFO - Delivered message to data [0]
[2024-08-16T04:58:45.946+0000] {logging_mixin.py:188} INFO - Delivered message to data [0]
[2024-08-16T04:58:45.948+0000] {logging_mixin.py:188} INFO - Delivered message to data [0]
[2024-08-16T04:58:45.953+0000] {logging_mixin.py:188} INFO - Delivered message to data [0]
[2024-08-16T04:58:45.954+0000] {logging_mixin.py:188} INFO - Delivered message to data [0]
[2024-08-16T04:58:45.955+0000] {logging_mixin.py:188} INFO - Delivered message to data [0]
[2024-08-16T04:58:45.956+0000] {logging_mixin.py:188} INFO - Delivered message to data [0]
[2024-08-16T04:58:45.957+0000] {logging_mixin.py:188} INFO - Delivered message to data [0]
[2024-08-16T04:58:45.959+0000] {logging_mixin.py:188} INFO - Delivered message to data [0]
[2024-08-16T04:58:45.960+0000] {logging_mixin.py:188} INFO - Delivered message to data [0]
[2024-08-16T04:58:45.962+0000] {logging_mixin.py:188} INFO - Delivered message to data [0]
[2024-08-16T04:58:45.963+0000] {logging_mixin.py:188} INFO - Delivered message to data [0]
[2024-08-16T04:58:45.964+0000] {logging_mixin.py:188} INFO - Delivered message to data [0]
[2024-08-16T04:58:45.965+0000] {logging_mixin.py:188} INFO - Delivered message to data [0]
[2024-08-16T04:58:45.966+0000] {logging_mixin.py:188} INFO - Delivered message to data [0]
[2024-08-16T04:58:45.967+0000] {logging_mixin.py:188} INFO - Delivered message to data [0]
[2024-08-16T04:58:45.968+0000] {logging_mixin.py:188} INFO - Delivered message to data [0]
[2024-08-16T04:58:45.968+0000] {logging_mixin.py:188} INFO - Delivered message to data [0]
[2024-08-16T04:58:45.969+0000] {logging_mixin.py:188} INFO - Delivered message to data [0]
[2024-08-16T04:58:45.970+0000] {logging_mixin.py:188} INFO - Delivered message to data [0]
[2024-08-16T04:58:45.970+0000] {logging_mixin.py:188} INFO - Delivered message to data [0]
[2024-08-16T04:58:45.971+0000] {logging_mixin.py:188} INFO - Delivered message to data [0]
[2024-08-16T04:58:45.971+0000] {logging_mixin.py:188} INFO - Delivered message to data [0]
[2024-08-16T04:58:45.972+0000] {logging_mixin.py:188} INFO - Delivered message to data [0]
[2024-08-16T04:58:45.973+0000] {logging_mixin.py:188} INFO - Delivered message to data [0]
[2024-08-16T04:58:45.974+0000] {logging_mixin.py:188} INFO - Delivered message to data [0]
[2024-08-16T04:58:45.979+0000] {logging_mixin.py:188} INFO - Delivered message to data [0]
[2024-08-16T04:58:45.980+0000] {logging_mixin.py:188} INFO - Delivered message to data [0]
[2024-08-16T04:58:45.982+0000] {logging_mixin.py:188} INFO - Delivered message to data [0]
[2024-08-16T04:58:45.983+0000] {logging_mixin.py:188} INFO - Delivered message to data [0]
[2024-08-16T04:58:45.984+0000] {logging_mixin.py:188} INFO - Delivered message to data [0]
[2024-08-16T04:58:45.985+0000] {logging_mixin.py:188} INFO - Delivered message to data [0]
[2024-08-16T04:58:45.986+0000] {logging_mixin.py:188} INFO - Delivered message to data [0]
[2024-08-16T04:58:45.989+0000] {logging_mixin.py:188} INFO - Delivered message to data [0]
[2024-08-16T04:58:45.991+0000] {logging_mixin.py:188} INFO - Delivered message to data [0]
[2024-08-16T04:58:45.992+0000] {logging_mixin.py:188} INFO - Delivered message to data [0]
[2024-08-16T04:58:45.994+0000] {logging_mixin.py:188} INFO - Delivered message to data [0]
[2024-08-16T04:58:45.995+0000] {logging_mixin.py:188} INFO - Delivered message to data [0]
[2024-08-16T04:58:45.996+0000] {logging_mixin.py:188} INFO - Delivered message to data [0]
[2024-08-16T04:58:45.997+0000] {logging_mixin.py:188} INFO - Delivered message to data [0]
[2024-08-16T04:58:45.998+0000] {logging_mixin.py:188} INFO - Delivered message to data [0]
[2024-08-16T04:58:45.999+0000] {logging_mixin.py:188} INFO - Delivered message to data [0]
[2024-08-16T04:58:46.001+0000] {logging_mixin.py:188} INFO - Delivered message to data [0]
[2024-08-16T04:58:46.003+0000] {logging_mixin.py:188} INFO - Delivered message to data [0]
[2024-08-16T04:58:46.004+0000] {logging_mixin.py:188} INFO - Delivered message to data [0]
[2024-08-16T04:58:46.005+0000] {logging_mixin.py:188} INFO - Delivered message to data [0]
[2024-08-16T04:58:46.006+0000] {logging_mixin.py:188} INFO - Delivered message to data [0]
[2024-08-16T04:58:46.007+0000] {logging_mixin.py:188} INFO - Delivered message to data [0]
[2024-08-16T04:58:46.008+0000] {logging_mixin.py:188} INFO - Delivered message to data [0]
[2024-08-16T04:58:46.008+0000] {logging_mixin.py:188} INFO - Delivered message to data [0]
[2024-08-16T04:58:46.009+0000] {logging_mixin.py:188} INFO - Delivered message to data [0]
[2024-08-16T04:58:46.010+0000] {logging_mixin.py:188} INFO - Delivered message to data [0]
[2024-08-16T04:58:46.010+0000] {logging_mixin.py:188} INFO - Delivered message to data [0]
[2024-08-16T04:58:46.011+0000] {logging_mixin.py:188} INFO - Delivered message to data [0]
[2024-08-16T04:58:46.012+0000] {logging_mixin.py:188} INFO - Delivered message to data [0]
[2024-08-16T04:58:46.013+0000] {logging_mixin.py:188} INFO - Delivered message to data [0]
[2024-08-16T04:58:46.013+0000] {logging_mixin.py:188} INFO - Delivered message to data [0]
[2024-08-16T04:58:46.014+0000] {logging_mixin.py:188} INFO - Delivered message to data [0]
[2024-08-16T04:58:46.014+0000] {logging_mixin.py:188} INFO - Delivered message to data [0]
[2024-08-16T04:58:46.015+0000] {logging_mixin.py:188} INFO - Delivered message to data [0]
[2024-08-16T04:58:46.016+0000] {logging_mixin.py:188} INFO - Delivered message to data [0]
[2024-08-16T04:58:46.016+0000] {logging_mixin.py:188} INFO - Delivered message to data [0]
[2024-08-16T04:58:46.017+0000] {logging_mixin.py:188} INFO - Delivered message to data [0]
[2024-08-16T04:58:46.018+0000] {logging_mixin.py:188} INFO - Delivered message to data [0]
[2024-08-16T04:58:46.019+0000] {logging_mixin.py:188} INFO - Delivered message to data [0]
[2024-08-16T04:58:46.019+0000] {logging_mixin.py:188} INFO - Delivered message to data [0]
[2024-08-16T04:58:46.020+0000] {logging_mixin.py:188} INFO - Delivered message to data [0]
[2024-08-16T04:58:46.021+0000] {logging_mixin.py:188} INFO - Delivered message to data [0]
[2024-08-16T04:58:46.023+0000] {logging_mixin.py:188} INFO - Delivered message to data [0]
[2024-08-16T04:58:46.024+0000] {logging_mixin.py:188} INFO - Delivered message to data [0]
[2024-08-16T04:58:46.025+0000] {logging_mixin.py:188} INFO - Delivered message to data [0]
[2024-08-16T04:58:46.026+0000] {logging_mixin.py:188} INFO - Delivered message to data [0]
[2024-08-16T04:58:46.027+0000] {logging_mixin.py:188} INFO - Delivered message to data [0]
[2024-08-16T04:58:46.028+0000] {logging_mixin.py:188} INFO - Delivered message to data [0]
[2024-08-16T04:58:46.029+0000] {logging_mixin.py:188} INFO - Delivered message to data [0]
[2024-08-16T04:58:46.030+0000] {logging_mixin.py:188} INFO - Delivered message to data [0]
[2024-08-16T04:58:46.032+0000] {logging_mixin.py:188} INFO - Delivered message to data [0]
[2024-08-16T04:58:46.033+0000] {logging_mixin.py:188} INFO - Delivered message to data [0]
[2024-08-16T04:58:46.034+0000] {logging_mixin.py:188} INFO - Delivered message to data [0]
[2024-08-16T04:58:46.036+0000] {logging_mixin.py:188} INFO - Delivered message to data [0]
[2024-08-16T04:58:46.037+0000] {logging_mixin.py:188} INFO - Delivered message to data [0]
[2024-08-16T04:58:46.038+0000] {logging_mixin.py:188} INFO - Delivered message to data [0]
[2024-08-16T04:58:46.040+0000] {logging_mixin.py:188} INFO - Delivered message to data [0]
[2024-08-16T04:58:46.041+0000] {logging_mixin.py:188} INFO - Delivered message to data [0]
[2024-08-16T04:58:46.042+0000] {logging_mixin.py:188} INFO - Delivered message to data [0]
[2024-08-16T04:58:46.043+0000] {logging_mixin.py:188} INFO - Delivered message to data [0]
[2024-08-16T04:58:46.045+0000] {logging_mixin.py:188} INFO - Delivered message to data [0]
[2024-08-16T04:58:46.046+0000] {logging_mixin.py:188} INFO - Delivered message to data [0]
[2024-08-16T04:58:46.048+0000] {logging_mixin.py:188} INFO - Delivered message to data [0]
[2024-08-16T04:58:46.052+0000] {logging_mixin.py:188} INFO - Delivered message to data [0]
[2024-08-16T04:58:46.055+0000] {logging_mixin.py:188} INFO - Delivered message to data [0]
[2024-08-16T04:58:46.055+0000] {logging_mixin.py:188} INFO - Delivered message to data [0]
[2024-08-16T04:58:46.056+0000] {logging_mixin.py:188} INFO - Delivered message to data [0]
[2024-08-16T04:58:46.057+0000] {logging_mixin.py:188} INFO - Delivered message to data [0]
[2024-08-16T04:58:46.058+0000] {logging_mixin.py:188} INFO - Delivered message to data [0]
[2024-08-16T04:58:46.059+0000] {logging_mixin.py:188} INFO - Delivered message to data [0]
[2024-08-16T04:58:46.060+0000] {logging_mixin.py:188} INFO - Delivered message to data [0]
[2024-08-16T04:58:46.061+0000] {logging_mixin.py:188} INFO - Delivered message to data [0]
[2024-08-16T04:58:46.062+0000] {logging_mixin.py:188} INFO - Delivered message to data [0]
[2024-08-16T04:58:46.063+0000] {logging_mixin.py:188} INFO - Delivered message to data [0]
[2024-08-16T04:58:46.064+0000] {logging_mixin.py:188} INFO - Delivered message to data [0]
[2024-08-16T04:58:46.065+0000] {logging_mixin.py:188} INFO - Delivered message to data [0]
[2024-08-16T04:58:46.066+0000] {logging_mixin.py:188} INFO - Delivered message to data [0]
[2024-08-16T04:58:46.068+0000] {logging_mixin.py:188} INFO - Delivered message to data [0]
[2024-08-16T04:58:46.068+0000] {logging_mixin.py:188} INFO - Delivered message to data [0]
[2024-08-16T04:58:46.070+0000] {logging_mixin.py:188} INFO - Delivered message to data [0]
[2024-08-16T04:58:46.071+0000] {logging_mixin.py:188} INFO - Delivered message to data [0]
[2024-08-16T04:58:46.072+0000] {logging_mixin.py:188} INFO - Delivered message to data [0]
[2024-08-16T04:58:46.073+0000] {logging_mixin.py:188} INFO - Delivered message to data [0]
[2024-08-16T04:58:46.073+0000] {logging_mixin.py:188} INFO - Delivered message to data [0]
[2024-08-16T04:58:46.074+0000] {logging_mixin.py:188} INFO - Delivered message to data [0]
[2024-08-16T04:58:46.074+0000] {logging_mixin.py:188} INFO - Delivered message to data [0]
[2024-08-16T04:58:46.075+0000] {logging_mixin.py:188} INFO - Delivered message to data [0]
[2024-08-16T04:58:46.076+0000] {logging_mixin.py:188} INFO - Delivered message to data [0]
[2024-08-16T04:58:46.077+0000] {logging_mixin.py:188} INFO - Delivered message to data [0]
[2024-08-16T04:58:46.077+0000] {logging_mixin.py:188} INFO - Delivered message to data [0]
[2024-08-16T04:58:46.078+0000] {logging_mixin.py:188} INFO - Delivered message to data [0]
[2024-08-16T04:58:46.078+0000] {logging_mixin.py:188} INFO - Delivered message to data [0]
[2024-08-16T04:58:46.079+0000] {logging_mixin.py:188} INFO - Delivered message to data [0]
[2024-08-16T04:58:46.080+0000] {logging_mixin.py:188} INFO - Delivered message to data [0]
[2024-08-16T04:58:46.081+0000] {logging_mixin.py:188} INFO - Delivered message to data [0]
[2024-08-16T04:58:46.082+0000] {logging_mixin.py:188} INFO - Delivered message to data [0]
[2024-08-16T04:58:46.082+0000] {logging_mixin.py:188} INFO - Delivered message to data [0]
[2024-08-16T04:58:46.083+0000] {logging_mixin.py:188} INFO - Delivered message to data [0]
[2024-08-16T04:58:46.084+0000] {logging_mixin.py:188} INFO - Delivered message to data [0]
[2024-08-16T04:58:46.085+0000] {logging_mixin.py:188} INFO - Delivered message to data [0]
[2024-08-16T04:58:46.086+0000] {logging_mixin.py:188} INFO - Delivered message to data [0]
[2024-08-16T04:58:46.087+0000] {logging_mixin.py:188} INFO - Delivered message to data [0]
[2024-08-16T04:58:46.088+0000] {logging_mixin.py:188} INFO - Delivered message to data [0]
[2024-08-16T04:58:46.088+0000] {logging_mixin.py:188} INFO - Delivered message to data [0]
[2024-08-16T04:58:46.089+0000] {logging_mixin.py:188} INFO - Delivered message to data [0]
[2024-08-16T04:58:46.089+0000] {logging_mixin.py:188} INFO - Delivered message to data [0]
[2024-08-16T04:58:46.090+0000] {logging_mixin.py:188} INFO - Delivered message to data [0]
[2024-08-16T04:58:46.091+0000] {logging_mixin.py:188} INFO - Delivered message to data [0]
[2024-08-16T04:58:46.091+0000] {logging_mixin.py:188} INFO - Delivered message to data [0]
[2024-08-16T04:58:46.092+0000] {logging_mixin.py:188} INFO - Delivered message to data [0]
[2024-08-16T04:58:46.093+0000] {logging_mixin.py:188} INFO - Delivered message to data [0]
[2024-08-16T04:58:46.094+0000] {logging_mixin.py:188} INFO - Delivered message to data [0]
[2024-08-16T04:58:46.095+0000] {python.py:237} INFO - Done. Returned value was: None
[2024-08-16T04:58:46.096+0000] {taskinstance.py:441} INFO - ::group::Post task execution logs
[2024-08-16T04:58:46.134+0000] {taskinstance.py:1206} INFO - Marking task as SUCCESS. dag_id=streaming_data, task_id=send_data, run_id=manual__2024-08-16T04:58:30.364569+00:00, execution_date=20240816T045830, start_date=20240816T045844, end_date=20240816T045846
[2024-08-16T04:58:46.215+0000] {local_task_job_runner.py:243} INFO - Task exited with return code 0
[2024-08-16T04:58:46.272+0000] {taskinstance.py:3503} INFO - 0 downstream tasks scheduled from follow-on schedule check
[2024-08-16T04:58:46.277+0000] {local_task_job_runner.py:222} INFO - ::endgroup::
