[2024-08-09T08:17:52.111+0000] {local_task_job_runner.py:120} INFO - ::group::Pre task execution logs
[2024-08-09T08:17:52.152+0000] {taskinstance.py:2076} INFO - Dependencies all met for dep_context=non-requeueable deps ti=<TaskInstance: streaming_data.send_data manual__2024-08-09T08:17:42.272583+00:00 [queued]>
[2024-08-09T08:17:52.163+0000] {taskinstance.py:2076} INFO - Dependencies all met for dep_context=requeueable deps ti=<TaskInstance: streaming_data.send_data manual__2024-08-09T08:17:42.272583+00:00 [queued]>
[2024-08-09T08:17:52.164+0000] {taskinstance.py:2306} INFO - Starting attempt 1 of 2
[2024-08-09T08:17:52.180+0000] {taskinstance.py:2330} INFO - Executing <Task(PythonOperator): send_data> on 2024-08-09 08:17:42.272583+00:00
[2024-08-09T08:17:52.189+0000] {logging_mixin.py:188} WARNING - /home/***/.local/lib/python3.12/site-packages/***/task/task_runner/standard_task_runner.py:62 DeprecationWarning: This process (pid=2461) is multi-threaded, use of fork() may lead to deadlocks in the child.
[2024-08-09T08:17:52.190+0000] {standard_task_runner.py:64} INFO - Started process 2463 to run task
[2024-08-09T08:17:52.189+0000] {standard_task_runner.py:90} INFO - Running: ['***', 'tasks', 'run', 'streaming_data', 'send_data', 'manual__2024-08-09T08:17:42.272583+00:00', '--job-id', '150', '--raw', '--subdir', 'DAGS_FOLDER/stream.py', '--cfg-path', '/tmp/tmpizdbzxj6']
[2024-08-09T08:17:52.191+0000] {standard_task_runner.py:91} INFO - Job 150: Subtask send_data
[2024-08-09T08:17:52.216+0000] {logging_mixin.py:188} WARNING - /home/***/.local/lib/python3.12/site-packages/***/settings.py:195 DeprecationWarning: The sql_alchemy_conn option in [core] has been moved to the sql_alchemy_conn option in [database] - the old setting has been used, but please update your config.
[2024-08-09T08:17:52.260+0000] {task_command.py:426} INFO - Running <TaskInstance: streaming_data.send_data manual__2024-08-09T08:17:42.272583+00:00 [running]> on host 110119ffa3a6
[2024-08-09T08:17:52.450+0000] {taskinstance.py:2648} INFO - Exporting env vars: AIRFLOW_CTX_DAG_OWNER='***' AIRFLOW_CTX_DAG_ID='streaming_data' AIRFLOW_CTX_TASK_ID='send_data' AIRFLOW_CTX_EXECUTION_DATE='2024-08-09T08:17:42.272583+00:00' AIRFLOW_CTX_TRY_NUMBER='1' AIRFLOW_CTX_DAG_RUN_ID='manual__2024-08-09T08:17:42.272583+00:00'
[2024-08-09T08:17:52.451+0000] {taskinstance.py:430} INFO - ::endgroup::
[2024-08-09T08:17:53.475+0000] {logging_mixin.py:188} INFO - Delivered message to stock_data [0]
[2024-08-09T08:17:53.476+0000] {logging_mixin.py:188} INFO - Delivered message to stock_data [0]
[2024-08-09T08:17:53.477+0000] {logging_mixin.py:188} INFO - Delivered message to stock_data [0]
[2024-08-09T08:17:53.478+0000] {logging_mixin.py:188} INFO - Delivered message to stock_data [0]
[2024-08-09T08:17:53.478+0000] {logging_mixin.py:188} INFO - Delivered message to stock_data [0]
[2024-08-09T08:17:53.479+0000] {logging_mixin.py:188} INFO - Delivered message to stock_data [0]
[2024-08-09T08:17:53.479+0000] {logging_mixin.py:188} INFO - Delivered message to stock_data [0]
[2024-08-09T08:17:53.480+0000] {logging_mixin.py:188} INFO - Delivered message to stock_data [0]
[2024-08-09T08:17:53.480+0000] {logging_mixin.py:188} INFO - Delivered message to stock_data [0]
[2024-08-09T08:17:53.481+0000] {python.py:237} INFO - Done. Returned value was: None
[2024-08-09T08:17:53.482+0000] {taskinstance.py:441} INFO - ::group::Post task execution logs
[2024-08-09T08:17:53.494+0000] {taskinstance.py:1206} INFO - Marking task as SUCCESS. dag_id=streaming_data, task_id=send_data, run_id=manual__2024-08-09T08:17:42.272583+00:00, execution_date=20240809T081742, start_date=20240809T081752, end_date=20240809T081753
[2024-08-09T08:17:53.571+0000] {local_task_job_runner.py:243} INFO - Task exited with return code 0
[2024-08-09T08:17:53.596+0000] {taskinstance.py:3503} INFO - 0 downstream tasks scheduled from follow-on schedule check
[2024-08-09T08:17:53.599+0000] {local_task_job_runner.py:222} INFO - ::endgroup::
