[2024-08-09T09:01:44.888+0000] {local_task_job_runner.py:120} INFO - ::group::Pre task execution logs
[2024-08-09T09:01:44.943+0000] {taskinstance.py:2076} INFO - Dependencies all met for dep_context=non-requeueable deps ti=<TaskInstance: streaming_data_today.get_data manual__2024-08-09T09:01:42.593496+00:00 [queued]>
[2024-08-09T09:01:44.957+0000] {taskinstance.py:2076} INFO - Dependencies all met for dep_context=requeueable deps ti=<TaskInstance: streaming_data_today.get_data manual__2024-08-09T09:01:42.593496+00:00 [queued]>
[2024-08-09T09:01:44.959+0000] {taskinstance.py:2306} INFO - Starting attempt 1 of 2
[2024-08-09T09:01:44.986+0000] {taskinstance.py:2330} INFO - Executing <Task(PythonOperator): get_data> on 2024-08-09 09:01:42.593496+00:00
[2024-08-09T09:01:44.999+0000] {logging_mixin.py:188} WARNING - /home/***/.local/lib/python3.12/site-packages/***/task/task_runner/standard_task_runner.py:62 DeprecationWarning: This process (pid=1099) is multi-threaded, use of fork() may lead to deadlocks in the child.
[2024-08-09T09:01:44.998+0000] {standard_task_runner.py:90} INFO - Running: ['***', 'tasks', 'run', 'streaming_data_today', 'get_data', 'manual__2024-08-09T09:01:42.593496+00:00', '--job-id', '170', '--raw', '--subdir', 'DAGS_FOLDER/stream_today.py', '--cfg-path', '/tmp/tmpj3yhbo57']
[2024-08-09T09:01:45.001+0000] {standard_task_runner.py:64} INFO - Started process 1101 to run task
[2024-08-09T09:01:45.001+0000] {standard_task_runner.py:91} INFO - Job 170: Subtask get_data
[2024-08-09T09:01:45.031+0000] {logging_mixin.py:188} WARNING - /home/***/.local/lib/python3.12/site-packages/***/settings.py:195 DeprecationWarning: The sql_alchemy_conn option in [core] has been moved to the sql_alchemy_conn option in [database] - the old setting has been used, but please update your config.
[2024-08-09T09:01:45.115+0000] {task_command.py:426} INFO - Running <TaskInstance: streaming_data_today.get_data manual__2024-08-09T09:01:42.593496+00:00 [running]> on host 562e157be0a0
[2024-08-09T09:01:45.334+0000] {taskinstance.py:2648} INFO - Exporting env vars: AIRFLOW_CTX_DAG_OWNER='***' AIRFLOW_CTX_DAG_ID='streaming_data_today' AIRFLOW_CTX_TASK_ID='get_data' AIRFLOW_CTX_EXECUTION_DATE='2024-08-09T09:01:42.593496+00:00' AIRFLOW_CTX_TRY_NUMBER='1' AIRFLOW_CTX_DAG_RUN_ID='manual__2024-08-09T09:01:42.593496+00:00'
[2024-08-09T09:01:45.338+0000] {taskinstance.py:430} INFO - ::endgroup::
[2024-08-09T09:01:46.275+0000] {logging_mixin.py:188} WARNING - [*********************100%%**********************]  1 of 1 completed
[2024-08-09T09:01:46.395+0000] {logging_mixin.py:188} WARNING - [*********************100%%**********************]  1 of 1 completed
[2024-08-09T09:01:46.513+0000] {logging_mixin.py:188} WARNING - [*********************100%%**********************]  1 of 1 completed
[2024-08-09T09:01:46.685+0000] {logging_mixin.py:188} WARNING - [*********************100%%**********************]  1 of 1 completed
[2024-08-09T09:01:46.791+0000] {logging_mixin.py:188} INFO - $TPE: possibly delisted; No price data found  (1d 2024-08-09 -> 2024-08-09)
[2024-08-09T09:01:46.799+0000] {logging_mixin.py:188} WARNING - [*********************100%%**********************]  1 of 1 completed
[2024-08-09T09:01:46.800+0000] {multi.py:171} ERROR - 
1 Failed download:
[2024-08-09T09:01:46.800+0000] {multi.py:184} ERROR - ['TPE']: YFPricesMissingError('$%ticker%: possibly delisted; No price data found  (1d 2024-08-09 -> 2024-08-09)')
[2024-08-09T09:01:46.931+0000] {logging_mixin.py:188} WARNING - [*********************100%%**********************]  1 of 1 completed
[2024-08-09T09:01:47.094+0000] {logging_mixin.py:188} WARNING - [*********************100%%**********************]  1 of 1 completed
[2024-08-09T09:01:47.220+0000] {logging_mixin.py:188} WARNING - [*********************100%%**********************]  1 of 1 completed
[2024-08-09T09:01:47.405+0000] {logging_mixin.py:188} WARNING - [*********************100%%**********************]  1 of 1 completed
[2024-08-09T09:01:47.602+0000] {logging_mixin.py:188} WARNING - [*********************100%%**********************]  1 of 1 completed
[2024-08-09T09:01:47.685+0000] {python.py:237} INFO - Done. Returned value was: [                  Open        High  ...   Adj Close    Volume
Date                                ...                      
2024-08-08  213.095001  214.199997  ...  213.309998  44537549

[1 rows x 6 columns],              Open        High         Low       Close   Adj Close    Volume
Date                                                                       
2024-08-08  132.0  136.479996  128.949997  136.320007  136.320007  48618905,                   Open        High  ...   Adj Close    Volume
Date                                ...                      
2024-08-08  165.214996  166.689896  ...  165.800003  43980419

[1 rows x 6 columns],                   Open        High         Low       Close   Adj Close   Volume
Date                                                                           
2024-08-08  160.740005  165.580002  157.869995  164.949997  164.949997  9469521, Empty DataFrame
Columns: [Open, High, Low, Close, Adj Close, Volume]
Index: [],                   Open        High  ...   Adj Close    Volume
Date                                ...                      
2024-08-08  160.509995  163.690002  ...  162.029999  25288177

[1 rows x 6 columns],              Open       High    Low  Close  Adj Close    Volume
Date                                                           
2024-08-08  19.09  20.549999  18.84  20.49      20.49  96035286,                   Open        High  ...   Adj Close    Volume
Date                                ...                      
2024-08-08  497.950012  509.959991  ...  509.630005  15987409

[1 rows x 6 columns],                   Open   High        Low       Close   Adj Close     Volume
Date                                                                       
2024-08-08  101.989998  105.5  97.519997  104.970001  104.970001  386755086,              Open        High         Low       Close   Adj Close   Volume
Date                                                                      
2024-08-08  622.0  632.289978  616.030029  630.349976  630.349976  3044773]
[2024-08-09T09:01:47.805+0000] {taskinstance.py:441} INFO - ::group::Post task execution logs
[2024-08-09T09:01:47.892+0000] {taskinstance.py:1206} INFO - Marking task as SUCCESS. dag_id=streaming_data_today, task_id=get_data, run_id=manual__2024-08-09T09:01:42.593496+00:00, execution_date=20240809T090142, start_date=20240809T090144, end_date=20240809T090147
[2024-08-09T09:01:47.925+0000] {local_task_job_runner.py:243} INFO - Task exited with return code 0
[2024-08-09T09:01:47.983+0000] {taskinstance.py:3503} INFO - 1 downstream tasks scheduled from follow-on schedule check
[2024-08-09T09:01:47.986+0000] {local_task_job_runner.py:222} INFO - ::endgroup::
