[2024-08-08T03:24:37.272+0000] {local_task_job_runner.py:120} INFO - ::group::Pre task execution logs
[2024-08-08T03:24:37.383+0000] {taskinstance.py:2076} INFO - Dependencies all met for dep_context=non-requeueable deps ti=<TaskInstance: user_automation.stream_data_from_api manual__2024-08-08T03:24:36.156790+00:00 [queued]>
[2024-08-08T03:24:37.412+0000] {taskinstance.py:2076} INFO - Dependencies all met for dep_context=requeueable deps ti=<TaskInstance: user_automation.stream_data_from_api manual__2024-08-08T03:24:36.156790+00:00 [queued]>
[2024-08-08T03:24:37.415+0000] {taskinstance.py:2306} INFO - Starting attempt 1 of 1
[2024-08-08T03:24:37.474+0000] {taskinstance.py:2330} INFO - Executing <Task(PythonOperator): stream_data_from_api> on 2024-08-08 03:24:36.156790+00:00
[2024-08-08T03:24:37.491+0000] {logging_mixin.py:188} WARNING - /home/***/.local/lib/python3.12/site-packages/***/task/task_runner/standard_task_runner.py:62 DeprecationWarning: This process (pid=1295) is multi-threaded, use of fork() may lead to deadlocks in the child.
[2024-08-08T03:24:37.535+0000] {standard_task_runner.py:64} INFO - Started process 1296 to run task
[2024-08-08T03:24:37.569+0000] {standard_task_runner.py:90} INFO - Running: ['***', 'tasks', 'run', 'user_automation', 'stream_data_from_api', 'manual__2024-08-08T03:24:36.156790+00:00', '--job-id', '27', '--raw', '--subdir', 'DAGS_FOLDER/kafka_stream.py', '--cfg-path', '/tmp/tmpihicu5ru']
[2024-08-08T03:24:37.633+0000] {standard_task_runner.py:91} INFO - Job 27: Subtask stream_data_from_api
[2024-08-08T03:24:37.921+0000] {logging_mixin.py:188} WARNING - /home/***/.local/lib/python3.12/site-packages/***/settings.py:195 DeprecationWarning: The sql_alchemy_conn option in [core] has been moved to the sql_alchemy_conn option in [database] - the old setting has been used, but please update your config.
[2024-08-08T03:24:38.196+0000] {task_command.py:426} INFO - Running <TaskInstance: user_automation.stream_data_from_api manual__2024-08-08T03:24:36.156790+00:00 [running]> on host 1c8fec21bc35
[2024-08-08T03:24:38.719+0000] {taskinstance.py:2648} INFO - Exporting env vars: AIRFLOW_CTX_DAG_OWNER='airscholar' AIRFLOW_CTX_DAG_ID='user_automation' AIRFLOW_CTX_TASK_ID='stream_data_from_api' AIRFLOW_CTX_EXECUTION_DATE='2024-08-08T03:24:36.156790+00:00' AIRFLOW_CTX_TRY_NUMBER='1' AIRFLOW_CTX_DAG_RUN_ID='manual__2024-08-08T03:24:36.156790+00:00'
[2024-08-08T03:24:38.720+0000] {taskinstance.py:430} INFO - ::endgroup::
[2024-08-08T03:24:43.782+0000] {kafka_stream.py:55} INFO - Message sent to users_created partition 0
[2024-08-08T03:24:46.120+0000] {kafka_stream.py:55} INFO - Message sent to users_created partition 0
[2024-08-08T03:24:47.552+0000] {kafka_stream.py:55} INFO - Message sent to users_created partition 0
[2024-08-08T03:24:48.145+0000] {kafka_stream.py:55} INFO - Message sent to users_created partition 0
[2024-08-08T03:24:49.020+0000] {kafka_stream.py:55} INFO - Message sent to users_created partition 0
[2024-08-08T03:24:49.650+0000] {kafka_stream.py:55} INFO - Message sent to users_created partition 0
[2024-08-08T03:24:50.162+0000] {kafka_stream.py:55} INFO - Message sent to users_created partition 0
[2024-08-08T03:24:50.792+0000] {kafka_stream.py:55} INFO - Message sent to users_created partition 0
[2024-08-08T03:24:51.764+0000] {kafka_stream.py:55} INFO - Message sent to users_created partition 0
[2024-08-08T03:24:52.442+0000] {kafka_stream.py:55} INFO - Message sent to users_created partition 0
[2024-08-08T03:24:52.930+0000] {kafka_stream.py:55} INFO - Message sent to users_created partition 0
[2024-08-08T03:24:55.903+0000] {kafka_stream.py:55} INFO - Message sent to users_created partition 0
[2024-08-08T03:24:58.013+0000] {kafka_stream.py:55} INFO - Message sent to users_created partition 0
[2024-08-08T03:25:00.079+0000] {kafka_stream.py:55} INFO - Message sent to users_created partition 0
[2024-08-08T03:25:03.504+0000] {kafka_stream.py:55} INFO - Message sent to users_created partition 0
[2024-08-08T03:25:05.333+0000] {kafka_stream.py:55} INFO - Message sent to users_created partition 0
[2024-08-08T03:25:06.652+0000] {kafka_stream.py:55} INFO - Message sent to users_created partition 0
[2024-08-08T03:25:07.646+0000] {kafka_stream.py:55} INFO - Message sent to users_created partition 0
[2024-08-08T03:25:08.301+0000] {kafka_stream.py:55} INFO - Message sent to users_created partition 0
[2024-08-08T03:25:09.309+0000] {kafka_stream.py:55} INFO - Message sent to users_created partition 0
[2024-08-08T03:25:10.187+0000] {kafka_stream.py:55} INFO - Message sent to users_created partition 0
[2024-08-08T03:25:10.881+0000] {kafka_stream.py:55} INFO - Message sent to users_created partition 0
[2024-08-08T03:25:12.928+0000] {kafka_stream.py:55} INFO - Message sent to users_created partition 0
[2024-08-08T03:25:15.306+0000] {kafka_stream.py:55} INFO - Message sent to users_created partition 0
[2024-08-08T03:25:17.383+0000] {kafka_stream.py:55} INFO - Message sent to users_created partition 0
[2024-08-08T03:25:18.707+0000] {kafka_stream.py:55} INFO - Message sent to users_created partition 0
[2024-08-08T03:25:19.705+0000] {kafka_stream.py:55} INFO - Message sent to users_created partition 0
[2024-08-08T03:25:20.845+0000] {kafka_stream.py:55} INFO - Message sent to users_created partition 0
[2024-08-08T03:25:21.527+0000] {kafka_stream.py:55} INFO - Message sent to users_created partition 0
[2024-08-08T03:25:22.095+0000] {kafka_stream.py:55} INFO - Message sent to users_created partition 0
[2024-08-08T03:25:23.109+0000] {kafka_stream.py:55} INFO - Message sent to users_created partition 0
[2024-08-08T03:25:24.205+0000] {kafka_stream.py:55} INFO - Message sent to users_created partition 0
[2024-08-08T03:25:25.310+0000] {kafka_stream.py:55} INFO - Message sent to users_created partition 0
[2024-08-08T03:25:26.086+0000] {kafka_stream.py:55} INFO - Message sent to users_created partition 0
[2024-08-08T03:25:27.351+0000] {kafka_stream.py:55} INFO - Message sent to users_created partition 0
[2024-08-08T03:25:28.468+0000] {kafka_stream.py:55} INFO - Message sent to users_created partition 0
[2024-08-08T03:25:29.649+0000] {kafka_stream.py:55} INFO - Message sent to users_created partition 0
[2024-08-08T03:25:30.676+0000] {kafka_stream.py:55} INFO - Message sent to users_created partition 0
[2024-08-08T03:25:32.234+0000] {kafka_stream.py:55} INFO - Message sent to users_created partition 0
[2024-08-08T03:25:34.074+0000] {kafka_stream.py:55} INFO - Message sent to users_created partition 0
[2024-08-08T03:25:36.224+0000] {kafka_stream.py:55} INFO - Message sent to users_created partition 0
[2024-08-08T03:25:38.465+0000] {kafka_stream.py:55} INFO - Message sent to users_created partition 0
[2024-08-08T03:25:40.091+0000] {kafka_stream.py:55} INFO - Message sent to users_created partition 0
[2024-08-08T03:25:40.096+0000] {python.py:237} INFO - Done. Returned value was: None
[2024-08-08T03:25:40.099+0000] {taskinstance.py:441} INFO - ::group::Post task execution logs
[2024-08-08T03:25:40.133+0000] {taskinstance.py:1206} INFO - Marking task as SUCCESS. dag_id=user_automation, task_id=stream_data_from_api, run_id=manual__2024-08-08T03:24:36.156790+00:00, execution_date=20240808T032436, start_date=20240808T032437, end_date=20240808T032540
[2024-08-08T03:25:40.173+0000] {local_task_job_runner.py:243} INFO - Task exited with return code 0
[2024-08-08T03:25:40.222+0000] {taskinstance.py:3503} INFO - 0 downstream tasks scheduled from follow-on schedule check
[2024-08-08T03:25:40.226+0000] {local_task_job_runner.py:222} INFO - ::endgroup::
