[2024-08-08T14:00:37.832+0000] {local_task_job_runner.py:120} INFO - ::group::Pre task execution logs
[2024-08-08T14:00:37.924+0000] {taskinstance.py:2076} INFO - Dependencies all met for dep_context=non-requeueable deps ti=<TaskInstance: finnhub_data_streaming.stream_data manual__2024-08-08T14:00:33.132150+00:00 [queued]>
[2024-08-08T14:00:37.944+0000] {taskinstance.py:2076} INFO - Dependencies all met for dep_context=requeueable deps ti=<TaskInstance: finnhub_data_streaming.stream_data manual__2024-08-08T14:00:33.132150+00:00 [queued]>
[2024-08-08T14:00:37.946+0000] {taskinstance.py:2306} INFO - Starting attempt 1 of 1
[2024-08-08T14:00:37.972+0000] {taskinstance.py:2330} INFO - Executing <Task(PythonOperator): stream_data> on 2024-08-08 14:00:33.132150+00:00
[2024-08-08T14:00:37.984+0000] {logging_mixin.py:188} WARNING - /home/***/.local/lib/python3.12/site-packages/***/task/task_runner/standard_task_runner.py:62 DeprecationWarning: This process (pid=392) is multi-threaded, use of fork() may lead to deadlocks in the child.
[2024-08-08T14:00:37.983+0000] {standard_task_runner.py:90} INFO - Running: ['***', 'tasks', 'run', 'finnhub_data_streaming', 'stream_data', 'manual__2024-08-08T14:00:33.132150+00:00', '--job-id', '38', '--raw', '--subdir', 'DAGS_FOLDER/topic.py', '--cfg-path', '/tmp/tmp7hifuioj']
[2024-08-08T14:00:37.988+0000] {standard_task_runner.py:91} INFO - Job 38: Subtask stream_data
[2024-08-08T14:00:37.988+0000] {standard_task_runner.py:64} INFO - Started process 393 to run task
[2024-08-08T14:00:38.020+0000] {logging_mixin.py:188} WARNING - /home/***/.local/lib/python3.12/site-packages/***/settings.py:195 DeprecationWarning: The sql_alchemy_conn option in [core] has been moved to the sql_alchemy_conn option in [database] - the old setting has been used, but please update your config.
[2024-08-08T14:00:38.098+0000] {task_command.py:426} INFO - Running <TaskInstance: finnhub_data_streaming.stream_data manual__2024-08-08T14:00:33.132150+00:00 [running]> on host 1c8fec21bc35
[2024-08-08T14:00:38.283+0000] {taskinstance.py:2648} INFO - Exporting env vars: AIRFLOW_CTX_DAG_OWNER='***' AIRFLOW_CTX_DAG_ID='finnhub_data_streaming' AIRFLOW_CTX_TASK_ID='stream_data' AIRFLOW_CTX_EXECUTION_DATE='2024-08-08T14:00:33.132150+00:00' AIRFLOW_CTX_TRY_NUMBER='1' AIRFLOW_CTX_DAG_RUN_ID='manual__2024-08-08T14:00:33.132150+00:00'
[2024-08-08T14:00:38.284+0000] {taskinstance.py:430} INFO - ::endgroup::
[2024-08-08T14:00:39.311+0000] {logging_mixin.py:188} INFO - Message được gửi tới topic_finnhub [Partition: 0]
[2024-08-08T14:00:39.312+0000] {python.py:237} INFO - Done. Returned value was: None
[2024-08-08T14:00:39.313+0000] {taskinstance.py:441} INFO - ::group::Post task execution logs
[2024-08-08T14:00:39.327+0000] {taskinstance.py:1206} INFO - Marking task as SUCCESS. dag_id=finnhub_data_streaming, task_id=stream_data, run_id=manual__2024-08-08T14:00:33.132150+00:00, execution_date=20240808T140033, start_date=20240808T140037, end_date=20240808T140039
[2024-08-08T14:00:39.373+0000] {local_task_job_runner.py:243} INFO - Task exited with return code 0
[2024-08-08T14:00:39.400+0000] {taskinstance.py:3503} INFO - 0 downstream tasks scheduled from follow-on schedule check
[2024-08-08T14:00:39.404+0000] {local_task_job_runner.py:222} INFO - ::endgroup::
