[2024-08-08T15:50:30.463+0000] {local_task_job_runner.py:120} INFO - ::group::Pre task execution logs
[2024-08-08T15:50:30.630+0000] {taskinstance.py:2076} INFO - Dependencies all met for dep_context=non-requeueable deps ti=<TaskInstance: finnhub_kafka.stream_data_from_api manual__2024-08-08T15:50:29.189827+00:00 [queued]>
[2024-08-08T15:50:30.672+0000] {taskinstance.py:2076} INFO - Dependencies all met for dep_context=requeueable deps ti=<TaskInstance: finnhub_kafka.stream_data_from_api manual__2024-08-08T15:50:29.189827+00:00 [queued]>
[2024-08-08T15:50:30.676+0000] {taskinstance.py:2306} INFO - Starting attempt 1 of 1
[2024-08-08T15:50:30.721+0000] {taskinstance.py:2330} INFO - Executing <Task(PythonOperator): stream_data_from_api> on 2024-08-08 15:50:29.189827+00:00
[2024-08-08T15:50:30.747+0000] {logging_mixin.py:188} WARNING - /home/***/.local/lib/python3.12/site-packages/***/task/task_runner/standard_task_runner.py:62 DeprecationWarning: This process (pid=248) is multi-threaded, use of fork() may lead to deadlocks in the child.
[2024-08-08T15:50:30.738+0000] {standard_task_runner.py:90} INFO - Running: ['***', 'tasks', 'run', 'finnhub_kafka', 'stream_data_from_api', 'manual__2024-08-08T15:50:29.189827+00:00', '--job-id', '70', '--raw', '--subdir', 'DAGS_FOLDER/stream.py', '--cfg-path', '/tmp/tmp64dzkg4y']
[2024-08-08T15:50:30.750+0000] {standard_task_runner.py:64} INFO - Started process 249 to run task
[2024-08-08T15:50:30.750+0000] {standard_task_runner.py:91} INFO - Job 70: Subtask stream_data_from_api
[2024-08-08T15:50:30.820+0000] {logging_mixin.py:188} WARNING - /home/***/.local/lib/python3.12/site-packages/***/settings.py:195 DeprecationWarning: The sql_alchemy_conn option in [core] has been moved to the sql_alchemy_conn option in [database] - the old setting has been used, but please update your config.
[2024-08-08T15:50:31.054+0000] {task_command.py:426} INFO - Running <TaskInstance: finnhub_kafka.stream_data_from_api manual__2024-08-08T15:50:29.189827+00:00 [running]> on host 552be2a98828
[2024-08-08T15:50:31.310+0000] {taskinstance.py:2648} INFO - Exporting env vars: AIRFLOW_CTX_DAG_OWNER='***' AIRFLOW_CTX_DAG_ID='finnhub_kafka' AIRFLOW_CTX_TASK_ID='stream_data_from_api' AIRFLOW_CTX_EXECUTION_DATE='2024-08-08T15:50:29.189827+00:00' AIRFLOW_CTX_TRY_NUMBER='1' AIRFLOW_CTX_DAG_RUN_ID='manual__2024-08-08T15:50:29.189827+00:00'
[2024-08-08T15:50:31.313+0000] {taskinstance.py:430} INFO - ::endgroup::
[2024-08-08T15:50:32.640+0000] {logging_mixin.py:188} INFO - {'symbol': 'AAPL', 'data': {'c': 211.78, 'd': 1.96, 'dp': 0.9341, 'h': 213.21, 'l': 208.83, 'o': 209.55, 'pc': 209.82, 't': 1723132198}, 'timestamp': '2024-08-08T15:50:32.639991'}
[2024-08-08T15:50:33.652+0000] {logging_mixin.py:188} INFO - Message được gửi tới topic_finnhub [Partition: 0]
[2024-08-08T15:50:33.653+0000] {python.py:237} INFO - Done. Returned value was: None
[2024-08-08T15:50:33.654+0000] {taskinstance.py:441} INFO - ::group::Post task execution logs
[2024-08-08T15:50:33.679+0000] {taskinstance.py:1206} INFO - Marking task as SUCCESS. dag_id=finnhub_kafka, task_id=stream_data_from_api, run_id=manual__2024-08-08T15:50:29.189827+00:00, execution_date=20240808T155029, start_date=20240808T155030, end_date=20240808T155033
[2024-08-08T15:50:33.705+0000] {local_task_job_runner.py:243} INFO - Task exited with return code 0
[2024-08-08T15:50:33.739+0000] {taskinstance.py:3503} INFO - 0 downstream tasks scheduled from follow-on schedule check
[2024-08-08T15:50:33.745+0000] {local_task_job_runner.py:222} INFO - ::endgroup::
