[2024-08-08T16:48:11.574+0000] {local_task_job_runner.py:120} INFO - ::group::Pre task execution logs
[2024-08-08T16:48:11.655+0000] {taskinstance.py:2076} INFO - Dependencies all met for dep_context=non-requeueable deps ti=<TaskInstance: streaming.get_data scheduled__2024-07-15T00:00:00+00:00 [queued]>
[2024-08-08T16:48:11.673+0000] {taskinstance.py:2076} INFO - Dependencies all met for dep_context=requeueable deps ti=<TaskInstance: streaming.get_data scheduled__2024-07-15T00:00:00+00:00 [queued]>
[2024-08-08T16:48:11.675+0000] {taskinstance.py:2306} INFO - Starting attempt 1 of 2
[2024-08-08T16:48:11.711+0000] {taskinstance.py:2330} INFO - Executing <Task(PythonOperator): get_data> on 2024-07-15 00:00:00+00:00
[2024-08-08T16:48:11.726+0000] {standard_task_runner.py:90} INFO - Running: ['***', 'tasks', 'run', 'streaming', 'get_data', 'scheduled__2024-07-15T00:00:00+00:00', '--job-id', '117', '--raw', '--subdir', 'DAGS_FOLDER/topic.py', '--cfg-path', '/tmp/tmpoyc7aike']
[2024-08-08T16:48:11.727+0000] {logging_mixin.py:188} WARNING - /home/***/.local/lib/python3.12/site-packages/***/task/task_runner/standard_task_runner.py:62 DeprecationWarning: This process (pid=348) is multi-threaded, use of fork() may lead to deadlocks in the child.
[2024-08-08T16:48:11.734+0000] {standard_task_runner.py:91} INFO - Job 117: Subtask get_data
[2024-08-08T16:48:11.737+0000] {standard_task_runner.py:64} INFO - Started process 354 to run task
[2024-08-08T16:48:11.780+0000] {logging_mixin.py:188} WARNING - /home/***/.local/lib/python3.12/site-packages/***/settings.py:195 DeprecationWarning: The sql_alchemy_conn option in [core] has been moved to the sql_alchemy_conn option in [database] - the old setting has been used, but please update your config.
[2024-08-08T16:48:11.954+0000] {task_command.py:426} INFO - Running <TaskInstance: streaming.get_data scheduled__2024-07-15T00:00:00+00:00 [running]> on host 110119ffa3a6
[2024-08-08T16:48:12.237+0000] {taskinstance.py:2648} INFO - Exporting env vars: AIRFLOW_CTX_DAG_OWNER='***' AIRFLOW_CTX_DAG_ID='streaming' AIRFLOW_CTX_TASK_ID='get_data' AIRFLOW_CTX_EXECUTION_DATE='2024-07-15T00:00:00+00:00' AIRFLOW_CTX_TRY_NUMBER='1' AIRFLOW_CTX_DAG_RUN_ID='scheduled__2024-07-15T00:00:00+00:00'
[2024-08-08T16:48:12.239+0000] {taskinstance.py:430} INFO - ::endgroup::
[2024-08-08T16:48:12.313+0000] {cache.py:130} INFO - Failed to create TzCache, reason: Error creating TzCache folder: '/home/***/.cache/py-yfinance' reason: [Errno 17] File exists: '/home/***/.cache/py-yfinance'. TzCache will not be used. Tip: You can direct cache to use a different location with 'set_tz_cache_location(mylocation)'
[2024-08-08T16:48:14.403+0000] {logging_mixin.py:188} WARNING - [*********************100%%**********************]  1 of 1 completed
[2024-08-08T16:48:15.100+0000] {logging_mixin.py:188} WARNING - [*********************100%%**********************]  1 of 1 completed
[2024-08-08T16:48:15.664+0000] {logging_mixin.py:188} WARNING - [*********************100%%**********************]  1 of 1 completed
[2024-08-08T16:48:16.441+0000] {logging_mixin.py:188} WARNING - [*********************100%%**********************]  1 of 1 completed
[2024-08-08T16:48:16.962+0000] {logging_mixin.py:188} WARNING - [*********************100%%**********************]  1 of 1 completed
[2024-08-08T16:48:17.551+0000] {logging_mixin.py:188} WARNING - [*********************100%%**********************]  1 of 1 completed
[2024-08-08T16:48:18.436+0000] {logging_mixin.py:188} WARNING - [*********************100%%**********************]  1 of 1 completed
[2024-08-08T16:48:18.943+0000] {logging_mixin.py:188} WARNING - [*********************100%%**********************]  1 of 1 completed
[2024-08-08T16:48:19.744+0000] {logging_mixin.py:188} WARNING - [*********************100%%**********************]  1 of 1 completed
[2024-08-08T16:48:20.456+0000] {logging_mixin.py:188} WARNING - [*********************100%%**********************]  1 of 1 completed
[2024-08-08T16:48:21.786+0000] {python.py:237} INFO - Done. Returned value was: [                  Open        High  ...   Adj Close     Volume
Date                                ...                       
2000-01-03    0.936384    1.004464  ...    0.844981  535796800
2000-01-04    0.966518    0.987723  ...    0.773741  512377600
2000-01-05    0.926339    0.987165  ...    0.785063  778321600
2000-01-06    0.947545    0.955357  ...    0.717125  767972800
2000-01-07    0.861607    0.901786  ...    0.751094  460734400
...                ...         ...  ...         ...        ...
2024-08-02  219.149994  225.600006  ...  219.860001  105568600
2024-08-05  199.089996  213.500000  ...  209.270004  119548600
2024-08-06  205.300003  209.990005  ...  207.229996   69660500
2024-08-07  206.899994  213.639999  ...  209.820007   63402300
2024-08-08  213.095001  213.460007  ...  213.259995   20830082

[6189 rows x 6 columns],                   Open        High  ...   Adj Close    Volume
Date                                ...                      
2000-01-03   14.968750   15.593750  ...   15.500000   7843200
2000-01-04   15.125000   15.500000  ...   14.625000   6290200
2000-01-05   14.531250   15.062500  ...   15.000000   8204600
2000-01-06   15.500000   16.000000  ...   16.000000  11489400
2000-01-07   15.406250   16.406250  ...   16.250000   8543400
...                ...         ...  ...         ...       ...
2024-08-02  133.500000  137.100006  ...  132.500000  78562000
2024-08-05  122.160004  139.139999  ...  134.820007  76089400
2024-08-06  135.149994  136.440002  ...  130.179993  64455600
2024-08-07  133.750000  136.240005  ...  128.669998  54540800
2024-08-08  132.000000  135.500000  ...  134.820007  27679074

[6189 rows x 6 columns],                   Open        High  ...   Adj Close     Volume
Date                                ...                       
2000-01-03    4.075000    4.478125  ...    4.468750  322352000
2000-01-04    4.268750    4.575000  ...    4.096875  349748000
2000-01-05    3.525000    3.756250  ...    3.487500  769148000
2000-01-06    3.565625    3.634375  ...    3.278125  375040000
2000-01-07    3.350000    3.525000  ...    3.478125  210108000
...                ...         ...  ...         ...        ...
2024-08-02  166.750000  168.770004  ...  167.899994  141448400
2024-08-05  154.210007  162.960007  ...  161.020004   83149400
2024-08-06  161.710007  165.080002  ...  161.929993   59950800
2024-08-07  166.550003  167.580002  ...  162.770004   48282000
2024-08-08  165.214996  165.779999  ...  164.916000   22057647

[6189 rows x 6 columns],                   Open        High  ...   Adj Close    Volume
Date                                ...                      
2000-01-03   99.625000  100.000000  ...   57.373062  91334000
2000-01-04   86.281250   87.656250  ...   51.853725  63567400
2000-01-05   79.937500   81.625000  ...   50.053951  93778400
2000-01-06   74.250000   78.000000  ...   44.814564  58782600
2000-01-07   67.000000   75.250000  ...   47.994202  68198600
...                ...         ...  ...         ...       ...
2024-08-02  160.520004  164.259995  ...  159.309998  16618900
2024-08-05  153.270004  162.820007  ...  157.949997  12733900
2024-08-06  158.419998  163.630005  ...  158.720001   9301000
2024-08-07  163.580002  164.320007  ...  156.119995   9252700
2024-08-08  160.740005  164.460007  ...  163.395004   3101428

[6189 rows x 6 columns],             Open  High   Low  Close  Adj Close    Volume
Date                                                    
2010-06-30  5.13  5.14  5.01   5.05       5.05  89320000
2010-07-01  5.01  5.07  4.96   5.05       5.05  19215635
2010-07-02  5.06  5.09  5.05   5.06       5.06   5232982
2010-07-06  5.06  5.09  5.06   5.07       5.07   3961562
2010-07-07  5.06  5.07  5.04   5.05       5.05   5290180
...          ...   ...   ...    ...        ...       ...
2018-01-24  3.25  3.25  3.14   3.14       3.14   4461116
2018-01-25  3.14  3.17  3.11   3.11       3.11   3655176
2018-01-26  3.12  3.13  3.07   3.08       3.08   4814469
2018-01-29  3.09  3.16  3.08   3.13       3.13   2622926
2018-01-30  3.13  3.13  3.05   3.05       3.05   3468830

[1900 rows x 6 columns],                   Open        High  ...   Adj Close     Volume
Date                                ...                       
2004-08-19    2.502503    2.604104  ...    2.508132  893181924
2004-08-20    2.527778    2.729730  ...    2.707353  456686856
2004-08-23    2.771522    2.839840  ...    2.734599  365122512
2004-08-24    2.783784    2.792793  ...    2.621365  304946748
2004-08-25    2.626627    2.702703  ...    2.649612  183772044
...                ...         ...  ...         ...        ...
2024-08-02  166.440002  168.509995  ...  166.660004   29130100
2024-08-05  155.500000  164.429993  ...  159.250000   53630700
2024-08-06  159.330002  160.570007  ...  158.289993   49004600
2024-08-07  161.250000  162.979996  ...  158.940002   25097900
2024-08-08  160.509995  163.690002  ...  162.989899    9098014

[5027 rows x 6 columns],                  Open       High        Low      Close  Adj Close     Volume
Date                                                                        
2000-01-03  41.632812  43.687500  41.625000  43.500000  24.710653   57710200
2000-01-04  42.718750  43.937500  41.125000  41.468750  23.556784   51019600
2000-01-05  41.500000  42.937500  40.250000  41.812500  23.752056   52389000
2000-01-06  40.875000  41.687500  39.093750  39.375000  22.367397   55171200
2000-01-07  38.750000  41.000000  38.687500  41.000000  23.290503   41096400
...               ...        ...        ...        ...        ...        ...
2024-08-02  21.940001  21.980000  20.420000  21.480000  21.344599  300895900
2024-08-05  20.200001  20.389999  19.290001  20.110001  19.983234  147385700
2024-08-06  20.320000  20.629999  19.750000  19.830000  19.705000  106670400
2024-08-07  19.920000  20.250000  18.950001  18.990000  18.990000   97632800
2024-08-08  19.090000  20.110001  18.840000  19.837999  19.837999   47381132

[6189 rows x 6 columns],                   Open        High  ...   Adj Close     Volume
Date                                ...                       
2012-05-18   42.049999   45.000000  ...   38.151604  573576400
2012-05-21   36.529999   36.660000  ...   33.960213  168192700
2012-05-22   32.610001   33.590000  ...   30.936428  101786600
2012-05-23   31.370001   32.500000  ...   31.934378   73600000
2012-05-24   32.950001   33.209999  ...   32.962265   50237200
...                ...         ...  ...         ...        ...
2024-08-02  489.000000  501.149994  ...  488.140015   24044700
2024-08-05  451.350006  483.480011  ...  475.730011   21396200
2024-08-06  479.000000  502.559998  ...  494.089996   20955000
2024-08-07  503.130005  510.149994  ...  488.920013   20045900
2024-08-08  497.950012  504.480011  ...  502.100006    7621818

[3075 rows x 6 columns],                   Open        High  ...   Adj Close     Volume
Date                                ...                       
2000-01-03    0.098438    0.099219  ...    0.089453  300912000
2000-01-04    0.095833    0.096094  ...    0.087065  300480000
2000-01-05    0.092188    0.093750  ...    0.084199  188352000
2000-01-06    0.091797    0.091797  ...    0.078704  120480000
2000-01-07    0.085417    0.088151  ...    0.080019   71184000
...                ...         ...  ...         ...        ...
2024-08-02  103.760002  108.720001  ...  107.269997  482027500
2024-08-05   92.059998  103.410004  ...  100.449997  552842400
2024-08-06  103.839996  107.709999  ...  104.250000  409012100
2024-08-07  107.809998  108.800003  ...   98.910004  408658700
2024-08-08  101.989998  104.144997  ...  103.339996  230479263

[6189 rows x 6 columns],                   Open        High  ...   Adj Close     Volume
Date                                ...                       
2002-05-23    1.156429    1.242857  ...    1.196429  104790000
2002-05-24    1.214286    1.225000  ...    1.210000   11104800
2002-05-28    1.213571    1.232143  ...    1.157143    6609400
2002-05-29    1.164286    1.164286  ...    1.103571    6757800
2002-05-30    1.107857    1.107857  ...    1.071429   10154200
...                ...         ...  ...         ...        ...
2024-08-02  620.979980  625.270020  ...  613.640015    3523000
2024-08-05  587.039978  604.559998  ...  598.549988    4044200
2024-08-06  600.619995  622.450012  ...  609.570007    4319100
2024-08-07  616.070007  632.000000  ...  611.479980    3181300
2024-08-08  622.000000  630.909973  ...  626.869995    1366789

[5591 rows x 6 columns]]
[2024-08-08T16:48:22.169+0000] {taskinstance.py:441} INFO - ::group::Post task execution logs
[2024-08-08T16:48:23.319+0000] {taskinstance.py:1206} INFO - Marking task as SUCCESS. dag_id=streaming, task_id=get_data, run_id=scheduled__2024-07-15T00:00:00+00:00, execution_date=20240715T000000, start_date=20240808T164811, end_date=20240808T164823
[2024-08-08T16:48:23.378+0000] {local_task_job_runner.py:243} INFO - Task exited with return code 0
[2024-08-08T16:48:23.459+0000] {taskinstance.py:3503} INFO - 1 downstream tasks scheduled from follow-on schedule check
[2024-08-08T16:48:23.464+0000] {local_task_job_runner.py:222} INFO - ::endgroup::
