[2024-08-09T08:34:58.336+0000] {local_task_job_runner.py:120} INFO - ::group::Pre task execution logs
[2024-08-09T08:34:58.407+0000] {taskinstance.py:2076} INFO - Dependencies all met for dep_context=non-requeueable deps ti=<TaskInstance: streaming_data_today.get_data scheduled__2024-07-15T00:00:00+00:00 [queued]>
[2024-08-09T08:34:58.423+0000] {taskinstance.py:2076} INFO - Dependencies all met for dep_context=requeueable deps ti=<TaskInstance: streaming_data_today.get_data scheduled__2024-07-15T00:00:00+00:00 [queued]>
[2024-08-09T08:34:58.425+0000] {taskinstance.py:2306} INFO - Starting attempt 1 of 2
[2024-08-09T08:34:58.454+0000] {taskinstance.py:2330} INFO - Executing <Task(PythonOperator): get_data> on 2024-07-15 00:00:00+00:00
[2024-08-09T08:34:58.472+0000] {logging_mixin.py:188} WARNING - /home/***/.local/lib/python3.12/site-packages/***/task/task_runner/standard_task_runner.py:62 DeprecationWarning: This process (pid=371) is multi-threaded, use of fork() may lead to deadlocks in the child.
[2024-08-09T08:34:58.476+0000] {standard_task_runner.py:64} INFO - Started process 375 to run task
[2024-08-09T08:34:58.471+0000] {standard_task_runner.py:90} INFO - Running: ['***', 'tasks', 'run', 'streaming_data_today', 'get_data', 'scheduled__2024-07-15T00:00:00+00:00', '--job-id', '159', '--raw', '--subdir', 'DAGS_FOLDER/stream_today.py', '--cfg-path', '/tmp/tmpi7rhcqb0']
[2024-08-09T08:34:58.477+0000] {standard_task_runner.py:91} INFO - Job 159: Subtask get_data
[2024-08-09T08:34:58.519+0000] {logging_mixin.py:188} WARNING - /home/***/.local/lib/python3.12/site-packages/***/settings.py:195 DeprecationWarning: The sql_alchemy_conn option in [core] has been moved to the sql_alchemy_conn option in [database] - the old setting has been used, but please update your config.
[2024-08-09T08:34:58.614+0000] {task_command.py:426} INFO - Running <TaskInstance: streaming_data_today.get_data scheduled__2024-07-15T00:00:00+00:00 [running]> on host 562e157be0a0
[2024-08-09T08:34:58.820+0000] {taskinstance.py:2648} INFO - Exporting env vars: AIRFLOW_CTX_DAG_OWNER='***' AIRFLOW_CTX_DAG_ID='streaming_data_today' AIRFLOW_CTX_TASK_ID='get_data' AIRFLOW_CTX_EXECUTION_DATE='2024-07-15T00:00:00+00:00' AIRFLOW_CTX_TRY_NUMBER='1' AIRFLOW_CTX_DAG_RUN_ID='scheduled__2024-07-15T00:00:00+00:00'
[2024-08-09T08:34:58.823+0000] {taskinstance.py:430} INFO - ::endgroup::
[2024-08-09T08:34:59.589+0000] {logging_mixin.py:188} WARNING - [*********************100%%**********************]  1 of 1 completed
[2024-08-09T08:34:59.717+0000] {logging_mixin.py:188} WARNING - [*********************100%%**********************]  1 of 1 completed
[2024-08-09T08:34:59.852+0000] {logging_mixin.py:188} WARNING - [*********************100%%**********************]  1 of 1 completed
[2024-08-09T08:35:00.037+0000] {logging_mixin.py:188} WARNING - [*********************100%%**********************]  1 of 1 completed
[2024-08-09T08:35:00.147+0000] {logging_mixin.py:188} INFO - $TPE: possibly delisted; No price data found  (1d 2024-08-09 -> 2024-08-09)
[2024-08-09T08:35:00.151+0000] {logging_mixin.py:188} WARNING - [*********************100%%**********************]  1 of 1 completed
[2024-08-09T08:35:00.152+0000] {multi.py:171} ERROR - 
1 Failed download:
[2024-08-09T08:35:00.153+0000] {multi.py:184} ERROR - ['TPE']: YFPricesMissingError('$%ticker%: possibly delisted; No price data found  (1d 2024-08-09 -> 2024-08-09)')
[2024-08-09T08:35:00.280+0000] {logging_mixin.py:188} WARNING - [*********************100%%**********************]  1 of 1 completed
[2024-08-09T08:35:00.465+0000] {logging_mixin.py:188} WARNING - [*********************100%%**********************]  1 of 1 completed
[2024-08-09T08:35:00.605+0000] {logging_mixin.py:188} WARNING - [*********************100%%**********************]  1 of 1 completed
[2024-08-09T08:35:00.771+0000] {logging_mixin.py:188} WARNING - [*********************100%%**********************]  1 of 1 completed
[2024-08-09T08:35:00.926+0000] {logging_mixin.py:188} WARNING - [*********************100%%**********************]  1 of 1 completed
[2024-08-09T08:35:01.093+0000] {python.py:237} INFO - Done. Returned value was: [                  Open        High  ...   Adj Close    Volume
Date                                ...                      
2024-08-08  213.095001  214.199997  ...  213.309998  44537549

[1 rows x 6 columns],              Open        High         Low       Close   Adj Close    Volume
Date                                                                       
2024-08-08  132.0  136.479996  128.949997  136.320007  136.320007  48618905,                   Open        High  ...   Adj Close    Volume
Date                                ...                      
2024-08-08  165.214996  166.689896  ...  165.800003  43980419

[1 rows x 6 columns],                   Open        High         Low       Close   Adj Close   Volume
Date                                                                           
2024-08-08  160.740005  165.580002  157.869995  164.949997  164.949997  9469521, Empty DataFrame
Columns: [Open, High, Low, Close, Adj Close, Volume]
Index: [],                   Open        High  ...   Adj Close    Volume
Date                                ...                      
2024-08-08  160.509995  163.690002  ...  162.029999  25288177

[1 rows x 6 columns],              Open       High    Low  Close  Adj Close    Volume
Date                                                           
2024-08-08  19.09  20.549999  18.84  20.49      20.49  96035286,                   Open        High  ...   Adj Close    Volume
Date                                ...                      
2024-08-08  497.950012  509.959991  ...  509.630005  15987409

[1 rows x 6 columns],                   Open   High        Low       Close   Adj Close     Volume
Date                                                                       
2024-08-08  101.989998  105.5  97.519997  104.970001  104.970001  386755086,              Open        High         Low       Close   Adj Close   Volume
Date                                                                      
2024-08-08  622.0  632.289978  616.030029  630.349976  630.349976  3044773]
[2024-08-09T08:35:01.392+0000] {taskinstance.py:441} INFO - ::group::Post task execution logs
[2024-08-09T08:35:01.502+0000] {taskinstance.py:1206} INFO - Marking task as SUCCESS. dag_id=streaming_data_today, task_id=get_data, run_id=scheduled__2024-07-15T00:00:00+00:00, execution_date=20240715T000000, start_date=20240809T083458, end_date=20240809T083501
[2024-08-09T08:35:01.629+0000] {local_task_job_runner.py:243} INFO - Task exited with return code 0
[2024-08-09T08:35:01.709+0000] {taskinstance.py:3503} INFO - 1 downstream tasks scheduled from follow-on schedule check
[2024-08-09T08:35:01.716+0000] {local_task_job_runner.py:222} INFO - ::endgroup::
