[2024-08-16T04:14:46.599+0000] {local_task_job_runner.py:120} INFO - ::group::Pre task execution logs
[2024-08-16T04:14:46.662+0000] {taskinstance.py:2076} INFO - Dependencies all met for dep_context=non-requeueable deps ti=<TaskInstance: streaming_data.send_data manual__2024-08-16T04:14:32.761007+00:00 [queued]>
[2024-08-16T04:14:46.674+0000] {taskinstance.py:2076} INFO - Dependencies all met for dep_context=requeueable deps ti=<TaskInstance: streaming_data.send_data manual__2024-08-16T04:14:32.761007+00:00 [queued]>
[2024-08-16T04:14:46.678+0000] {taskinstance.py:2306} INFO - Starting attempt 1 of 2
[2024-08-16T04:14:46.722+0000] {taskinstance.py:2330} INFO - Executing <Task(PythonOperator): send_data> on 2024-08-16 04:14:32.761007+00:00
[2024-08-16T04:14:46.738+0000] {logging_mixin.py:188} WARNING - /home/***/.local/lib/python3.12/site-packages/***/task/task_runner/standard_task_runner.py:62 DeprecationWarning: This process (pid=460) is multi-threaded, use of fork() may lead to deadlocks in the child.
[2024-08-16T04:14:46.741+0000] {standard_task_runner.py:64} INFO - Started process 462 to run task
[2024-08-16T04:14:46.738+0000] {standard_task_runner.py:90} INFO - Running: ['***', 'tasks', 'run', 'streaming_data', 'send_data', 'manual__2024-08-16T04:14:32.761007+00:00', '--job-id', '242', '--raw', '--subdir', 'DAGS_FOLDER/stream.py', '--cfg-path', '/tmp/tmpjtsw73f7']
[2024-08-16T04:14:46.743+0000] {standard_task_runner.py:91} INFO - Job 242: Subtask send_data
[2024-08-16T04:14:46.782+0000] {logging_mixin.py:188} WARNING - /home/***/.local/lib/python3.12/site-packages/***/settings.py:195 DeprecationWarning: The sql_alchemy_conn option in [core] has been moved to the sql_alchemy_conn option in [database] - the old setting has been used, but please update your config.
[2024-08-16T04:14:46.871+0000] {task_command.py:426} INFO - Running <TaskInstance: streaming_data.send_data manual__2024-08-16T04:14:32.761007+00:00 [running]> on host 3543b736d6b3
[2024-08-16T04:14:47.085+0000] {taskinstance.py:2648} INFO - Exporting env vars: AIRFLOW_CTX_DAG_OWNER='***' AIRFLOW_CTX_DAG_ID='streaming_data' AIRFLOW_CTX_TASK_ID='send_data' AIRFLOW_CTX_EXECUTION_DATE='2024-08-16T04:14:32.761007+00:00' AIRFLOW_CTX_TRY_NUMBER='1' AIRFLOW_CTX_DAG_RUN_ID='manual__2024-08-16T04:14:32.761007+00:00'
[2024-08-16T04:14:47.087+0000] {taskinstance.py:430} INFO - ::endgroup::
[2024-08-16T04:14:49.150+0000] {logging_mixin.py:188} INFO - Delivered message to data [0]
[2024-08-16T04:14:49.151+0000] {logging_mixin.py:188} INFO - Delivered message to data [0]
[2024-08-16T04:14:49.152+0000] {logging_mixin.py:188} INFO - Delivered message to data [0]
[2024-08-16T04:14:49.153+0000] {logging_mixin.py:188} INFO - Delivered message to data [0]
[2024-08-16T04:14:49.153+0000] {logging_mixin.py:188} INFO - Delivered message to data [0]
[2024-08-16T04:14:49.154+0000] {logging_mixin.py:188} INFO - Delivered message to data [0]
[2024-08-16T04:14:49.154+0000] {logging_mixin.py:188} INFO - Delivered message to data [0]
[2024-08-16T04:14:49.155+0000] {logging_mixin.py:188} INFO - Delivered message to data [0]
[2024-08-16T04:14:49.156+0000] {logging_mixin.py:188} INFO - Delivered message to data [0]
[2024-08-16T04:14:49.156+0000] {logging_mixin.py:188} INFO - Delivered message to data [0]
[2024-08-16T04:14:49.157+0000] {logging_mixin.py:188} INFO - Delivered message to data [0]
[2024-08-16T04:14:49.158+0000] {logging_mixin.py:188} INFO - Delivered message to data [0]
[2024-08-16T04:14:49.158+0000] {logging_mixin.py:188} INFO - Delivered message to data [0]
[2024-08-16T04:14:49.159+0000] {logging_mixin.py:188} INFO - Delivered message to data [0]
[2024-08-16T04:14:49.159+0000] {logging_mixin.py:188} INFO - Delivered message to data [0]
[2024-08-16T04:14:49.160+0000] {logging_mixin.py:188} INFO - Delivered message to data [0]
[2024-08-16T04:14:49.160+0000] {logging_mixin.py:188} INFO - Delivered message to data [0]
[2024-08-16T04:14:49.161+0000] {logging_mixin.py:188} INFO - Delivered message to data [0]
[2024-08-16T04:14:49.162+0000] {logging_mixin.py:188} INFO - Delivered message to data [0]
[2024-08-16T04:14:49.162+0000] {logging_mixin.py:188} INFO - Delivered message to data [0]
[2024-08-16T04:14:49.163+0000] {logging_mixin.py:188} INFO - Delivered message to data [0]
[2024-08-16T04:14:49.163+0000] {logging_mixin.py:188} INFO - Delivered message to data [0]
[2024-08-16T04:14:49.164+0000] {logging_mixin.py:188} INFO - Delivered message to data [0]
[2024-08-16T04:14:49.164+0000] {logging_mixin.py:188} INFO - Delivered message to data [0]
[2024-08-16T04:14:49.165+0000] {logging_mixin.py:188} INFO - Delivered message to data [0]
[2024-08-16T04:14:49.166+0000] {logging_mixin.py:188} INFO - Delivered message to data [0]
[2024-08-16T04:14:49.166+0000] {logging_mixin.py:188} INFO - Delivered message to data [0]
[2024-08-16T04:14:49.167+0000] {logging_mixin.py:188} INFO - Delivered message to data [0]
[2024-08-16T04:14:49.167+0000] {logging_mixin.py:188} INFO - Delivered message to data [0]
[2024-08-16T04:14:49.168+0000] {logging_mixin.py:188} INFO - Delivered message to data [0]
[2024-08-16T04:14:49.168+0000] {logging_mixin.py:188} INFO - Delivered message to data [0]
[2024-08-16T04:14:49.169+0000] {logging_mixin.py:188} INFO - Delivered message to data [0]
[2024-08-16T04:14:49.169+0000] {logging_mixin.py:188} INFO - Delivered message to data [0]
[2024-08-16T04:14:49.169+0000] {logging_mixin.py:188} INFO - Delivered message to data [0]
[2024-08-16T04:14:49.170+0000] {logging_mixin.py:188} INFO - Delivered message to data [0]
[2024-08-16T04:14:49.171+0000] {logging_mixin.py:188} INFO - Delivered message to data [0]
[2024-08-16T04:14:49.171+0000] {logging_mixin.py:188} INFO - Delivered message to data [0]
[2024-08-16T04:14:49.172+0000] {logging_mixin.py:188} INFO - Delivered message to data [0]
[2024-08-16T04:14:49.173+0000] {logging_mixin.py:188} INFO - Delivered message to data [0]
[2024-08-16T04:14:49.173+0000] {logging_mixin.py:188} INFO - Delivered message to data [0]
[2024-08-16T04:14:49.174+0000] {logging_mixin.py:188} INFO - Delivered message to data [0]
[2024-08-16T04:14:49.174+0000] {logging_mixin.py:188} INFO - Delivered message to data [0]
[2024-08-16T04:14:49.175+0000] {logging_mixin.py:188} INFO - Delivered message to data [0]
[2024-08-16T04:14:49.175+0000] {logging_mixin.py:188} INFO - Delivered message to data [0]
[2024-08-16T04:14:49.176+0000] {logging_mixin.py:188} INFO - Delivered message to data [0]
[2024-08-16T04:14:49.176+0000] {logging_mixin.py:188} INFO - Delivered message to data [0]
[2024-08-16T04:14:49.177+0000] {logging_mixin.py:188} INFO - Delivered message to data [0]
[2024-08-16T04:14:49.177+0000] {logging_mixin.py:188} INFO - Delivered message to data [0]
[2024-08-16T04:14:49.177+0000] {logging_mixin.py:188} INFO - Delivered message to data [0]
[2024-08-16T04:14:49.178+0000] {logging_mixin.py:188} INFO - Delivered message to data [0]
[2024-08-16T04:14:49.178+0000] {logging_mixin.py:188} INFO - Delivered message to data [0]
[2024-08-16T04:14:49.179+0000] {logging_mixin.py:188} INFO - Delivered message to data [0]
[2024-08-16T04:14:49.179+0000] {logging_mixin.py:188} INFO - Delivered message to data [0]
[2024-08-16T04:14:49.180+0000] {logging_mixin.py:188} INFO - Delivered message to data [0]
[2024-08-16T04:14:49.180+0000] {logging_mixin.py:188} INFO - Delivered message to data [0]
[2024-08-16T04:14:49.181+0000] {logging_mixin.py:188} INFO - Delivered message to data [0]
[2024-08-16T04:14:49.181+0000] {logging_mixin.py:188} INFO - Delivered message to data [0]
[2024-08-16T04:14:49.181+0000] {logging_mixin.py:188} INFO - Delivered message to data [0]
[2024-08-16T04:14:49.182+0000] {logging_mixin.py:188} INFO - Delivered message to data [0]
[2024-08-16T04:14:49.183+0000] {logging_mixin.py:188} INFO - Delivered message to data [0]
[2024-08-16T04:14:49.183+0000] {logging_mixin.py:188} INFO - Delivered message to data [0]
[2024-08-16T04:14:49.184+0000] {logging_mixin.py:188} INFO - Delivered message to data [0]
[2024-08-16T04:14:49.184+0000] {logging_mixin.py:188} INFO - Delivered message to data [0]
[2024-08-16T04:14:49.185+0000] {logging_mixin.py:188} INFO - Delivered message to data [0]
[2024-08-16T04:14:49.185+0000] {logging_mixin.py:188} INFO - Delivered message to data [0]
[2024-08-16T04:14:49.186+0000] {logging_mixin.py:188} INFO - Delivered message to data [0]
[2024-08-16T04:14:49.186+0000] {logging_mixin.py:188} INFO - Delivered message to data [0]
[2024-08-16T04:14:49.187+0000] {logging_mixin.py:188} INFO - Delivered message to data [0]
[2024-08-16T04:14:49.187+0000] {logging_mixin.py:188} INFO - Delivered message to data [0]
[2024-08-16T04:14:49.187+0000] {logging_mixin.py:188} INFO - Delivered message to data [0]
[2024-08-16T04:14:49.188+0000] {logging_mixin.py:188} INFO - Delivered message to data [0]
[2024-08-16T04:14:49.188+0000] {logging_mixin.py:188} INFO - Delivered message to data [0]
[2024-08-16T04:14:49.189+0000] {logging_mixin.py:188} INFO - Delivered message to data [0]
[2024-08-16T04:14:49.189+0000] {logging_mixin.py:188} INFO - Delivered message to data [0]
[2024-08-16T04:14:49.190+0000] {logging_mixin.py:188} INFO - Delivered message to data [0]
[2024-08-16T04:14:49.190+0000] {logging_mixin.py:188} INFO - Delivered message to data [0]
[2024-08-16T04:14:49.191+0000] {logging_mixin.py:188} INFO - Delivered message to data [0]
[2024-08-16T04:14:49.191+0000] {logging_mixin.py:188} INFO - Delivered message to data [0]
[2024-08-16T04:14:49.191+0000] {logging_mixin.py:188} INFO - Delivered message to data [0]
[2024-08-16T04:14:49.192+0000] {logging_mixin.py:188} INFO - Delivered message to data [0]
[2024-08-16T04:14:49.192+0000] {logging_mixin.py:188} INFO - Delivered message to data [0]
[2024-08-16T04:14:49.193+0000] {logging_mixin.py:188} INFO - Delivered message to data [0]
[2024-08-16T04:14:49.193+0000] {logging_mixin.py:188} INFO - Delivered message to data [0]
[2024-08-16T04:14:49.194+0000] {logging_mixin.py:188} INFO - Delivered message to data [0]
[2024-08-16T04:14:49.194+0000] {logging_mixin.py:188} INFO - Delivered message to data [0]
[2024-08-16T04:14:49.195+0000] {logging_mixin.py:188} INFO - Delivered message to data [0]
[2024-08-16T04:14:49.195+0000] {logging_mixin.py:188} INFO - Delivered message to data [0]
[2024-08-16T04:14:49.196+0000] {logging_mixin.py:188} INFO - Delivered message to data [0]
[2024-08-16T04:14:49.196+0000] {logging_mixin.py:188} INFO - Delivered message to data [0]
[2024-08-16T04:14:49.197+0000] {logging_mixin.py:188} INFO - Delivered message to data [0]
[2024-08-16T04:14:49.197+0000] {logging_mixin.py:188} INFO - Delivered message to data [0]
[2024-08-16T04:14:49.197+0000] {logging_mixin.py:188} INFO - Delivered message to data [0]
[2024-08-16T04:14:49.198+0000] {logging_mixin.py:188} INFO - Delivered message to data [0]
[2024-08-16T04:14:49.198+0000] {logging_mixin.py:188} INFO - Delivered message to data [0]
[2024-08-16T04:14:49.199+0000] {logging_mixin.py:188} INFO - Delivered message to data [0]
[2024-08-16T04:14:49.199+0000] {logging_mixin.py:188} INFO - Delivered message to data [0]
[2024-08-16T04:14:49.199+0000] {logging_mixin.py:188} INFO - Delivered message to data [0]
[2024-08-16T04:14:49.200+0000] {logging_mixin.py:188} INFO - Delivered message to data [0]
[2024-08-16T04:14:49.200+0000] {logging_mixin.py:188} INFO - Delivered message to data [0]
[2024-08-16T04:14:49.201+0000] {logging_mixin.py:188} INFO - Delivered message to data [0]
[2024-08-16T04:14:49.201+0000] {logging_mixin.py:188} INFO - Delivered message to data [0]
[2024-08-16T04:14:49.202+0000] {logging_mixin.py:188} INFO - Delivered message to data [0]
[2024-08-16T04:14:49.202+0000] {logging_mixin.py:188} INFO - Delivered message to data [0]
[2024-08-16T04:14:49.203+0000] {logging_mixin.py:188} INFO - Delivered message to data [0]
[2024-08-16T04:14:49.203+0000] {logging_mixin.py:188} INFO - Delivered message to data [0]
[2024-08-16T04:14:49.203+0000] {logging_mixin.py:188} INFO - Delivered message to data [0]
[2024-08-16T04:14:49.204+0000] {logging_mixin.py:188} INFO - Delivered message to data [0]
[2024-08-16T04:14:49.204+0000] {logging_mixin.py:188} INFO - Delivered message to data [0]
[2024-08-16T04:14:49.205+0000] {logging_mixin.py:188} INFO - Delivered message to data [0]
[2024-08-16T04:14:49.205+0000] {logging_mixin.py:188} INFO - Delivered message to data [0]
[2024-08-16T04:14:49.205+0000] {logging_mixin.py:188} INFO - Delivered message to data [0]
[2024-08-16T04:14:49.206+0000] {logging_mixin.py:188} INFO - Delivered message to data [0]
[2024-08-16T04:14:49.206+0000] {logging_mixin.py:188} INFO - Delivered message to data [0]
[2024-08-16T04:14:49.207+0000] {logging_mixin.py:188} INFO - Delivered message to data [0]
[2024-08-16T04:14:49.207+0000] {logging_mixin.py:188} INFO - Delivered message to data [0]
[2024-08-16T04:14:49.207+0000] {logging_mixin.py:188} INFO - Delivered message to data [0]
[2024-08-16T04:14:49.208+0000] {logging_mixin.py:188} INFO - Delivered message to data [0]
[2024-08-16T04:14:49.208+0000] {logging_mixin.py:188} INFO - Delivered message to data [0]
[2024-08-16T04:14:49.209+0000] {logging_mixin.py:188} INFO - Delivered message to data [0]
[2024-08-16T04:14:49.209+0000] {logging_mixin.py:188} INFO - Delivered message to data [0]
[2024-08-16T04:14:49.210+0000] {logging_mixin.py:188} INFO - Delivered message to data [0]
[2024-08-16T04:14:49.210+0000] {logging_mixin.py:188} INFO - Delivered message to data [0]
[2024-08-16T04:14:49.211+0000] {logging_mixin.py:188} INFO - Delivered message to data [0]
[2024-08-16T04:14:49.211+0000] {logging_mixin.py:188} INFO - Delivered message to data [0]
[2024-08-16T04:14:49.212+0000] {logging_mixin.py:188} INFO - Delivered message to data [0]
[2024-08-16T04:14:49.212+0000] {logging_mixin.py:188} INFO - Delivered message to data [0]
[2024-08-16T04:14:49.213+0000] {logging_mixin.py:188} INFO - Delivered message to data [0]
[2024-08-16T04:14:49.213+0000] {logging_mixin.py:188} INFO - Delivered message to data [0]
[2024-08-16T04:14:49.214+0000] {logging_mixin.py:188} INFO - Delivered message to data [0]
[2024-08-16T04:14:49.214+0000] {logging_mixin.py:188} INFO - Delivered message to data [0]
[2024-08-16T04:14:49.215+0000] {logging_mixin.py:188} INFO - Delivered message to data [0]
[2024-08-16T04:14:49.215+0000] {logging_mixin.py:188} INFO - Delivered message to data [0]
[2024-08-16T04:14:49.216+0000] {logging_mixin.py:188} INFO - Delivered message to data [0]
[2024-08-16T04:14:49.216+0000] {logging_mixin.py:188} INFO - Delivered message to data [0]
[2024-08-16T04:14:49.217+0000] {logging_mixin.py:188} INFO - Delivered message to data [0]
[2024-08-16T04:14:49.217+0000] {logging_mixin.py:188} INFO - Delivered message to data [0]
[2024-08-16T04:14:49.218+0000] {logging_mixin.py:188} INFO - Delivered message to data [0]
[2024-08-16T04:14:49.218+0000] {logging_mixin.py:188} INFO - Delivered message to data [0]
[2024-08-16T04:14:49.218+0000] {logging_mixin.py:188} INFO - Delivered message to data [0]
[2024-08-16T04:14:49.219+0000] {logging_mixin.py:188} INFO - Delivered message to data [0]
[2024-08-16T04:14:49.219+0000] {logging_mixin.py:188} INFO - Delivered message to data [0]
[2024-08-16T04:14:49.220+0000] {logging_mixin.py:188} INFO - Delivered message to data [0]
[2024-08-16T04:14:49.220+0000] {logging_mixin.py:188} INFO - Delivered message to data [0]
[2024-08-16T04:14:49.221+0000] {logging_mixin.py:188} INFO - Delivered message to data [0]
[2024-08-16T04:14:49.221+0000] {logging_mixin.py:188} INFO - Delivered message to data [0]
[2024-08-16T04:14:49.222+0000] {logging_mixin.py:188} INFO - Delivered message to data [0]
[2024-08-16T04:14:49.222+0000] {logging_mixin.py:188} INFO - Delivered message to data [0]
[2024-08-16T04:14:49.223+0000] {logging_mixin.py:188} INFO - Delivered message to data [0]
[2024-08-16T04:14:49.223+0000] {logging_mixin.py:188} INFO - Delivered message to data [0]
[2024-08-16T04:14:49.223+0000] {logging_mixin.py:188} INFO - Delivered message to data [0]
[2024-08-16T04:14:49.224+0000] {logging_mixin.py:188} INFO - Delivered message to data [0]
[2024-08-16T04:14:49.224+0000] {logging_mixin.py:188} INFO - Delivered message to data [0]
[2024-08-16T04:14:49.225+0000] {logging_mixin.py:188} INFO - Delivered message to data [0]
[2024-08-16T04:14:49.225+0000] {logging_mixin.py:188} INFO - Delivered message to data [0]
[2024-08-16T04:14:49.226+0000] {logging_mixin.py:188} INFO - Delivered message to data [0]
[2024-08-16T04:14:49.226+0000] {logging_mixin.py:188} INFO - Delivered message to data [0]
[2024-08-16T04:14:49.227+0000] {logging_mixin.py:188} INFO - Delivered message to data [0]
[2024-08-16T04:14:49.227+0000] {logging_mixin.py:188} INFO - Delivered message to data [0]
[2024-08-16T04:14:49.228+0000] {logging_mixin.py:188} INFO - Delivered message to data [0]
[2024-08-16T04:14:49.228+0000] {logging_mixin.py:188} INFO - Delivered message to data [0]
[2024-08-16T04:14:49.229+0000] {logging_mixin.py:188} INFO - Delivered message to data [0]
[2024-08-16T04:14:49.229+0000] {logging_mixin.py:188} INFO - Delivered message to data [0]
[2024-08-16T04:14:49.230+0000] {logging_mixin.py:188} INFO - Delivered message to data [0]
[2024-08-16T04:14:49.230+0000] {logging_mixin.py:188} INFO - Delivered message to data [0]
[2024-08-16T04:14:49.231+0000] {logging_mixin.py:188} INFO - Delivered message to data [0]
[2024-08-16T04:14:49.231+0000] {logging_mixin.py:188} INFO - Delivered message to data [0]
[2024-08-16T04:14:49.232+0000] {logging_mixin.py:188} INFO - Delivered message to data [0]
[2024-08-16T04:14:49.232+0000] {logging_mixin.py:188} INFO - Delivered message to data [0]
[2024-08-16T04:14:49.233+0000] {logging_mixin.py:188} INFO - Delivered message to data [0]
[2024-08-16T04:14:49.233+0000] {logging_mixin.py:188} INFO - Delivered message to data [0]
[2024-08-16T04:14:49.234+0000] {logging_mixin.py:188} INFO - Delivered message to data [0]
[2024-08-16T04:14:49.234+0000] {logging_mixin.py:188} INFO - Delivered message to data [0]
[2024-08-16T04:14:49.235+0000] {logging_mixin.py:188} INFO - Delivered message to data [0]
[2024-08-16T04:14:49.235+0000] {logging_mixin.py:188} INFO - Delivered message to data [0]
[2024-08-16T04:14:49.236+0000] {logging_mixin.py:188} INFO - Delivered message to data [0]
[2024-08-16T04:14:49.236+0000] {logging_mixin.py:188} INFO - Delivered message to data [0]
[2024-08-16T04:14:49.237+0000] {logging_mixin.py:188} INFO - Delivered message to data [0]
[2024-08-16T04:14:49.237+0000] {logging_mixin.py:188} INFO - Delivered message to data [0]
[2024-08-16T04:14:49.237+0000] {logging_mixin.py:188} INFO - Delivered message to data [0]
[2024-08-16T04:14:49.238+0000] {logging_mixin.py:188} INFO - Delivered message to data [0]
[2024-08-16T04:14:49.238+0000] {logging_mixin.py:188} INFO - Delivered message to data [0]
[2024-08-16T04:14:49.239+0000] {logging_mixin.py:188} INFO - Delivered message to data [0]
[2024-08-16T04:14:49.239+0000] {logging_mixin.py:188} INFO - Delivered message to data [0]
[2024-08-16T04:14:49.240+0000] {logging_mixin.py:188} INFO - Delivered message to data [0]
[2024-08-16T04:14:49.240+0000] {logging_mixin.py:188} INFO - Delivered message to data [0]
[2024-08-16T04:14:49.241+0000] {logging_mixin.py:188} INFO - Delivered message to data [0]
[2024-08-16T04:14:49.241+0000] {logging_mixin.py:188} INFO - Delivered message to data [0]
[2024-08-16T04:14:49.242+0000] {logging_mixin.py:188} INFO - Delivered message to data [0]
[2024-08-16T04:14:49.242+0000] {logging_mixin.py:188} INFO - Delivered message to data [0]
[2024-08-16T04:14:49.243+0000] {logging_mixin.py:188} INFO - Delivered message to data [0]
[2024-08-16T04:14:49.243+0000] {logging_mixin.py:188} INFO - Delivered message to data [0]
[2024-08-16T04:14:49.244+0000] {logging_mixin.py:188} INFO - Delivered message to data [0]
[2024-08-16T04:14:49.244+0000] {logging_mixin.py:188} INFO - Delivered message to data [0]
[2024-08-16T04:14:49.244+0000] {logging_mixin.py:188} INFO - Delivered message to data [0]
[2024-08-16T04:14:49.245+0000] {logging_mixin.py:188} INFO - Delivered message to data [0]
[2024-08-16T04:14:49.246+0000] {logging_mixin.py:188} INFO - Delivered message to data [0]
[2024-08-16T04:14:49.246+0000] {logging_mixin.py:188} INFO - Delivered message to data [0]
[2024-08-16T04:14:49.246+0000] {logging_mixin.py:188} INFO - Delivered message to data [0]
[2024-08-16T04:14:49.247+0000] {logging_mixin.py:188} INFO - Delivered message to data [0]
[2024-08-16T04:14:49.247+0000] {logging_mixin.py:188} INFO - Delivered message to data [0]
[2024-08-16T04:14:49.248+0000] {logging_mixin.py:188} INFO - Delivered message to data [0]
[2024-08-16T04:14:49.249+0000] {logging_mixin.py:188} INFO - Delivered message to data [0]
[2024-08-16T04:14:49.249+0000] {logging_mixin.py:188} INFO - Delivered message to data [0]
[2024-08-16T04:14:49.250+0000] {logging_mixin.py:188} INFO - Delivered message to data [0]
[2024-08-16T04:14:49.250+0000] {logging_mixin.py:188} INFO - Delivered message to data [0]
[2024-08-16T04:14:49.251+0000] {logging_mixin.py:188} INFO - Delivered message to data [0]
[2024-08-16T04:14:49.251+0000] {logging_mixin.py:188} INFO - Delivered message to data [0]
[2024-08-16T04:14:49.252+0000] {logging_mixin.py:188} INFO - Delivered message to data [0]
[2024-08-16T04:14:49.252+0000] {logging_mixin.py:188} INFO - Delivered message to data [0]
[2024-08-16T04:14:49.253+0000] {logging_mixin.py:188} INFO - Delivered message to data [0]
[2024-08-16T04:14:49.253+0000] {logging_mixin.py:188} INFO - Delivered message to data [0]
[2024-08-16T04:14:49.254+0000] {logging_mixin.py:188} INFO - Delivered message to data [0]
[2024-08-16T04:14:49.254+0000] {logging_mixin.py:188} INFO - Delivered message to data [0]
[2024-08-16T04:14:49.254+0000] {logging_mixin.py:188} INFO - Delivered message to data [0]
[2024-08-16T04:14:49.255+0000] {logging_mixin.py:188} INFO - Delivered message to data [0]
[2024-08-16T04:14:49.255+0000] {logging_mixin.py:188} INFO - Delivered message to data [0]
[2024-08-16T04:14:49.256+0000] {logging_mixin.py:188} INFO - Delivered message to data [0]
[2024-08-16T04:14:49.256+0000] {logging_mixin.py:188} INFO - Delivered message to data [0]
[2024-08-16T04:14:49.257+0000] {logging_mixin.py:188} INFO - Delivered message to data [0]
[2024-08-16T04:14:49.257+0000] {logging_mixin.py:188} INFO - Delivered message to data [0]
[2024-08-16T04:14:49.258+0000] {logging_mixin.py:188} INFO - Delivered message to data [0]
[2024-08-16T04:14:49.258+0000] {logging_mixin.py:188} INFO - Delivered message to data [0]
[2024-08-16T04:14:49.259+0000] {logging_mixin.py:188} INFO - Delivered message to data [0]
[2024-08-16T04:14:49.259+0000] {logging_mixin.py:188} INFO - Delivered message to data [0]
[2024-08-16T04:14:49.260+0000] {logging_mixin.py:188} INFO - Delivered message to data [0]
[2024-08-16T04:14:49.260+0000] {logging_mixin.py:188} INFO - Delivered message to data [0]
[2024-08-16T04:14:49.261+0000] {logging_mixin.py:188} INFO - Delivered message to data [0]
[2024-08-16T04:14:49.261+0000] {logging_mixin.py:188} INFO - Delivered message to data [0]
[2024-08-16T04:14:49.262+0000] {logging_mixin.py:188} INFO - Delivered message to data [0]
[2024-08-16T04:14:49.262+0000] {logging_mixin.py:188} INFO - Delivered message to data [0]
[2024-08-16T04:14:49.263+0000] {logging_mixin.py:188} INFO - Delivered message to data [0]
[2024-08-16T04:14:49.264+0000] {logging_mixin.py:188} INFO - Delivered message to data [0]
[2024-08-16T04:14:49.264+0000] {logging_mixin.py:188} INFO - Delivered message to data [0]
[2024-08-16T04:14:49.265+0000] {logging_mixin.py:188} INFO - Delivered message to data [0]
[2024-08-16T04:14:49.266+0000] {logging_mixin.py:188} INFO - Delivered message to data [0]
[2024-08-16T04:14:49.267+0000] {logging_mixin.py:188} INFO - Delivered message to data [0]
[2024-08-16T04:14:49.268+0000] {logging_mixin.py:188} INFO - Delivered message to data [0]
[2024-08-16T04:14:49.269+0000] {logging_mixin.py:188} INFO - Delivered message to data [0]
[2024-08-16T04:14:49.270+0000] {logging_mixin.py:188} INFO - Delivered message to data [0]
[2024-08-16T04:14:49.270+0000] {logging_mixin.py:188} INFO - Delivered message to data [0]
[2024-08-16T04:14:49.271+0000] {logging_mixin.py:188} INFO - Delivered message to data [0]
[2024-08-16T04:14:49.271+0000] {logging_mixin.py:188} INFO - Delivered message to data [0]
[2024-08-16T04:14:49.272+0000] {logging_mixin.py:188} INFO - Delivered message to data [0]
[2024-08-16T04:14:49.273+0000] {logging_mixin.py:188} INFO - Delivered message to data [0]
[2024-08-16T04:14:49.273+0000] {logging_mixin.py:188} INFO - Delivered message to data [0]
[2024-08-16T04:14:49.274+0000] {logging_mixin.py:188} INFO - Delivered message to data [0]
[2024-08-16T04:14:49.275+0000] {logging_mixin.py:188} INFO - Delivered message to data [0]
[2024-08-16T04:14:49.275+0000] {logging_mixin.py:188} INFO - Delivered message to data [0]
[2024-08-16T04:14:49.276+0000] {logging_mixin.py:188} INFO - Delivered message to data [0]
[2024-08-16T04:14:49.277+0000] {logging_mixin.py:188} INFO - Delivered message to data [0]
[2024-08-16T04:14:49.277+0000] {logging_mixin.py:188} INFO - Delivered message to data [0]
[2024-08-16T04:14:49.278+0000] {logging_mixin.py:188} INFO - Delivered message to data [0]
[2024-08-16T04:14:49.279+0000] {logging_mixin.py:188} INFO - Delivered message to data [0]
[2024-08-16T04:14:49.279+0000] {logging_mixin.py:188} INFO - Delivered message to data [0]
[2024-08-16T04:14:49.280+0000] {logging_mixin.py:188} INFO - Delivered message to data [0]
[2024-08-16T04:14:49.281+0000] {logging_mixin.py:188} INFO - Delivered message to data [0]
[2024-08-16T04:14:49.282+0000] {logging_mixin.py:188} INFO - Delivered message to data [0]
[2024-08-16T04:14:49.282+0000] {logging_mixin.py:188} INFO - Delivered message to data [0]
[2024-08-16T04:14:49.283+0000] {logging_mixin.py:188} INFO - Delivered message to data [0]
[2024-08-16T04:14:49.284+0000] {logging_mixin.py:188} INFO - Delivered message to data [0]
[2024-08-16T04:14:49.285+0000] {logging_mixin.py:188} INFO - Delivered message to data [0]
[2024-08-16T04:14:49.286+0000] {logging_mixin.py:188} INFO - Delivered message to data [0]
[2024-08-16T04:14:49.286+0000] {logging_mixin.py:188} INFO - Delivered message to data [0]
[2024-08-16T04:14:49.287+0000] {logging_mixin.py:188} INFO - Delivered message to data [0]
[2024-08-16T04:14:49.288+0000] {logging_mixin.py:188} INFO - Delivered message to data [0]
[2024-08-16T04:14:49.288+0000] {logging_mixin.py:188} INFO - Delivered message to data [0]
[2024-08-16T04:14:49.289+0000] {logging_mixin.py:188} INFO - Delivered message to data [0]
[2024-08-16T04:14:49.290+0000] {logging_mixin.py:188} INFO - Delivered message to data [0]
[2024-08-16T04:14:49.291+0000] {logging_mixin.py:188} INFO - Delivered message to data [0]
[2024-08-16T04:14:49.291+0000] {logging_mixin.py:188} INFO - Delivered message to data [0]
[2024-08-16T04:14:49.292+0000] {logging_mixin.py:188} INFO - Delivered message to data [0]
[2024-08-16T04:14:49.292+0000] {logging_mixin.py:188} INFO - Delivered message to data [0]
[2024-08-16T04:14:49.293+0000] {logging_mixin.py:188} INFO - Delivered message to data [0]
[2024-08-16T04:14:49.293+0000] {logging_mixin.py:188} INFO - Delivered message to data [0]
[2024-08-16T04:14:49.294+0000] {logging_mixin.py:188} INFO - Delivered message to data [0]
[2024-08-16T04:14:49.295+0000] {logging_mixin.py:188} INFO - Delivered message to data [0]
[2024-08-16T04:14:49.295+0000] {logging_mixin.py:188} INFO - Delivered message to data [0]
[2024-08-16T04:14:49.296+0000] {logging_mixin.py:188} INFO - Delivered message to data [0]
[2024-08-16T04:14:49.297+0000] {logging_mixin.py:188} INFO - Delivered message to data [0]
[2024-08-16T04:14:49.297+0000] {logging_mixin.py:188} INFO - Delivered message to data [0]
[2024-08-16T04:14:49.298+0000] {logging_mixin.py:188} INFO - Delivered message to data [0]
[2024-08-16T04:14:49.299+0000] {logging_mixin.py:188} INFO - Delivered message to data [0]
[2024-08-16T04:14:49.299+0000] {logging_mixin.py:188} INFO - Delivered message to data [0]
[2024-08-16T04:14:49.300+0000] {logging_mixin.py:188} INFO - Delivered message to data [0]
[2024-08-16T04:14:49.300+0000] {logging_mixin.py:188} INFO - Delivered message to data [0]
[2024-08-16T04:14:49.301+0000] {logging_mixin.py:188} INFO - Delivered message to data [0]
[2024-08-16T04:14:49.302+0000] {logging_mixin.py:188} INFO - Delivered message to data [0]
[2024-08-16T04:14:49.303+0000] {logging_mixin.py:188} INFO - Delivered message to data [0]
[2024-08-16T04:14:49.304+0000] {logging_mixin.py:188} INFO - Delivered message to data [0]
[2024-08-16T04:14:49.304+0000] {logging_mixin.py:188} INFO - Delivered message to data [0]
[2024-08-16T04:14:49.305+0000] {logging_mixin.py:188} INFO - Delivered message to data [0]
[2024-08-16T04:14:49.305+0000] {logging_mixin.py:188} INFO - Delivered message to data [0]
[2024-08-16T04:14:49.306+0000] {logging_mixin.py:188} INFO - Delivered message to data [0]
[2024-08-16T04:14:49.306+0000] {logging_mixin.py:188} INFO - Delivered message to data [0]
[2024-08-16T04:14:49.307+0000] {logging_mixin.py:188} INFO - Delivered message to data [0]
[2024-08-16T04:14:49.308+0000] {logging_mixin.py:188} INFO - Delivered message to data [0]
[2024-08-16T04:14:49.308+0000] {logging_mixin.py:188} INFO - Delivered message to data [0]
[2024-08-16T04:14:49.309+0000] {logging_mixin.py:188} INFO - Delivered message to data [0]
[2024-08-16T04:14:49.309+0000] {logging_mixin.py:188} INFO - Delivered message to data [0]
[2024-08-16T04:14:49.310+0000] {logging_mixin.py:188} INFO - Delivered message to data [0]
[2024-08-16T04:14:49.310+0000] {logging_mixin.py:188} INFO - Delivered message to data [0]
[2024-08-16T04:14:49.311+0000] {logging_mixin.py:188} INFO - Delivered message to data [0]
[2024-08-16T04:14:49.312+0000] {logging_mixin.py:188} INFO - Delivered message to data [0]
[2024-08-16T04:14:49.313+0000] {logging_mixin.py:188} INFO - Delivered message to data [0]
[2024-08-16T04:14:49.314+0000] {logging_mixin.py:188} INFO - Delivered message to data [0]
[2024-08-16T04:14:49.314+0000] {logging_mixin.py:188} INFO - Delivered message to data [0]
[2024-08-16T04:14:49.315+0000] {logging_mixin.py:188} INFO - Delivered message to data [0]
[2024-08-16T04:14:49.316+0000] {logging_mixin.py:188} INFO - Delivered message to data [0]
[2024-08-16T04:14:49.316+0000] {logging_mixin.py:188} INFO - Delivered message to data [0]
[2024-08-16T04:14:49.317+0000] {logging_mixin.py:188} INFO - Delivered message to data [0]
[2024-08-16T04:14:49.318+0000] {logging_mixin.py:188} INFO - Delivered message to data [0]
[2024-08-16T04:14:49.318+0000] {logging_mixin.py:188} INFO - Delivered message to data [0]
[2024-08-16T04:14:49.319+0000] {logging_mixin.py:188} INFO - Delivered message to data [0]
[2024-08-16T04:14:49.319+0000] {logging_mixin.py:188} INFO - Delivered message to data [0]
[2024-08-16T04:14:49.320+0000] {logging_mixin.py:188} INFO - Delivered message to data [0]
[2024-08-16T04:14:49.321+0000] {logging_mixin.py:188} INFO - Delivered message to data [0]
[2024-08-16T04:14:49.321+0000] {logging_mixin.py:188} INFO - Delivered message to data [0]
[2024-08-16T04:14:49.322+0000] {logging_mixin.py:188} INFO - Delivered message to data [0]
[2024-08-16T04:14:49.322+0000] {logging_mixin.py:188} INFO - Delivered message to data [0]
[2024-08-16T04:14:49.323+0000] {logging_mixin.py:188} INFO - Delivered message to data [0]
[2024-08-16T04:14:49.324+0000] {logging_mixin.py:188} INFO - Delivered message to data [0]
[2024-08-16T04:14:49.324+0000] {logging_mixin.py:188} INFO - Delivered message to data [0]
[2024-08-16T04:14:49.325+0000] {logging_mixin.py:188} INFO - Delivered message to data [0]
[2024-08-16T04:14:49.325+0000] {logging_mixin.py:188} INFO - Delivered message to data [0]
[2024-08-16T04:14:49.326+0000] {logging_mixin.py:188} INFO - Delivered message to data [0]
[2024-08-16T04:14:49.326+0000] {logging_mixin.py:188} INFO - Delivered message to data [0]
[2024-08-16T04:14:49.327+0000] {logging_mixin.py:188} INFO - Delivered message to data [0]
[2024-08-16T04:14:49.327+0000] {logging_mixin.py:188} INFO - Delivered message to data [0]
[2024-08-16T04:14:49.328+0000] {logging_mixin.py:188} INFO - Delivered message to data [0]
[2024-08-16T04:14:49.329+0000] {logging_mixin.py:188} INFO - Delivered message to data [0]
[2024-08-16T04:14:49.330+0000] {python.py:237} INFO - Done. Returned value was: None
[2024-08-16T04:14:49.331+0000] {taskinstance.py:441} INFO - ::group::Post task execution logs
[2024-08-16T04:14:49.353+0000] {taskinstance.py:1206} INFO - Marking task as SUCCESS. dag_id=streaming_data, task_id=send_data, run_id=manual__2024-08-16T04:14:32.761007+00:00, execution_date=20240816T041432, start_date=20240816T041446, end_date=20240816T041449
[2024-08-16T04:14:49.410+0000] {local_task_job_runner.py:243} INFO - Task exited with return code 0
[2024-08-16T04:14:49.437+0000] {taskinstance.py:3503} INFO - 0 downstream tasks scheduled from follow-on schedule check
[2024-08-16T04:14:49.443+0000] {local_task_job_runner.py:222} INFO - ::endgroup::
