[2024-08-16T15:10:25.933+0000] {local_task_job_runner.py:120} INFO - ::group::Pre task execution logs
[2024-08-16T15:10:25.986+0000] {taskinstance.py:2076} INFO - Dependencies all met for dep_context=non-requeueable deps ti=<TaskInstance: streaming_data_today.send_data manual__2024-08-16T15:10:14.597465+00:00 [queued]>
[2024-08-16T15:10:26.000+0000] {taskinstance.py:2076} INFO - Dependencies all met for dep_context=requeueable deps ti=<TaskInstance: streaming_data_today.send_data manual__2024-08-16T15:10:14.597465+00:00 [queued]>
[2024-08-16T15:10:26.001+0000] {taskinstance.py:2306} INFO - Starting attempt 1 of 2
[2024-08-16T15:10:26.023+0000] {taskinstance.py:2330} INFO - Executing <Task(PythonOperator): send_data> on 2024-08-16 15:10:14.597465+00:00
[2024-08-16T15:10:26.034+0000] {logging_mixin.py:188} WARNING - /home/***/.local/lib/python3.12/site-packages/***/task/task_runner/standard_task_runner.py:62 DeprecationWarning: This process (pid=345) is multi-threaded, use of fork() may lead to deadlocks in the child.
[2024-08-16T15:10:26.036+0000] {standard_task_runner.py:64} INFO - Started process 347 to run task
[2024-08-16T15:10:26.033+0000] {standard_task_runner.py:90} INFO - Running: ['***', 'tasks', 'run', 'streaming_data_today', 'send_data', 'manual__2024-08-16T15:10:14.597465+00:00', '--job-id', '263', '--raw', '--subdir', 'DAGS_FOLDER/stream_today.py', '--cfg-path', '/tmp/tmperz9exky']
[2024-08-16T15:10:26.037+0000] {standard_task_runner.py:91} INFO - Job 263: Subtask send_data
[2024-08-16T15:10:26.061+0000] {logging_mixin.py:188} WARNING - /home/***/.local/lib/python3.12/site-packages/***/settings.py:195 DeprecationWarning: The sql_alchemy_conn option in [core] has been moved to the sql_alchemy_conn option in [database] - the old setting has been used, but please update your config.
[2024-08-16T15:10:26.117+0000] {task_command.py:426} INFO - Running <TaskInstance: streaming_data_today.send_data manual__2024-08-16T15:10:14.597465+00:00 [running]> on host 44da6da64016
[2024-08-16T15:10:26.348+0000] {taskinstance.py:2648} INFO - Exporting env vars: AIRFLOW_CTX_DAG_OWNER='***' AIRFLOW_CTX_DAG_ID='streaming_data_today' AIRFLOW_CTX_TASK_ID='send_data' AIRFLOW_CTX_EXECUTION_DATE='2024-08-16T15:10:14.597465+00:00' AIRFLOW_CTX_TRY_NUMBER='1' AIRFLOW_CTX_DAG_RUN_ID='manual__2024-08-16T15:10:14.597465+00:00'
[2024-08-16T15:10:26.350+0000] {taskinstance.py:430} INFO - ::endgroup::
[2024-08-16T15:10:27.389+0000] {logging_mixin.py:188} INFO - Delivered message to data [0]
[2024-08-16T15:10:27.390+0000] {logging_mixin.py:188} INFO - Delivered message to data [0]
[2024-08-16T15:10:27.391+0000] {logging_mixin.py:188} INFO - Delivered message to data [0]
[2024-08-16T15:10:27.391+0000] {logging_mixin.py:188} INFO - Delivered message to data [0]
[2024-08-16T15:10:27.392+0000] {logging_mixin.py:188} INFO - Delivered message to data [0]
[2024-08-16T15:10:27.392+0000] {logging_mixin.py:188} INFO - Delivered message to data [0]
[2024-08-16T15:10:27.393+0000] {logging_mixin.py:188} INFO - Delivered message to data [0]
[2024-08-16T15:10:27.394+0000] {logging_mixin.py:188} INFO - Delivered message to data [0]
[2024-08-16T15:10:27.394+0000] {logging_mixin.py:188} INFO - Delivered message to data [0]
[2024-08-16T15:10:27.395+0000] {logging_mixin.py:188} INFO - Delivered message to data [0]
[2024-08-16T15:10:27.395+0000] {logging_mixin.py:188} INFO - Delivered message to data [0]
[2024-08-16T15:10:27.396+0000] {logging_mixin.py:188} INFO - Delivered message to data [0]
[2024-08-16T15:10:27.397+0000] {logging_mixin.py:188} INFO - Delivered message to data [0]
[2024-08-16T15:10:27.398+0000] {logging_mixin.py:188} INFO - Delivered message to data [0]
[2024-08-16T15:10:27.399+0000] {logging_mixin.py:188} INFO - Delivered message to data [0]
[2024-08-16T15:10:27.399+0000] {logging_mixin.py:188} INFO - Delivered message to data [0]
[2024-08-16T15:10:27.400+0000] {logging_mixin.py:188} INFO - Delivered message to data [0]
[2024-08-16T15:10:27.401+0000] {logging_mixin.py:188} INFO - Delivered message to data [0]
[2024-08-16T15:10:27.401+0000] {logging_mixin.py:188} INFO - Delivered message to data [0]
[2024-08-16T15:10:27.402+0000] {logging_mixin.py:188} INFO - Delivered message to data [0]
[2024-08-16T15:10:27.403+0000] {python.py:237} INFO - Done. Returned value was: None
[2024-08-16T15:10:27.404+0000] {taskinstance.py:441} INFO - ::group::Post task execution logs
[2024-08-16T15:10:27.419+0000] {taskinstance.py:1206} INFO - Marking task as SUCCESS. dag_id=streaming_data_today, task_id=send_data, run_id=manual__2024-08-16T15:10:14.597465+00:00, execution_date=20240816T151014, start_date=20240816T151025, end_date=20240816T151027
[2024-08-16T15:10:27.468+0000] {local_task_job_runner.py:243} INFO - Task exited with return code 0
[2024-08-16T15:10:27.493+0000] {taskinstance.py:3503} INFO - 0 downstream tasks scheduled from follow-on schedule check
[2024-08-16T15:10:27.497+0000] {local_task_job_runner.py:222} INFO - ::endgroup::
