[2024-08-16T05:22:30.454+0000] {local_task_job_runner.py:120} INFO - ::group::Pre task execution logs
[2024-08-16T05:22:30.521+0000] {taskinstance.py:2076} INFO - Dependencies all met for dep_context=non-requeueable deps ti=<TaskInstance: streaming_data.send_data manual__2024-08-16T05:22:21.223268+00:00 [queued]>
[2024-08-16T05:22:30.536+0000] {taskinstance.py:2076} INFO - Dependencies all met for dep_context=requeueable deps ti=<TaskInstance: streaming_data.send_data manual__2024-08-16T05:22:21.223268+00:00 [queued]>
[2024-08-16T05:22:30.556+0000] {taskinstance.py:2306} INFO - Starting attempt 1 of 2
[2024-08-16T05:22:30.579+0000] {taskinstance.py:2330} INFO - Executing <Task(PythonOperator): send_data> on 2024-08-16 05:22:21.223268+00:00
[2024-08-16T05:22:30.594+0000] {logging_mixin.py:188} WARNING - /home/***/.local/lib/python3.12/site-packages/***/task/task_runner/standard_task_runner.py:62 DeprecationWarning: This process (pid=1013) is multi-threaded, use of fork() may lead to deadlocks in the child.
[2024-08-16T05:22:30.590+0000] {standard_task_runner.py:90} INFO - Running: ['***', 'tasks', 'run', 'streaming_data', 'send_data', 'manual__2024-08-16T05:22:21.223268+00:00', '--job-id', '258', '--raw', '--subdir', 'DAGS_FOLDER/stream.py', '--cfg-path', '/tmp/tmps952tnx0']
[2024-08-16T05:22:30.597+0000] {standard_task_runner.py:64} INFO - Started process 1015 to run task
[2024-08-16T05:22:30.597+0000] {standard_task_runner.py:91} INFO - Job 258: Subtask send_data
[2024-08-16T05:22:30.630+0000] {logging_mixin.py:188} WARNING - /home/***/.local/lib/python3.12/site-packages/***/settings.py:195 DeprecationWarning: The sql_alchemy_conn option in [core] has been moved to the sql_alchemy_conn option in [database] - the old setting has been used, but please update your config.
[2024-08-16T05:22:30.700+0000] {task_command.py:426} INFO - Running <TaskInstance: streaming_data.send_data manual__2024-08-16T05:22:21.223268+00:00 [running]> on host 44da6da64016
[2024-08-16T05:22:30.882+0000] {taskinstance.py:2648} INFO - Exporting env vars: AIRFLOW_CTX_DAG_OWNER='***' AIRFLOW_CTX_DAG_ID='streaming_data' AIRFLOW_CTX_TASK_ID='send_data' AIRFLOW_CTX_EXECUTION_DATE='2024-08-16T05:22:21.223268+00:00' AIRFLOW_CTX_TRY_NUMBER='1' AIRFLOW_CTX_DAG_RUN_ID='manual__2024-08-16T05:22:21.223268+00:00'
[2024-08-16T05:22:30.884+0000] {taskinstance.py:430} INFO - ::endgroup::
[2024-08-16T05:22:31.913+0000] {logging_mixin.py:188} INFO - Delivered message to data [0]
[2024-08-16T05:22:31.914+0000] {logging_mixin.py:188} INFO - Delivered message to data [0]
[2024-08-16T05:22:31.915+0000] {logging_mixin.py:188} INFO - Delivered message to data [0]
[2024-08-16T05:22:31.916+0000] {logging_mixin.py:188} INFO - Delivered message to data [0]
[2024-08-16T05:22:31.917+0000] {logging_mixin.py:188} INFO - Delivered message to data [0]
[2024-08-16T05:22:31.917+0000] {logging_mixin.py:188} INFO - Delivered message to data [0]
[2024-08-16T05:22:31.918+0000] {logging_mixin.py:188} INFO - Delivered message to data [0]
[2024-08-16T05:22:31.919+0000] {logging_mixin.py:188} INFO - Delivered message to data [0]
[2024-08-16T05:22:31.920+0000] {logging_mixin.py:188} INFO - Delivered message to data [0]
[2024-08-16T05:22:31.920+0000] {logging_mixin.py:188} INFO - Delivered message to data [0]
[2024-08-16T05:22:31.921+0000] {logging_mixin.py:188} INFO - Delivered message to data [0]
[2024-08-16T05:22:31.922+0000] {logging_mixin.py:188} INFO - Delivered message to data [0]
[2024-08-16T05:22:31.923+0000] {logging_mixin.py:188} INFO - Delivered message to data [0]
[2024-08-16T05:22:31.923+0000] {logging_mixin.py:188} INFO - Delivered message to data [0]
[2024-08-16T05:22:31.924+0000] {logging_mixin.py:188} INFO - Delivered message to data [0]
[2024-08-16T05:22:31.925+0000] {logging_mixin.py:188} INFO - Delivered message to data [0]
[2024-08-16T05:22:31.925+0000] {logging_mixin.py:188} INFO - Delivered message to data [0]
[2024-08-16T05:22:31.926+0000] {logging_mixin.py:188} INFO - Delivered message to data [0]
[2024-08-16T05:22:31.927+0000] {logging_mixin.py:188} INFO - Delivered message to data [0]
[2024-08-16T05:22:31.927+0000] {logging_mixin.py:188} INFO - Delivered message to data [0]
[2024-08-16T05:22:31.928+0000] {logging_mixin.py:188} INFO - Delivered message to data [0]
[2024-08-16T05:22:31.929+0000] {logging_mixin.py:188} INFO - Delivered message to data [0]
[2024-08-16T05:22:31.930+0000] {logging_mixin.py:188} INFO - Delivered message to data [0]
[2024-08-16T05:22:31.931+0000] {logging_mixin.py:188} INFO - Delivered message to data [0]
[2024-08-16T05:22:31.931+0000] {logging_mixin.py:188} INFO - Delivered message to data [0]
[2024-08-16T05:22:31.932+0000] {logging_mixin.py:188} INFO - Delivered message to data [0]
[2024-08-16T05:22:31.933+0000] {logging_mixin.py:188} INFO - Delivered message to data [0]
[2024-08-16T05:22:31.933+0000] {logging_mixin.py:188} INFO - Delivered message to data [0]
[2024-08-16T05:22:31.934+0000] {logging_mixin.py:188} INFO - Delivered message to data [0]
[2024-08-16T05:22:31.935+0000] {logging_mixin.py:188} INFO - Delivered message to data [0]
[2024-08-16T05:22:31.935+0000] {logging_mixin.py:188} INFO - Delivered message to data [0]
[2024-08-16T05:22:31.936+0000] {logging_mixin.py:188} INFO - Delivered message to data [0]
[2024-08-16T05:22:31.936+0000] {logging_mixin.py:188} INFO - Delivered message to data [0]
[2024-08-16T05:22:31.937+0000] {logging_mixin.py:188} INFO - Delivered message to data [0]
[2024-08-16T05:22:31.938+0000] {logging_mixin.py:188} INFO - Delivered message to data [0]
[2024-08-16T05:22:31.938+0000] {logging_mixin.py:188} INFO - Delivered message to data [0]
[2024-08-16T05:22:31.939+0000] {logging_mixin.py:188} INFO - Delivered message to data [0]
[2024-08-16T05:22:31.940+0000] {logging_mixin.py:188} INFO - Delivered message to data [0]
[2024-08-16T05:22:31.940+0000] {logging_mixin.py:188} INFO - Delivered message to data [0]
[2024-08-16T05:22:31.941+0000] {logging_mixin.py:188} INFO - Delivered message to data [0]
[2024-08-16T05:22:31.942+0000] {logging_mixin.py:188} INFO - Delivered message to data [0]
[2024-08-16T05:22:31.942+0000] {logging_mixin.py:188} INFO - Delivered message to data [0]
[2024-08-16T05:22:31.943+0000] {logging_mixin.py:188} INFO - Delivered message to data [0]
[2024-08-16T05:22:31.944+0000] {logging_mixin.py:188} INFO - Delivered message to data [0]
[2024-08-16T05:22:31.944+0000] {logging_mixin.py:188} INFO - Delivered message to data [0]
[2024-08-16T05:22:31.945+0000] {logging_mixin.py:188} INFO - Delivered message to data [0]
[2024-08-16T05:22:31.945+0000] {logging_mixin.py:188} INFO - Delivered message to data [0]
[2024-08-16T05:22:31.946+0000] {logging_mixin.py:188} INFO - Delivered message to data [0]
[2024-08-16T05:22:31.947+0000] {logging_mixin.py:188} INFO - Delivered message to data [0]
[2024-08-16T05:22:31.947+0000] {logging_mixin.py:188} INFO - Delivered message to data [0]
[2024-08-16T05:22:31.948+0000] {logging_mixin.py:188} INFO - Delivered message to data [0]
[2024-08-16T05:22:31.949+0000] {logging_mixin.py:188} INFO - Delivered message to data [0]
[2024-08-16T05:22:31.949+0000] {logging_mixin.py:188} INFO - Delivered message to data [0]
[2024-08-16T05:22:31.950+0000] {logging_mixin.py:188} INFO - Delivered message to data [0]
[2024-08-16T05:22:31.951+0000] {logging_mixin.py:188} INFO - Delivered message to data [0]
[2024-08-16T05:22:31.951+0000] {logging_mixin.py:188} INFO - Delivered message to data [0]
[2024-08-16T05:22:31.952+0000] {logging_mixin.py:188} INFO - Delivered message to data [0]
[2024-08-16T05:22:31.953+0000] {logging_mixin.py:188} INFO - Delivered message to data [0]
[2024-08-16T05:22:31.953+0000] {logging_mixin.py:188} INFO - Delivered message to data [0]
[2024-08-16T05:22:31.954+0000] {logging_mixin.py:188} INFO - Delivered message to data [0]
[2024-08-16T05:22:31.954+0000] {logging_mixin.py:188} INFO - Delivered message to data [0]
[2024-08-16T05:22:31.955+0000] {logging_mixin.py:188} INFO - Delivered message to data [0]
[2024-08-16T05:22:31.956+0000] {logging_mixin.py:188} INFO - Delivered message to data [0]
[2024-08-16T05:22:31.956+0000] {logging_mixin.py:188} INFO - Delivered message to data [0]
[2024-08-16T05:22:31.957+0000] {logging_mixin.py:188} INFO - Delivered message to data [0]
[2024-08-16T05:22:31.957+0000] {logging_mixin.py:188} INFO - Delivered message to data [0]
[2024-08-16T05:22:31.958+0000] {logging_mixin.py:188} INFO - Delivered message to data [0]
[2024-08-16T05:22:31.959+0000] {logging_mixin.py:188} INFO - Delivered message to data [0]
[2024-08-16T05:22:31.960+0000] {logging_mixin.py:188} INFO - Delivered message to data [0]
[2024-08-16T05:22:31.961+0000] {logging_mixin.py:188} INFO - Delivered message to data [0]
[2024-08-16T05:22:31.961+0000] {logging_mixin.py:188} INFO - Delivered message to data [0]
[2024-08-16T05:22:31.962+0000] {logging_mixin.py:188} INFO - Delivered message to data [0]
[2024-08-16T05:22:31.962+0000] {logging_mixin.py:188} INFO - Delivered message to data [0]
[2024-08-16T05:22:31.963+0000] {logging_mixin.py:188} INFO - Delivered message to data [0]
[2024-08-16T05:22:31.964+0000] {logging_mixin.py:188} INFO - Delivered message to data [0]
[2024-08-16T05:22:31.965+0000] {logging_mixin.py:188} INFO - Delivered message to data [0]
[2024-08-16T05:22:31.965+0000] {logging_mixin.py:188} INFO - Delivered message to data [0]
[2024-08-16T05:22:31.966+0000] {logging_mixin.py:188} INFO - Delivered message to data [0]
[2024-08-16T05:22:31.967+0000] {logging_mixin.py:188} INFO - Delivered message to data [0]
[2024-08-16T05:22:31.967+0000] {logging_mixin.py:188} INFO - Delivered message to data [0]
[2024-08-16T05:22:31.968+0000] {logging_mixin.py:188} INFO - Delivered message to data [0]
[2024-08-16T05:22:31.969+0000] {logging_mixin.py:188} INFO - Delivered message to data [0]
[2024-08-16T05:22:31.969+0000] {logging_mixin.py:188} INFO - Delivered message to data [0]
[2024-08-16T05:22:31.970+0000] {logging_mixin.py:188} INFO - Delivered message to data [0]
[2024-08-16T05:22:31.971+0000] {logging_mixin.py:188} INFO - Delivered message to data [0]
[2024-08-16T05:22:31.971+0000] {logging_mixin.py:188} INFO - Delivered message to data [0]
[2024-08-16T05:22:31.972+0000] {logging_mixin.py:188} INFO - Delivered message to data [0]
[2024-08-16T05:22:31.972+0000] {logging_mixin.py:188} INFO - Delivered message to data [0]
[2024-08-16T05:22:31.973+0000] {logging_mixin.py:188} INFO - Delivered message to data [0]
[2024-08-16T05:22:31.974+0000] {logging_mixin.py:188} INFO - Delivered message to data [0]
[2024-08-16T05:22:31.974+0000] {logging_mixin.py:188} INFO - Delivered message to data [0]
[2024-08-16T05:22:31.975+0000] {logging_mixin.py:188} INFO - Delivered message to data [0]
[2024-08-16T05:22:31.977+0000] {logging_mixin.py:188} INFO - Delivered message to data [0]
[2024-08-16T05:22:31.978+0000] {logging_mixin.py:188} INFO - Delivered message to data [0]
[2024-08-16T05:22:31.979+0000] {logging_mixin.py:188} INFO - Delivered message to data [0]
[2024-08-16T05:22:31.979+0000] {logging_mixin.py:188} INFO - Delivered message to data [0]
[2024-08-16T05:22:31.980+0000] {logging_mixin.py:188} INFO - Delivered message to data [0]
[2024-08-16T05:22:31.981+0000] {logging_mixin.py:188} INFO - Delivered message to data [0]
[2024-08-16T05:22:31.982+0000] {logging_mixin.py:188} INFO - Delivered message to data [0]
[2024-08-16T05:22:31.983+0000] {logging_mixin.py:188} INFO - Delivered message to data [0]
[2024-08-16T05:22:31.983+0000] {logging_mixin.py:188} INFO - Delivered message to data [0]
[2024-08-16T05:22:31.984+0000] {logging_mixin.py:188} INFO - Delivered message to data [0]
[2024-08-16T05:22:31.985+0000] {logging_mixin.py:188} INFO - Delivered message to data [0]
[2024-08-16T05:22:31.986+0000] {logging_mixin.py:188} INFO - Delivered message to data [0]
[2024-08-16T05:22:31.986+0000] {logging_mixin.py:188} INFO - Delivered message to data [0]
[2024-08-16T05:22:31.987+0000] {logging_mixin.py:188} INFO - Delivered message to data [0]
[2024-08-16T05:22:31.988+0000] {logging_mixin.py:188} INFO - Delivered message to data [0]
[2024-08-16T05:22:31.989+0000] {logging_mixin.py:188} INFO - Delivered message to data [0]
[2024-08-16T05:22:31.990+0000] {logging_mixin.py:188} INFO - Delivered message to data [0]
[2024-08-16T05:22:31.990+0000] {logging_mixin.py:188} INFO - Delivered message to data [0]
[2024-08-16T05:22:31.991+0000] {logging_mixin.py:188} INFO - Delivered message to data [0]
[2024-08-16T05:22:31.992+0000] {logging_mixin.py:188} INFO - Delivered message to data [0]
[2024-08-16T05:22:31.993+0000] {logging_mixin.py:188} INFO - Delivered message to data [0]
[2024-08-16T05:22:31.993+0000] {logging_mixin.py:188} INFO - Delivered message to data [0]
[2024-08-16T05:22:31.994+0000] {logging_mixin.py:188} INFO - Delivered message to data [0]
[2024-08-16T05:22:31.994+0000] {logging_mixin.py:188} INFO - Delivered message to data [0]
[2024-08-16T05:22:31.995+0000] {logging_mixin.py:188} INFO - Delivered message to data [0]
[2024-08-16T05:22:31.996+0000] {logging_mixin.py:188} INFO - Delivered message to data [0]
[2024-08-16T05:22:31.997+0000] {logging_mixin.py:188} INFO - Delivered message to data [0]
[2024-08-16T05:22:31.997+0000] {logging_mixin.py:188} INFO - Delivered message to data [0]
[2024-08-16T05:22:31.998+0000] {logging_mixin.py:188} INFO - Delivered message to data [0]
[2024-08-16T05:22:31.999+0000] {logging_mixin.py:188} INFO - Delivered message to data [0]
[2024-08-16T05:22:32.000+0000] {logging_mixin.py:188} INFO - Delivered message to data [0]
[2024-08-16T05:22:32.001+0000] {logging_mixin.py:188} INFO - Delivered message to data [0]
[2024-08-16T05:22:32.002+0000] {logging_mixin.py:188} INFO - Delivered message to data [0]
[2024-08-16T05:22:32.002+0000] {logging_mixin.py:188} INFO - Delivered message to data [0]
[2024-08-16T05:22:32.003+0000] {logging_mixin.py:188} INFO - Delivered message to data [0]
[2024-08-16T05:22:32.004+0000] {logging_mixin.py:188} INFO - Delivered message to data [0]
[2024-08-16T05:22:32.005+0000] {logging_mixin.py:188} INFO - Delivered message to data [0]
[2024-08-16T05:22:32.006+0000] {logging_mixin.py:188} INFO - Delivered message to data [0]
[2024-08-16T05:22:32.007+0000] {logging_mixin.py:188} INFO - Delivered message to data [0]
[2024-08-16T05:22:32.008+0000] {logging_mixin.py:188} INFO - Delivered message to data [0]
[2024-08-16T05:22:32.009+0000] {logging_mixin.py:188} INFO - Delivered message to data [0]
[2024-08-16T05:22:32.009+0000] {logging_mixin.py:188} INFO - Delivered message to data [0]
[2024-08-16T05:22:32.010+0000] {logging_mixin.py:188} INFO - Delivered message to data [0]
[2024-08-16T05:22:32.011+0000] {logging_mixin.py:188} INFO - Delivered message to data [0]
[2024-08-16T05:22:32.012+0000] {logging_mixin.py:188} INFO - Delivered message to data [0]
[2024-08-16T05:22:32.012+0000] {logging_mixin.py:188} INFO - Delivered message to data [0]
[2024-08-16T05:22:32.013+0000] {logging_mixin.py:188} INFO - Delivered message to data [0]
[2024-08-16T05:22:32.014+0000] {logging_mixin.py:188} INFO - Delivered message to data [0]
[2024-08-16T05:22:32.014+0000] {logging_mixin.py:188} INFO - Delivered message to data [0]
[2024-08-16T05:22:32.015+0000] {logging_mixin.py:188} INFO - Delivered message to data [0]
[2024-08-16T05:22:32.016+0000] {logging_mixin.py:188} INFO - Delivered message to data [0]
[2024-08-16T05:22:32.016+0000] {logging_mixin.py:188} INFO - Delivered message to data [0]
[2024-08-16T05:22:32.017+0000] {logging_mixin.py:188} INFO - Delivered message to data [0]
[2024-08-16T05:22:32.017+0000] {logging_mixin.py:188} INFO - Delivered message to data [0]
[2024-08-16T05:22:32.018+0000] {logging_mixin.py:188} INFO - Delivered message to data [0]
[2024-08-16T05:22:32.019+0000] {logging_mixin.py:188} INFO - Delivered message to data [0]
[2024-08-16T05:22:32.019+0000] {logging_mixin.py:188} INFO - Delivered message to data [0]
[2024-08-16T05:22:32.020+0000] {logging_mixin.py:188} INFO - Delivered message to data [0]
[2024-08-16T05:22:32.021+0000] {logging_mixin.py:188} INFO - Delivered message to data [0]
[2024-08-16T05:22:32.021+0000] {logging_mixin.py:188} INFO - Delivered message to data [0]
[2024-08-16T05:22:32.022+0000] {logging_mixin.py:188} INFO - Delivered message to data [0]
[2024-08-16T05:22:32.022+0000] {logging_mixin.py:188} INFO - Delivered message to data [0]
[2024-08-16T05:22:32.023+0000] {logging_mixin.py:188} INFO - Delivered message to data [0]
[2024-08-16T05:22:32.024+0000] {logging_mixin.py:188} INFO - Delivered message to data [0]
[2024-08-16T05:22:32.024+0000] {logging_mixin.py:188} INFO - Delivered message to data [0]
[2024-08-16T05:22:32.025+0000] {logging_mixin.py:188} INFO - Delivered message to data [0]
[2024-08-16T05:22:32.025+0000] {logging_mixin.py:188} INFO - Delivered message to data [0]
[2024-08-16T05:22:32.026+0000] {logging_mixin.py:188} INFO - Delivered message to data [0]
[2024-08-16T05:22:32.027+0000] {logging_mixin.py:188} INFO - Delivered message to data [0]
[2024-08-16T05:22:32.028+0000] {logging_mixin.py:188} INFO - Delivered message to data [0]
[2024-08-16T05:22:32.028+0000] {logging_mixin.py:188} INFO - Delivered message to data [0]
[2024-08-16T05:22:32.029+0000] {logging_mixin.py:188} INFO - Delivered message to data [0]
[2024-08-16T05:22:32.030+0000] {logging_mixin.py:188} INFO - Delivered message to data [0]
[2024-08-16T05:22:32.031+0000] {logging_mixin.py:188} INFO - Delivered message to data [0]
[2024-08-16T05:22:32.031+0000] {logging_mixin.py:188} INFO - Delivered message to data [0]
[2024-08-16T05:22:32.032+0000] {logging_mixin.py:188} INFO - Delivered message to data [0]
[2024-08-16T05:22:32.033+0000] {logging_mixin.py:188} INFO - Delivered message to data [0]
[2024-08-16T05:22:32.033+0000] {logging_mixin.py:188} INFO - Delivered message to data [0]
[2024-08-16T05:22:32.034+0000] {logging_mixin.py:188} INFO - Delivered message to data [0]
[2024-08-16T05:22:32.035+0000] {logging_mixin.py:188} INFO - Delivered message to data [0]
[2024-08-16T05:22:32.036+0000] {logging_mixin.py:188} INFO - Delivered message to data [0]
[2024-08-16T05:22:32.036+0000] {logging_mixin.py:188} INFO - Delivered message to data [0]
[2024-08-16T05:22:32.037+0000] {logging_mixin.py:188} INFO - Delivered message to data [0]
[2024-08-16T05:22:32.038+0000] {logging_mixin.py:188} INFO - Delivered message to data [0]
[2024-08-16T05:22:32.038+0000] {logging_mixin.py:188} INFO - Delivered message to data [0]
[2024-08-16T05:22:32.039+0000] {logging_mixin.py:188} INFO - Delivered message to data [0]
[2024-08-16T05:22:32.040+0000] {logging_mixin.py:188} INFO - Delivered message to data [0]
[2024-08-16T05:22:32.042+0000] {logging_mixin.py:188} INFO - Delivered message to data [0]
[2024-08-16T05:22:32.044+0000] {logging_mixin.py:188} INFO - Delivered message to data [0]
[2024-08-16T05:22:32.045+0000] {logging_mixin.py:188} INFO - Delivered message to data [0]
[2024-08-16T05:22:32.046+0000] {logging_mixin.py:188} INFO - Delivered message to data [0]
[2024-08-16T05:22:32.047+0000] {logging_mixin.py:188} INFO - Delivered message to data [0]
[2024-08-16T05:22:32.048+0000] {logging_mixin.py:188} INFO - Delivered message to data [0]
[2024-08-16T05:22:32.049+0000] {logging_mixin.py:188} INFO - Delivered message to data [0]
[2024-08-16T05:22:32.049+0000] {logging_mixin.py:188} INFO - Delivered message to data [0]
[2024-08-16T05:22:32.050+0000] {logging_mixin.py:188} INFO - Delivered message to data [0]
[2024-08-16T05:22:32.051+0000] {logging_mixin.py:188} INFO - Delivered message to data [0]
[2024-08-16T05:22:32.052+0000] {logging_mixin.py:188} INFO - Delivered message to data [0]
[2024-08-16T05:22:32.052+0000] {logging_mixin.py:188} INFO - Delivered message to data [0]
[2024-08-16T05:22:32.054+0000] {logging_mixin.py:188} INFO - Delivered message to data [0]
[2024-08-16T05:22:32.055+0000] {logging_mixin.py:188} INFO - Delivered message to data [0]
[2024-08-16T05:22:32.055+0000] {logging_mixin.py:188} INFO - Delivered message to data [0]
[2024-08-16T05:22:32.056+0000] {logging_mixin.py:188} INFO - Delivered message to data [0]
[2024-08-16T05:22:32.057+0000] {logging_mixin.py:188} INFO - Delivered message to data [0]
[2024-08-16T05:22:32.058+0000] {logging_mixin.py:188} INFO - Delivered message to data [0]
[2024-08-16T05:22:32.058+0000] {logging_mixin.py:188} INFO - Delivered message to data [0]
[2024-08-16T05:22:32.059+0000] {logging_mixin.py:188} INFO - Delivered message to data [0]
[2024-08-16T05:22:32.060+0000] {logging_mixin.py:188} INFO - Delivered message to data [0]
[2024-08-16T05:22:32.061+0000] {logging_mixin.py:188} INFO - Delivered message to data [0]
[2024-08-16T05:22:32.062+0000] {logging_mixin.py:188} INFO - Delivered message to data [0]
[2024-08-16T05:22:32.062+0000] {logging_mixin.py:188} INFO - Delivered message to data [0]
[2024-08-16T05:22:32.063+0000] {logging_mixin.py:188} INFO - Delivered message to data [0]
[2024-08-16T05:22:32.063+0000] {logging_mixin.py:188} INFO - Delivered message to data [0]
[2024-08-16T05:22:32.064+0000] {logging_mixin.py:188} INFO - Delivered message to data [0]
[2024-08-16T05:22:32.065+0000] {logging_mixin.py:188} INFO - Delivered message to data [0]
[2024-08-16T05:22:32.065+0000] {logging_mixin.py:188} INFO - Delivered message to data [0]
[2024-08-16T05:22:32.066+0000] {logging_mixin.py:188} INFO - Delivered message to data [0]
[2024-08-16T05:22:32.066+0000] {logging_mixin.py:188} INFO - Delivered message to data [0]
[2024-08-16T05:22:32.067+0000] {logging_mixin.py:188} INFO - Delivered message to data [0]
[2024-08-16T05:22:32.067+0000] {logging_mixin.py:188} INFO - Delivered message to data [0]
[2024-08-16T05:22:32.068+0000] {logging_mixin.py:188} INFO - Delivered message to data [0]
[2024-08-16T05:22:32.068+0000] {logging_mixin.py:188} INFO - Delivered message to data [0]
[2024-08-16T05:22:32.069+0000] {logging_mixin.py:188} INFO - Delivered message to data [0]
[2024-08-16T05:22:32.069+0000] {logging_mixin.py:188} INFO - Delivered message to data [0]
[2024-08-16T05:22:32.070+0000] {logging_mixin.py:188} INFO - Delivered message to data [0]
[2024-08-16T05:22:32.071+0000] {logging_mixin.py:188} INFO - Delivered message to data [0]
[2024-08-16T05:22:32.071+0000] {logging_mixin.py:188} INFO - Delivered message to data [0]
[2024-08-16T05:22:32.072+0000] {logging_mixin.py:188} INFO - Delivered message to data [0]
[2024-08-16T05:22:32.072+0000] {logging_mixin.py:188} INFO - Delivered message to data [0]
[2024-08-16T05:22:32.073+0000] {logging_mixin.py:188} INFO - Delivered message to data [0]
[2024-08-16T05:22:32.074+0000] {logging_mixin.py:188} INFO - Delivered message to data [0]
[2024-08-16T05:22:32.075+0000] {logging_mixin.py:188} INFO - Delivered message to data [0]
[2024-08-16T05:22:32.076+0000] {logging_mixin.py:188} INFO - Delivered message to data [0]
[2024-08-16T05:22:32.077+0000] {logging_mixin.py:188} INFO - Delivered message to data [0]
[2024-08-16T05:22:32.077+0000] {logging_mixin.py:188} INFO - Delivered message to data [0]
[2024-08-16T05:22:32.078+0000] {logging_mixin.py:188} INFO - Delivered message to data [0]
[2024-08-16T05:22:32.079+0000] {logging_mixin.py:188} INFO - Delivered message to data [0]
[2024-08-16T05:22:32.079+0000] {logging_mixin.py:188} INFO - Delivered message to data [0]
[2024-08-16T05:22:32.080+0000] {logging_mixin.py:188} INFO - Delivered message to data [0]
[2024-08-16T05:22:32.080+0000] {logging_mixin.py:188} INFO - Delivered message to data [0]
[2024-08-16T05:22:32.081+0000] {logging_mixin.py:188} INFO - Delivered message to data [0]
[2024-08-16T05:22:32.081+0000] {logging_mixin.py:188} INFO - Delivered message to data [0]
[2024-08-16T05:22:32.082+0000] {logging_mixin.py:188} INFO - Delivered message to data [0]
[2024-08-16T05:22:32.082+0000] {logging_mixin.py:188} INFO - Delivered message to data [0]
[2024-08-16T05:22:32.083+0000] {logging_mixin.py:188} INFO - Delivered message to data [0]
[2024-08-16T05:22:32.083+0000] {logging_mixin.py:188} INFO - Delivered message to data [0]
[2024-08-16T05:22:32.084+0000] {logging_mixin.py:188} INFO - Delivered message to data [0]
[2024-08-16T05:22:32.085+0000] {logging_mixin.py:188} INFO - Delivered message to data [0]
[2024-08-16T05:22:32.086+0000] {logging_mixin.py:188} INFO - Delivered message to data [0]
[2024-08-16T05:22:32.086+0000] {logging_mixin.py:188} INFO - Delivered message to data [0]
[2024-08-16T05:22:32.087+0000] {logging_mixin.py:188} INFO - Delivered message to data [0]
[2024-08-16T05:22:32.087+0000] {logging_mixin.py:188} INFO - Delivered message to data [0]
[2024-08-16T05:22:32.088+0000] {logging_mixin.py:188} INFO - Delivered message to data [0]
[2024-08-16T05:22:32.088+0000] {logging_mixin.py:188} INFO - Delivered message to data [0]
[2024-08-16T05:22:32.089+0000] {logging_mixin.py:188} INFO - Delivered message to data [0]
[2024-08-16T05:22:32.090+0000] {logging_mixin.py:188} INFO - Delivered message to data [0]
[2024-08-16T05:22:32.094+0000] {logging_mixin.py:188} INFO - Delivered message to data [0]
[2024-08-16T05:22:32.095+0000] {logging_mixin.py:188} INFO - Delivered message to data [0]
[2024-08-16T05:22:32.095+0000] {logging_mixin.py:188} INFO - Delivered message to data [0]
[2024-08-16T05:22:32.096+0000] {logging_mixin.py:188} INFO - Delivered message to data [0]
[2024-08-16T05:22:32.096+0000] {logging_mixin.py:188} INFO - Delivered message to data [0]
[2024-08-16T05:22:32.097+0000] {logging_mixin.py:188} INFO - Delivered message to data [0]
[2024-08-16T05:22:32.097+0000] {logging_mixin.py:188} INFO - Delivered message to data [0]
[2024-08-16T05:22:32.098+0000] {logging_mixin.py:188} INFO - Delivered message to data [0]
[2024-08-16T05:22:32.099+0000] {logging_mixin.py:188} INFO - Delivered message to data [0]
[2024-08-16T05:22:32.099+0000] {logging_mixin.py:188} INFO - Delivered message to data [0]
[2024-08-16T05:22:32.100+0000] {logging_mixin.py:188} INFO - Delivered message to data [0]
[2024-08-16T05:22:32.100+0000] {logging_mixin.py:188} INFO - Delivered message to data [0]
[2024-08-16T05:22:32.101+0000] {logging_mixin.py:188} INFO - Delivered message to data [0]
[2024-08-16T05:22:32.102+0000] {logging_mixin.py:188} INFO - Delivered message to data [0]
[2024-08-16T05:22:32.102+0000] {logging_mixin.py:188} INFO - Delivered message to data [0]
[2024-08-16T05:22:32.103+0000] {logging_mixin.py:188} INFO - Delivered message to data [0]
[2024-08-16T05:22:32.104+0000] {logging_mixin.py:188} INFO - Delivered message to data [0]
[2024-08-16T05:22:32.105+0000] {logging_mixin.py:188} INFO - Delivered message to data [0]
[2024-08-16T05:22:32.105+0000] {logging_mixin.py:188} INFO - Delivered message to data [0]
[2024-08-16T05:22:32.106+0000] {logging_mixin.py:188} INFO - Delivered message to data [0]
[2024-08-16T05:22:32.106+0000] {logging_mixin.py:188} INFO - Delivered message to data [0]
[2024-08-16T05:22:32.107+0000] {logging_mixin.py:188} INFO - Delivered message to data [0]
[2024-08-16T05:22:32.108+0000] {logging_mixin.py:188} INFO - Delivered message to data [0]
[2024-08-16T05:22:32.109+0000] {logging_mixin.py:188} INFO - Delivered message to data [0]
[2024-08-16T05:22:32.109+0000] {logging_mixin.py:188} INFO - Delivered message to data [0]
[2024-08-16T05:22:32.110+0000] {logging_mixin.py:188} INFO - Delivered message to data [0]
[2024-08-16T05:22:32.111+0000] {logging_mixin.py:188} INFO - Delivered message to data [0]
[2024-08-16T05:22:32.111+0000] {logging_mixin.py:188} INFO - Delivered message to data [0]
[2024-08-16T05:22:32.112+0000] {logging_mixin.py:188} INFO - Delivered message to data [0]
[2024-08-16T05:22:32.112+0000] {logging_mixin.py:188} INFO - Delivered message to data [0]
[2024-08-16T05:22:32.113+0000] {logging_mixin.py:188} INFO - Delivered message to data [0]
[2024-08-16T05:22:32.113+0000] {logging_mixin.py:188} INFO - Delivered message to data [0]
[2024-08-16T05:22:32.113+0000] {logging_mixin.py:188} INFO - Delivered message to data [0]
[2024-08-16T05:22:32.114+0000] {logging_mixin.py:188} INFO - Delivered message to data [0]
[2024-08-16T05:22:32.114+0000] {logging_mixin.py:188} INFO - Delivered message to data [0]
[2024-08-16T05:22:32.115+0000] {logging_mixin.py:188} INFO - Delivered message to data [0]
[2024-08-16T05:22:32.115+0000] {logging_mixin.py:188} INFO - Delivered message to data [0]
[2024-08-16T05:22:32.116+0000] {logging_mixin.py:188} INFO - Delivered message to data [0]
[2024-08-16T05:22:32.118+0000] {logging_mixin.py:188} INFO - Delivered message to data [0]
[2024-08-16T05:22:32.118+0000] {logging_mixin.py:188} INFO - Delivered message to data [0]
[2024-08-16T05:22:32.119+0000] {logging_mixin.py:188} INFO - Delivered message to data [0]
[2024-08-16T05:22:32.119+0000] {logging_mixin.py:188} INFO - Delivered message to data [0]
[2024-08-16T05:22:32.120+0000] {logging_mixin.py:188} INFO - Delivered message to data [0]
[2024-08-16T05:22:32.120+0000] {logging_mixin.py:188} INFO - Delivered message to data [0]
[2024-08-16T05:22:32.121+0000] {logging_mixin.py:188} INFO - Delivered message to data [0]
[2024-08-16T05:22:32.121+0000] {logging_mixin.py:188} INFO - Delivered message to data [0]
[2024-08-16T05:22:32.122+0000] {logging_mixin.py:188} INFO - Delivered message to data [0]
[2024-08-16T05:22:32.122+0000] {logging_mixin.py:188} INFO - Delivered message to data [0]
[2024-08-16T05:22:32.123+0000] {logging_mixin.py:188} INFO - Delivered message to data [0]
[2024-08-16T05:22:32.123+0000] {logging_mixin.py:188} INFO - Delivered message to data [0]
[2024-08-16T05:22:32.123+0000] {logging_mixin.py:188} INFO - Delivered message to data [0]
[2024-08-16T05:22:32.124+0000] {logging_mixin.py:188} INFO - Delivered message to data [0]
[2024-08-16T05:22:32.125+0000] {logging_mixin.py:188} INFO - Delivered message to data [0]
[2024-08-16T05:22:32.125+0000] {logging_mixin.py:188} INFO - Delivered message to data [0]
[2024-08-16T05:22:32.126+0000] {logging_mixin.py:188} INFO - Delivered message to data [0]
[2024-08-16T05:22:32.126+0000] {logging_mixin.py:188} INFO - Delivered message to data [0]
[2024-08-16T05:22:32.127+0000] {logging_mixin.py:188} INFO - Delivered message to data [0]
[2024-08-16T05:22:32.127+0000] {logging_mixin.py:188} INFO - Delivered message to data [0]
[2024-08-16T05:22:32.128+0000] {logging_mixin.py:188} INFO - Delivered message to data [0]
[2024-08-16T05:22:32.128+0000] {logging_mixin.py:188} INFO - Delivered message to data [0]
[2024-08-16T05:22:32.129+0000] {logging_mixin.py:188} INFO - Delivered message to data [0]
[2024-08-16T05:22:32.129+0000] {logging_mixin.py:188} INFO - Delivered message to data [0]
[2024-08-16T05:22:32.130+0000] {logging_mixin.py:188} INFO - Delivered message to data [0]
[2024-08-16T05:22:32.130+0000] {logging_mixin.py:188} INFO - Delivered message to data [0]
[2024-08-16T05:22:32.131+0000] {logging_mixin.py:188} INFO - Delivered message to data [0]
[2024-08-16T05:22:32.131+0000] {logging_mixin.py:188} INFO - Delivered message to data [0]
[2024-08-16T05:22:32.132+0000] {logging_mixin.py:188} INFO - Delivered message to data [0]
[2024-08-16T05:22:32.133+0000] {logging_mixin.py:188} INFO - Delivered message to data [0]
[2024-08-16T05:22:32.133+0000] {logging_mixin.py:188} INFO - Delivered message to data [0]
[2024-08-16T05:22:32.134+0000] {logging_mixin.py:188} INFO - Delivered message to data [0]
[2024-08-16T05:22:32.134+0000] {logging_mixin.py:188} INFO - Delivered message to data [0]
[2024-08-16T05:22:32.135+0000] {logging_mixin.py:188} INFO - Delivered message to data [0]
[2024-08-16T05:22:32.135+0000] {logging_mixin.py:188} INFO - Delivered message to data [0]
[2024-08-16T05:22:32.136+0000] {logging_mixin.py:188} INFO - Delivered message to data [0]
[2024-08-16T05:22:32.137+0000] {logging_mixin.py:188} INFO - Delivered message to data [0]
[2024-08-16T05:22:32.137+0000] {logging_mixin.py:188} INFO - Delivered message to data [0]
[2024-08-16T05:22:32.137+0000] {logging_mixin.py:188} INFO - Delivered message to data [0]
[2024-08-16T05:22:32.138+0000] {logging_mixin.py:188} INFO - Delivered message to data [0]
[2024-08-16T05:22:32.139+0000] {logging_mixin.py:188} INFO - Delivered message to data [0]
[2024-08-16T05:22:32.139+0000] {logging_mixin.py:188} INFO - Delivered message to data [0]
[2024-08-16T05:22:32.140+0000] {logging_mixin.py:188} INFO - Delivered message to data [0]
[2024-08-16T05:22:32.141+0000] {logging_mixin.py:188} INFO - Delivered message to data [0]
[2024-08-16T05:22:32.142+0000] {python.py:237} INFO - Done. Returned value was: None
[2024-08-16T05:22:32.143+0000] {taskinstance.py:441} INFO - ::group::Post task execution logs
[2024-08-16T05:22:32.162+0000] {taskinstance.py:1206} INFO - Marking task as SUCCESS. dag_id=streaming_data, task_id=send_data, run_id=manual__2024-08-16T05:22:21.223268+00:00, execution_date=20240816T052221, start_date=20240816T052230, end_date=20240816T052232
[2024-08-16T05:22:32.194+0000] {local_task_job_runner.py:243} INFO - Task exited with return code 0
[2024-08-16T05:22:32.229+0000] {taskinstance.py:3503} INFO - 0 downstream tasks scheduled from follow-on schedule check
[2024-08-16T05:22:32.232+0000] {local_task_job_runner.py:222} INFO - ::endgroup::
