[2024-08-09T08:14:32.859+0000] {local_task_job_runner.py:120} INFO - ::group::Pre task execution logs
[2024-08-09T08:14:32.913+0000] {taskinstance.py:2076} INFO - Dependencies all met for dep_context=non-requeueable deps ti=<TaskInstance: streaming_data.get_data scheduled__2024-07-15T00:00:00+00:00 [queued]>
[2024-08-09T08:14:32.927+0000] {taskinstance.py:2076} INFO - Dependencies all met for dep_context=requeueable deps ti=<TaskInstance: streaming_data.get_data scheduled__2024-07-15T00:00:00+00:00 [queued]>
[2024-08-09T08:14:32.928+0000] {taskinstance.py:2306} INFO - Starting attempt 1 of 2
[2024-08-09T08:14:32.950+0000] {taskinstance.py:2330} INFO - Executing <Task(PythonOperator): get_data> on 2024-07-15 00:00:00+00:00
[2024-08-09T08:14:32.965+0000] {logging_mixin.py:188} WARNING - /home/***/.local/lib/python3.12/site-packages/***/task/task_runner/standard_task_runner.py:62 DeprecationWarning: This process (pid=2375) is multi-threaded, use of fork() may lead to deadlocks in the child.
[2024-08-09T08:14:32.962+0000] {standard_task_runner.py:90} INFO - Running: ['***', 'tasks', 'run', 'streaming_data', 'get_data', 'scheduled__2024-07-15T00:00:00+00:00', '--job-id', '145', '--raw', '--subdir', 'DAGS_FOLDER/topic.py', '--cfg-path', '/tmp/tmp0ztie9zq']
[2024-08-09T08:14:32.970+0000] {standard_task_runner.py:91} INFO - Job 145: Subtask get_data
[2024-08-09T08:14:32.970+0000] {standard_task_runner.py:64} INFO - Started process 2377 to run task
[2024-08-09T08:14:33.051+0000] {logging_mixin.py:188} WARNING - /home/***/.local/lib/python3.12/site-packages/***/settings.py:195 DeprecationWarning: The sql_alchemy_conn option in [core] has been moved to the sql_alchemy_conn option in [database] - the old setting has been used, but please update your config.
[2024-08-09T08:14:33.157+0000] {task_command.py:426} INFO - Running <TaskInstance: streaming_data.get_data scheduled__2024-07-15T00:00:00+00:00 [running]> on host 110119ffa3a6
[2024-08-09T08:14:33.651+0000] {taskinstance.py:2648} INFO - Exporting env vars: AIRFLOW_CTX_DAG_OWNER='***' AIRFLOW_CTX_DAG_ID='streaming_data' AIRFLOW_CTX_TASK_ID='get_data' AIRFLOW_CTX_EXECUTION_DATE='2024-07-15T00:00:00+00:00' AIRFLOW_CTX_TRY_NUMBER='1' AIRFLOW_CTX_DAG_RUN_ID='scheduled__2024-07-15T00:00:00+00:00'
[2024-08-09T08:14:33.655+0000] {taskinstance.py:430} INFO - ::endgroup::
[2024-08-09T08:14:34.410+0000] {logging_mixin.py:188} WARNING - [*********************100%%**********************]  1 of 1 completed
[2024-08-09T08:14:34.559+0000] {logging_mixin.py:188} WARNING - [*********************100%%**********************]  1 of 1 completed
[2024-08-09T08:14:34.682+0000] {logging_mixin.py:188} WARNING - [*********************100%%**********************]  1 of 1 completed
[2024-08-09T08:14:34.843+0000] {logging_mixin.py:188} WARNING - [*********************100%%**********************]  1 of 1 completed
[2024-08-09T08:14:34.951+0000] {logging_mixin.py:188} INFO - $TPE: possibly delisted; No price data found  (1d 2024-08-07 -> 2024-08-09)
[2024-08-09T08:14:34.958+0000] {logging_mixin.py:188} WARNING - [*********************100%%**********************]  1 of 1 completed
[2024-08-09T08:14:34.958+0000] {multi.py:171} ERROR - 
1 Failed download:
[2024-08-09T08:14:34.959+0000] {multi.py:184} ERROR - ['TPE']: YFPricesMissingError('$%ticker%: possibly delisted; No price data found  (1d 2024-08-07 -> 2024-08-09)')
[2024-08-09T08:14:35.115+0000] {logging_mixin.py:188} WARNING - [*********************100%%**********************]  1 of 1 completed
[2024-08-09T08:14:35.324+0000] {logging_mixin.py:188} WARNING - [*********************100%%**********************]  1 of 1 completed
[2024-08-09T08:14:35.486+0000] {logging_mixin.py:188} WARNING - [*********************100%%**********************]  1 of 1 completed
[2024-08-09T08:14:35.652+0000] {logging_mixin.py:188} WARNING - [*********************100%%**********************]  1 of 1 completed
[2024-08-09T08:14:35.800+0000] {logging_mixin.py:188} WARNING - [*********************100%%**********************]  1 of 1 completed
[2024-08-09T08:14:35.882+0000] {python.py:237} INFO - Done. Returned value was: [                  Open        High  ...   Adj Close    Volume
Date                                ...                      
2024-08-07  206.899994  213.639999  ...  209.820007  63516400
2024-08-08  213.110001  214.199997  ...  213.309998  44598400

[2 rows x 6 columns],                   Open        High  ...   Adj Close    Volume
Date                                ...                      
2024-08-07  133.750000  136.240005  ...  128.669998  54676500
2024-08-08  131.970001  136.479996  ...  136.320007  48401800

[2 rows x 6 columns],                   Open        High  ...   Adj Close    Volume
Date                                ...                      
2024-08-07  166.550003  167.580002  ...  162.770004  48408200
2024-08-08  165.169998  166.690002  ...  165.800003  44518900

[2 rows x 6 columns],                   Open        High         Low       Close   Adj Close   Volume
Date                                                                           
2024-08-07  163.580002  164.320007  155.500000  156.119995  156.119995  9266900
2024-08-08  160.740005  165.589996  157.869995  164.949997  164.949997  9480500, Empty DataFrame
Columns: [Open, High, Low, Close, Adj Close, Volume]
Index: [],                   Open        High  ...   Adj Close    Volume
Date                                ...                      
2024-08-07  161.250000  162.979996  ...  158.940002  25138600
2024-08-08  160.509995  163.690002  ...  162.029999  25557400

[2 rows x 6 columns],              Open       High        Low  Close  Adj Close    Volume
Date                                                               
2024-08-07  19.92  20.250000  18.950001  18.99      18.99  97972300
2024-08-08  19.10  20.549999  18.840000  20.49      20.49  95664600,                   Open        High  ...   Adj Close    Volume
Date                                ...                      
2024-08-07  503.130005  510.149994  ...  488.920013  20105300
2024-08-08  497.500000  509.959991  ...  509.630005  16111300

[2 rows x 6 columns],                   Open        High  ...   Adj Close     Volume
Date                                ...                       
2024-08-07  107.809998  108.800003  ...   98.910004  411440400
2024-08-08  102.000000  105.500000  ...  104.970001  390385700

[2 rows x 6 columns],                   Open        High         Low       Close   Adj Close   Volume
Date                                                                           
2024-08-07  616.070007  632.000000  610.640015  611.479980  611.479980  3187800
2024-08-08  621.989990  632.289978  616.020020  630.349976  630.349976  3279300]
[2024-08-09T08:14:35.943+0000] {taskinstance.py:441} INFO - ::group::Post task execution logs
[2024-08-09T08:14:35.985+0000] {taskinstance.py:1206} INFO - Marking task as SUCCESS. dag_id=streaming_data, task_id=get_data, run_id=scheduled__2024-07-15T00:00:00+00:00, execution_date=20240715T000000, start_date=20240809T081432, end_date=20240809T081435
[2024-08-09T08:14:36.027+0000] {local_task_job_runner.py:243} INFO - Task exited with return code 0
[2024-08-09T08:14:36.074+0000] {taskinstance.py:3503} INFO - 1 downstream tasks scheduled from follow-on schedule check
[2024-08-09T08:14:36.077+0000] {local_task_job_runner.py:222} INFO - ::endgroup::
