[2024-08-09T08:33:44.391+0000] {local_task_job_runner.py:120} INFO - ::group::Pre task execution logs
[2024-08-09T08:33:44.435+0000] {taskinstance.py:2076} INFO - Dependencies all met for dep_context=non-requeueable deps ti=<TaskInstance: streaming_data.send_data manual__2024-08-09T08:33:32.530115+00:00 [queued]>
[2024-08-09T08:33:44.446+0000] {taskinstance.py:2076} INFO - Dependencies all met for dep_context=requeueable deps ti=<TaskInstance: streaming_data.send_data manual__2024-08-09T08:33:32.530115+00:00 [queued]>
[2024-08-09T08:33:44.453+0000] {taskinstance.py:2306} INFO - Starting attempt 1 of 2
[2024-08-09T08:33:44.472+0000] {taskinstance.py:2330} INFO - Executing <Task(PythonOperator): send_data> on 2024-08-09 08:33:32.530115+00:00
[2024-08-09T08:33:44.482+0000] {logging_mixin.py:188} WARNING - /home/***/.local/lib/python3.12/site-packages/***/task/task_runner/standard_task_runner.py:62 DeprecationWarning: This process (pid=340) is multi-threaded, use of fork() may lead to deadlocks in the child.
[2024-08-09T08:33:44.483+0000] {standard_task_runner.py:64} INFO - Started process 342 to run task
[2024-08-09T08:33:44.481+0000] {standard_task_runner.py:90} INFO - Running: ['***', 'tasks', 'run', 'streaming_data', 'send_data', 'manual__2024-08-09T08:33:32.530115+00:00', '--job-id', '157', '--raw', '--subdir', 'DAGS_FOLDER/stream.py', '--cfg-path', '/tmp/tmptru3v9xm']
[2024-08-09T08:33:44.484+0000] {standard_task_runner.py:91} INFO - Job 157: Subtask send_data
[2024-08-09T08:33:44.507+0000] {logging_mixin.py:188} WARNING - /home/***/.local/lib/python3.12/site-packages/***/settings.py:195 DeprecationWarning: The sql_alchemy_conn option in [core] has been moved to the sql_alchemy_conn option in [database] - the old setting has been used, but please update your config.
[2024-08-09T08:33:44.559+0000] {task_command.py:426} INFO - Running <TaskInstance: streaming_data.send_data manual__2024-08-09T08:33:32.530115+00:00 [running]> on host 562e157be0a0
[2024-08-09T08:33:44.696+0000] {taskinstance.py:2648} INFO - Exporting env vars: AIRFLOW_CTX_DAG_OWNER='***' AIRFLOW_CTX_DAG_ID='streaming_data' AIRFLOW_CTX_TASK_ID='send_data' AIRFLOW_CTX_EXECUTION_DATE='2024-08-09T08:33:32.530115+00:00' AIRFLOW_CTX_TRY_NUMBER='1' AIRFLOW_CTX_DAG_RUN_ID='manual__2024-08-09T08:33:32.530115+00:00'
[2024-08-09T08:33:44.698+0000] {taskinstance.py:430} INFO - ::endgroup::
[2024-08-09T08:33:46.725+0000] {logging_mixin.py:188} INFO - Delivered message to stock_data [0]
[2024-08-09T08:33:46.726+0000] {logging_mixin.py:188} INFO - Delivered message to stock_data [0]
[2024-08-09T08:33:46.727+0000] {logging_mixin.py:188} INFO - Delivered message to stock_data [0]
[2024-08-09T08:33:46.728+0000] {logging_mixin.py:188} INFO - Delivered message to stock_data [0]
[2024-08-09T08:33:46.728+0000] {logging_mixin.py:188} INFO - Delivered message to stock_data [0]
[2024-08-09T08:33:46.729+0000] {logging_mixin.py:188} INFO - Delivered message to stock_data [0]
[2024-08-09T08:33:46.730+0000] {logging_mixin.py:188} INFO - Delivered message to stock_data [0]
[2024-08-09T08:33:46.731+0000] {logging_mixin.py:188} INFO - Delivered message to stock_data [0]
[2024-08-09T08:33:46.732+0000] {logging_mixin.py:188} INFO - Delivered message to stock_data [0]
[2024-08-09T08:33:46.734+0000] {python.py:237} INFO - Done. Returned value was: None
[2024-08-09T08:33:46.735+0000] {taskinstance.py:441} INFO - ::group::Post task execution logs
[2024-08-09T08:33:46.756+0000] {taskinstance.py:1206} INFO - Marking task as SUCCESS. dag_id=streaming_data, task_id=send_data, run_id=manual__2024-08-09T08:33:32.530115+00:00, execution_date=20240809T083332, start_date=20240809T083344, end_date=20240809T083346
[2024-08-09T08:33:46.798+0000] {local_task_job_runner.py:243} INFO - Task exited with return code 0
[2024-08-09T08:33:46.820+0000] {taskinstance.py:3503} INFO - 0 downstream tasks scheduled from follow-on schedule check
[2024-08-09T08:33:46.824+0000] {local_task_job_runner.py:222} INFO - ::endgroup::
