[2024-08-16T04:25:04.777+0000] {local_task_job_runner.py:120} INFO - ::group::Pre task execution logs
[2024-08-16T04:25:04.834+0000] {taskinstance.py:2076} INFO - Dependencies all met for dep_context=non-requeueable deps ti=<TaskInstance: streaming_data.send_data manual__2024-08-16T04:24:54.992766+00:00 [queued]>
[2024-08-16T04:25:04.846+0000] {taskinstance.py:2076} INFO - Dependencies all met for dep_context=requeueable deps ti=<TaskInstance: streaming_data.send_data manual__2024-08-16T04:24:54.992766+00:00 [queued]>
[2024-08-16T04:25:04.862+0000] {taskinstance.py:2306} INFO - Starting attempt 1 of 2
[2024-08-16T04:25:04.886+0000] {taskinstance.py:2330} INFO - Executing <Task(PythonOperator): send_data> on 2024-08-16 04:24:54.992766+00:00
[2024-08-16T04:25:04.898+0000] {standard_task_runner.py:90} INFO - Running: ['***', 'tasks', 'run', 'streaming_data', 'send_data', 'manual__2024-08-16T04:24:54.992766+00:00', '--job-id', '248', '--raw', '--subdir', 'DAGS_FOLDER/stream.py', '--cfg-path', '/tmp/tmp0wep6mcs']
[2024-08-16T04:25:04.898+0000] {logging_mixin.py:188} WARNING - /home/***/.local/lib/python3.12/site-packages/***/task/task_runner/standard_task_runner.py:62 DeprecationWarning: This process (pid=750) is multi-threaded, use of fork() may lead to deadlocks in the child.
[2024-08-16T04:25:04.901+0000] {standard_task_runner.py:91} INFO - Job 248: Subtask send_data
[2024-08-16T04:25:04.901+0000] {standard_task_runner.py:64} INFO - Started process 752 to run task
[2024-08-16T04:25:04.929+0000] {logging_mixin.py:188} WARNING - /home/***/.local/lib/python3.12/site-packages/***/settings.py:195 DeprecationWarning: The sql_alchemy_conn option in [core] has been moved to the sql_alchemy_conn option in [database] - the old setting has been used, but please update your config.
[2024-08-16T04:25:04.981+0000] {task_command.py:426} INFO - Running <TaskInstance: streaming_data.send_data manual__2024-08-16T04:24:54.992766+00:00 [running]> on host 3543b736d6b3
[2024-08-16T04:25:05.134+0000] {taskinstance.py:2648} INFO - Exporting env vars: AIRFLOW_CTX_DAG_OWNER='***' AIRFLOW_CTX_DAG_ID='streaming_data' AIRFLOW_CTX_TASK_ID='send_data' AIRFLOW_CTX_EXECUTION_DATE='2024-08-16T04:24:54.992766+00:00' AIRFLOW_CTX_TRY_NUMBER='1' AIRFLOW_CTX_DAG_RUN_ID='manual__2024-08-16T04:24:54.992766+00:00'
[2024-08-16T04:25:05.136+0000] {taskinstance.py:430} INFO - ::endgroup::
[2024-08-16T04:25:06.173+0000] {logging_mixin.py:188} INFO - Delivered message to data [0]
[2024-08-16T04:25:06.174+0000] {logging_mixin.py:188} INFO - Delivered message to data [0]
[2024-08-16T04:25:06.175+0000] {logging_mixin.py:188} INFO - Delivered message to data [0]
[2024-08-16T04:25:06.175+0000] {logging_mixin.py:188} INFO - Delivered message to data [0]
[2024-08-16T04:25:06.176+0000] {logging_mixin.py:188} INFO - Delivered message to data [0]
[2024-08-16T04:25:06.177+0000] {logging_mixin.py:188} INFO - Delivered message to data [0]
[2024-08-16T04:25:06.177+0000] {logging_mixin.py:188} INFO - Delivered message to data [0]
[2024-08-16T04:25:06.178+0000] {logging_mixin.py:188} INFO - Delivered message to data [0]
[2024-08-16T04:25:06.178+0000] {logging_mixin.py:188} INFO - Delivered message to data [0]
[2024-08-16T04:25:06.179+0000] {logging_mixin.py:188} INFO - Delivered message to data [0]
[2024-08-16T04:25:06.180+0000] {logging_mixin.py:188} INFO - Delivered message to data [0]
[2024-08-16T04:25:06.180+0000] {logging_mixin.py:188} INFO - Delivered message to data [0]
[2024-08-16T04:25:06.181+0000] {logging_mixin.py:188} INFO - Delivered message to data [0]
[2024-08-16T04:25:06.182+0000] {logging_mixin.py:188} INFO - Delivered message to data [0]
[2024-08-16T04:25:06.182+0000] {logging_mixin.py:188} INFO - Delivered message to data [0]
[2024-08-16T04:25:06.183+0000] {logging_mixin.py:188} INFO - Delivered message to data [0]
[2024-08-16T04:25:06.183+0000] {logging_mixin.py:188} INFO - Delivered message to data [0]
[2024-08-16T04:25:06.184+0000] {logging_mixin.py:188} INFO - Delivered message to data [0]
[2024-08-16T04:25:06.184+0000] {logging_mixin.py:188} INFO - Delivered message to data [0]
[2024-08-16T04:25:06.185+0000] {logging_mixin.py:188} INFO - Delivered message to data [0]
[2024-08-16T04:25:06.186+0000] {logging_mixin.py:188} INFO - Delivered message to data [0]
[2024-08-16T04:25:06.187+0000] {logging_mixin.py:188} INFO - Delivered message to data [0]
[2024-08-16T04:25:06.187+0000] {logging_mixin.py:188} INFO - Delivered message to data [0]
[2024-08-16T04:25:06.188+0000] {logging_mixin.py:188} INFO - Delivered message to data [0]
[2024-08-16T04:25:06.189+0000] {logging_mixin.py:188} INFO - Delivered message to data [0]
[2024-08-16T04:25:06.189+0000] {logging_mixin.py:188} INFO - Delivered message to data [0]
[2024-08-16T04:25:06.190+0000] {logging_mixin.py:188} INFO - Delivered message to data [0]
[2024-08-16T04:25:06.191+0000] {logging_mixin.py:188} INFO - Delivered message to data [0]
[2024-08-16T04:25:06.191+0000] {logging_mixin.py:188} INFO - Delivered message to data [0]
[2024-08-16T04:25:06.192+0000] {logging_mixin.py:188} INFO - Delivered message to data [0]
[2024-08-16T04:25:06.194+0000] {logging_mixin.py:188} INFO - Delivered message to data [0]
[2024-08-16T04:25:06.196+0000] {logging_mixin.py:188} INFO - Delivered message to data [0]
[2024-08-16T04:25:06.197+0000] {logging_mixin.py:188} INFO - Delivered message to data [0]
[2024-08-16T04:25:06.198+0000] {logging_mixin.py:188} INFO - Delivered message to data [0]
[2024-08-16T04:25:06.199+0000] {logging_mixin.py:188} INFO - Delivered message to data [0]
[2024-08-16T04:25:06.199+0000] {logging_mixin.py:188} INFO - Delivered message to data [0]
[2024-08-16T04:25:06.200+0000] {logging_mixin.py:188} INFO - Delivered message to data [0]
[2024-08-16T04:25:06.201+0000] {logging_mixin.py:188} INFO - Delivered message to data [0]
[2024-08-16T04:25:06.202+0000] {logging_mixin.py:188} INFO - Delivered message to data [0]
[2024-08-16T04:25:06.203+0000] {logging_mixin.py:188} INFO - Delivered message to data [0]
[2024-08-16T04:25:06.204+0000] {logging_mixin.py:188} INFO - Delivered message to data [0]
[2024-08-16T04:25:06.205+0000] {logging_mixin.py:188} INFO - Delivered message to data [0]
[2024-08-16T04:25:06.205+0000] {logging_mixin.py:188} INFO - Delivered message to data [0]
[2024-08-16T04:25:06.206+0000] {logging_mixin.py:188} INFO - Delivered message to data [0]
[2024-08-16T04:25:06.207+0000] {logging_mixin.py:188} INFO - Delivered message to data [0]
[2024-08-16T04:25:06.208+0000] {logging_mixin.py:188} INFO - Delivered message to data [0]
[2024-08-16T04:25:06.208+0000] {logging_mixin.py:188} INFO - Delivered message to data [0]
[2024-08-16T04:25:06.209+0000] {logging_mixin.py:188} INFO - Delivered message to data [0]
[2024-08-16T04:25:06.209+0000] {logging_mixin.py:188} INFO - Delivered message to data [0]
[2024-08-16T04:25:06.210+0000] {logging_mixin.py:188} INFO - Delivered message to data [0]
[2024-08-16T04:25:06.211+0000] {logging_mixin.py:188} INFO - Delivered message to data [0]
[2024-08-16T04:25:06.211+0000] {logging_mixin.py:188} INFO - Delivered message to data [0]
[2024-08-16T04:25:06.212+0000] {logging_mixin.py:188} INFO - Delivered message to data [0]
[2024-08-16T04:25:06.213+0000] {logging_mixin.py:188} INFO - Delivered message to data [0]
[2024-08-16T04:25:06.213+0000] {logging_mixin.py:188} INFO - Delivered message to data [0]
[2024-08-16T04:25:06.214+0000] {logging_mixin.py:188} INFO - Delivered message to data [0]
[2024-08-16T04:25:06.214+0000] {logging_mixin.py:188} INFO - Delivered message to data [0]
[2024-08-16T04:25:06.215+0000] {logging_mixin.py:188} INFO - Delivered message to data [0]
[2024-08-16T04:25:06.216+0000] {logging_mixin.py:188} INFO - Delivered message to data [0]
[2024-08-16T04:25:06.216+0000] {logging_mixin.py:188} INFO - Delivered message to data [0]
[2024-08-16T04:25:06.217+0000] {logging_mixin.py:188} INFO - Delivered message to data [0]
[2024-08-16T04:25:06.218+0000] {logging_mixin.py:188} INFO - Delivered message to data [0]
[2024-08-16T04:25:06.219+0000] {logging_mixin.py:188} INFO - Delivered message to data [0]
[2024-08-16T04:25:06.219+0000] {logging_mixin.py:188} INFO - Delivered message to data [0]
[2024-08-16T04:25:06.220+0000] {logging_mixin.py:188} INFO - Delivered message to data [0]
[2024-08-16T04:25:06.221+0000] {logging_mixin.py:188} INFO - Delivered message to data [0]
[2024-08-16T04:25:06.221+0000] {logging_mixin.py:188} INFO - Delivered message to data [0]
[2024-08-16T04:25:06.222+0000] {logging_mixin.py:188} INFO - Delivered message to data [0]
[2024-08-16T04:25:06.223+0000] {logging_mixin.py:188} INFO - Delivered message to data [0]
[2024-08-16T04:25:06.224+0000] {logging_mixin.py:188} INFO - Delivered message to data [0]
[2024-08-16T04:25:06.224+0000] {logging_mixin.py:188} INFO - Delivered message to data [0]
[2024-08-16T04:25:06.225+0000] {logging_mixin.py:188} INFO - Delivered message to data [0]
[2024-08-16T04:25:06.226+0000] {logging_mixin.py:188} INFO - Delivered message to data [0]
[2024-08-16T04:25:06.226+0000] {logging_mixin.py:188} INFO - Delivered message to data [0]
[2024-08-16T04:25:06.227+0000] {logging_mixin.py:188} INFO - Delivered message to data [0]
[2024-08-16T04:25:06.228+0000] {logging_mixin.py:188} INFO - Delivered message to data [0]
[2024-08-16T04:25:06.228+0000] {logging_mixin.py:188} INFO - Delivered message to data [0]
[2024-08-16T04:25:06.229+0000] {logging_mixin.py:188} INFO - Delivered message to data [0]
[2024-08-16T04:25:06.229+0000] {logging_mixin.py:188} INFO - Delivered message to data [0]
[2024-08-16T04:25:06.230+0000] {logging_mixin.py:188} INFO - Delivered message to data [0]
[2024-08-16T04:25:06.231+0000] {logging_mixin.py:188} INFO - Delivered message to data [0]
[2024-08-16T04:25:06.232+0000] {logging_mixin.py:188} INFO - Delivered message to data [0]
[2024-08-16T04:25:06.233+0000] {logging_mixin.py:188} INFO - Delivered message to data [0]
[2024-08-16T04:25:06.233+0000] {logging_mixin.py:188} INFO - Delivered message to data [0]
[2024-08-16T04:25:06.234+0000] {logging_mixin.py:188} INFO - Delivered message to data [0]
[2024-08-16T04:25:06.235+0000] {logging_mixin.py:188} INFO - Delivered message to data [0]
[2024-08-16T04:25:06.235+0000] {logging_mixin.py:188} INFO - Delivered message to data [0]
[2024-08-16T04:25:06.236+0000] {logging_mixin.py:188} INFO - Delivered message to data [0]
[2024-08-16T04:25:06.237+0000] {logging_mixin.py:188} INFO - Delivered message to data [0]
[2024-08-16T04:25:06.238+0000] {logging_mixin.py:188} INFO - Delivered message to data [0]
[2024-08-16T04:25:06.238+0000] {logging_mixin.py:188} INFO - Delivered message to data [0]
[2024-08-16T04:25:06.239+0000] {logging_mixin.py:188} INFO - Delivered message to data [0]
[2024-08-16T04:25:06.240+0000] {logging_mixin.py:188} INFO - Delivered message to data [0]
[2024-08-16T04:25:06.240+0000] {logging_mixin.py:188} INFO - Delivered message to data [0]
[2024-08-16T04:25:06.241+0000] {logging_mixin.py:188} INFO - Delivered message to data [0]
[2024-08-16T04:25:06.242+0000] {logging_mixin.py:188} INFO - Delivered message to data [0]
[2024-08-16T04:25:06.242+0000] {logging_mixin.py:188} INFO - Delivered message to data [0]
[2024-08-16T04:25:06.244+0000] {logging_mixin.py:188} INFO - Delivered message to data [0]
[2024-08-16T04:25:06.245+0000] {logging_mixin.py:188} INFO - Delivered message to data [0]
[2024-08-16T04:25:06.245+0000] {logging_mixin.py:188} INFO - Delivered message to data [0]
[2024-08-16T04:25:06.246+0000] {logging_mixin.py:188} INFO - Delivered message to data [0]
[2024-08-16T04:25:06.247+0000] {logging_mixin.py:188} INFO - Delivered message to data [0]
[2024-08-16T04:25:06.248+0000] {logging_mixin.py:188} INFO - Delivered message to data [0]
[2024-08-16T04:25:06.248+0000] {logging_mixin.py:188} INFO - Delivered message to data [0]
[2024-08-16T04:25:06.249+0000] {logging_mixin.py:188} INFO - Delivered message to data [0]
[2024-08-16T04:25:06.250+0000] {logging_mixin.py:188} INFO - Delivered message to data [0]
[2024-08-16T04:25:06.250+0000] {logging_mixin.py:188} INFO - Delivered message to data [0]
[2024-08-16T04:25:06.251+0000] {logging_mixin.py:188} INFO - Delivered message to data [0]
[2024-08-16T04:25:06.252+0000] {logging_mixin.py:188} INFO - Delivered message to data [0]
[2024-08-16T04:25:06.252+0000] {logging_mixin.py:188} INFO - Delivered message to data [0]
[2024-08-16T04:25:06.253+0000] {logging_mixin.py:188} INFO - Delivered message to data [0]
[2024-08-16T04:25:06.254+0000] {logging_mixin.py:188} INFO - Delivered message to data [0]
[2024-08-16T04:25:06.254+0000] {logging_mixin.py:188} INFO - Delivered message to data [0]
[2024-08-16T04:25:06.255+0000] {logging_mixin.py:188} INFO - Delivered message to data [0]
[2024-08-16T04:25:06.256+0000] {logging_mixin.py:188} INFO - Delivered message to data [0]
[2024-08-16T04:25:06.256+0000] {logging_mixin.py:188} INFO - Delivered message to data [0]
[2024-08-16T04:25:06.257+0000] {logging_mixin.py:188} INFO - Delivered message to data [0]
[2024-08-16T04:25:06.258+0000] {logging_mixin.py:188} INFO - Delivered message to data [0]
[2024-08-16T04:25:06.258+0000] {logging_mixin.py:188} INFO - Delivered message to data [0]
[2024-08-16T04:25:06.259+0000] {logging_mixin.py:188} INFO - Delivered message to data [0]
[2024-08-16T04:25:06.260+0000] {logging_mixin.py:188} INFO - Delivered message to data [0]
[2024-08-16T04:25:06.260+0000] {logging_mixin.py:188} INFO - Delivered message to data [0]
[2024-08-16T04:25:06.261+0000] {logging_mixin.py:188} INFO - Delivered message to data [0]
[2024-08-16T04:25:06.261+0000] {logging_mixin.py:188} INFO - Delivered message to data [0]
[2024-08-16T04:25:06.262+0000] {logging_mixin.py:188} INFO - Delivered message to data [0]
[2024-08-16T04:25:06.263+0000] {logging_mixin.py:188} INFO - Delivered message to data [0]
[2024-08-16T04:25:06.263+0000] {logging_mixin.py:188} INFO - Delivered message to data [0]
[2024-08-16T04:25:06.264+0000] {logging_mixin.py:188} INFO - Delivered message to data [0]
[2024-08-16T04:25:06.264+0000] {logging_mixin.py:188} INFO - Delivered message to data [0]
[2024-08-16T04:25:06.265+0000] {logging_mixin.py:188} INFO - Delivered message to data [0]
[2024-08-16T04:25:06.266+0000] {logging_mixin.py:188} INFO - Delivered message to data [0]
[2024-08-16T04:25:06.267+0000] {logging_mixin.py:188} INFO - Delivered message to data [0]
[2024-08-16T04:25:06.267+0000] {logging_mixin.py:188} INFO - Delivered message to data [0]
[2024-08-16T04:25:06.268+0000] {logging_mixin.py:188} INFO - Delivered message to data [0]
[2024-08-16T04:25:06.269+0000] {logging_mixin.py:188} INFO - Delivered message to data [0]
[2024-08-16T04:25:06.269+0000] {logging_mixin.py:188} INFO - Delivered message to data [0]
[2024-08-16T04:25:06.270+0000] {logging_mixin.py:188} INFO - Delivered message to data [0]
[2024-08-16T04:25:06.271+0000] {logging_mixin.py:188} INFO - Delivered message to data [0]
[2024-08-16T04:25:06.271+0000] {logging_mixin.py:188} INFO - Delivered message to data [0]
[2024-08-16T04:25:06.272+0000] {logging_mixin.py:188} INFO - Delivered message to data [0]
[2024-08-16T04:25:06.273+0000] {logging_mixin.py:188} INFO - Delivered message to data [0]
[2024-08-16T04:25:06.273+0000] {logging_mixin.py:188} INFO - Delivered message to data [0]
[2024-08-16T04:25:06.274+0000] {logging_mixin.py:188} INFO - Delivered message to data [0]
[2024-08-16T04:25:06.274+0000] {logging_mixin.py:188} INFO - Delivered message to data [0]
[2024-08-16T04:25:06.275+0000] {logging_mixin.py:188} INFO - Delivered message to data [0]
[2024-08-16T04:25:06.276+0000] {logging_mixin.py:188} INFO - Delivered message to data [0]
[2024-08-16T04:25:06.277+0000] {logging_mixin.py:188} INFO - Delivered message to data [0]
[2024-08-16T04:25:06.277+0000] {logging_mixin.py:188} INFO - Delivered message to data [0]
[2024-08-16T04:25:06.278+0000] {logging_mixin.py:188} INFO - Delivered message to data [0]
[2024-08-16T04:25:06.279+0000] {logging_mixin.py:188} INFO - Delivered message to data [0]
[2024-08-16T04:25:06.279+0000] {logging_mixin.py:188} INFO - Delivered message to data [0]
[2024-08-16T04:25:06.280+0000] {logging_mixin.py:188} INFO - Delivered message to data [0]
[2024-08-16T04:25:06.281+0000] {logging_mixin.py:188} INFO - Delivered message to data [0]
[2024-08-16T04:25:06.281+0000] {logging_mixin.py:188} INFO - Delivered message to data [0]
[2024-08-16T04:25:06.282+0000] {logging_mixin.py:188} INFO - Delivered message to data [0]
[2024-08-16T04:25:06.283+0000] {logging_mixin.py:188} INFO - Delivered message to data [0]
[2024-08-16T04:25:06.284+0000] {logging_mixin.py:188} INFO - Delivered message to data [0]
[2024-08-16T04:25:06.285+0000] {logging_mixin.py:188} INFO - Delivered message to data [0]
[2024-08-16T04:25:06.286+0000] {logging_mixin.py:188} INFO - Delivered message to data [0]
[2024-08-16T04:25:06.299+0000] {logging_mixin.py:188} INFO - Delivered message to data [0]
[2024-08-16T04:25:06.300+0000] {logging_mixin.py:188} INFO - Delivered message to data [0]
[2024-08-16T04:25:06.301+0000] {logging_mixin.py:188} INFO - Delivered message to data [0]
[2024-08-16T04:25:06.302+0000] {logging_mixin.py:188} INFO - Delivered message to data [0]
[2024-08-16T04:25:06.303+0000] {logging_mixin.py:188} INFO - Delivered message to data [0]
[2024-08-16T04:25:06.303+0000] {logging_mixin.py:188} INFO - Delivered message to data [0]
[2024-08-16T04:25:06.304+0000] {logging_mixin.py:188} INFO - Delivered message to data [0]
[2024-08-16T04:25:06.305+0000] {logging_mixin.py:188} INFO - Delivered message to data [0]
[2024-08-16T04:25:06.306+0000] {logging_mixin.py:188} INFO - Delivered message to data [0]
[2024-08-16T04:25:06.307+0000] {logging_mixin.py:188} INFO - Delivered message to data [0]
[2024-08-16T04:25:06.307+0000] {logging_mixin.py:188} INFO - Delivered message to data [0]
[2024-08-16T04:25:06.308+0000] {logging_mixin.py:188} INFO - Delivered message to data [0]
[2024-08-16T04:25:06.309+0000] {logging_mixin.py:188} INFO - Delivered message to data [0]
[2024-08-16T04:25:06.310+0000] {logging_mixin.py:188} INFO - Delivered message to data [0]
[2024-08-16T04:25:06.310+0000] {logging_mixin.py:188} INFO - Delivered message to data [0]
[2024-08-16T04:25:06.311+0000] {logging_mixin.py:188} INFO - Delivered message to data [0]
[2024-08-16T04:25:06.311+0000] {logging_mixin.py:188} INFO - Delivered message to data [0]
[2024-08-16T04:25:06.312+0000] {logging_mixin.py:188} INFO - Delivered message to data [0]
[2024-08-16T04:25:06.313+0000] {logging_mixin.py:188} INFO - Delivered message to data [0]
[2024-08-16T04:25:06.313+0000] {logging_mixin.py:188} INFO - Delivered message to data [0]
[2024-08-16T04:25:06.314+0000] {logging_mixin.py:188} INFO - Delivered message to data [0]
[2024-08-16T04:25:06.315+0000] {logging_mixin.py:188} INFO - Delivered message to data [0]
[2024-08-16T04:25:06.315+0000] {logging_mixin.py:188} INFO - Delivered message to data [0]
[2024-08-16T04:25:06.316+0000] {logging_mixin.py:188} INFO - Delivered message to data [0]
[2024-08-16T04:25:06.317+0000] {logging_mixin.py:188} INFO - Delivered message to data [0]
[2024-08-16T04:25:06.317+0000] {logging_mixin.py:188} INFO - Delivered message to data [0]
[2024-08-16T04:25:06.318+0000] {logging_mixin.py:188} INFO - Delivered message to data [0]
[2024-08-16T04:25:06.319+0000] {logging_mixin.py:188} INFO - Delivered message to data [0]
[2024-08-16T04:25:06.319+0000] {logging_mixin.py:188} INFO - Delivered message to data [0]
[2024-08-16T04:25:06.320+0000] {logging_mixin.py:188} INFO - Delivered message to data [0]
[2024-08-16T04:25:06.320+0000] {logging_mixin.py:188} INFO - Delivered message to data [0]
[2024-08-16T04:25:06.321+0000] {logging_mixin.py:188} INFO - Delivered message to data [0]
[2024-08-16T04:25:06.321+0000] {logging_mixin.py:188} INFO - Delivered message to data [0]
[2024-08-16T04:25:06.322+0000] {logging_mixin.py:188} INFO - Delivered message to data [0]
[2024-08-16T04:25:06.322+0000] {logging_mixin.py:188} INFO - Delivered message to data [0]
[2024-08-16T04:25:06.323+0000] {logging_mixin.py:188} INFO - Delivered message to data [0]
[2024-08-16T04:25:06.323+0000] {logging_mixin.py:188} INFO - Delivered message to data [0]
[2024-08-16T04:25:06.324+0000] {logging_mixin.py:188} INFO - Delivered message to data [0]
[2024-08-16T04:25:06.324+0000] {logging_mixin.py:188} INFO - Delivered message to data [0]
[2024-08-16T04:25:06.325+0000] {logging_mixin.py:188} INFO - Delivered message to data [0]
[2024-08-16T04:25:06.326+0000] {logging_mixin.py:188} INFO - Delivered message to data [0]
[2024-08-16T04:25:06.326+0000] {logging_mixin.py:188} INFO - Delivered message to data [0]
[2024-08-16T04:25:06.327+0000] {logging_mixin.py:188} INFO - Delivered message to data [0]
[2024-08-16T04:25:06.328+0000] {logging_mixin.py:188} INFO - Delivered message to data [0]
[2024-08-16T04:25:06.328+0000] {logging_mixin.py:188} INFO - Delivered message to data [0]
[2024-08-16T04:25:06.329+0000] {logging_mixin.py:188} INFO - Delivered message to data [0]
[2024-08-16T04:25:06.329+0000] {logging_mixin.py:188} INFO - Delivered message to data [0]
[2024-08-16T04:25:06.330+0000] {logging_mixin.py:188} INFO - Delivered message to data [0]
[2024-08-16T04:25:06.331+0000] {logging_mixin.py:188} INFO - Delivered message to data [0]
[2024-08-16T04:25:06.331+0000] {logging_mixin.py:188} INFO - Delivered message to data [0]
[2024-08-16T04:25:06.331+0000] {logging_mixin.py:188} INFO - Delivered message to data [0]
[2024-08-16T04:25:06.332+0000] {logging_mixin.py:188} INFO - Delivered message to data [0]
[2024-08-16T04:25:06.333+0000] {logging_mixin.py:188} INFO - Delivered message to data [0]
[2024-08-16T04:25:06.333+0000] {logging_mixin.py:188} INFO - Delivered message to data [0]
[2024-08-16T04:25:06.334+0000] {logging_mixin.py:188} INFO - Delivered message to data [0]
[2024-08-16T04:25:06.334+0000] {logging_mixin.py:188} INFO - Delivered message to data [0]
[2024-08-16T04:25:06.335+0000] {logging_mixin.py:188} INFO - Delivered message to data [0]
[2024-08-16T04:25:06.335+0000] {logging_mixin.py:188} INFO - Delivered message to data [0]
[2024-08-16T04:25:06.336+0000] {logging_mixin.py:188} INFO - Delivered message to data [0]
[2024-08-16T04:25:06.337+0000] {logging_mixin.py:188} INFO - Delivered message to data [0]
[2024-08-16T04:25:06.338+0000] {logging_mixin.py:188} INFO - Delivered message to data [0]
[2024-08-16T04:25:06.338+0000] {logging_mixin.py:188} INFO - Delivered message to data [0]
[2024-08-16T04:25:06.339+0000] {logging_mixin.py:188} INFO - Delivered message to data [0]
[2024-08-16T04:25:06.340+0000] {logging_mixin.py:188} INFO - Delivered message to data [0]
[2024-08-16T04:25:06.340+0000] {logging_mixin.py:188} INFO - Delivered message to data [0]
[2024-08-16T04:25:06.341+0000] {logging_mixin.py:188} INFO - Delivered message to data [0]
[2024-08-16T04:25:06.341+0000] {logging_mixin.py:188} INFO - Delivered message to data [0]
[2024-08-16T04:25:06.342+0000] {logging_mixin.py:188} INFO - Delivered message to data [0]
[2024-08-16T04:25:06.342+0000] {logging_mixin.py:188} INFO - Delivered message to data [0]
[2024-08-16T04:25:06.343+0000] {logging_mixin.py:188} INFO - Delivered message to data [0]
[2024-08-16T04:25:06.344+0000] {logging_mixin.py:188} INFO - Delivered message to data [0]
[2024-08-16T04:25:06.344+0000] {logging_mixin.py:188} INFO - Delivered message to data [0]
[2024-08-16T04:25:06.345+0000] {logging_mixin.py:188} INFO - Delivered message to data [0]
[2024-08-16T04:25:06.345+0000] {logging_mixin.py:188} INFO - Delivered message to data [0]
[2024-08-16T04:25:06.346+0000] {logging_mixin.py:188} INFO - Delivered message to data [0]
[2024-08-16T04:25:06.346+0000] {logging_mixin.py:188} INFO - Delivered message to data [0]
[2024-08-16T04:25:06.347+0000] {logging_mixin.py:188} INFO - Delivered message to data [0]
[2024-08-16T04:25:06.348+0000] {logging_mixin.py:188} INFO - Delivered message to data [0]
[2024-08-16T04:25:06.348+0000] {logging_mixin.py:188} INFO - Delivered message to data [0]
[2024-08-16T04:25:06.349+0000] {logging_mixin.py:188} INFO - Delivered message to data [0]
[2024-08-16T04:25:06.349+0000] {logging_mixin.py:188} INFO - Delivered message to data [0]
[2024-08-16T04:25:06.350+0000] {logging_mixin.py:188} INFO - Delivered message to data [0]
[2024-08-16T04:25:06.350+0000] {logging_mixin.py:188} INFO - Delivered message to data [0]
[2024-08-16T04:25:06.351+0000] {logging_mixin.py:188} INFO - Delivered message to data [0]
[2024-08-16T04:25:06.352+0000] {logging_mixin.py:188} INFO - Delivered message to data [0]
[2024-08-16T04:25:06.353+0000] {logging_mixin.py:188} INFO - Delivered message to data [0]
[2024-08-16T04:25:06.354+0000] {logging_mixin.py:188} INFO - Delivered message to data [0]
[2024-08-16T04:25:06.355+0000] {logging_mixin.py:188} INFO - Delivered message to data [0]
[2024-08-16T04:25:06.355+0000] {logging_mixin.py:188} INFO - Delivered message to data [0]
[2024-08-16T04:25:06.356+0000] {logging_mixin.py:188} INFO - Delivered message to data [0]
[2024-08-16T04:25:06.357+0000] {logging_mixin.py:188} INFO - Delivered message to data [0]
[2024-08-16T04:25:06.357+0000] {logging_mixin.py:188} INFO - Delivered message to data [0]
[2024-08-16T04:25:06.358+0000] {logging_mixin.py:188} INFO - Delivered message to data [0]
[2024-08-16T04:25:06.359+0000] {logging_mixin.py:188} INFO - Delivered message to data [0]
[2024-08-16T04:25:06.359+0000] {logging_mixin.py:188} INFO - Delivered message to data [0]
[2024-08-16T04:25:06.360+0000] {logging_mixin.py:188} INFO - Delivered message to data [0]
[2024-08-16T04:25:06.361+0000] {logging_mixin.py:188} INFO - Delivered message to data [0]
[2024-08-16T04:25:06.362+0000] {logging_mixin.py:188} INFO - Delivered message to data [0]
[2024-08-16T04:25:06.362+0000] {logging_mixin.py:188} INFO - Delivered message to data [0]
[2024-08-16T04:25:06.363+0000] {logging_mixin.py:188} INFO - Delivered message to data [0]
[2024-08-16T04:25:06.364+0000] {logging_mixin.py:188} INFO - Delivered message to data [0]
[2024-08-16T04:25:06.364+0000] {logging_mixin.py:188} INFO - Delivered message to data [0]
[2024-08-16T04:25:06.365+0000] {logging_mixin.py:188} INFO - Delivered message to data [0]
[2024-08-16T04:25:06.365+0000] {logging_mixin.py:188} INFO - Delivered message to data [0]
[2024-08-16T04:25:06.366+0000] {logging_mixin.py:188} INFO - Delivered message to data [0]
[2024-08-16T04:25:06.366+0000] {logging_mixin.py:188} INFO - Delivered message to data [0]
[2024-08-16T04:25:06.367+0000] {logging_mixin.py:188} INFO - Delivered message to data [0]
[2024-08-16T04:25:06.368+0000] {logging_mixin.py:188} INFO - Delivered message to data [0]
[2024-08-16T04:25:06.369+0000] {logging_mixin.py:188} INFO - Delivered message to data [0]
[2024-08-16T04:25:06.369+0000] {logging_mixin.py:188} INFO - Delivered message to data [0]
[2024-08-16T04:25:06.370+0000] {logging_mixin.py:188} INFO - Delivered message to data [0]
[2024-08-16T04:25:06.371+0000] {logging_mixin.py:188} INFO - Delivered message to data [0]
[2024-08-16T04:25:06.372+0000] {logging_mixin.py:188} INFO - Delivered message to data [0]
[2024-08-16T04:25:06.373+0000] {logging_mixin.py:188} INFO - Delivered message to data [0]
[2024-08-16T04:25:06.373+0000] {logging_mixin.py:188} INFO - Delivered message to data [0]
[2024-08-16T04:25:06.374+0000] {logging_mixin.py:188} INFO - Delivered message to data [0]
[2024-08-16T04:25:06.375+0000] {logging_mixin.py:188} INFO - Delivered message to data [0]
[2024-08-16T04:25:06.375+0000] {logging_mixin.py:188} INFO - Delivered message to data [0]
[2024-08-16T04:25:06.376+0000] {logging_mixin.py:188} INFO - Delivered message to data [0]
[2024-08-16T04:25:06.377+0000] {logging_mixin.py:188} INFO - Delivered message to data [0]
[2024-08-16T04:25:06.377+0000] {logging_mixin.py:188} INFO - Delivered message to data [0]
[2024-08-16T04:25:06.378+0000] {logging_mixin.py:188} INFO - Delivered message to data [0]
[2024-08-16T04:25:06.379+0000] {logging_mixin.py:188} INFO - Delivered message to data [0]
[2024-08-16T04:25:06.379+0000] {logging_mixin.py:188} INFO - Delivered message to data [0]
[2024-08-16T04:25:06.380+0000] {logging_mixin.py:188} INFO - Delivered message to data [0]
[2024-08-16T04:25:06.381+0000] {logging_mixin.py:188} INFO - Delivered message to data [0]
[2024-08-16T04:25:06.381+0000] {logging_mixin.py:188} INFO - Delivered message to data [0]
[2024-08-16T04:25:06.382+0000] {logging_mixin.py:188} INFO - Delivered message to data [0]
[2024-08-16T04:25:06.382+0000] {logging_mixin.py:188} INFO - Delivered message to data [0]
[2024-08-16T04:25:06.383+0000] {logging_mixin.py:188} INFO - Delivered message to data [0]
[2024-08-16T04:25:06.385+0000] {logging_mixin.py:188} INFO - Delivered message to data [0]
[2024-08-16T04:25:06.387+0000] {logging_mixin.py:188} INFO - Delivered message to data [0]
[2024-08-16T04:25:06.388+0000] {logging_mixin.py:188} INFO - Delivered message to data [0]
[2024-08-16T04:25:06.388+0000] {logging_mixin.py:188} INFO - Delivered message to data [0]
[2024-08-16T04:25:06.389+0000] {logging_mixin.py:188} INFO - Delivered message to data [0]
[2024-08-16T04:25:06.389+0000] {logging_mixin.py:188} INFO - Delivered message to data [0]
[2024-08-16T04:25:06.390+0000] {logging_mixin.py:188} INFO - Delivered message to data [0]
[2024-08-16T04:25:06.391+0000] {logging_mixin.py:188} INFO - Delivered message to data [0]
[2024-08-16T04:25:06.391+0000] {logging_mixin.py:188} INFO - Delivered message to data [0]
[2024-08-16T04:25:06.392+0000] {logging_mixin.py:188} INFO - Delivered message to data [0]
[2024-08-16T04:25:06.393+0000] {logging_mixin.py:188} INFO - Delivered message to data [0]
[2024-08-16T04:25:06.393+0000] {logging_mixin.py:188} INFO - Delivered message to data [0]
[2024-08-16T04:25:06.394+0000] {logging_mixin.py:188} INFO - Delivered message to data [0]
[2024-08-16T04:25:06.395+0000] {logging_mixin.py:188} INFO - Delivered message to data [0]
[2024-08-16T04:25:06.396+0000] {logging_mixin.py:188} INFO - Delivered message to data [0]
[2024-08-16T04:25:06.396+0000] {logging_mixin.py:188} INFO - Delivered message to data [0]
[2024-08-16T04:25:06.397+0000] {logging_mixin.py:188} INFO - Delivered message to data [0]
[2024-08-16T04:25:06.398+0000] {logging_mixin.py:188} INFO - Delivered message to data [0]
[2024-08-16T04:25:06.398+0000] {logging_mixin.py:188} INFO - Delivered message to data [0]
[2024-08-16T04:25:06.399+0000] {logging_mixin.py:188} INFO - Delivered message to data [0]
[2024-08-16T04:25:06.400+0000] {logging_mixin.py:188} INFO - Delivered message to data [0]
[2024-08-16T04:25:06.401+0000] {logging_mixin.py:188} INFO - Delivered message to data [0]
[2024-08-16T04:25:06.402+0000] {logging_mixin.py:188} INFO - Delivered message to data [0]
[2024-08-16T04:25:06.402+0000] {logging_mixin.py:188} INFO - Delivered message to data [0]
[2024-08-16T04:25:06.403+0000] {logging_mixin.py:188} INFO - Delivered message to data [0]
[2024-08-16T04:25:06.404+0000] {logging_mixin.py:188} INFO - Delivered message to data [0]
[2024-08-16T04:25:06.404+0000] {logging_mixin.py:188} INFO - Delivered message to data [0]
[2024-08-16T04:25:06.405+0000] {logging_mixin.py:188} INFO - Delivered message to data [0]
[2024-08-16T04:25:06.405+0000] {logging_mixin.py:188} INFO - Delivered message to data [0]
[2024-08-16T04:25:06.406+0000] {logging_mixin.py:188} INFO - Delivered message to data [0]
[2024-08-16T04:25:06.407+0000] {logging_mixin.py:188} INFO - Delivered message to data [0]
[2024-08-16T04:25:06.408+0000] {logging_mixin.py:188} INFO - Delivered message to data [0]
[2024-08-16T04:25:06.408+0000] {logging_mixin.py:188} INFO - Delivered message to data [0]
[2024-08-16T04:25:06.409+0000] {logging_mixin.py:188} INFO - Delivered message to data [0]
[2024-08-16T04:25:06.410+0000] {logging_mixin.py:188} INFO - Delivered message to data [0]
[2024-08-16T04:25:06.411+0000] {logging_mixin.py:188} INFO - Delivered message to data [0]
[2024-08-16T04:25:06.412+0000] {logging_mixin.py:188} INFO - Delivered message to data [0]
[2024-08-16T04:25:06.413+0000] {logging_mixin.py:188} INFO - Delivered message to data [0]
[2024-08-16T04:25:06.413+0000] {logging_mixin.py:188} INFO - Delivered message to data [0]
[2024-08-16T04:25:06.414+0000] {logging_mixin.py:188} INFO - Delivered message to data [0]
[2024-08-16T04:25:06.414+0000] {logging_mixin.py:188} INFO - Delivered message to data [0]
[2024-08-16T04:25:06.415+0000] {python.py:237} INFO - Done. Returned value was: None
[2024-08-16T04:25:06.416+0000] {taskinstance.py:441} INFO - ::group::Post task execution logs
[2024-08-16T04:25:06.446+0000] {taskinstance.py:1206} INFO - Marking task as SUCCESS. dag_id=streaming_data, task_id=send_data, run_id=manual__2024-08-16T04:24:54.992766+00:00, execution_date=20240816T042454, start_date=20240816T042504, end_date=20240816T042506
[2024-08-16T04:25:06.539+0000] {local_task_job_runner.py:243} INFO - Task exited with return code 0
[2024-08-16T04:25:06.583+0000] {taskinstance.py:3503} INFO - 0 downstream tasks scheduled from follow-on schedule check
[2024-08-16T04:25:06.603+0000] {local_task_job_runner.py:222} INFO - ::endgroup::
