[2024-08-09T08:07:44.233+0000] {local_task_job_runner.py:120} INFO - ::group::Pre task execution logs
[2024-08-09T08:07:44.278+0000] {taskinstance.py:2076} INFO - Dependencies all met for dep_context=non-requeueable deps ti=<TaskInstance: streaming.send_data manual__2024-08-09T08:07:35.686485+00:00 [queued]>
[2024-08-09T08:07:44.289+0000] {taskinstance.py:2076} INFO - Dependencies all met for dep_context=requeueable deps ti=<TaskInstance: streaming.send_data manual__2024-08-09T08:07:35.686485+00:00 [queued]>
[2024-08-09T08:07:44.290+0000] {taskinstance.py:2306} INFO - Starting attempt 1 of 2
[2024-08-09T08:07:44.309+0000] {taskinstance.py:2330} INFO - Executing <Task(PythonOperator): send_data> on 2024-08-09 08:07:35.686485+00:00
[2024-08-09T08:07:44.318+0000] {logging_mixin.py:188} WARNING - /home/***/.local/lib/python3.12/site-packages/***/task/task_runner/standard_task_runner.py:62 DeprecationWarning: This process (pid=2054) is multi-threaded, use of fork() may lead to deadlocks in the child.
[2024-08-09T08:07:44.319+0000] {standard_task_runner.py:64} INFO - Started process 2059 to run task
[2024-08-09T08:07:44.318+0000] {standard_task_runner.py:90} INFO - Running: ['***', 'tasks', 'run', 'streaming', 'send_data', 'manual__2024-08-09T08:07:35.686485+00:00', '--job-id', '144', '--raw', '--subdir', 'DAGS_FOLDER/topic.py', '--cfg-path', '/tmp/tmpvqg08vej']
[2024-08-09T08:07:44.320+0000] {standard_task_runner.py:91} INFO - Job 144: Subtask send_data
[2024-08-09T08:07:44.346+0000] {logging_mixin.py:188} WARNING - /home/***/.local/lib/python3.12/site-packages/***/settings.py:195 DeprecationWarning: The sql_alchemy_conn option in [core] has been moved to the sql_alchemy_conn option in [database] - the old setting has been used, but please update your config.
[2024-08-09T08:07:44.420+0000] {task_command.py:426} INFO - Running <TaskInstance: streaming.send_data manual__2024-08-09T08:07:35.686485+00:00 [running]> on host 110119ffa3a6
[2024-08-09T08:07:44.591+0000] {taskinstance.py:2648} INFO - Exporting env vars: AIRFLOW_CTX_DAG_OWNER='***' AIRFLOW_CTX_DAG_ID='streaming' AIRFLOW_CTX_TASK_ID='send_data' AIRFLOW_CTX_EXECUTION_DATE='2024-08-09T08:07:35.686485+00:00' AIRFLOW_CTX_TRY_NUMBER='1' AIRFLOW_CTX_DAG_RUN_ID='manual__2024-08-09T08:07:35.686485+00:00'
[2024-08-09T08:07:44.593+0000] {taskinstance.py:430} INFO - ::endgroup::
[2024-08-09T08:07:45.636+0000] {logging_mixin.py:188} INFO - Delivered message to topic_finnhub [0]
[2024-08-09T08:07:45.637+0000] {logging_mixin.py:188} INFO - Delivered message to topic_finnhub [0]
[2024-08-09T08:07:45.637+0000] {logging_mixin.py:188} INFO - Delivered message to topic_finnhub [0]
[2024-08-09T08:07:45.638+0000] {logging_mixin.py:188} INFO - Delivered message to topic_finnhub [0]
[2024-08-09T08:07:45.639+0000] {logging_mixin.py:188} INFO - Delivered message to topic_finnhub [0]
[2024-08-09T08:07:45.640+0000] {logging_mixin.py:188} INFO - Delivered message to topic_finnhub [0]
[2024-08-09T08:07:45.641+0000] {logging_mixin.py:188} INFO - Delivered message to topic_finnhub [0]
[2024-08-09T08:07:45.642+0000] {logging_mixin.py:188} INFO - Delivered message to topic_finnhub [0]
[2024-08-09T08:07:45.642+0000] {logging_mixin.py:188} INFO - Delivered message to topic_finnhub [0]
[2024-08-09T08:07:45.644+0000] {python.py:237} INFO - Done. Returned value was: None
[2024-08-09T08:07:45.645+0000] {taskinstance.py:441} INFO - ::group::Post task execution logs
[2024-08-09T08:07:45.680+0000] {taskinstance.py:1206} INFO - Marking task as SUCCESS. dag_id=streaming, task_id=send_data, run_id=manual__2024-08-09T08:07:35.686485+00:00, execution_date=20240809T080735, start_date=20240809T080744, end_date=20240809T080745
[2024-08-09T08:07:45.710+0000] {local_task_job_runner.py:243} INFO - Task exited with return code 0
[2024-08-09T08:07:45.735+0000] {taskinstance.py:3503} INFO - 0 downstream tasks scheduled from follow-on schedule check
[2024-08-09T08:07:45.738+0000] {local_task_job_runner.py:222} INFO - ::endgroup::
