[2024-08-08T13:55:16.656+0000] {local_task_job_runner.py:120} INFO - ::group::Pre task execution logs
[2024-08-08T13:55:16.838+0000] {taskinstance.py:2076} INFO - Dependencies all met for dep_context=non-requeueable deps ti=<TaskInstance: user_automation.stream_data_from_api manual__2024-08-08T13:55:15.629249+00:00 [queued]>
[2024-08-08T13:55:16.860+0000] {taskinstance.py:2076} INFO - Dependencies all met for dep_context=requeueable deps ti=<TaskInstance: user_automation.stream_data_from_api manual__2024-08-08T13:55:15.629249+00:00 [queued]>
[2024-08-08T13:55:16.861+0000] {taskinstance.py:2306} INFO - Starting attempt 1 of 1
[2024-08-08T13:55:16.902+0000] {taskinstance.py:2330} INFO - Executing <Task(PythonOperator): stream_data_from_api> on 2024-08-08 13:55:15.629249+00:00
[2024-08-08T13:55:16.913+0000] {standard_task_runner.py:90} INFO - Running: ['***', 'tasks', 'run', 'user_automation', 'stream_data_from_api', 'manual__2024-08-08T13:55:15.629249+00:00', '--job-id', '29', '--raw', '--subdir', 'DAGS_FOLDER/kafka_stream.py', '--cfg-path', '/tmp/tmpkqm1ep9c']
[2024-08-08T13:55:16.920+0000] {standard_task_runner.py:91} INFO - Job 29: Subtask stream_data_from_api
[2024-08-08T13:55:16.923+0000] {logging_mixin.py:188} WARNING - /home/***/.local/lib/python3.12/site-packages/***/task/task_runner/standard_task_runner.py:62 DeprecationWarning: This process (pid=265) is multi-threaded, use of fork() may lead to deadlocks in the child.
[2024-08-08T13:55:16.924+0000] {standard_task_runner.py:64} INFO - Started process 266 to run task
[2024-08-08T13:55:16.985+0000] {logging_mixin.py:188} WARNING - /home/***/.local/lib/python3.12/site-packages/***/settings.py:195 DeprecationWarning: The sql_alchemy_conn option in [core] has been moved to the sql_alchemy_conn option in [database] - the old setting has been used, but please update your config.
[2024-08-08T13:55:17.108+0000] {task_command.py:426} INFO - Running <TaskInstance: user_automation.stream_data_from_api manual__2024-08-08T13:55:15.629249+00:00 [running]> on host 1c8fec21bc35
[2024-08-08T13:55:17.464+0000] {taskinstance.py:2648} INFO - Exporting env vars: AIRFLOW_CTX_DAG_OWNER='airscholar' AIRFLOW_CTX_DAG_ID='user_automation' AIRFLOW_CTX_TASK_ID='stream_data_from_api' AIRFLOW_CTX_EXECUTION_DATE='2024-08-08T13:55:15.629249+00:00' AIRFLOW_CTX_TRY_NUMBER='1' AIRFLOW_CTX_DAG_RUN_ID='manual__2024-08-08T13:55:15.629249+00:00'
[2024-08-08T13:55:17.468+0000] {taskinstance.py:430} INFO - ::endgroup::
[2024-08-08T13:55:20.575+0000] {kafka_stream.py:55} INFO - Message sent to users_created partition 0
[2024-08-08T13:55:21.738+0000] {kafka_stream.py:55} INFO - Message sent to users_created partition 0
[2024-08-08T13:55:23.025+0000] {kafka_stream.py:55} INFO - Message sent to users_created partition 0
[2024-08-08T13:55:24.600+0000] {kafka_stream.py:55} INFO - Message sent to users_created partition 0
[2024-08-08T13:55:25.327+0000] {kafka_stream.py:55} INFO - Message sent to users_created partition 0
[2024-08-08T13:55:26.564+0000] {kafka_stream.py:55} INFO - Message sent to users_created partition 0
[2024-08-08T13:55:27.873+0000] {kafka_stream.py:55} INFO - Message sent to users_created partition 0
[2024-08-08T13:55:28.610+0000] {kafka_stream.py:55} INFO - Message sent to users_created partition 0
[2024-08-08T13:55:29.616+0000] {kafka_stream.py:55} INFO - Message sent to users_created partition 0
[2024-08-08T13:55:30.345+0000] {kafka_stream.py:55} INFO - Message sent to users_created partition 0
[2024-08-08T13:55:31.115+0000] {kafka_stream.py:55} INFO - Message sent to users_created partition 0
[2024-08-08T13:55:31.807+0000] {kafka_stream.py:55} INFO - Message sent to users_created partition 0
[2024-08-08T13:55:33.096+0000] {kafka_stream.py:55} INFO - Message sent to users_created partition 0
[2024-08-08T13:55:33.827+0000] {kafka_stream.py:55} INFO - Message sent to users_created partition 0
[2024-08-08T13:55:34.628+0000] {kafka_stream.py:55} INFO - Message sent to users_created partition 0
[2024-08-08T13:55:35.983+0000] {kafka_stream.py:55} INFO - Message sent to users_created partition 0
[2024-08-08T13:55:36.981+0000] {kafka_stream.py:55} INFO - Message sent to users_created partition 0
[2024-08-08T13:55:38.272+0000] {kafka_stream.py:55} INFO - Message sent to users_created partition 0
[2024-08-08T13:55:39.177+0000] {kafka_stream.py:55} INFO - Message sent to users_created partition 0
[2024-08-08T13:55:40.052+0000] {kafka_stream.py:55} INFO - Message sent to users_created partition 0
[2024-08-08T13:55:41.481+0000] {kafka_stream.py:55} INFO - Message sent to users_created partition 0
[2024-08-08T13:55:42.416+0000] {kafka_stream.py:55} INFO - Message sent to users_created partition 0
[2024-08-08T13:55:43.833+0000] {kafka_stream.py:55} INFO - Message sent to users_created partition 0
[2024-08-08T13:55:46.204+0000] {kafka_stream.py:55} INFO - Message sent to users_created partition 0
[2024-08-08T13:55:50.656+0000] {kafka_stream.py:55} INFO - Message sent to users_created partition 0
[2024-08-08T13:55:51.353+0000] {kafka_stream.py:55} INFO - Message sent to users_created partition 0
[2024-08-08T13:55:53.689+0000] {kafka_stream.py:55} INFO - Message sent to users_created partition 0
[2024-08-08T13:55:54.327+0000] {kafka_stream.py:55} INFO - Message sent to users_created partition 0
[2024-08-08T13:55:55.016+0000] {kafka_stream.py:55} INFO - Message sent to users_created partition 0
[2024-08-08T13:55:55.716+0000] {kafka_stream.py:55} INFO - Message sent to users_created partition 0
[2024-08-08T13:55:57.405+0000] {kafka_stream.py:55} INFO - Message sent to users_created partition 0
[2024-08-08T13:56:01.619+0000] {kafka_stream.py:55} INFO - Message sent to users_created partition 0
[2024-08-08T13:56:02.895+0000] {kafka_stream.py:55} INFO - Message sent to users_created partition 0
[2024-08-08T13:56:03.882+0000] {kafka_stream.py:55} INFO - Message sent to users_created partition 0
[2024-08-08T13:56:04.606+0000] {kafka_stream.py:55} INFO - Message sent to users_created partition 0
[2024-08-08T13:56:05.743+0000] {kafka_stream.py:55} INFO - Message sent to users_created partition 0
[2024-08-08T13:56:06.600+0000] {kafka_stream.py:55} INFO - Message sent to users_created partition 0
[2024-08-08T13:56:07.810+0000] {kafka_stream.py:55} INFO - Message sent to users_created partition 0
[2024-08-08T13:56:08.949+0000] {kafka_stream.py:55} INFO - Message sent to users_created partition 0
[2024-08-08T13:56:09.699+0000] {kafka_stream.py:55} INFO - Message sent to users_created partition 0
[2024-08-08T13:56:10.388+0000] {kafka_stream.py:55} INFO - Message sent to users_created partition 0
[2024-08-08T13:56:12.272+0000] {kafka_stream.py:55} INFO - Message sent to users_created partition 0
[2024-08-08T13:56:12.984+0000] {kafka_stream.py:55} INFO - Message sent to users_created partition 0
[2024-08-08T13:56:13.877+0000] {kafka_stream.py:55} INFO - Message sent to users_created partition 0
[2024-08-08T13:56:14.773+0000] {kafka_stream.py:55} INFO - Message sent to users_created partition 0
[2024-08-08T13:56:15.504+0000] {kafka_stream.py:55} INFO - Message sent to users_created partition 0
[2024-08-08T13:56:16.201+0000] {kafka_stream.py:55} INFO - Message sent to users_created partition 0
[2024-08-08T13:56:17.248+0000] {kafka_stream.py:55} INFO - Message sent to users_created partition 0
[2024-08-08T13:56:17.970+0000] {kafka_stream.py:55} INFO - Message sent to users_created partition 0
[2024-08-08T13:56:17.972+0000] {python.py:237} INFO - Done. Returned value was: None
[2024-08-08T13:56:17.974+0000] {taskinstance.py:441} INFO - ::group::Post task execution logs
[2024-08-08T13:56:17.994+0000] {taskinstance.py:1206} INFO - Marking task as SUCCESS. dag_id=user_automation, task_id=stream_data_from_api, run_id=manual__2024-08-08T13:55:15.629249+00:00, execution_date=20240808T135515, start_date=20240808T135516, end_date=20240808T135617
[2024-08-08T13:56:18.056+0000] {local_task_job_runner.py:243} INFO - Task exited with return code 0
[2024-08-08T13:56:18.087+0000] {taskinstance.py:3503} INFO - 0 downstream tasks scheduled from follow-on schedule check
[2024-08-08T13:56:18.091+0000] {local_task_job_runner.py:222} INFO - ::endgroup::
