[2024-08-08T16:40:30.042+0000] {local_task_job_runner.py:120} INFO - ::group::Pre task execution logs
[2024-08-08T16:40:30.130+0000] {taskinstance.py:2076} INFO - Dependencies all met for dep_context=non-requeueable deps ti=<TaskInstance: stock_data_streaming.get_data manual__2024-08-08T16:40:27.707199+00:00 [queued]>
[2024-08-08T16:40:30.148+0000] {taskinstance.py:2076} INFO - Dependencies all met for dep_context=requeueable deps ti=<TaskInstance: stock_data_streaming.get_data manual__2024-08-08T16:40:27.707199+00:00 [queued]>
[2024-08-08T16:40:30.149+0000] {taskinstance.py:2306} INFO - Starting attempt 1 of 2
[2024-08-08T16:40:30.178+0000] {taskinstance.py:2330} INFO - Executing <Task(PythonOperator): get_data> on 2024-08-08 16:40:27.707199+00:00
[2024-08-08T16:40:30.198+0000] {logging_mixin.py:188} WARNING - /home/***/.local/lib/python3.12/site-packages/***/task/task_runner/standard_task_runner.py:62 DeprecationWarning: This process (pid=1411) is multi-threaded, use of fork() may lead to deadlocks in the child.
[2024-08-08T16:40:30.193+0000] {standard_task_runner.py:90} INFO - Running: ['***', 'tasks', 'run', 'stock_data_streaming', 'get_data', 'manual__2024-08-08T16:40:27.707199+00:00', '--job-id', '110', '--raw', '--subdir', 'DAGS_FOLDER/topic.py', '--cfg-path', '/tmp/tmpvwgt5_e8']
[2024-08-08T16:40:30.203+0000] {standard_task_runner.py:64} INFO - Started process 1419 to run task
[2024-08-08T16:40:30.204+0000] {standard_task_runner.py:91} INFO - Job 110: Subtask get_data
[2024-08-08T16:40:30.297+0000] {logging_mixin.py:188} WARNING - /home/***/.local/lib/python3.12/site-packages/***/settings.py:195 DeprecationWarning: The sql_alchemy_conn option in [core] has been moved to the sql_alchemy_conn option in [database] - the old setting has been used, but please update your config.
[2024-08-08T16:40:30.522+0000] {task_command.py:426} INFO - Running <TaskInstance: stock_data_streaming.get_data manual__2024-08-08T16:40:27.707199+00:00 [running]> on host 552be2a98828
[2024-08-08T16:40:31.011+0000] {taskinstance.py:2648} INFO - Exporting env vars: AIRFLOW_CTX_DAG_OWNER='***' AIRFLOW_CTX_DAG_ID='stock_data_streaming' AIRFLOW_CTX_TASK_ID='get_data' AIRFLOW_CTX_EXECUTION_DATE='2024-08-08T16:40:27.707199+00:00' AIRFLOW_CTX_TRY_NUMBER='1' AIRFLOW_CTX_DAG_RUN_ID='manual__2024-08-08T16:40:27.707199+00:00'
[2024-08-08T16:40:31.015+0000] {taskinstance.py:430} INFO - ::endgroup::
[2024-08-08T16:40:32.054+0000] {logging_mixin.py:188} INFO - $AAPL: possibly delisted; No price data found  (1d 2024-08-08 -> 2024-08-08)
[2024-08-08T16:40:32.055+0000] {logging_mixin.py:188} WARNING - [*********************100%%**********************]  1 of 1 completed
[2024-08-08T16:40:32.060+0000] {multi.py:171} ERROR - 
1 Failed download:
[2024-08-08T16:40:32.062+0000] {multi.py:184} ERROR - ['AAPL']: YFPricesMissingError('$%ticker%: possibly delisted; No price data found  (1d 2024-08-08 -> 2024-08-08)')
[2024-08-08T16:40:32.307+0000] {logging_mixin.py:188} INFO - $AMD: possibly delisted; No price data found  (1d 2024-08-08 -> 2024-08-08)
[2024-08-08T16:40:32.311+0000] {logging_mixin.py:188} WARNING - [*********************100%%**********************]  1 of 1 completed
[2024-08-08T16:40:32.311+0000] {multi.py:171} ERROR - 
1 Failed download:
[2024-08-08T16:40:32.312+0000] {multi.py:184} ERROR - ['AMD']: YFPricesMissingError('$%ticker%: possibly delisted; No price data found  (1d 2024-08-08 -> 2024-08-08)')
[2024-08-08T16:40:32.555+0000] {logging_mixin.py:188} INFO - $AMZN: possibly delisted; No price data found  (1d 2024-08-08 -> 2024-08-08)
[2024-08-08T16:40:32.558+0000] {logging_mixin.py:188} WARNING - [*********************100%%**********************]  1 of 1 completed
[2024-08-08T16:40:32.560+0000] {multi.py:171} ERROR - 
1 Failed download:
[2024-08-08T16:40:32.561+0000] {multi.py:184} ERROR - ['AMZN']: YFPricesMissingError('$%ticker%: possibly delisted; No price data found  (1d 2024-08-08 -> 2024-08-08)')
[2024-08-08T16:40:32.873+0000] {logging_mixin.py:188} INFO - $QCOM: possibly delisted; No price data found  (1d 2024-08-08 -> 2024-08-08)
[2024-08-08T16:40:32.878+0000] {logging_mixin.py:188} WARNING - [*********************100%%**********************]  1 of 1 completed
[2024-08-08T16:40:32.879+0000] {multi.py:171} ERROR - 
1 Failed download:
[2024-08-08T16:40:32.880+0000] {multi.py:184} ERROR - ['QCOM']: YFPricesMissingError('$%ticker%: possibly delisted; No price data found  (1d 2024-08-08 -> 2024-08-08)')
[2024-08-08T16:40:33.029+0000] {logging_mixin.py:188} INFO - $TPE: possibly delisted; No price data found  (1d 2024-08-08 -> 2024-08-08)
[2024-08-08T16:40:33.034+0000] {logging_mixin.py:188} WARNING - [*********************100%%**********************]  1 of 1 completed
[2024-08-08T16:40:33.035+0000] {multi.py:171} ERROR - 
1 Failed download:
[2024-08-08T16:40:33.036+0000] {multi.py:184} ERROR - ['TPE']: YFPricesMissingError('$%ticker%: possibly delisted; No price data found  (1d 2024-08-08 -> 2024-08-08)')
[2024-08-08T16:40:33.329+0000] {logging_mixin.py:188} INFO - $GOOGL: possibly delisted; No price data found  (1d 2024-08-08 -> 2024-08-08)
[2024-08-08T16:40:33.333+0000] {logging_mixin.py:188} WARNING - [*********************100%%**********************]  1 of 1 completed
[2024-08-08T16:40:33.337+0000] {multi.py:171} ERROR - 
1 Failed download:
[2024-08-08T16:40:33.338+0000] {multi.py:184} ERROR - ['GOOGL']: YFPricesMissingError('$%ticker%: possibly delisted; No price data found  (1d 2024-08-08 -> 2024-08-08)')
[2024-08-08T16:40:33.678+0000] {logging_mixin.py:188} INFO - $INTC: possibly delisted; No price data found  (1d 2024-08-08 -> 2024-08-08)
[2024-08-08T16:40:33.679+0000] {logging_mixin.py:188} WARNING - [*********************100%%**********************]  1 of 1 completed
[2024-08-08T16:40:33.681+0000] {multi.py:171} ERROR - 
1 Failed download:
[2024-08-08T16:40:33.682+0000] {multi.py:184} ERROR - ['INTC']: YFPricesMissingError('$%ticker%: possibly delisted; No price data found  (1d 2024-08-08 -> 2024-08-08)')
[2024-08-08T16:40:33.961+0000] {logging_mixin.py:188} INFO - $META: possibly delisted; No price data found  (1d 2024-08-08 -> 2024-08-08)
[2024-08-08T16:40:33.969+0000] {logging_mixin.py:188} WARNING - [*********************100%%**********************]  1 of 1 completed
[2024-08-08T16:40:33.969+0000] {multi.py:171} ERROR - 
1 Failed download:
[2024-08-08T16:40:33.970+0000] {multi.py:184} ERROR - ['META']: YFPricesMissingError('$%ticker%: possibly delisted; No price data found  (1d 2024-08-08 -> 2024-08-08)')
[2024-08-08T16:40:34.274+0000] {logging_mixin.py:188} INFO - $NVDA: possibly delisted; No price data found  (1d 2024-08-08 -> 2024-08-08)
[2024-08-08T16:40:34.277+0000] {logging_mixin.py:188} WARNING - [*********************100%%**********************]  1 of 1 completed
[2024-08-08T16:40:34.278+0000] {multi.py:171} ERROR - 
1 Failed download:
[2024-08-08T16:40:34.279+0000] {multi.py:184} ERROR - ['NVDA']: YFPricesMissingError('$%ticker%: possibly delisted; No price data found  (1d 2024-08-08 -> 2024-08-08)')
[2024-08-08T16:40:34.559+0000] {logging_mixin.py:188} INFO - $NFLX: possibly delisted; No price data found  (1d 2024-08-08 -> 2024-08-08)
[2024-08-08T16:40:34.567+0000] {logging_mixin.py:188} WARNING - [*********************100%%**********************]  1 of 1 completed
[2024-08-08T16:40:34.568+0000] {multi.py:171} ERROR - 
1 Failed download:
[2024-08-08T16:40:34.569+0000] {multi.py:184} ERROR - ['NFLX']: YFPricesMissingError('$%ticker%: possibly delisted; No price data found  (1d 2024-08-08 -> 2024-08-08)')
[2024-08-08T16:40:34.646+0000] {python.py:237} INFO - Done. Returned value was: [Empty DataFrame
Columns: [Open, High, Low, Close, Adj Close, Volume]
Index: [], Empty DataFrame
Columns: [Open, High, Low, Close, Adj Close, Volume]
Index: [], Empty DataFrame
Columns: [Open, High, Low, Close, Adj Close, Volume]
Index: [], Empty DataFrame
Columns: [Open, High, Low, Close, Adj Close, Volume]
Index: [], Empty DataFrame
Columns: [Open, High, Low, Close, Adj Close, Volume]
Index: [], Empty DataFrame
Columns: [Open, High, Low, Close, Adj Close, Volume]
Index: [], Empty DataFrame
Columns: [Open, High, Low, Close, Adj Close, Volume]
Index: [], Empty DataFrame
Columns: [Open, High, Low, Close, Adj Close, Volume]
Index: [], Empty DataFrame
Columns: [Open, High, Low, Close, Adj Close, Volume]
Index: [], Empty DataFrame
Columns: [Open, High, Low, Close, Adj Close, Volume]
Index: []]
[2024-08-08T16:40:34.657+0000] {taskinstance.py:441} INFO - ::group::Post task execution logs
[2024-08-08T16:40:34.727+0000] {taskinstance.py:1206} INFO - Marking task as SUCCESS. dag_id=stock_data_streaming, task_id=get_data, run_id=manual__2024-08-08T16:40:27.707199+00:00, execution_date=20240808T164027, start_date=20240808T164030, end_date=20240808T164034
[2024-08-08T16:40:34.770+0000] {local_task_job_runner.py:243} INFO - Task exited with return code 0
[2024-08-08T16:40:34.819+0000] {taskinstance.py:3503} INFO - 1 downstream tasks scheduled from follow-on schedule check
[2024-08-08T16:40:34.822+0000] {local_task_job_runner.py:222} INFO - ::endgroup::
