[2024-08-09T08:17:43.736+0000] {local_task_job_runner.py:120} INFO - ::group::Pre task execution logs
[2024-08-09T08:17:43.776+0000] {taskinstance.py:2076} INFO - Dependencies all met for dep_context=non-requeueable deps ti=<TaskInstance: streaming_data.get_data manual__2024-08-09T08:17:42.272583+00:00 [queued]>
[2024-08-09T08:17:43.788+0000] {taskinstance.py:2076} INFO - Dependencies all met for dep_context=requeueable deps ti=<TaskInstance: streaming_data.get_data manual__2024-08-09T08:17:42.272583+00:00 [queued]>
[2024-08-09T08:17:43.790+0000] {taskinstance.py:2306} INFO - Starting attempt 1 of 2
[2024-08-09T08:17:43.806+0000] {taskinstance.py:2330} INFO - Executing <Task(PythonOperator): get_data> on 2024-08-09 08:17:42.272583+00:00
[2024-08-09T08:17:43.815+0000] {logging_mixin.py:188} WARNING - /home/***/.local/lib/python3.12/site-packages/***/task/task_runner/standard_task_runner.py:62 DeprecationWarning: This process (pid=2436) is multi-threaded, use of fork() may lead to deadlocks in the child.
[2024-08-09T08:17:43.818+0000] {standard_task_runner.py:64} INFO - Started process 2438 to run task
[2024-08-09T08:17:43.814+0000] {standard_task_runner.py:90} INFO - Running: ['***', 'tasks', 'run', 'streaming_data', 'get_data', 'manual__2024-08-09T08:17:42.272583+00:00', '--job-id', '148', '--raw', '--subdir', 'DAGS_FOLDER/stream.py', '--cfg-path', '/tmp/tmpx0rmo1v5']
[2024-08-09T08:17:43.828+0000] {standard_task_runner.py:91} INFO - Job 148: Subtask get_data
[2024-08-09T08:17:43.850+0000] {logging_mixin.py:188} WARNING - /home/***/.local/lib/python3.12/site-packages/***/settings.py:195 DeprecationWarning: The sql_alchemy_conn option in [core] has been moved to the sql_alchemy_conn option in [database] - the old setting has been used, but please update your config.
[2024-08-09T08:17:43.897+0000] {task_command.py:426} INFO - Running <TaskInstance: streaming_data.get_data manual__2024-08-09T08:17:42.272583+00:00 [running]> on host 110119ffa3a6
[2024-08-09T08:17:44.041+0000] {taskinstance.py:2648} INFO - Exporting env vars: AIRFLOW_CTX_DAG_OWNER='***' AIRFLOW_CTX_DAG_ID='streaming_data' AIRFLOW_CTX_TASK_ID='get_data' AIRFLOW_CTX_EXECUTION_DATE='2024-08-09T08:17:42.272583+00:00' AIRFLOW_CTX_TRY_NUMBER='1' AIRFLOW_CTX_DAG_RUN_ID='manual__2024-08-09T08:17:42.272583+00:00'
[2024-08-09T08:17:44.043+0000] {taskinstance.py:430} INFO - ::endgroup::
[2024-08-09T08:17:44.934+0000] {logging_mixin.py:188} WARNING - [*********************100%%**********************]  1 of 1 completed
[2024-08-09T08:17:45.094+0000] {logging_mixin.py:188} WARNING - [*********************100%%**********************]  1 of 1 completed
[2024-08-09T08:17:45.236+0000] {logging_mixin.py:188} WARNING - [*********************100%%**********************]  1 of 1 completed
[2024-08-09T08:17:45.431+0000] {logging_mixin.py:188} WARNING - [*********************100%%**********************]  1 of 1 completed
[2024-08-09T08:17:45.566+0000] {logging_mixin.py:188} INFO - $TPE: possibly delisted; No price data found  (1d 2024-08-06 -> 2024-08-07)
[2024-08-09T08:17:45.567+0000] {logging_mixin.py:188} WARNING - [*********************100%%**********************]  1 of 1 completed
[2024-08-09T08:17:45.568+0000] {multi.py:171} ERROR - 
1 Failed download:
[2024-08-09T08:17:45.569+0000] {multi.py:184} ERROR - ['TPE']: YFPricesMissingError('$%ticker%: possibly delisted; No price data found  (1d 2024-08-06 -> 2024-08-07)')
[2024-08-09T08:17:45.712+0000] {logging_mixin.py:188} WARNING - [*********************100%%**********************]  1 of 1 completed
[2024-08-09T08:17:45.901+0000] {logging_mixin.py:188} WARNING - [*********************100%%**********************]  1 of 1 completed
[2024-08-09T08:17:46.051+0000] {logging_mixin.py:188} WARNING - [*********************100%%**********************]  1 of 1 completed
[2024-08-09T08:17:46.237+0000] {logging_mixin.py:188} WARNING - [*********************100%%**********************]  1 of 1 completed
[2024-08-09T08:17:46.409+0000] {logging_mixin.py:188} WARNING - [*********************100%%**********************]  1 of 1 completed
[2024-08-09T08:17:46.517+0000] {python.py:237} INFO - Done. Returned value was: [                  Open        High  ...   Adj Close    Volume
Date                                ...                      
2024-08-06  205.300003  209.990005  ...  207.229996  69660500

[1 rows x 6 columns],                   Open        High  ...   Adj Close    Volume
Date                                ...                      
2024-08-06  135.149994  136.440002  ...  130.179993  64455600

[1 rows x 6 columns],                   Open        High  ...   Adj Close    Volume
Date                                ...                      
2024-08-06  161.710007  165.080002  ...  161.929993  59950800

[1 rows x 6 columns],                   Open        High    Low       Close   Adj Close   Volume
Date                                                                      
2024-08-06  158.419998  163.630005  156.5  158.720001  158.720001  9301000, Empty DataFrame
Columns: [Open, High, Low, Close, Adj Close, Volume]
Index: [],                   Open        High  ...   Adj Close    Volume
Date                                ...                      
2024-08-06  159.330002  160.570007  ...  158.289993  49004600

[1 rows x 6 columns],              Open       High    Low  Close  Adj Close     Volume
Date                                                            
2024-08-06  20.32  20.629999  19.75  19.83     19.705  106670400,              Open        High         Low       Close   Adj Close    Volume
Date                                                                       
2024-08-06  479.0  502.559998  478.649994  494.089996  494.089996  20955000,                   Open        High         Low   Close  Adj Close     Volume
Date                                                                        
2024-08-06  103.839996  107.709999  100.550003  104.25     104.25  409012100,                   Open        High         Low       Close   Adj Close   Volume
Date                                                                           
2024-08-06  600.619995  622.450012  600.619995  609.570007  609.570007  4319100]
[2024-08-09T08:17:46.622+0000] {taskinstance.py:441} INFO - ::group::Post task execution logs
[2024-08-09T08:17:46.745+0000] {taskinstance.py:1206} INFO - Marking task as SUCCESS. dag_id=streaming_data, task_id=get_data, run_id=manual__2024-08-09T08:17:42.272583+00:00, execution_date=20240809T081742, start_date=20240809T081743, end_date=20240809T081746
[2024-08-09T08:17:46.796+0000] {local_task_job_runner.py:243} INFO - Task exited with return code 0
[2024-08-09T08:17:46.885+0000] {taskinstance.py:3503} INFO - 1 downstream tasks scheduled from follow-on schedule check
[2024-08-09T08:17:46.907+0000] {local_task_job_runner.py:222} INFO - ::endgroup::
