[2024-08-09T07:49:10.709+0000] {local_task_job_runner.py:120} INFO - ::group::Pre task execution logs
[2024-08-09T07:49:10.772+0000] {taskinstance.py:2076} INFO - Dependencies all met for dep_context=non-requeueable deps ti=<TaskInstance: streaming.stream_data manual__2024-08-09T07:48:57.577276+00:00 [queued]>
[2024-08-09T07:49:10.786+0000] {taskinstance.py:2076} INFO - Dependencies all met for dep_context=requeueable deps ti=<TaskInstance: streaming.stream_data manual__2024-08-09T07:48:57.577276+00:00 [queued]>
[2024-08-09T07:49:10.787+0000] {taskinstance.py:2306} INFO - Starting attempt 1 of 2
[2024-08-09T07:49:10.804+0000] {taskinstance.py:2330} INFO - Executing <Task(PythonOperator): stream_data> on 2024-08-09 07:48:57.577276+00:00
[2024-08-09T07:49:10.814+0000] {logging_mixin.py:188} WARNING - /home/***/.local/lib/python3.12/site-packages/***/task/task_runner/standard_task_runner.py:62 DeprecationWarning: This process (pid=1261) is multi-threaded, use of fork() may lead to deadlocks in the child.
[2024-08-09T07:49:10.816+0000] {standard_task_runner.py:64} INFO - Started process 1263 to run task
[2024-08-09T07:49:10.814+0000] {standard_task_runner.py:90} INFO - Running: ['***', 'tasks', 'run', 'streaming', 'stream_data', 'manual__2024-08-09T07:48:57.577276+00:00', '--job-id', '136', '--raw', '--subdir', 'DAGS_FOLDER/topic.py', '--cfg-path', '/tmp/tmpz2njq3gq']
[2024-08-09T07:49:10.819+0000] {standard_task_runner.py:91} INFO - Job 136: Subtask stream_data
[2024-08-09T07:49:10.843+0000] {logging_mixin.py:188} WARNING - /home/***/.local/lib/python3.12/site-packages/***/settings.py:195 DeprecationWarning: The sql_alchemy_conn option in [core] has been moved to the sql_alchemy_conn option in [database] - the old setting has been used, but please update your config.
[2024-08-09T07:49:10.894+0000] {task_command.py:426} INFO - Running <TaskInstance: streaming.stream_data manual__2024-08-09T07:48:57.577276+00:00 [running]> on host 110119ffa3a6
[2024-08-09T07:49:11.035+0000] {taskinstance.py:2648} INFO - Exporting env vars: AIRFLOW_CTX_DAG_OWNER='***' AIRFLOW_CTX_DAG_ID='streaming' AIRFLOW_CTX_TASK_ID='stream_data' AIRFLOW_CTX_EXECUTION_DATE='2024-08-09T07:48:57.577276+00:00' AIRFLOW_CTX_TRY_NUMBER='1' AIRFLOW_CTX_DAG_RUN_ID='manual__2024-08-09T07:48:57.577276+00:00'
[2024-08-09T07:49:11.037+0000] {taskinstance.py:430} INFO - ::endgroup::
[2024-08-09T07:49:12.474+0000] {logging_mixin.py:188} INFO - Message được gửi tới topic_finnhub [Partition: 0]
[2024-08-09T07:49:12.742+0000] {logging_mixin.py:188} INFO - Message được gửi tới topic_finnhub [Partition: 0]
[2024-08-09T07:49:13.000+0000] {logging_mixin.py:188} INFO - Message được gửi tới topic_finnhub [Partition: 0]
[2024-08-09T07:49:13.254+0000] {logging_mixin.py:188} INFO - Message được gửi tới topic_finnhub [Partition: 0]
[2024-08-09T07:49:14.285+0000] {logging_mixin.py:188} INFO - Message được gửi tới topic_finnhub [Partition: 0]
[2024-08-09T07:49:14.541+0000] {logging_mixin.py:188} INFO - Message được gửi tới topic_finnhub [Partition: 0]
[2024-08-09T07:49:14.795+0000] {logging_mixin.py:188} INFO - Message được gửi tới topic_finnhub [Partition: 0]
[2024-08-09T07:49:15.056+0000] {logging_mixin.py:188} INFO - Message được gửi tới topic_finnhub [Partition: 0]
[2024-08-09T07:49:15.337+0000] {logging_mixin.py:188} INFO - Message được gửi tới topic_finnhub [Partition: 0]
[2024-08-09T07:49:15.603+0000] {logging_mixin.py:188} INFO - Message được gửi tới topic_finnhub [Partition: 0]
[2024-08-09T07:49:15.606+0000] {python.py:237} INFO - Done. Returned value was: None
[2024-08-09T07:49:15.607+0000] {taskinstance.py:441} INFO - ::group::Post task execution logs
[2024-08-09T07:49:15.627+0000] {taskinstance.py:1206} INFO - Marking task as SUCCESS. dag_id=streaming, task_id=stream_data, run_id=manual__2024-08-09T07:48:57.577276+00:00, execution_date=20240809T074857, start_date=20240809T074910, end_date=20240809T074915
[2024-08-09T07:49:15.676+0000] {local_task_job_runner.py:243} INFO - Task exited with return code 0
[2024-08-09T07:49:15.705+0000] {taskinstance.py:3503} INFO - 0 downstream tasks scheduled from follow-on schedule check
[2024-08-09T07:49:15.709+0000] {local_task_job_runner.py:222} INFO - ::endgroup::
