[2024-08-09T08:35:08.349+0000] {local_task_job_runner.py:120} INFO - ::group::Pre task execution logs
[2024-08-09T08:35:08.413+0000] {taskinstance.py:2076} INFO - Dependencies all met for dep_context=non-requeueable deps ti=<TaskInstance: streaming_data_today.send_data scheduled__2024-07-15T00:00:00+00:00 [queued]>
[2024-08-09T08:35:08.427+0000] {taskinstance.py:2076} INFO - Dependencies all met for dep_context=requeueable deps ti=<TaskInstance: streaming_data_today.send_data scheduled__2024-07-15T00:00:00+00:00 [queued]>
[2024-08-09T08:35:08.429+0000] {taskinstance.py:2306} INFO - Starting attempt 1 of 2
[2024-08-09T08:35:08.455+0000] {taskinstance.py:2330} INFO - Executing <Task(PythonOperator): send_data> on 2024-07-15 00:00:00+00:00
[2024-08-09T08:35:08.466+0000] {logging_mixin.py:188} WARNING - /home/***/.local/lib/python3.12/site-packages/***/task/task_runner/standard_task_runner.py:62 DeprecationWarning: This process (pid=422) is multi-threaded, use of fork() may lead to deadlocks in the child.
[2024-08-09T08:35:08.468+0000] {standard_task_runner.py:64} INFO - Started process 424 to run task
[2024-08-09T08:35:08.466+0000] {standard_task_runner.py:90} INFO - Running: ['***', 'tasks', 'run', 'streaming_data_today', 'send_data', 'scheduled__2024-07-15T00:00:00+00:00', '--job-id', '162', '--raw', '--subdir', 'DAGS_FOLDER/stream_today.py', '--cfg-path', '/tmp/tmplz_utvlc']
[2024-08-09T08:35:08.470+0000] {standard_task_runner.py:91} INFO - Job 162: Subtask send_data
[2024-08-09T08:35:08.497+0000] {logging_mixin.py:188} WARNING - /home/***/.local/lib/python3.12/site-packages/***/settings.py:195 DeprecationWarning: The sql_alchemy_conn option in [core] has been moved to the sql_alchemy_conn option in [database] - the old setting has been used, but please update your config.
[2024-08-09T08:35:08.563+0000] {task_command.py:426} INFO - Running <TaskInstance: streaming_data_today.send_data scheduled__2024-07-15T00:00:00+00:00 [running]> on host 562e157be0a0
[2024-08-09T08:35:08.725+0000] {taskinstance.py:2648} INFO - Exporting env vars: AIRFLOW_CTX_DAG_OWNER='***' AIRFLOW_CTX_DAG_ID='streaming_data_today' AIRFLOW_CTX_TASK_ID='send_data' AIRFLOW_CTX_EXECUTION_DATE='2024-07-15T00:00:00+00:00' AIRFLOW_CTX_TRY_NUMBER='1' AIRFLOW_CTX_DAG_RUN_ID='scheduled__2024-07-15T00:00:00+00:00'
[2024-08-09T08:35:08.727+0000] {taskinstance.py:430} INFO - ::endgroup::
[2024-08-09T08:35:09.775+0000] {logging_mixin.py:188} INFO - Delivered message to stock_data [0]
[2024-08-09T08:35:09.776+0000] {logging_mixin.py:188} INFO - Delivered message to stock_data [0]
[2024-08-09T08:35:09.777+0000] {logging_mixin.py:188} INFO - Delivered message to stock_data [0]
[2024-08-09T08:35:09.777+0000] {logging_mixin.py:188} INFO - Delivered message to stock_data [0]
[2024-08-09T08:35:09.778+0000] {logging_mixin.py:188} INFO - Delivered message to stock_data [0]
[2024-08-09T08:35:09.779+0000] {logging_mixin.py:188} INFO - Delivered message to stock_data [0]
[2024-08-09T08:35:09.779+0000] {logging_mixin.py:188} INFO - Delivered message to stock_data [0]
[2024-08-09T08:35:09.780+0000] {logging_mixin.py:188} INFO - Delivered message to stock_data [0]
[2024-08-09T08:35:09.781+0000] {logging_mixin.py:188} INFO - Delivered message to stock_data [0]
[2024-08-09T08:35:09.782+0000] {python.py:237} INFO - Done. Returned value was: None
[2024-08-09T08:35:09.783+0000] {taskinstance.py:441} INFO - ::group::Post task execution logs
[2024-08-09T08:35:09.800+0000] {taskinstance.py:1206} INFO - Marking task as SUCCESS. dag_id=streaming_data_today, task_id=send_data, run_id=scheduled__2024-07-15T00:00:00+00:00, execution_date=20240715T000000, start_date=20240809T083508, end_date=20240809T083509
[2024-08-09T08:35:09.849+0000] {local_task_job_runner.py:243} INFO - Task exited with return code 0
[2024-08-09T08:35:09.877+0000] {taskinstance.py:3503} INFO - 0 downstream tasks scheduled from follow-on schedule check
[2024-08-09T08:35:09.881+0000] {local_task_job_runner.py:222} INFO - ::endgroup::
