[2024-08-08T16:29:33.198+0000] {local_task_job_runner.py:120} INFO - ::group::Pre task execution logs
[2024-08-08T16:29:33.276+0000] {taskinstance.py:2076} INFO - Dependencies all met for dep_context=non-requeueable deps ti=<TaskInstance: finnhub_data_streaming.stream_data manual__2024-08-08T16:29:24.962240+00:00 [queued]>
[2024-08-08T16:29:33.290+0000] {taskinstance.py:2076} INFO - Dependencies all met for dep_context=requeueable deps ti=<TaskInstance: finnhub_data_streaming.stream_data manual__2024-08-08T16:29:24.962240+00:00 [queued]>
[2024-08-08T16:29:33.294+0000] {taskinstance.py:2306} INFO - Starting attempt 1 of 1
[2024-08-08T16:29:33.317+0000] {taskinstance.py:2330} INFO - Executing <Task(PythonOperator): stream_data> on 2024-08-08 16:29:24.962240+00:00
[2024-08-08T16:29:33.326+0000] {logging_mixin.py:188} WARNING - /home/***/.local/lib/python3.12/site-packages/***/task/task_runner/standard_task_runner.py:62 DeprecationWarning: This process (pid=1045) is multi-threaded, use of fork() may lead to deadlocks in the child.
[2024-08-08T16:29:33.328+0000] {standard_task_runner.py:64} INFO - Started process 1046 to run task
[2024-08-08T16:29:33.325+0000] {standard_task_runner.py:90} INFO - Running: ['***', 'tasks', 'run', 'finnhub_data_streaming', 'stream_data', 'manual__2024-08-08T16:29:24.962240+00:00', '--job-id', '94', '--raw', '--subdir', 'DAGS_FOLDER/topic.py', '--cfg-path', '/tmp/tmpy7cq9pwd']
[2024-08-08T16:29:33.330+0000] {standard_task_runner.py:91} INFO - Job 94: Subtask stream_data
[2024-08-08T16:29:33.364+0000] {logging_mixin.py:188} WARNING - /home/***/.local/lib/python3.12/site-packages/***/settings.py:195 DeprecationWarning: The sql_alchemy_conn option in [core] has been moved to the sql_alchemy_conn option in [database] - the old setting has been used, but please update your config.
[2024-08-08T16:29:33.429+0000] {task_command.py:426} INFO - Running <TaskInstance: finnhub_data_streaming.stream_data manual__2024-08-08T16:29:24.962240+00:00 [running]> on host 552be2a98828
[2024-08-08T16:29:33.617+0000] {taskinstance.py:2648} INFO - Exporting env vars: AIRFLOW_CTX_DAG_OWNER='***' AIRFLOW_CTX_DAG_ID='finnhub_data_streaming' AIRFLOW_CTX_TASK_ID='stream_data' AIRFLOW_CTX_EXECUTION_DATE='2024-08-08T16:29:24.962240+00:00' AIRFLOW_CTX_TRY_NUMBER='1' AIRFLOW_CTX_DAG_RUN_ID='manual__2024-08-08T16:29:24.962240+00:00'
[2024-08-08T16:29:33.619+0000] {taskinstance.py:430} INFO - ::endgroup::
[2024-08-08T16:29:34.643+0000] {logging_mixin.py:188} INFO - Message được gửi tới topic_finnhub [Partition: 0]
[2024-08-08T16:29:34.645+0000] {python.py:237} INFO - Done. Returned value was: None
[2024-08-08T16:29:34.647+0000] {taskinstance.py:441} INFO - ::group::Post task execution logs
[2024-08-08T16:29:34.667+0000] {taskinstance.py:1206} INFO - Marking task as SUCCESS. dag_id=finnhub_data_streaming, task_id=stream_data, run_id=manual__2024-08-08T16:29:24.962240+00:00, execution_date=20240808T162924, start_date=20240808T162933, end_date=20240808T162934
[2024-08-08T16:29:34.707+0000] {local_task_job_runner.py:243} INFO - Task exited with return code 0
[2024-08-08T16:29:34.760+0000] {taskinstance.py:3503} INFO - 0 downstream tasks scheduled from follow-on schedule check
[2024-08-08T16:29:34.767+0000] {local_task_job_runner.py:222} INFO - ::endgroup::
