[2024-07-26T10:38:44.702+0000] {manager.py:470} INFO - Processing files using up to 2 processes at a time 
[2024-07-26T10:38:44.704+0000] {manager.py:471} INFO - Process each file at most once every 30 seconds
[2024-07-26T10:38:44.705+0000] {manager.py:472} INFO - Checking for new files in /opt/airflow/dags every 300 seconds
[2024-07-26T10:38:44.707+0000] {manager.py:737} INFO - Searching for files in /opt/airflow/dags
[2024-07-26T10:38:44.733+0000] {manager.py:740} INFO - There are 1 files in /opt/airflow/dags
[2024-07-26T10:38:44.867+0000] {manager.py:878} INFO - 
================================================================================
DAG File Processing Stats

File Path                     PID  Runtime      # DAGs    # Errors  Last Runtime    Last Run
--------------------------  -----  ---------  --------  ----------  --------------  ----------
/opt/airflow/dags/topic.py    238  0.06s             0           0
================================================================================
[2024-07-26T10:39:15.070+0000] {manager.py:878} INFO - 
================================================================================
DAG File Processing Stats

File Path                   PID    Runtime      # DAGs    # Errors  Last Runtime    Last Run
--------------------------  -----  ---------  --------  ----------  --------------  -------------------
/opt/airflow/dags/topic.py                           1           0  0.34s           2024-07-26T10:38:45
================================================================================
[2024-07-26T10:47:48.950+0000] {manager.py:470} INFO - Processing files using up to 2 processes at a time 
[2024-07-26T10:47:48.952+0000] {manager.py:471} INFO - Process each file at most once every 30 seconds
[2024-07-26T10:47:48.953+0000] {manager.py:472} INFO - Checking for new files in /opt/airflow/dags every 300 seconds
[2024-07-26T10:47:48.954+0000] {manager.py:737} INFO - Searching for files in /opt/airflow/dags
[2024-07-26T10:47:48.978+0000] {manager.py:740} INFO - There are 1 files in /opt/airflow/dags
[2024-07-26T10:47:49.142+0000] {manager.py:878} INFO - 
================================================================================
DAG File Processing Stats

File Path                     PID  Runtime      # DAGs    # Errors  Last Runtime    Last Run
--------------------------  -----  ---------  --------  ----------  --------------  ----------
/opt/airflow/dags/topic.py    238  0.08s             0           0
================================================================================
[2024-07-26T10:48:19.352+0000] {manager.py:878} INFO - 
================================================================================
DAG File Processing Stats

File Path                   PID    Runtime      # DAGs    # Errors  Last Runtime    Last Run
--------------------------  -----  ---------  --------  ----------  --------------  -------------------
/opt/airflow/dags/topic.py                           1           0  0.43s           2024-07-26T10:47:49
================================================================================
[2024-07-26T10:48:49.433+0000] {manager.py:878} INFO - 
================================================================================
DAG File Processing Stats

File Path                   PID    Runtime      # DAGs    # Errors  Last Runtime    Last Run
--------------------------  -----  ---------  --------  ----------  --------------  -------------------
/opt/airflow/dags/topic.py                           1           0  0.49s           2024-07-26T10:48:20
================================================================================
[2024-07-26T10:49:19.451+0000] {manager.py:878} INFO - 
================================================================================
DAG File Processing Stats

File Path                   PID    Runtime      # DAGs    # Errors  Last Runtime    Last Run
--------------------------  -----  ---------  --------  ----------  --------------  -------------------
/opt/airflow/dags/topic.py                           1           0  0.83s           2024-07-26T10:48:51
================================================================================
[2024-07-26T10:49:49.644+0000] {manager.py:878} INFO - 
================================================================================
DAG File Processing Stats

File Path                   PID    Runtime      # DAGs    # Errors  Last Runtime    Last Run
--------------------------  -----  ---------  --------  ----------  --------------  -------------------
/opt/airflow/dags/topic.py                           1           0  0.50s           2024-07-26T10:49:21
================================================================================
[2024-07-26T10:49:50.972+0000] {manager.py:452} INFO - Exiting gracefully upon receiving signal 15
[2024-07-26T15:50:53.784+0000] {manager.py:470} INFO - Processing files using up to 2 processes at a time 
[2024-07-26T15:50:53.786+0000] {manager.py:471} INFO - Process each file at most once every 30 seconds
[2024-07-26T15:50:53.787+0000] {manager.py:472} INFO - Checking for new files in /opt/airflow/dags every 300 seconds
[2024-07-26T15:50:53.788+0000] {manager.py:737} INFO - Searching for files in /opt/airflow/dags
[2024-07-26T15:50:53.812+0000] {manager.py:740} INFO - There are 1 files in /opt/airflow/dags
[2024-07-26T15:50:53.914+0000] {manager.py:878} INFO - 
================================================================================
DAG File Processing Stats

File Path                     PID  Runtime      # DAGs    # Errors  Last Runtime    Last Run
--------------------------  -----  ---------  --------  ----------  --------------  ----------
/opt/airflow/dags/topic.py    235  0.04s             0           0
================================================================================
[2024-07-26T15:51:13.014+0000] {manager.py:452} INFO - Exiting gracefully upon receiving signal 15
[2024-07-26T15:52:42.673+0000] {manager.py:470} INFO - Processing files using up to 2 processes at a time 
[2024-07-26T15:52:42.677+0000] {manager.py:471} INFO - Process each file at most once every 30 seconds
[2024-07-26T15:52:42.679+0000] {manager.py:472} INFO - Checking for new files in /opt/airflow/dags every 300 seconds
[2024-07-26T15:52:42.681+0000] {manager.py:737} INFO - Searching for files in /opt/airflow/dags
[2024-07-26T15:52:42.721+0000] {manager.py:740} INFO - There are 1 files in /opt/airflow/dags
[2024-07-26T15:52:42.906+0000] {manager.py:878} INFO - 
================================================================================
DAG File Processing Stats

File Path                     PID  Runtime      # DAGs    # Errors  Last Runtime    Last Run
--------------------------  -----  ---------  --------  ----------  --------------  ----------
/opt/airflow/dags/topic.py    235  0.06s             0           0
================================================================================
[2024-07-26T15:53:13.114+0000] {manager.py:878} INFO - 
================================================================================
DAG File Processing Stats

File Path                   PID    Runtime      # DAGs    # Errors  Last Runtime    Last Run
--------------------------  -----  ---------  --------  ----------  --------------  -------------------
/opt/airflow/dags/topic.py                           1           0  0.39s           2024-07-26T15:52:43
================================================================================
[2024-07-26T15:53:43.252+0000] {manager.py:878} INFO - 
================================================================================
DAG File Processing Stats

File Path                   PID    Runtime      # DAGs    # Errors  Last Runtime    Last Run
--------------------------  -----  ---------  --------  ----------  --------------  -------------------
/opt/airflow/dags/topic.py                           1           0  0.60s           2024-07-26T15:53:14
================================================================================
[2024-07-26T15:54:13.429+0000] {manager.py:878} INFO - 
================================================================================
DAG File Processing Stats

File Path                   PID    Runtime      # DAGs    # Errors  Last Runtime    Last Run
--------------------------  -----  ---------  --------  ----------  --------------  -------------------
/opt/airflow/dags/topic.py                           1           0  0.26s           2024-07-26T15:53:44
================================================================================
[2024-07-26T15:54:43.933+0000] {manager.py:878} INFO - 
================================================================================
DAG File Processing Stats

File Path                   PID    Runtime      # DAGs    # Errors  Last Runtime    Last Run
--------------------------  -----  ---------  --------  ----------  --------------  -------------------
/opt/airflow/dags/topic.py                           1           0  0.29s           2024-07-26T15:54:15
================================================================================
[2024-07-26T15:55:14.440+0000] {manager.py:878} INFO - 
================================================================================
DAG File Processing Stats

File Path                   PID    Runtime      # DAGs    # Errors  Last Runtime    Last Run
--------------------------  -----  ---------  --------  ----------  --------------  -------------------
/opt/airflow/dags/topic.py                           1           0  0.22s           2024-07-26T15:54:45
================================================================================
[2024-07-26T15:55:44.862+0000] {manager.py:878} INFO - 
================================================================================
DAG File Processing Stats

File Path                   PID    Runtime      # DAGs    # Errors  Last Runtime    Last Run
--------------------------  -----  ---------  --------  ----------  --------------  -------------------
/opt/airflow/dags/topic.py                           1           0  0.25s           2024-07-26T15:55:15
================================================================================
[2024-07-26T15:56:15.355+0000] {manager.py:878} INFO - 
================================================================================
DAG File Processing Stats

File Path                   PID    Runtime      # DAGs    # Errors  Last Runtime    Last Run
--------------------------  -----  ---------  --------  ----------  --------------  -------------------
/opt/airflow/dags/topic.py                           1           0  0.25s           2024-07-26T15:55:46
================================================================================
[2024-07-26T15:56:45.803+0000] {manager.py:878} INFO - 
================================================================================
DAG File Processing Stats

File Path                   PID    Runtime      # DAGs    # Errors  Last Runtime    Last Run
--------------------------  -----  ---------  --------  ----------  --------------  -------------------
/opt/airflow/dags/topic.py                           1           0  0.25s           2024-07-26T15:56:16
================================================================================
[2024-07-26T15:57:16.302+0000] {manager.py:878} INFO - 
================================================================================
DAG File Processing Stats

File Path                   PID    Runtime      # DAGs    # Errors  Last Runtime    Last Run
--------------------------  -----  ---------  --------  ----------  --------------  -------------------
/opt/airflow/dags/topic.py                           1           0  0.26s           2024-07-26T15:56:47
================================================================================
[2024-07-26T15:57:42.754+0000] {manager.py:737} INFO - Searching for files in /opt/airflow/dags
[2024-07-26T15:57:42.800+0000] {manager.py:740} INFO - There are 1 files in /opt/airflow/dags
[2024-07-26T15:57:46.837+0000] {manager.py:878} INFO - 
================================================================================
DAG File Processing Stats

File Path                   PID    Runtime      # DAGs    # Errors  Last Runtime    Last Run
--------------------------  -----  ---------  --------  ----------  --------------  -------------------
/opt/airflow/dags/topic.py                           1           0  0.24s           2024-07-26T15:57:17
================================================================================
[2024-07-26T15:58:17.209+0000] {manager.py:878} INFO - 
================================================================================
DAG File Processing Stats

File Path                   PID    Runtime      # DAGs    # Errors  Last Runtime    Last Run
--------------------------  -----  ---------  --------  ----------  --------------  -------------------
/opt/airflow/dags/topic.py                           1           0  0.26s           2024-07-26T15:57:48
================================================================================
[2024-07-26T15:58:47.424+0000] {manager.py:878} INFO - 
================================================================================
DAG File Processing Stats

File Path                   PID    Runtime      # DAGs    # Errors  Last Runtime    Last Run
--------------------------  -----  ---------  --------  ----------  --------------  -------------------
/opt/airflow/dags/topic.py                           1           0  0.38s           2024-07-26T15:58:18
================================================================================
[2024-07-26T15:59:17.615+0000] {manager.py:878} INFO - 
================================================================================
DAG File Processing Stats

File Path                   PID    Runtime      # DAGs    # Errors  Last Runtime    Last Run
--------------------------  -----  ---------  --------  ----------  --------------  -------------------
/opt/airflow/dags/topic.py                           1           0  0.91s           2024-07-26T15:58:49
================================================================================
[2024-07-26T15:59:48.139+0000] {manager.py:878} INFO - 
================================================================================
DAG File Processing Stats

File Path                   PID    Runtime      # DAGs    # Errors  Last Runtime    Last Run
--------------------------  -----  ---------  --------  ----------  --------------  -------------------
/opt/airflow/dags/topic.py                           1           0  0.28s           2024-07-26T15:59:20
================================================================================
[2024-07-26T16:00:18.649+0000] {manager.py:878} INFO - 
================================================================================
DAG File Processing Stats

File Path                   PID    Runtime      # DAGs    # Errors  Last Runtime    Last Run
--------------------------  -----  ---------  --------  ----------  --------------  -------------------
/opt/airflow/dags/topic.py                           1           0  0.30s           2024-07-26T15:59:50
================================================================================
[2024-07-26T16:00:49.171+0000] {manager.py:878} INFO - 
================================================================================
DAG File Processing Stats

File Path                   PID    Runtime      # DAGs    # Errors  Last Runtime    Last Run
--------------------------  -----  ---------  --------  ----------  --------------  -------------------
/opt/airflow/dags/topic.py                           1           0  0.26s           2024-07-26T16:00:21
================================================================================
[2024-07-26T16:01:19.232+0000] {manager.py:878} INFO - 
================================================================================
DAG File Processing Stats

File Path                   PID    Runtime      # DAGs    # Errors  Last Runtime    Last Run
--------------------------  -----  ---------  --------  ----------  --------------  -------------------
/opt/airflow/dags/topic.py                           1           0  0.62s           2024-07-26T16:00:52
================================================================================
[2024-07-26T16:01:49.438+0000] {manager.py:878} INFO - 
================================================================================
DAG File Processing Stats

File Path                   PID    Runtime      # DAGs    # Errors  Last Runtime    Last Run
--------------------------  -----  ---------  --------  ----------  --------------  -------------------
/opt/airflow/dags/topic.py                           1           0  0.35s           2024-07-26T16:01:22
================================================================================
[2024-07-26T16:02:19.941+0000] {manager.py:878} INFO - 
================================================================================
DAG File Processing Stats

File Path                   PID    Runtime      # DAGs    # Errors  Last Runtime    Last Run
--------------------------  -----  ---------  --------  ----------  --------------  -------------------
/opt/airflow/dags/topic.py                           1           0  0.43s           2024-07-26T16:01:53
================================================================================
[2024-07-26T16:02:42.840+0000] {manager.py:737} INFO - Searching for files in /opt/airflow/dags
[2024-07-26T16:02:42.866+0000] {manager.py:740} INFO - There are 1 files in /opt/airflow/dags
[2024-07-26T16:02:50.773+0000] {manager.py:878} INFO - 
================================================================================
DAG File Processing Stats

File Path                   PID    Runtime      # DAGs    # Errors  Last Runtime    Last Run
--------------------------  -----  ---------  --------  ----------  --------------  -------------------
/opt/airflow/dags/topic.py                           1           0  0.29s           2024-07-26T16:02:23
================================================================================
[2024-07-26T16:03:21.169+0000] {manager.py:878} INFO - 
================================================================================
DAG File Processing Stats

File Path                   PID    Runtime      # DAGs    # Errors  Last Runtime    Last Run
--------------------------  -----  ---------  --------  ----------  --------------  -------------------
/opt/airflow/dags/topic.py                           1           0  0.31s           2024-07-26T16:02:54
================================================================================
[2024-07-26T16:03:51.556+0000] {manager.py:878} INFO - 
================================================================================
DAG File Processing Stats

File Path                   PID    Runtime      # DAGs    # Errors  Last Runtime    Last Run
--------------------------  -----  ---------  --------  ----------  --------------  -------------------
/opt/airflow/dags/topic.py                           1           0  0.26s           2024-07-26T16:03:24
================================================================================
[2024-07-26T16:04:21.857+0000] {manager.py:878} INFO - 
================================================================================
DAG File Processing Stats

File Path                   PID    Runtime      # DAGs    # Errors  Last Runtime    Last Run
--------------------------  -----  ---------  --------  ----------  --------------  -------------------
/opt/airflow/dags/topic.py                           1           0  0.29s           2024-07-26T16:03:54
================================================================================
[2024-07-26T16:04:52.263+0000] {manager.py:878} INFO - 
================================================================================
DAG File Processing Stats

File Path                   PID    Runtime      # DAGs    # Errors  Last Runtime    Last Run
--------------------------  -----  ---------  --------  ----------  --------------  -------------------
/opt/airflow/dags/topic.py                           1           0  0.34s           2024-07-26T16:04:25
================================================================================
[2024-07-26T16:05:22.869+0000] {manager.py:878} INFO - 
================================================================================
DAG File Processing Stats

File Path                   PID    Runtime      # DAGs    # Errors  Last Runtime    Last Run
--------------------------  -----  ---------  --------  ----------  --------------  -------------------
/opt/airflow/dags/topic.py                           1           0  0.34s           2024-07-26T16:04:56
================================================================================
[2024-07-26T16:05:53.426+0000] {manager.py:878} INFO - 
================================================================================
DAG File Processing Stats

File Path                   PID    Runtime      # DAGs    # Errors  Last Runtime    Last Run
--------------------------  -----  ---------  --------  ----------  --------------  -------------------
/opt/airflow/dags/topic.py                           1           0  0.30s           2024-07-26T16:05:26
================================================================================
[2024-07-26T16:06:23.958+0000] {manager.py:878} INFO - 
================================================================================
DAG File Processing Stats

File Path                   PID    Runtime      # DAGs    # Errors  Last Runtime    Last Run
--------------------------  -----  ---------  --------  ----------  --------------  -------------------
/opt/airflow/dags/topic.py                           1           0  0.33s           2024-07-26T16:05:57
================================================================================
[2024-07-26T16:06:54.490+0000] {manager.py:878} INFO - 
================================================================================
DAG File Processing Stats

File Path                   PID    Runtime      # DAGs    # Errors  Last Runtime    Last Run
--------------------------  -----  ---------  --------  ----------  --------------  -------------------
/opt/airflow/dags/topic.py                           1           0  0.41s           2024-07-26T16:06:27
================================================================================
[2024-07-26T16:07:24.715+0000] {manager.py:878} INFO - 
================================================================================
DAG File Processing Stats

File Path                   PID    Runtime      # DAGs    # Errors  Last Runtime    Last Run
--------------------------  -----  ---------  --------  ----------  --------------  -------------------
/opt/airflow/dags/topic.py                           1           0  0.61s           2024-07-26T16:06:58
================================================================================
[2024-07-26T16:07:42.859+0000] {manager.py:737} INFO - Searching for files in /opt/airflow/dags
[2024-07-26T16:07:42.899+0000] {manager.py:740} INFO - There are 1 files in /opt/airflow/dags
[2024-07-26T16:07:54.982+0000] {manager.py:878} INFO - 
================================================================================
DAG File Processing Stats

File Path                   PID    Runtime      # DAGs    # Errors  Last Runtime    Last Run
--------------------------  -----  ---------  --------  ----------  --------------  -------------------
/opt/airflow/dags/topic.py                           1           0  0.30s           2024-07-26T16:07:29
================================================================================
[2024-07-26T16:08:25.407+0000] {manager.py:878} INFO - 
================================================================================
DAG File Processing Stats

File Path                   PID    Runtime      # DAGs    # Errors  Last Runtime    Last Run
--------------------------  -----  ---------  --------  ----------  --------------  -------------------
/opt/airflow/dags/topic.py                           1           0  0.30s           2024-07-26T16:07:59
================================================================================
[2024-07-26T16:08:55.880+0000] {manager.py:878} INFO - 
================================================================================
DAG File Processing Stats

File Path                   PID    Runtime      # DAGs    # Errors  Last Runtime    Last Run
--------------------------  -----  ---------  --------  ----------  --------------  -------------------
/opt/airflow/dags/topic.py                           1           0  0.36s           2024-07-26T16:08:30
================================================================================
[2024-07-26T16:09:25.910+0000] {manager.py:878} INFO - 
================================================================================
DAG File Processing Stats

File Path                   PID    Runtime      # DAGs    # Errors  Last Runtime    Last Run
--------------------------  -----  ---------  --------  ----------  --------------  -------------------
/opt/airflow/dags/topic.py                           1           0  0.41s           2024-07-26T16:09:00
================================================================================
[2024-07-26T16:09:56.081+0000] {manager.py:878} INFO - 
================================================================================
DAG File Processing Stats

File Path                   PID    Runtime      # DAGs    # Errors  Last Runtime    Last Run
--------------------------  -----  ---------  --------  ----------  --------------  -------------------
/opt/airflow/dags/topic.py                           1           0  0.34s           2024-07-26T16:09:31
================================================================================
[2024-07-26T16:10:26.651+0000] {manager.py:878} INFO - 
================================================================================
DAG File Processing Stats

File Path                   PID    Runtime      # DAGs    # Errors  Last Runtime    Last Run
--------------------------  -----  ---------  --------  ----------  --------------  -------------------
/opt/airflow/dags/topic.py                           1           0  0.32s           2024-07-26T16:10:01
================================================================================
[2024-07-26T16:10:57.120+0000] {manager.py:878} INFO - 
================================================================================
DAG File Processing Stats

File Path                   PID    Runtime      # DAGs    # Errors  Last Runtime    Last Run
--------------------------  -----  ---------  --------  ----------  --------------  -------------------
/opt/airflow/dags/topic.py                           1           0  0.28s           2024-07-26T16:10:32
================================================================================
[2024-07-26T16:11:27.593+0000] {manager.py:878} INFO - 
================================================================================
DAG File Processing Stats

File Path                   PID    Runtime      # DAGs    # Errors  Last Runtime    Last Run
--------------------------  -----  ---------  --------  ----------  --------------  -------------------
/opt/airflow/dags/topic.py                           1           0  0.33s           2024-07-26T16:11:02
================================================================================
[2024-07-26T16:11:58.087+0000] {manager.py:878} INFO - 
================================================================================
DAG File Processing Stats

File Path                   PID    Runtime      # DAGs    # Errors  Last Runtime    Last Run
--------------------------  -----  ---------  --------  ----------  --------------  -------------------
/opt/airflow/dags/topic.py                           1           0  0.31s           2024-07-26T16:11:33
================================================================================
[2024-07-26T16:12:28.584+0000] {manager.py:878} INFO - 
================================================================================
DAG File Processing Stats

File Path                   PID    Runtime      # DAGs    # Errors  Last Runtime    Last Run
--------------------------  -----  ---------  --------  ----------  --------------  -------------------
/opt/airflow/dags/topic.py                           1           0  0.29s           2024-07-26T16:12:03
================================================================================
[2024-07-26T16:12:42.982+0000] {manager.py:737} INFO - Searching for files in /opt/airflow/dags
[2024-07-26T16:12:43.000+0000] {manager.py:740} INFO - There are 1 files in /opt/airflow/dags
[2024-07-26T16:12:59.111+0000] {manager.py:878} INFO - 
================================================================================
DAG File Processing Stats

File Path                   PID    Runtime      # DAGs    # Errors  Last Runtime    Last Run
--------------------------  -----  ---------  --------  ----------  --------------  -------------------
/opt/airflow/dags/topic.py                           1           0  0.34s           2024-07-26T16:12:34
================================================================================
[2024-07-26T16:13:29.701+0000] {manager.py:878} INFO - 
================================================================================
DAG File Processing Stats

File Path                   PID    Runtime      # DAGs    # Errors  Last Runtime    Last Run
--------------------------  -----  ---------  --------  ----------  --------------  -------------------
/opt/airflow/dags/topic.py                           1           0  0.42s           2024-07-26T16:13:04
================================================================================
[2024-07-26T16:14:00.229+0000] {manager.py:878} INFO - 
================================================================================
DAG File Processing Stats

File Path                   PID    Runtime      # DAGs    # Errors  Last Runtime    Last Run
--------------------------  -----  ---------  --------  ----------  --------------  -------------------
/opt/airflow/dags/topic.py                           1           0  0.31s           2024-07-26T16:13:35
================================================================================
[2024-07-26T16:14:30.713+0000] {manager.py:878} INFO - 
================================================================================
DAG File Processing Stats

File Path                   PID    Runtime      # DAGs    # Errors  Last Runtime    Last Run
--------------------------  -----  ---------  --------  ----------  --------------  -------------------
/opt/airflow/dags/topic.py                           1           0  0.34s           2024-07-26T16:14:05
================================================================================
[2024-07-26T16:15:01.276+0000] {manager.py:878} INFO - 
================================================================================
DAG File Processing Stats

File Path                   PID    Runtime      # DAGs    # Errors  Last Runtime    Last Run
--------------------------  -----  ---------  --------  ----------  --------------  -------------------
/opt/airflow/dags/topic.py                           1           0  0.27s           2024-07-26T16:14:36
================================================================================
[2024-07-26T16:15:31.743+0000] {manager.py:878} INFO - 
================================================================================
DAG File Processing Stats

File Path                   PID    Runtime      # DAGs    # Errors  Last Runtime    Last Run
--------------------------  -----  ---------  --------  ----------  --------------  -------------------
/opt/airflow/dags/topic.py                           1           0  0.32s           2024-07-26T16:15:06
================================================================================
[2024-07-26T16:16:02.238+0000] {manager.py:878} INFO - 
================================================================================
DAG File Processing Stats

File Path                   PID    Runtime      # DAGs    # Errors  Last Runtime    Last Run
--------------------------  -----  ---------  --------  ----------  --------------  -------------------
/opt/airflow/dags/topic.py                           1           0  0.26s           2024-07-26T16:15:37
================================================================================
[2024-07-26T16:16:32.743+0000] {manager.py:878} INFO - 
================================================================================
DAG File Processing Stats

File Path                   PID    Runtime      # DAGs    # Errors  Last Runtime    Last Run
--------------------------  -----  ---------  --------  ----------  --------------  -------------------
/opt/airflow/dags/topic.py                           1           0  0.35s           2024-07-26T16:16:07
================================================================================
[2024-07-26T16:17:03.303+0000] {manager.py:878} INFO - 
================================================================================
DAG File Processing Stats

File Path                   PID    Runtime      # DAGs    # Errors  Last Runtime    Last Run
--------------------------  -----  ---------  --------  ----------  --------------  -------------------
/opt/airflow/dags/topic.py                           1           0  0.29s           2024-07-26T16:16:38
================================================================================
[2024-07-26T16:17:33.826+0000] {manager.py:878} INFO - 
================================================================================
DAG File Processing Stats

File Path                   PID    Runtime      # DAGs    # Errors  Last Runtime    Last Run
--------------------------  -----  ---------  --------  ----------  --------------  -------------------
/opt/airflow/dags/topic.py                           1           0  0.39s           2024-07-26T16:17:09
================================================================================
[2024-07-26T16:17:43.249+0000] {manager.py:737} INFO - Searching for files in /opt/airflow/dags
[2024-07-26T16:17:43.270+0000] {manager.py:740} INFO - There are 1 files in /opt/airflow/dags
[2024-07-26T16:18:04.402+0000] {manager.py:878} INFO - 
================================================================================
DAG File Processing Stats

File Path                   PID    Runtime      # DAGs    # Errors  Last Runtime    Last Run
--------------------------  -----  ---------  --------  ----------  --------------  -------------------
/opt/airflow/dags/topic.py                           1           0  0.35s           2024-07-26T16:17:39
================================================================================
[2024-07-26T16:18:35.025+0000] {manager.py:878} INFO - 
================================================================================
DAG File Processing Stats

File Path                   PID    Runtime      # DAGs    # Errors  Last Runtime    Last Run
--------------------------  -----  ---------  --------  ----------  --------------  -------------------
/opt/airflow/dags/topic.py                           1           0  0.30s           2024-07-26T16:18:10
================================================================================
[2024-07-26T16:19:05.421+0000] {manager.py:878} INFO - 
================================================================================
DAG File Processing Stats

File Path                   PID    Runtime      # DAGs    # Errors  Last Runtime    Last Run
--------------------------  -----  ---------  --------  ----------  --------------  -------------------
/opt/airflow/dags/topic.py                           1           0  0.39s           2024-07-26T16:18:40
================================================================================
[2024-07-26T16:19:36.042+0000] {manager.py:878} INFO - 
================================================================================
DAG File Processing Stats

File Path                   PID    Runtime      # DAGs    # Errors  Last Runtime    Last Run
--------------------------  -----  ---------  --------  ----------  --------------  -------------------
/opt/airflow/dags/topic.py                           1           0  0.38s           2024-07-26T16:19:11
================================================================================
[2024-07-26T16:20:06.637+0000] {manager.py:878} INFO - 
================================================================================
DAG File Processing Stats

File Path                   PID    Runtime      # DAGs    # Errors  Last Runtime    Last Run
--------------------------  -----  ---------  --------  ----------  --------------  -------------------
/opt/airflow/dags/topic.py                           1           0  0.35s           2024-07-26T16:19:41
================================================================================
[2024-07-26T16:20:37.179+0000] {manager.py:878} INFO - 
================================================================================
DAG File Processing Stats

File Path                   PID    Runtime      # DAGs    # Errors  Last Runtime    Last Run
--------------------------  -----  ---------  --------  ----------  --------------  -------------------
/opt/airflow/dags/topic.py                           1           0  0.27s           2024-07-26T16:20:12
================================================================================
[2024-07-26T16:21:07.667+0000] {manager.py:878} INFO - 
================================================================================
DAG File Processing Stats

File Path                   PID    Runtime      # DAGs    # Errors  Last Runtime    Last Run
--------------------------  -----  ---------  --------  ----------  --------------  -------------------
/opt/airflow/dags/topic.py                           1           0  0.39s           2024-07-26T16:20:42
================================================================================
[2024-07-26T16:21:38.209+0000] {manager.py:878} INFO - 
================================================================================
DAG File Processing Stats

File Path                   PID    Runtime      # DAGs    # Errors  Last Runtime    Last Run
--------------------------  -----  ---------  --------  ----------  --------------  -------------------
/opt/airflow/dags/topic.py                           1           0  0.28s           2024-07-26T16:21:13
================================================================================
[2024-07-26T16:22:08.678+0000] {manager.py:878} INFO - 
================================================================================
DAG File Processing Stats

File Path                   PID    Runtime      # DAGs    # Errors  Last Runtime    Last Run
--------------------------  -----  ---------  --------  ----------  --------------  -------------------
/opt/airflow/dags/topic.py                           1           0  0.30s           2024-07-26T16:21:43
================================================================================
[2024-07-26T16:22:39.169+0000] {manager.py:878} INFO - 
================================================================================
DAG File Processing Stats

File Path                   PID    Runtime      # DAGs    # Errors  Last Runtime    Last Run
--------------------------  -----  ---------  --------  ----------  --------------  -------------------
/opt/airflow/dags/topic.py                           1           0  0.30s           2024-07-26T16:22:14
================================================================================
[2024-07-26T16:22:43.438+0000] {manager.py:737} INFO - Searching for files in /opt/airflow/dags
[2024-07-26T16:22:43.460+0000] {manager.py:740} INFO - There are 1 files in /opt/airflow/dags
[2024-07-26T16:23:09.647+0000] {manager.py:878} INFO - 
================================================================================
DAG File Processing Stats

File Path                   PID    Runtime      # DAGs    # Errors  Last Runtime    Last Run
--------------------------  -----  ---------  --------  ----------  --------------  -------------------
/opt/airflow/dags/topic.py                           1           0  0.26s           2024-07-26T16:22:44
================================================================================
[2024-07-26T16:23:40.113+0000] {manager.py:878} INFO - 
================================================================================
DAG File Processing Stats

File Path                   PID    Runtime      # DAGs    # Errors  Last Runtime    Last Run
--------------------------  -----  ---------  --------  ----------  --------------  -------------------
/opt/airflow/dags/topic.py                           1           0  0.33s           2024-07-26T16:23:15
================================================================================
[2024-07-26T16:24:10.583+0000] {manager.py:878} INFO - 
================================================================================
DAG File Processing Stats

File Path                   PID    Runtime      # DAGs    # Errors  Last Runtime    Last Run
--------------------------  -----  ---------  --------  ----------  --------------  -------------------
/opt/airflow/dags/topic.py                           1           0  0.32s           2024-07-26T16:23:45
================================================================================
[2024-07-26T16:24:41.101+0000] {manager.py:878} INFO - 
================================================================================
DAG File Processing Stats

File Path                   PID    Runtime      # DAGs    # Errors  Last Runtime    Last Run
--------------------------  -----  ---------  --------  ----------  --------------  -------------------
/opt/airflow/dags/topic.py                           1           0  0.31s           2024-07-26T16:24:16
================================================================================
[2024-07-26T16:25:11.570+0000] {manager.py:878} INFO - 
================================================================================
DAG File Processing Stats

File Path                   PID    Runtime      # DAGs    # Errors  Last Runtime    Last Run
--------------------------  -----  ---------  --------  ----------  --------------  -------------------
/opt/airflow/dags/topic.py                           1           0  0.36s           2024-07-26T16:24:46
================================================================================
[2024-07-26T16:25:41.731+0000] {manager.py:878} INFO - 
================================================================================
DAG File Processing Stats

File Path                   PID    Runtime      # DAGs    # Errors  Last Runtime    Last Run
--------------------------  -----  ---------  --------  ----------  --------------  -------------------
/opt/airflow/dags/topic.py                           1           0  0.51s           2024-07-26T16:25:17
================================================================================
[2024-07-26T16:26:12.466+0000] {manager.py:878} INFO - 
================================================================================
DAG File Processing Stats

File Path                   PID    Runtime      # DAGs    # Errors  Last Runtime    Last Run
--------------------------  -----  ---------  --------  ----------  --------------  -------------------
/opt/airflow/dags/topic.py                           1           0  0.49s           2024-07-26T16:25:48
================================================================================
[2024-07-26T16:26:42.767+0000] {manager.py:878} INFO - 
================================================================================
DAG File Processing Stats

File Path                   PID    Runtime      # DAGs    # Errors  Last Runtime    Last Run
--------------------------  -----  ---------  --------  ----------  --------------  -------------------
/opt/airflow/dags/topic.py                           1           0  0.37s           2024-07-26T16:26:18
================================================================================
[2024-07-26T16:27:12.860+0000] {manager.py:878} INFO - 
================================================================================
DAG File Processing Stats

File Path                   PID    Runtime      # DAGs    # Errors  Last Runtime    Last Run
--------------------------  -----  ---------  --------  ----------  --------------  -------------------
/opt/airflow/dags/topic.py                           1           0  0.42s           2024-07-26T16:26:49
================================================================================
[2024-07-26T16:27:43.189+0000] {manager.py:878} INFO - 
================================================================================
DAG File Processing Stats

File Path                   PID    Runtime      # DAGs    # Errors  Last Runtime    Last Run
--------------------------  -----  ---------  --------  ----------  --------------  -------------------
/opt/airflow/dags/topic.py                           1           0  0.54s           2024-07-26T16:27:20
================================================================================
[2024-07-26T16:27:43.622+0000] {manager.py:737} INFO - Searching for files in /opt/airflow/dags
[2024-07-26T16:27:43.675+0000] {manager.py:740} INFO - There are 1 files in /opt/airflow/dags
[2024-07-26T16:28:13.361+0000] {manager.py:878} INFO - 
================================================================================
DAG File Processing Stats

File Path                   PID    Runtime      # DAGs    # Errors  Last Runtime    Last Run
--------------------------  -----  ---------  --------  ----------  --------------  -------------------
/opt/airflow/dags/topic.py                           1           0  0.44s           2024-07-26T16:27:51
================================================================================
[2024-07-26T16:28:44.169+0000] {manager.py:878} INFO - 
================================================================================
DAG File Processing Stats

File Path                   PID    Runtime      # DAGs    # Errors  Last Runtime    Last Run
--------------------------  -----  ---------  --------  ----------  --------------  -------------------
/opt/airflow/dags/topic.py                           1           0  0.65s           2024-07-26T16:28:22
================================================================================
[2024-07-26T16:29:14.512+0000] {manager.py:878} INFO - 
================================================================================
DAG File Processing Stats

File Path                   PID    Runtime      # DAGs    # Errors  Last Runtime    Last Run
--------------------------  -----  ---------  --------  ----------  --------------  -------------------
/opt/airflow/dags/topic.py                           1           0  0.43s           2024-07-26T16:28:52
================================================================================
[2024-07-26T16:29:44.651+0000] {manager.py:878} INFO - 
================================================================================
DAG File Processing Stats

File Path                   PID    Runtime      # DAGs    # Errors  Last Runtime    Last Run
--------------------------  -----  ---------  --------  ----------  --------------  -------------------
/opt/airflow/dags/topic.py                           1           0  0.48s           2024-07-26T16:29:23
================================================================================
[2024-07-26T16:30:14.862+0000] {manager.py:878} INFO - 
================================================================================
DAG File Processing Stats

File Path                   PID    Runtime      # DAGs    # Errors  Last Runtime    Last Run
--------------------------  -----  ---------  --------  ----------  --------------  -------------------
/opt/airflow/dags/topic.py                           1           0  0.50s           2024-07-26T16:29:54
================================================================================
[2024-07-26T16:30:44.886+0000] {manager.py:878} INFO - 
================================================================================
DAG File Processing Stats

File Path                   PID    Runtime      # DAGs    # Errors  Last Runtime    Last Run
--------------------------  -----  ---------  --------  ----------  --------------  -------------------
/opt/airflow/dags/topic.py                           1           0  0.29s           2024-07-26T16:30:24
================================================================================
[2024-07-26T16:31:15.123+0000] {manager.py:878} INFO - 
================================================================================
DAG File Processing Stats

File Path                   PID    Runtime      # DAGs    # Errors  Last Runtime    Last Run
--------------------------  -----  ---------  --------  ----------  --------------  -------------------
/opt/airflow/dags/topic.py                           1           0  0.38s           2024-07-26T16:30:49
================================================================================
[2024-07-26T16:31:45.424+0000] {manager.py:878} INFO - 
================================================================================
DAG File Processing Stats

File Path                   PID    Runtime      # DAGs    # Errors  Last Runtime    Last Run
--------------------------  -----  ---------  --------  ----------  --------------  -------------------
/opt/airflow/dags/topic.py                           1           0  0.33s           2024-07-26T16:31:19
================================================================================
[2024-07-26T16:32:15.877+0000] {manager.py:878} INFO - 
================================================================================
DAG File Processing Stats

File Path                   PID    Runtime      # DAGs    # Errors  Last Runtime    Last Run
--------------------------  -----  ---------  --------  ----------  --------------  -------------------
/opt/airflow/dags/topic.py                           1           0  0.28s           2024-07-26T16:31:49
================================================================================
[2024-07-26T16:32:44.281+0000] {manager.py:737} INFO - Searching for files in /opt/airflow/dags
[2024-07-26T16:32:44.303+0000] {manager.py:740} INFO - There are 1 files in /opt/airflow/dags
[2024-07-26T16:32:46.328+0000] {manager.py:878} INFO - 
================================================================================
DAG File Processing Stats

File Path                   PID    Runtime      # DAGs    # Errors  Last Runtime    Last Run
--------------------------  -----  ---------  --------  ----------  --------------  -------------------
/opt/airflow/dags/topic.py                           1           0  0.32s           2024-07-26T16:32:20
================================================================================
[2024-07-26T16:33:16.799+0000] {manager.py:878} INFO - 
================================================================================
DAG File Processing Stats

File Path                   PID    Runtime      # DAGs    # Errors  Last Runtime    Last Run
--------------------------  -----  ---------  --------  ----------  --------------  -------------------
/opt/airflow/dags/topic.py                           1           0  0.30s           2024-07-26T16:32:50
================================================================================
[2024-07-26T16:33:47.250+0000] {manager.py:878} INFO - 
================================================================================
DAG File Processing Stats

File Path                   PID    Runtime      # DAGs    # Errors  Last Runtime    Last Run
--------------------------  -----  ---------  --------  ----------  --------------  -------------------
/opt/airflow/dags/topic.py                           1           0  0.34s           2024-07-26T16:33:21
================================================================================
[2024-07-26T16:34:17.759+0000] {manager.py:878} INFO - 
================================================================================
DAG File Processing Stats

File Path                   PID    Runtime      # DAGs    # Errors  Last Runtime    Last Run
--------------------------  -----  ---------  --------  ----------  --------------  -------------------
/opt/airflow/dags/topic.py                           1           0  0.33s           2024-07-26T16:33:51
================================================================================
[2024-07-26T16:34:48.327+0000] {manager.py:878} INFO - 
================================================================================
DAG File Processing Stats

File Path                   PID    Runtime      # DAGs    # Errors  Last Runtime    Last Run
--------------------------  -----  ---------  --------  ----------  --------------  -------------------
/opt/airflow/dags/topic.py                           1           0  0.39s           2024-07-26T16:34:22
================================================================================
[2024-07-26T16:35:18.904+0000] {manager.py:878} INFO - 
================================================================================
DAG File Processing Stats

File Path                   PID    Runtime      # DAGs    # Errors  Last Runtime    Last Run
--------------------------  -----  ---------  --------  ----------  --------------  -------------------
/opt/airflow/dags/topic.py                           1           0  0.32s           2024-07-26T16:34:53
================================================================================
[2024-07-26T16:35:49.431+0000] {manager.py:878} INFO - 
================================================================================
DAG File Processing Stats

File Path                   PID    Runtime      # DAGs    # Errors  Last Runtime    Last Run
--------------------------  -----  ---------  --------  ----------  --------------  -------------------
/opt/airflow/dags/topic.py                           1           0  0.30s           2024-07-26T16:35:23
================================================================================
[2024-07-26T16:36:19.921+0000] {manager.py:878} INFO - 
================================================================================
DAG File Processing Stats

File Path                   PID    Runtime      # DAGs    # Errors  Last Runtime    Last Run
--------------------------  -----  ---------  --------  ----------  --------------  -------------------
/opt/airflow/dags/topic.py                           1           0  0.30s           2024-07-26T16:35:54
================================================================================
[2024-07-26T16:36:50.380+0000] {manager.py:878} INFO - 
================================================================================
DAG File Processing Stats

File Path                   PID    Runtime      # DAGs    # Errors  Last Runtime    Last Run
--------------------------  -----  ---------  --------  ----------  --------------  -------------------
/opt/airflow/dags/topic.py                           1           0  0.32s           2024-07-26T16:36:24
================================================================================
[2024-07-26T16:37:20.880+0000] {manager.py:878} INFO - 
================================================================================
DAG File Processing Stats

File Path                   PID    Runtime      # DAGs    # Errors  Last Runtime    Last Run
--------------------------  -----  ---------  --------  ----------  --------------  -------------------
/opt/airflow/dags/topic.py                           1           0  0.30s           2024-07-26T16:36:55
================================================================================
[2024-07-26T16:37:44.299+0000] {manager.py:737} INFO - Searching for files in /opt/airflow/dags
[2024-07-26T16:37:44.324+0000] {manager.py:740} INFO - There are 1 files in /opt/airflow/dags
[2024-07-26T16:37:51.391+0000] {manager.py:878} INFO - 
================================================================================
DAG File Processing Stats

File Path                   PID    Runtime      # DAGs    # Errors  Last Runtime    Last Run
--------------------------  -----  ---------  --------  ----------  --------------  -------------------
/opt/airflow/dags/topic.py                           1           0  0.39s           2024-07-26T16:37:25
================================================================================
[2024-07-26T16:38:21.980+0000] {manager.py:878} INFO - 
================================================================================
DAG File Processing Stats

File Path                   PID    Runtime      # DAGs    # Errors  Last Runtime    Last Run
--------------------------  -----  ---------  --------  ----------  --------------  -------------------
/opt/airflow/dags/topic.py                           1           0  0.29s           2024-07-26T16:37:56
================================================================================
[2024-07-26T16:38:52.464+0000] {manager.py:878} INFO - 
================================================================================
DAG File Processing Stats

File Path                   PID    Runtime      # DAGs    # Errors  Last Runtime    Last Run
--------------------------  -----  ---------  --------  ----------  --------------  -------------------
/opt/airflow/dags/topic.py                           1           0  0.30s           2024-07-26T16:38:26
================================================================================
[2024-07-26T16:39:22.914+0000] {manager.py:878} INFO - 
================================================================================
DAG File Processing Stats

File Path                   PID    Runtime      # DAGs    # Errors  Last Runtime    Last Run
--------------------------  -----  ---------  --------  ----------  --------------  -------------------
/opt/airflow/dags/topic.py                           1           0  0.28s           2024-07-26T16:38:57
================================================================================
[2024-07-26T16:39:53.412+0000] {manager.py:878} INFO - 
================================================================================
DAG File Processing Stats

File Path                   PID    Runtime      # DAGs    # Errors  Last Runtime    Last Run
--------------------------  -----  ---------  --------  ----------  --------------  -------------------
/opt/airflow/dags/topic.py                           1           0  0.30s           2024-07-26T16:39:27
================================================================================
[2024-07-26T16:40:23.854+0000] {manager.py:878} INFO - 
================================================================================
DAG File Processing Stats

File Path                   PID    Runtime      # DAGs    # Errors  Last Runtime    Last Run
--------------------------  -----  ---------  --------  ----------  --------------  -------------------
/opt/airflow/dags/topic.py                           1           0  0.29s           2024-07-26T16:39:57
================================================================================
[2024-07-26T16:40:54.321+0000] {manager.py:878} INFO - 
================================================================================
DAG File Processing Stats

File Path                   PID    Runtime      # DAGs    # Errors  Last Runtime    Last Run
--------------------------  -----  ---------  --------  ----------  --------------  -------------------
/opt/airflow/dags/topic.py                           1           0  0.31s           2024-07-26T16:40:28
================================================================================
[2024-07-26T16:41:24.838+0000] {manager.py:878} INFO - 
================================================================================
DAG File Processing Stats

File Path                   PID    Runtime      # DAGs    # Errors  Last Runtime    Last Run
--------------------------  -----  ---------  --------  ----------  --------------  -------------------
/opt/airflow/dags/topic.py                           1           0  0.32s           2024-07-26T16:40:59
================================================================================
[2024-07-26T16:41:55.383+0000] {manager.py:878} INFO - 
================================================================================
DAG File Processing Stats

File Path                   PID    Runtime      # DAGs    # Errors  Last Runtime    Last Run
--------------------------  -----  ---------  --------  ----------  --------------  -------------------
/opt/airflow/dags/topic.py                           1           0  0.30s           2024-07-26T16:41:29
================================================================================
[2024-07-26T16:42:25.842+0000] {manager.py:878} INFO - 
================================================================================
DAG File Processing Stats

File Path                   PID    Runtime      # DAGs    # Errors  Last Runtime    Last Run
--------------------------  -----  ---------  --------  ----------  --------------  -------------------
/opt/airflow/dags/topic.py                           1           0  0.33s           2024-07-26T16:42:00
================================================================================
[2024-07-26T16:42:44.300+0000] {manager.py:737} INFO - Searching for files in /opt/airflow/dags
[2024-07-26T16:42:44.326+0000] {manager.py:740} INFO - There are 1 files in /opt/airflow/dags
[2024-07-26T16:42:56.421+0000] {manager.py:878} INFO - 
================================================================================
DAG File Processing Stats

File Path                   PID    Runtime      # DAGs    # Errors  Last Runtime    Last Run
--------------------------  -----  ---------  --------  ----------  --------------  -------------------
/opt/airflow/dags/topic.py                           1           0  0.37s           2024-07-26T16:42:30
================================================================================
[2024-07-26T16:43:27.002+0000] {manager.py:878} INFO - 
================================================================================
DAG File Processing Stats

File Path                   PID    Runtime      # DAGs    # Errors  Last Runtime    Last Run
--------------------------  -----  ---------  --------  ----------  --------------  -------------------
/opt/airflow/dags/topic.py                           1           0  0.29s           2024-07-26T16:43:01
================================================================================
[2024-07-26T16:43:27.799+0000] {manager.py:452} INFO - Exiting gracefully upon receiving signal 15
