[2024-08-09T07:49:00.364+0000] {local_task_job_runner.py:120} INFO - ::group::Pre task execution logs
[2024-08-09T07:49:00.417+0000] {taskinstance.py:2076} INFO - Dependencies all met for dep_context=non-requeueable deps ti=<TaskInstance: streaming.get_data manual__2024-08-09T07:48:57.577276+00:00 [queued]>
[2024-08-09T07:49:00.430+0000] {taskinstance.py:2076} INFO - Dependencies all met for dep_context=requeueable deps ti=<TaskInstance: streaming.get_data manual__2024-08-09T07:48:57.577276+00:00 [queued]>
[2024-08-09T07:49:00.431+0000] {taskinstance.py:2306} INFO - Starting attempt 1 of 2
[2024-08-09T07:49:00.451+0000] {taskinstance.py:2330} INFO - Executing <Task(PythonOperator): get_data> on 2024-08-09 07:48:57.577276+00:00
[2024-08-09T07:49:00.471+0000] {logging_mixin.py:188} WARNING - /home/***/.local/lib/python3.12/site-packages/***/task/task_runner/standard_task_runner.py:62 DeprecationWarning: This process (pid=1225) is multi-threaded, use of fork() may lead to deadlocks in the child.
[2024-08-09T07:49:00.462+0000] {standard_task_runner.py:90} INFO - Running: ['***', 'tasks', 'run', 'streaming', 'get_data', 'manual__2024-08-09T07:48:57.577276+00:00', '--job-id', '133', '--raw', '--subdir', 'DAGS_FOLDER/topic.py', '--cfg-path', '/tmp/tmp01b13ucx']
[2024-08-09T07:49:00.475+0000] {standard_task_runner.py:64} INFO - Started process 1227 to run task
[2024-08-09T07:49:00.475+0000] {standard_task_runner.py:91} INFO - Job 133: Subtask get_data
[2024-08-09T07:49:00.528+0000] {logging_mixin.py:188} WARNING - /home/***/.local/lib/python3.12/site-packages/***/settings.py:195 DeprecationWarning: The sql_alchemy_conn option in [core] has been moved to the sql_alchemy_conn option in [database] - the old setting has been used, but please update your config.
[2024-08-09T07:49:00.621+0000] {task_command.py:426} INFO - Running <TaskInstance: streaming.get_data manual__2024-08-09T07:48:57.577276+00:00 [running]> on host 110119ffa3a6
[2024-08-09T07:49:00.944+0000] {taskinstance.py:2648} INFO - Exporting env vars: AIRFLOW_CTX_DAG_OWNER='***' AIRFLOW_CTX_DAG_ID='streaming' AIRFLOW_CTX_TASK_ID='get_data' AIRFLOW_CTX_EXECUTION_DATE='2024-08-09T07:48:57.577276+00:00' AIRFLOW_CTX_TRY_NUMBER='1' AIRFLOW_CTX_DAG_RUN_ID='manual__2024-08-09T07:48:57.577276+00:00'
[2024-08-09T07:49:00.947+0000] {taskinstance.py:430} INFO - ::endgroup::
[2024-08-09T07:49:01.701+0000] {logging_mixin.py:188} WARNING - [*********************100%%**********************]  1 of 1 completed
[2024-08-09T07:49:01.839+0000] {logging_mixin.py:188} WARNING - [*********************100%%**********************]  1 of 1 completed
[2024-08-09T07:49:02.038+0000] {logging_mixin.py:188} WARNING - [*********************100%%**********************]  1 of 1 completed
[2024-08-09T07:49:02.247+0000] {logging_mixin.py:188} WARNING - [*********************100%%**********************]  1 of 1 completed
[2024-08-09T07:49:02.394+0000] {logging_mixin.py:188} INFO - $TPE: possibly delisted; No price data found  (1d 2024-08-08 -> 2024-08-09)
[2024-08-09T07:49:02.394+0000] {logging_mixin.py:188} WARNING - [*********************100%%**********************]  1 of 1 completed
[2024-08-09T07:49:02.397+0000] {multi.py:171} ERROR - 
1 Failed download:
[2024-08-09T07:49:02.398+0000] {multi.py:184} ERROR - ['TPE']: YFPricesMissingError('$%ticker%: possibly delisted; No price data found  (1d 2024-08-08 -> 2024-08-09)')
[2024-08-09T07:49:02.543+0000] {logging_mixin.py:188} WARNING - [*********************100%%**********************]  1 of 1 completed
[2024-08-09T07:49:02.696+0000] {logging_mixin.py:188} WARNING - [*********************100%%**********************]  1 of 1 completed
[2024-08-09T07:49:02.862+0000] {logging_mixin.py:188} WARNING - [*********************100%%**********************]  1 of 1 completed
[2024-08-09T07:49:03.005+0000] {logging_mixin.py:188} WARNING - [*********************100%%**********************]  1 of 1 completed
[2024-08-09T07:49:03.147+0000] {logging_mixin.py:188} WARNING - [*********************100%%**********************]  1 of 1 completed
[2024-08-09T07:49:03.239+0000] {python.py:237} INFO - Done. Returned value was: [                  Open        High  ...   Adj Close    Volume
Date                                ...                      
2024-08-08  213.110001  214.199997  ...  213.309998  44598400

[1 rows x 6 columns],                   Open        High  ...   Adj Close    Volume
Date                                ...                      
2024-08-08  131.970001  136.479996  ...  136.320007  48401800

[1 rows x 6 columns],                   Open        High  ...   Adj Close    Volume
Date                                ...                      
2024-08-08  165.169998  166.690002  ...  165.800003  44518900

[1 rows x 6 columns],                   Open        High         Low       Close   Adj Close   Volume
Date                                                                           
2024-08-08  160.740005  165.589996  157.869995  164.949997  164.949997  9480500, Empty DataFrame
Columns: [Open, High, Low, Close, Adj Close, Volume]
Index: [],                   Open        High  ...   Adj Close    Volume
Date                                ...                      
2024-08-08  160.509995  163.690002  ...  162.029999  25557400

[1 rows x 6 columns],             Open       High    Low  Close  Adj Close    Volume
Date                                                          
2024-08-08  19.1  20.549999  18.84  20.49      20.49  95664600,              Open        High         Low       Close   Adj Close    Volume
Date                                                                       
2024-08-08  497.5  509.959991  494.720001  509.630005  509.630005  16111300,              Open   High        Low       Close   Adj Close     Volume
Date                                                                  
2024-08-08  102.0  105.5  97.519997  104.970001  104.970001  390385700,                  Open        High        Low       Close   Adj Close   Volume
Date                                                                         
2024-08-08  621.98999  632.289978  616.02002  630.349976  630.349976  3279300]
[2024-08-09T07:49:03.320+0000] {taskinstance.py:441} INFO - ::group::Post task execution logs
[2024-08-09T07:49:03.373+0000] {taskinstance.py:1206} INFO - Marking task as SUCCESS. dag_id=streaming, task_id=get_data, run_id=manual__2024-08-09T07:48:57.577276+00:00, execution_date=20240809T074857, start_date=20240809T074900, end_date=20240809T074903
[2024-08-09T07:49:03.399+0000] {local_task_job_runner.py:243} INFO - Task exited with return code 0
[2024-08-09T07:49:03.434+0000] {taskinstance.py:3503} INFO - 1 downstream tasks scheduled from follow-on schedule check
[2024-08-09T07:49:03.438+0000] {local_task_job_runner.py:222} INFO - ::endgroup::
