[2024-08-10T14:03:01.465+0000] {local_task_job_runner.py:120} INFO - ::group::Pre task execution logs
[2024-08-10T14:03:01.517+0000] {taskinstance.py:2076} INFO - Dependencies all met for dep_context=non-requeueable deps ti=<TaskInstance: streaming_data.send_data manual__2024-08-10T14:02:53.802208+00:00 [queued]>
[2024-08-10T14:03:01.529+0000] {taskinstance.py:2076} INFO - Dependencies all met for dep_context=requeueable deps ti=<TaskInstance: streaming_data.send_data manual__2024-08-10T14:02:53.802208+00:00 [queued]>
[2024-08-10T14:03:01.531+0000] {taskinstance.py:2306} INFO - Starting attempt 1 of 2
[2024-08-10T14:03:01.554+0000] {taskinstance.py:2330} INFO - Executing <Task(PythonOperator): send_data> on 2024-08-10 14:02:53.802208+00:00
[2024-08-10T14:03:01.565+0000] {logging_mixin.py:188} WARNING - /home/***/.local/lib/python3.12/site-packages/***/task/task_runner/standard_task_runner.py:62 DeprecationWarning: This process (pid=748) is multi-threaded, use of fork() may lead to deadlocks in the child.
[2024-08-10T14:03:01.564+0000] {standard_task_runner.py:90} INFO - Running: ['***', 'tasks', 'run', 'streaming_data', 'send_data', 'manual__2024-08-10T14:02:53.802208+00:00', '--job-id', '179', '--raw', '--subdir', 'DAGS_FOLDER/stream.py', '--cfg-path', '/tmp/tmp1djah66s']
[2024-08-10T14:03:01.566+0000] {standard_task_runner.py:64} INFO - Started process 750 to run task
[2024-08-10T14:03:01.567+0000] {standard_task_runner.py:91} INFO - Job 179: Subtask send_data
[2024-08-10T14:03:01.591+0000] {logging_mixin.py:188} WARNING - /home/***/.local/lib/python3.12/site-packages/***/settings.py:195 DeprecationWarning: The sql_alchemy_conn option in [core] has been moved to the sql_alchemy_conn option in [database] - the old setting has been used, but please update your config.
[2024-08-10T14:03:01.644+0000] {task_command.py:426} INFO - Running <TaskInstance: streaming_data.send_data manual__2024-08-10T14:02:53.802208+00:00 [running]> on host 562e157be0a0
[2024-08-10T14:03:01.806+0000] {taskinstance.py:2648} INFO - Exporting env vars: AIRFLOW_CTX_DAG_OWNER='***' AIRFLOW_CTX_DAG_ID='streaming_data' AIRFLOW_CTX_TASK_ID='send_data' AIRFLOW_CTX_EXECUTION_DATE='2024-08-10T14:02:53.802208+00:00' AIRFLOW_CTX_TRY_NUMBER='1' AIRFLOW_CTX_DAG_RUN_ID='manual__2024-08-10T14:02:53.802208+00:00'
[2024-08-10T14:03:01.808+0000] {taskinstance.py:430} INFO - ::endgroup::
[2024-08-10T14:03:02.838+0000] {logging_mixin.py:188} INFO - Delivered message to stock_data [0]
[2024-08-10T14:03:02.839+0000] {logging_mixin.py:188} INFO - Delivered message to stock_data [0]
[2024-08-10T14:03:02.840+0000] {logging_mixin.py:188} INFO - Delivered message to stock_data [0]
[2024-08-10T14:03:02.841+0000] {logging_mixin.py:188} INFO - Delivered message to stock_data [0]
[2024-08-10T14:03:02.842+0000] {logging_mixin.py:188} INFO - Delivered message to stock_data [0]
[2024-08-10T14:03:02.842+0000] {logging_mixin.py:188} INFO - Delivered message to stock_data [0]
[2024-08-10T14:03:02.843+0000] {logging_mixin.py:188} INFO - Delivered message to stock_data [0]
[2024-08-10T14:03:02.844+0000] {logging_mixin.py:188} INFO - Delivered message to stock_data [0]
[2024-08-10T14:03:02.844+0000] {logging_mixin.py:188} INFO - Delivered message to stock_data [0]
[2024-08-10T14:03:02.845+0000] {logging_mixin.py:188} INFO - Delivered message to stock_data [0]
[2024-08-10T14:03:02.846+0000] {logging_mixin.py:188} INFO - Delivered message to stock_data [0]
[2024-08-10T14:03:02.846+0000] {logging_mixin.py:188} INFO - Delivered message to stock_data [0]
[2024-08-10T14:03:02.847+0000] {logging_mixin.py:188} INFO - Delivered message to stock_data [0]
[2024-08-10T14:03:02.848+0000] {logging_mixin.py:188} INFO - Delivered message to stock_data [0]
[2024-08-10T14:03:02.848+0000] {logging_mixin.py:188} INFO - Delivered message to stock_data [0]
[2024-08-10T14:03:02.849+0000] {logging_mixin.py:188} INFO - Delivered message to stock_data [0]
[2024-08-10T14:03:02.849+0000] {logging_mixin.py:188} INFO - Delivered message to stock_data [0]
[2024-08-10T14:03:02.850+0000] {logging_mixin.py:188} INFO - Delivered message to stock_data [0]
[2024-08-10T14:03:02.851+0000] {logging_mixin.py:188} INFO - Delivered message to stock_data [0]
[2024-08-10T14:03:02.851+0000] {logging_mixin.py:188} INFO - Delivered message to stock_data [0]
[2024-08-10T14:03:02.852+0000] {logging_mixin.py:188} INFO - Delivered message to stock_data [0]
[2024-08-10T14:03:02.852+0000] {logging_mixin.py:188} INFO - Delivered message to stock_data [0]
[2024-08-10T14:03:02.853+0000] {logging_mixin.py:188} INFO - Delivered message to stock_data [0]
[2024-08-10T14:03:02.854+0000] {logging_mixin.py:188} INFO - Delivered message to stock_data [0]
[2024-08-10T14:03:02.854+0000] {logging_mixin.py:188} INFO - Delivered message to stock_data [0]
[2024-08-10T14:03:02.855+0000] {logging_mixin.py:188} INFO - Delivered message to stock_data [0]
[2024-08-10T14:03:02.856+0000] {logging_mixin.py:188} INFO - Delivered message to stock_data [0]
[2024-08-10T14:03:02.856+0000] {logging_mixin.py:188} INFO - Delivered message to stock_data [0]
[2024-08-10T14:03:02.857+0000] {logging_mixin.py:188} INFO - Delivered message to stock_data [0]
[2024-08-10T14:03:02.858+0000] {logging_mixin.py:188} INFO - Delivered message to stock_data [0]
[2024-08-10T14:03:02.858+0000] {logging_mixin.py:188} INFO - Delivered message to stock_data [0]
[2024-08-10T14:03:02.859+0000] {logging_mixin.py:188} INFO - Delivered message to stock_data [0]
[2024-08-10T14:03:02.860+0000] {logging_mixin.py:188} INFO - Delivered message to stock_data [0]
[2024-08-10T14:03:02.860+0000] {logging_mixin.py:188} INFO - Delivered message to stock_data [0]
[2024-08-10T14:03:02.861+0000] {logging_mixin.py:188} INFO - Delivered message to stock_data [0]
[2024-08-10T14:03:02.862+0000] {logging_mixin.py:188} INFO - Delivered message to stock_data [0]
[2024-08-10T14:03:02.862+0000] {logging_mixin.py:188} INFO - Delivered message to stock_data [0]
[2024-08-10T14:03:02.863+0000] {logging_mixin.py:188} INFO - Delivered message to stock_data [0]
[2024-08-10T14:03:02.863+0000] {logging_mixin.py:188} INFO - Delivered message to stock_data [0]
[2024-08-10T14:03:02.864+0000] {logging_mixin.py:188} INFO - Delivered message to stock_data [0]
[2024-08-10T14:03:02.865+0000] {python.py:237} INFO - Done. Returned value was: None
[2024-08-10T14:03:02.866+0000] {taskinstance.py:441} INFO - ::group::Post task execution logs
[2024-08-10T14:03:02.885+0000] {taskinstance.py:1206} INFO - Marking task as SUCCESS. dag_id=streaming_data, task_id=send_data, run_id=manual__2024-08-10T14:02:53.802208+00:00, execution_date=20240810T140253, start_date=20240810T140301, end_date=20240810T140302
[2024-08-10T14:03:02.920+0000] {local_task_job_runner.py:243} INFO - Task exited with return code 0
[2024-08-10T14:03:02.954+0000] {taskinstance.py:3503} INFO - 0 downstream tasks scheduled from follow-on schedule check
[2024-08-10T14:03:02.958+0000] {local_task_job_runner.py:222} INFO - ::endgroup::
