[2024-08-01T08:38:07.833+0000] {local_task_job_runner.py:120} INFO - ::group::Pre task execution logs
[2024-08-01T08:38:07.876+0000] {taskinstance.py:2076} INFO - Dependencies all met for dep_context=non-requeueable deps ti=<TaskInstance: finnhub_data_streaming.stream_data scheduled__2024-01-01T11:08:00+00:00 [queued]>
[2024-08-01T08:38:07.885+0000] {taskinstance.py:2076} INFO - Dependencies all met for dep_context=requeueable deps ti=<TaskInstance: finnhub_data_streaming.stream_data scheduled__2024-01-01T11:08:00+00:00 [queued]>
[2024-08-01T08:38:07.886+0000] {taskinstance.py:2306} INFO - Starting attempt 1 of 1
[2024-08-01T08:38:07.902+0000] {taskinstance.py:2330} INFO - Executing <Task(PythonOperator): stream_data> on 2024-01-01 11:08:00+00:00
[2024-08-01T08:38:07.910+0000] {logging_mixin.py:188} WARNING - /home/***/.local/lib/python3.12/site-packages/***/task/task_runner/standard_task_runner.py:62 DeprecationWarning: This process (pid=867) is multi-threaded, use of fork() may lead to deadlocks in the child.
[2024-08-01T08:38:07.909+0000] {standard_task_runner.py:90} INFO - Running: ['***', 'tasks', 'run', 'finnhub_data_streaming', 'stream_data', 'scheduled__2024-01-01T11:08:00+00:00', '--job-id', '190', '--raw', '--subdir', 'DAGS_FOLDER/topic.py', '--cfg-path', '/tmp/tmphde34qcs']
[2024-08-01T08:38:07.911+0000] {standard_task_runner.py:64} INFO - Started process 873 to run task
[2024-08-01T08:38:07.911+0000] {standard_task_runner.py:91} INFO - Job 190: Subtask stream_data
[2024-08-01T08:38:07.928+0000] {logging_mixin.py:188} WARNING - /home/***/.local/lib/python3.12/site-packages/***/settings.py:195 DeprecationWarning: The sql_alchemy_conn option in [core] has been moved to the sql_alchemy_conn option in [database] - the old setting has been used, but please update your config.
[2024-08-01T08:38:07.966+0000] {task_command.py:426} INFO - Running <TaskInstance: finnhub_data_streaming.stream_data scheduled__2024-01-01T11:08:00+00:00 [running]> on host 0baaf0b4c9a1
[2024-08-01T08:38:08.070+0000] {taskinstance.py:2648} INFO - Exporting env vars: AIRFLOW_CTX_DAG_OWNER='***' AIRFLOW_CTX_DAG_ID='finnhub_data_streaming' AIRFLOW_CTX_TASK_ID='stream_data' AIRFLOW_CTX_EXECUTION_DATE='2024-01-01T11:08:00+00:00' AIRFLOW_CTX_TRY_NUMBER='1' AIRFLOW_CTX_DAG_RUN_ID='scheduled__2024-01-01T11:08:00+00:00'
[2024-08-01T08:38:08.072+0000] {taskinstance.py:430} INFO - ::endgroup::
[2024-08-01T08:38:09.092+0000] {logging_mixin.py:188} INFO - Message được gửi tới topic_finnhub [Partition: 0]
[2024-08-01T08:38:09.093+0000] {python.py:237} INFO - Done. Returned value was: None
[2024-08-01T08:38:09.094+0000] {taskinstance.py:441} INFO - ::group::Post task execution logs
[2024-08-01T08:38:09.101+0000] {taskinstance.py:1206} INFO - Marking task as SUCCESS. dag_id=finnhub_data_streaming, task_id=stream_data, run_id=scheduled__2024-01-01T11:08:00+00:00, execution_date=20240101T110800, start_date=20240801T083807, end_date=20240801T083809
[2024-08-01T08:38:09.127+0000] {local_task_job_runner.py:243} INFO - Task exited with return code 0
[2024-08-01T08:38:09.142+0000] {taskinstance.py:3503} INFO - 0 downstream tasks scheduled from follow-on schedule check
[2024-08-01T08:38:09.146+0000] {local_task_job_runner.py:222} INFO - ::endgroup::
