[2024-08-10T14:01:24.577+0000] {local_task_job_runner.py:120} INFO - ::group::Pre task execution logs
[2024-08-10T14:01:24.625+0000] {taskinstance.py:2076} INFO - Dependencies all met for dep_context=non-requeueable deps ti=<TaskInstance: streaming_data.send_data manual__2024-08-10T14:01:16.503596+00:00 [queued]>
[2024-08-10T14:01:24.639+0000] {taskinstance.py:2076} INFO - Dependencies all met for dep_context=requeueable deps ti=<TaskInstance: streaming_data.send_data manual__2024-08-10T14:01:16.503596+00:00 [queued]>
[2024-08-10T14:01:24.640+0000] {taskinstance.py:2306} INFO - Starting attempt 1 of 2
[2024-08-10T14:01:24.668+0000] {taskinstance.py:2330} INFO - Executing <Task(PythonOperator): send_data> on 2024-08-10 14:01:16.503596+00:00
[2024-08-10T14:01:24.678+0000] {logging_mixin.py:188} WARNING - /home/***/.local/lib/python3.12/site-packages/***/task/task_runner/standard_task_runner.py:62 DeprecationWarning: This process (pid=675) is multi-threaded, use of fork() may lead to deadlocks in the child.
[2024-08-10T14:01:24.679+0000] {standard_task_runner.py:64} INFO - Started process 677 to run task
[2024-08-10T14:01:24.677+0000] {standard_task_runner.py:90} INFO - Running: ['***', 'tasks', 'run', 'streaming_data', 'send_data', 'manual__2024-08-10T14:01:16.503596+00:00', '--job-id', '176', '--raw', '--subdir', 'DAGS_FOLDER/stream.py', '--cfg-path', '/tmp/tmp1cka7yyh']
[2024-08-10T14:01:24.680+0000] {standard_task_runner.py:91} INFO - Job 176: Subtask send_data
[2024-08-10T14:01:24.709+0000] {logging_mixin.py:188} WARNING - /home/***/.local/lib/python3.12/site-packages/***/settings.py:195 DeprecationWarning: The sql_alchemy_conn option in [core] has been moved to the sql_alchemy_conn option in [database] - the old setting has been used, but please update your config.
[2024-08-10T14:01:24.772+0000] {task_command.py:426} INFO - Running <TaskInstance: streaming_data.send_data manual__2024-08-10T14:01:16.503596+00:00 [running]> on host 562e157be0a0
[2024-08-10T14:01:24.972+0000] {taskinstance.py:2648} INFO - Exporting env vars: AIRFLOW_CTX_DAG_OWNER='***' AIRFLOW_CTX_DAG_ID='streaming_data' AIRFLOW_CTX_TASK_ID='send_data' AIRFLOW_CTX_EXECUTION_DATE='2024-08-10T14:01:16.503596+00:00' AIRFLOW_CTX_TRY_NUMBER='1' AIRFLOW_CTX_DAG_RUN_ID='manual__2024-08-10T14:01:16.503596+00:00'
[2024-08-10T14:01:24.974+0000] {taskinstance.py:430} INFO - ::endgroup::
[2024-08-10T14:01:26.024+0000] {logging_mixin.py:188} INFO - Delivered message to stock_data [0]
[2024-08-10T14:01:26.025+0000] {logging_mixin.py:188} INFO - Delivered message to stock_data [0]
[2024-08-10T14:01:26.026+0000] {logging_mixin.py:188} INFO - Delivered message to stock_data [0]
[2024-08-10T14:01:26.027+0000] {logging_mixin.py:188} INFO - Delivered message to stock_data [0]
[2024-08-10T14:01:26.027+0000] {logging_mixin.py:188} INFO - Delivered message to stock_data [0]
[2024-08-10T14:01:26.028+0000] {logging_mixin.py:188} INFO - Delivered message to stock_data [0]
[2024-08-10T14:01:26.029+0000] {logging_mixin.py:188} INFO - Delivered message to stock_data [0]
[2024-08-10T14:01:26.030+0000] {logging_mixin.py:188} INFO - Delivered message to stock_data [0]
[2024-08-10T14:01:26.030+0000] {logging_mixin.py:188} INFO - Delivered message to stock_data [0]
[2024-08-10T14:01:26.031+0000] {logging_mixin.py:188} INFO - Delivered message to stock_data [0]
[2024-08-10T14:01:26.032+0000] {logging_mixin.py:188} INFO - Delivered message to stock_data [0]
[2024-08-10T14:01:26.032+0000] {logging_mixin.py:188} INFO - Delivered message to stock_data [0]
[2024-08-10T14:01:26.033+0000] {logging_mixin.py:188} INFO - Delivered message to stock_data [0]
[2024-08-10T14:01:26.034+0000] {logging_mixin.py:188} INFO - Delivered message to stock_data [0]
[2024-08-10T14:01:26.034+0000] {logging_mixin.py:188} INFO - Delivered message to stock_data [0]
[2024-08-10T14:01:26.035+0000] {logging_mixin.py:188} INFO - Delivered message to stock_data [0]
[2024-08-10T14:01:26.036+0000] {logging_mixin.py:188} INFO - Delivered message to stock_data [0]
[2024-08-10T14:01:26.036+0000] {logging_mixin.py:188} INFO - Delivered message to stock_data [0]
[2024-08-10T14:01:26.037+0000] {logging_mixin.py:188} INFO - Delivered message to stock_data [0]
[2024-08-10T14:01:26.038+0000] {logging_mixin.py:188} INFO - Delivered message to stock_data [0]
[2024-08-10T14:01:26.039+0000] {logging_mixin.py:188} INFO - Delivered message to stock_data [0]
[2024-08-10T14:01:26.040+0000] {logging_mixin.py:188} INFO - Delivered message to stock_data [0]
[2024-08-10T14:01:26.042+0000] {logging_mixin.py:188} INFO - Delivered message to stock_data [0]
[2024-08-10T14:01:26.045+0000] {logging_mixin.py:188} INFO - Delivered message to stock_data [0]
[2024-08-10T14:01:26.046+0000] {logging_mixin.py:188} INFO - Delivered message to stock_data [0]
[2024-08-10T14:01:26.047+0000] {logging_mixin.py:188} INFO - Delivered message to stock_data [0]
[2024-08-10T14:01:26.049+0000] {logging_mixin.py:188} INFO - Delivered message to stock_data [0]
[2024-08-10T14:01:26.050+0000] {logging_mixin.py:188} INFO - Delivered message to stock_data [0]
[2024-08-10T14:01:26.051+0000] {logging_mixin.py:188} INFO - Delivered message to stock_data [0]
[2024-08-10T14:01:26.052+0000] {logging_mixin.py:188} INFO - Delivered message to stock_data [0]
[2024-08-10T14:01:26.053+0000] {logging_mixin.py:188} INFO - Delivered message to stock_data [0]
[2024-08-10T14:01:26.054+0000] {logging_mixin.py:188} INFO - Delivered message to stock_data [0]
[2024-08-10T14:01:26.054+0000] {logging_mixin.py:188} INFO - Delivered message to stock_data [0]
[2024-08-10T14:01:26.055+0000] {logging_mixin.py:188} INFO - Delivered message to stock_data [0]
[2024-08-10T14:01:26.056+0000] {logging_mixin.py:188} INFO - Delivered message to stock_data [0]
[2024-08-10T14:01:26.057+0000] {logging_mixin.py:188} INFO - Delivered message to stock_data [0]
[2024-08-10T14:01:26.058+0000] {logging_mixin.py:188} INFO - Delivered message to stock_data [0]
[2024-08-10T14:01:26.058+0000] {logging_mixin.py:188} INFO - Delivered message to stock_data [0]
[2024-08-10T14:01:26.059+0000] {logging_mixin.py:188} INFO - Delivered message to stock_data [0]
[2024-08-10T14:01:26.061+0000] {logging_mixin.py:188} INFO - Delivered message to stock_data [0]
[2024-08-10T14:01:26.062+0000] {python.py:237} INFO - Done. Returned value was: None
[2024-08-10T14:01:26.064+0000] {taskinstance.py:441} INFO - ::group::Post task execution logs
[2024-08-10T14:01:26.091+0000] {taskinstance.py:1206} INFO - Marking task as SUCCESS. dag_id=streaming_data, task_id=send_data, run_id=manual__2024-08-10T14:01:16.503596+00:00, execution_date=20240810T140116, start_date=20240810T140124, end_date=20240810T140126
[2024-08-10T14:01:26.140+0000] {local_task_job_runner.py:243} INFO - Task exited with return code 0
[2024-08-10T14:01:26.199+0000] {taskinstance.py:3503} INFO - 0 downstream tasks scheduled from follow-on schedule check
[2024-08-10T14:01:26.203+0000] {local_task_job_runner.py:222} INFO - ::endgroup::
