[2024-08-09T07:30:14.040+0000] {processor.py:161} INFO - Started process (PID=270) to work on /opt/airflow/dags/kafka_stream.py
[2024-08-09T07:30:14.042+0000] {processor.py:830} INFO - Processing file /opt/airflow/dags/kafka_stream.py for tasks to queue
[2024-08-09T07:30:14.046+0000] {logging_mixin.py:188} INFO - [2024-08-09T07:30:14.045+0000] {dagbag.py:545} INFO - Filling up the DagBag from /opt/airflow/dags/kafka_stream.py
[2024-08-09T07:30:14.089+0000] {processor.py:840} INFO - DAG(s) 'user_automation' retrieved from /opt/airflow/dags/kafka_stream.py
[2024-08-09T07:30:14.125+0000] {logging_mixin.py:188} INFO - [2024-08-09T07:30:14.124+0000] {dag.py:3089} INFO - Sync 1 DAGs
[2024-08-09T07:30:14.174+0000] {logging_mixin.py:188} INFO - [2024-08-09T07:30:14.173+0000] {dag.py:3947} INFO - Setting next_dagrun for user_automation to 2024-08-09 00:00:00+00:00, run_after=2024-08-10 00:00:00+00:00
[2024-08-09T07:30:14.208+0000] {processor.py:183} INFO - Processing /opt/airflow/dags/kafka_stream.py took 0.177 seconds
[2024-08-09T07:30:44.467+0000] {processor.py:161} INFO - Started process (PID=286) to work on /opt/airflow/dags/kafka_stream.py
[2024-08-09T07:30:44.469+0000] {processor.py:830} INFO - Processing file /opt/airflow/dags/kafka_stream.py for tasks to queue
[2024-08-09T07:30:44.471+0000] {logging_mixin.py:188} INFO - [2024-08-09T07:30:44.470+0000] {dagbag.py:545} INFO - Filling up the DagBag from /opt/airflow/dags/kafka_stream.py
[2024-08-09T07:30:44.505+0000] {processor.py:840} INFO - DAG(s) 'user_automation' retrieved from /opt/airflow/dags/kafka_stream.py
[2024-08-09T07:30:44.663+0000] {logging_mixin.py:188} INFO - [2024-08-09T07:30:44.662+0000] {dag.py:3089} INFO - Sync 1 DAGs
[2024-08-09T07:30:44.696+0000] {logging_mixin.py:188} INFO - [2024-08-09T07:30:44.696+0000] {dag.py:3947} INFO - Setting next_dagrun for user_automation to 2024-08-09 00:00:00+00:00, run_after=2024-08-10 00:00:00+00:00
[2024-08-09T07:30:44.732+0000] {processor.py:183} INFO - Processing /opt/airflow/dags/kafka_stream.py took 0.270 seconds
[2024-08-09T07:31:14.961+0000] {processor.py:161} INFO - Started process (PID=300) to work on /opt/airflow/dags/kafka_stream.py
[2024-08-09T07:31:14.961+0000] {processor.py:830} INFO - Processing file /opt/airflow/dags/kafka_stream.py for tasks to queue
[2024-08-09T07:31:14.963+0000] {logging_mixin.py:188} INFO - [2024-08-09T07:31:14.963+0000] {dagbag.py:545} INFO - Filling up the DagBag from /opt/airflow/dags/kafka_stream.py
[2024-08-09T07:31:14.987+0000] {processor.py:840} INFO - DAG(s) 'user_automation' retrieved from /opt/airflow/dags/kafka_stream.py
[2024-08-09T07:31:15.019+0000] {logging_mixin.py:188} INFO - [2024-08-09T07:31:15.019+0000] {dag.py:3089} INFO - Sync 1 DAGs
[2024-08-09T07:31:15.043+0000] {logging_mixin.py:188} INFO - [2024-08-09T07:31:15.043+0000] {dag.py:3947} INFO - Setting next_dagrun for user_automation to 2024-08-09 00:00:00+00:00, run_after=2024-08-10 00:00:00+00:00
[2024-08-09T07:31:15.083+0000] {processor.py:183} INFO - Processing /opt/airflow/dags/kafka_stream.py took 0.129 seconds
[2024-08-09T07:31:45.388+0000] {processor.py:161} INFO - Started process (PID=316) to work on /opt/airflow/dags/kafka_stream.py
[2024-08-09T07:31:45.390+0000] {processor.py:830} INFO - Processing file /opt/airflow/dags/kafka_stream.py for tasks to queue
[2024-08-09T07:31:45.392+0000] {logging_mixin.py:188} INFO - [2024-08-09T07:31:45.391+0000] {dagbag.py:545} INFO - Filling up the DagBag from /opt/airflow/dags/kafka_stream.py
[2024-08-09T07:31:45.421+0000] {processor.py:840} INFO - DAG(s) 'user_automation' retrieved from /opt/airflow/dags/kafka_stream.py
[2024-08-09T07:31:45.457+0000] {logging_mixin.py:188} INFO - [2024-08-09T07:31:45.456+0000] {dag.py:3089} INFO - Sync 1 DAGs
[2024-08-09T07:31:45.485+0000] {logging_mixin.py:188} INFO - [2024-08-09T07:31:45.485+0000] {dag.py:3947} INFO - Setting next_dagrun for user_automation to 2024-08-09 00:00:00+00:00, run_after=2024-08-10 00:00:00+00:00
[2024-08-09T07:31:45.528+0000] {processor.py:183} INFO - Processing /opt/airflow/dags/kafka_stream.py took 0.149 seconds
[2024-08-09T07:32:16.488+0000] {processor.py:161} INFO - Started process (PID=332) to work on /opt/airflow/dags/kafka_stream.py
[2024-08-09T07:32:16.495+0000] {processor.py:830} INFO - Processing file /opt/airflow/dags/kafka_stream.py for tasks to queue
[2024-08-09T07:32:16.510+0000] {logging_mixin.py:188} INFO - [2024-08-09T07:32:16.509+0000] {dagbag.py:545} INFO - Filling up the DagBag from /opt/airflow/dags/kafka_stream.py
[2024-08-09T07:32:16.632+0000] {processor.py:840} INFO - DAG(s) 'user_automation' retrieved from /opt/airflow/dags/kafka_stream.py
[2024-08-09T07:32:16.741+0000] {logging_mixin.py:188} INFO - [2024-08-09T07:32:16.740+0000] {dag.py:3089} INFO - Sync 1 DAGs
[2024-08-09T07:32:16.827+0000] {logging_mixin.py:188} INFO - [2024-08-09T07:32:16.826+0000] {dag.py:3947} INFO - Setting next_dagrun for user_automation to 2024-08-09 00:00:00+00:00, run_after=2024-08-10 00:00:00+00:00
[2024-08-09T07:32:16.960+0000] {processor.py:183} INFO - Processing /opt/airflow/dags/kafka_stream.py took 0.508 seconds
[2024-08-09T07:32:48.015+0000] {processor.py:161} INFO - Started process (PID=439) to work on /opt/airflow/dags/kafka_stream.py
[2024-08-09T07:32:48.116+0000] {processor.py:830} INFO - Processing file /opt/airflow/dags/kafka_stream.py for tasks to queue
[2024-08-09T07:32:48.164+0000] {logging_mixin.py:188} INFO - [2024-08-09T07:32:48.163+0000] {dagbag.py:545} INFO - Filling up the DagBag from /opt/airflow/dags/kafka_stream.py
[2024-08-09T07:32:49.526+0000] {processor.py:840} INFO - DAG(s) 'user_automation' retrieved from /opt/airflow/dags/kafka_stream.py
[2024-08-09T07:32:49.825+0000] {logging_mixin.py:188} INFO - [2024-08-09T07:32:49.824+0000] {dag.py:3089} INFO - Sync 1 DAGs
[2024-08-09T07:32:50.115+0000] {logging_mixin.py:188} INFO - [2024-08-09T07:32:50.114+0000] {dag.py:3947} INFO - Setting next_dagrun for user_automation to 2024-08-09 00:00:00+00:00, run_after=2024-08-10 00:00:00+00:00
[2024-08-09T07:32:50.274+0000] {processor.py:183} INFO - Processing /opt/airflow/dags/kafka_stream.py took 2.318 seconds
[2024-08-09T07:33:20.830+0000] {processor.py:161} INFO - Started process (PID=458) to work on /opt/airflow/dags/kafka_stream.py
[2024-08-09T07:33:20.833+0000] {processor.py:830} INFO - Processing file /opt/airflow/dags/kafka_stream.py for tasks to queue
[2024-08-09T07:33:20.856+0000] {logging_mixin.py:188} INFO - [2024-08-09T07:33:20.852+0000] {dagbag.py:545} INFO - Filling up the DagBag from /opt/airflow/dags/kafka_stream.py
[2024-08-09T07:33:21.008+0000] {processor.py:840} INFO - DAG(s) 'user_automation' retrieved from /opt/airflow/dags/kafka_stream.py
[2024-08-09T07:33:21.193+0000] {logging_mixin.py:188} INFO - [2024-08-09T07:33:21.192+0000] {dag.py:3089} INFO - Sync 1 DAGs
[2024-08-09T07:33:21.348+0000] {logging_mixin.py:188} INFO - [2024-08-09T07:33:21.347+0000] {dag.py:3947} INFO - Setting next_dagrun for user_automation to 2024-08-09 00:00:00+00:00, run_after=2024-08-10 00:00:00+00:00
[2024-08-09T07:33:21.477+0000] {processor.py:183} INFO - Processing /opt/airflow/dags/kafka_stream.py took 0.677 seconds
[2024-08-09T07:33:51.909+0000] {processor.py:161} INFO - Started process (PID=474) to work on /opt/airflow/dags/kafka_stream.py
[2024-08-09T07:33:51.910+0000] {processor.py:830} INFO - Processing file /opt/airflow/dags/kafka_stream.py for tasks to queue
[2024-08-09T07:33:51.912+0000] {logging_mixin.py:188} INFO - [2024-08-09T07:33:51.912+0000] {dagbag.py:545} INFO - Filling up the DagBag from /opt/airflow/dags/kafka_stream.py
[2024-08-09T07:33:51.965+0000] {processor.py:840} INFO - DAG(s) 'user_automation' retrieved from /opt/airflow/dags/kafka_stream.py
[2024-08-09T07:33:52.002+0000] {logging_mixin.py:188} INFO - [2024-08-09T07:33:52.001+0000] {dag.py:3089} INFO - Sync 1 DAGs
[2024-08-09T07:33:52.029+0000] {logging_mixin.py:188} INFO - [2024-08-09T07:33:52.028+0000] {dag.py:3947} INFO - Setting next_dagrun for user_automation to 2024-08-09 00:00:00+00:00, run_after=2024-08-10 00:00:00+00:00
[2024-08-09T07:33:52.051+0000] {processor.py:183} INFO - Processing /opt/airflow/dags/kafka_stream.py took 0.149 seconds
[2024-08-09T07:34:22.366+0000] {processor.py:161} INFO - Started process (PID=502) to work on /opt/airflow/dags/kafka_stream.py
[2024-08-09T07:34:22.367+0000] {processor.py:830} INFO - Processing file /opt/airflow/dags/kafka_stream.py for tasks to queue
[2024-08-09T07:34:22.369+0000] {logging_mixin.py:188} INFO - [2024-08-09T07:34:22.369+0000] {dagbag.py:545} INFO - Filling up the DagBag from /opt/airflow/dags/kafka_stream.py
[2024-08-09T07:34:22.397+0000] {processor.py:840} INFO - DAG(s) 'user_automation' retrieved from /opt/airflow/dags/kafka_stream.py
[2024-08-09T07:34:22.428+0000] {logging_mixin.py:188} INFO - [2024-08-09T07:34:22.428+0000] {dag.py:3089} INFO - Sync 1 DAGs
[2024-08-09T07:34:22.453+0000] {logging_mixin.py:188} INFO - [2024-08-09T07:34:22.453+0000] {dag.py:3947} INFO - Setting next_dagrun for user_automation to 2024-08-09 00:00:00+00:00, run_after=2024-08-10 00:00:00+00:00
[2024-08-09T07:34:22.493+0000] {processor.py:183} INFO - Processing /opt/airflow/dags/kafka_stream.py took 0.133 seconds
[2024-08-09T07:34:52.779+0000] {processor.py:161} INFO - Started process (PID=518) to work on /opt/airflow/dags/kafka_stream.py
[2024-08-09T07:34:52.780+0000] {processor.py:830} INFO - Processing file /opt/airflow/dags/kafka_stream.py for tasks to queue
[2024-08-09T07:34:52.782+0000] {logging_mixin.py:188} INFO - [2024-08-09T07:34:52.782+0000] {dagbag.py:545} INFO - Filling up the DagBag from /opt/airflow/dags/kafka_stream.py
[2024-08-09T07:34:52.810+0000] {processor.py:840} INFO - DAG(s) 'user_automation' retrieved from /opt/airflow/dags/kafka_stream.py
[2024-08-09T07:34:52.840+0000] {logging_mixin.py:188} INFO - [2024-08-09T07:34:52.839+0000] {dag.py:3089} INFO - Sync 1 DAGs
[2024-08-09T07:34:52.874+0000] {logging_mixin.py:188} INFO - [2024-08-09T07:34:52.874+0000] {dag.py:3947} INFO - Setting next_dagrun for user_automation to 2024-08-09 00:00:00+00:00, run_after=2024-08-10 00:00:00+00:00
[2024-08-09T07:34:52.893+0000] {processor.py:183} INFO - Processing /opt/airflow/dags/kafka_stream.py took 0.120 seconds
[2024-08-09T07:35:23.049+0000] {processor.py:161} INFO - Started process (PID=534) to work on /opt/airflow/dags/kafka_stream.py
[2024-08-09T07:35:23.050+0000] {processor.py:830} INFO - Processing file /opt/airflow/dags/kafka_stream.py for tasks to queue
[2024-08-09T07:35:23.052+0000] {logging_mixin.py:188} INFO - [2024-08-09T07:35:23.052+0000] {dagbag.py:545} INFO - Filling up the DagBag from /opt/airflow/dags/kafka_stream.py
[2024-08-09T07:35:23.081+0000] {processor.py:840} INFO - DAG(s) 'user_automation' retrieved from /opt/airflow/dags/kafka_stream.py
[2024-08-09T07:35:23.111+0000] {logging_mixin.py:188} INFO - [2024-08-09T07:35:23.110+0000] {dag.py:3089} INFO - Sync 1 DAGs
[2024-08-09T07:35:23.133+0000] {logging_mixin.py:188} INFO - [2024-08-09T07:35:23.133+0000] {dag.py:3947} INFO - Setting next_dagrun for user_automation to 2024-08-09 00:00:00+00:00, run_after=2024-08-10 00:00:00+00:00
[2024-08-09T07:35:23.170+0000] {processor.py:183} INFO - Processing /opt/airflow/dags/kafka_stream.py took 0.127 seconds
[2024-08-09T07:35:53.404+0000] {processor.py:161} INFO - Started process (PID=556) to work on /opt/airflow/dags/kafka_stream.py
[2024-08-09T07:35:53.405+0000] {processor.py:830} INFO - Processing file /opt/airflow/dags/kafka_stream.py for tasks to queue
[2024-08-09T07:35:53.408+0000] {logging_mixin.py:188} INFO - [2024-08-09T07:35:53.407+0000] {dagbag.py:545} INFO - Filling up the DagBag from /opt/airflow/dags/kafka_stream.py
[2024-08-09T07:35:53.437+0000] {processor.py:840} INFO - DAG(s) 'user_automation' retrieved from /opt/airflow/dags/kafka_stream.py
[2024-08-09T07:35:53.485+0000] {logging_mixin.py:188} INFO - [2024-08-09T07:35:53.484+0000] {dag.py:3089} INFO - Sync 1 DAGs
[2024-08-09T07:35:53.515+0000] {logging_mixin.py:188} INFO - [2024-08-09T07:35:53.514+0000] {dag.py:3947} INFO - Setting next_dagrun for user_automation to 2024-08-09 00:00:00+00:00, run_after=2024-08-10 00:00:00+00:00
[2024-08-09T07:35:53.553+0000] {processor.py:183} INFO - Processing /opt/airflow/dags/kafka_stream.py took 0.156 seconds
[2024-08-09T07:36:23.975+0000] {processor.py:161} INFO - Started process (PID=578) to work on /opt/airflow/dags/kafka_stream.py
[2024-08-09T07:36:23.976+0000] {processor.py:830} INFO - Processing file /opt/airflow/dags/kafka_stream.py for tasks to queue
[2024-08-09T07:36:23.978+0000] {logging_mixin.py:188} INFO - [2024-08-09T07:36:23.978+0000] {dagbag.py:545} INFO - Filling up the DagBag from /opt/airflow/dags/kafka_stream.py
[2024-08-09T07:36:24.025+0000] {processor.py:840} INFO - DAG(s) 'user_automation' retrieved from /opt/airflow/dags/kafka_stream.py
[2024-08-09T07:36:24.057+0000] {logging_mixin.py:188} INFO - [2024-08-09T07:36:24.057+0000] {dag.py:3089} INFO - Sync 1 DAGs
[2024-08-09T07:36:24.079+0000] {logging_mixin.py:188} INFO - [2024-08-09T07:36:24.079+0000] {dag.py:3947} INFO - Setting next_dagrun for user_automation to 2024-08-09 00:00:00+00:00, run_after=2024-08-10 00:00:00+00:00
[2024-08-09T07:36:24.099+0000] {processor.py:183} INFO - Processing /opt/airflow/dags/kafka_stream.py took 0.130 seconds
[2024-08-09T07:36:54.388+0000] {processor.py:161} INFO - Started process (PID=594) to work on /opt/airflow/dags/kafka_stream.py
[2024-08-09T07:36:54.390+0000] {processor.py:830} INFO - Processing file /opt/airflow/dags/kafka_stream.py for tasks to queue
[2024-08-09T07:36:54.396+0000] {logging_mixin.py:188} INFO - [2024-08-09T07:36:54.393+0000] {dagbag.py:545} INFO - Filling up the DagBag from /opt/airflow/dags/kafka_stream.py
[2024-08-09T07:36:54.455+0000] {processor.py:840} INFO - DAG(s) 'user_automation' retrieved from /opt/airflow/dags/kafka_stream.py
[2024-08-09T07:36:54.521+0000] {logging_mixin.py:188} INFO - [2024-08-09T07:36:54.521+0000] {dag.py:3089} INFO - Sync 1 DAGs
[2024-08-09T07:36:54.625+0000] {logging_mixin.py:188} INFO - [2024-08-09T07:36:54.624+0000] {dag.py:3947} INFO - Setting next_dagrun for user_automation to 2024-08-09 00:00:00+00:00, run_after=2024-08-10 00:00:00+00:00
[2024-08-09T07:36:54.682+0000] {processor.py:183} INFO - Processing /opt/airflow/dags/kafka_stream.py took 0.309 seconds
[2024-08-09T07:37:25.164+0000] {processor.py:161} INFO - Started process (PID=610) to work on /opt/airflow/dags/kafka_stream.py
[2024-08-09T07:37:25.165+0000] {processor.py:830} INFO - Processing file /opt/airflow/dags/kafka_stream.py for tasks to queue
[2024-08-09T07:37:25.167+0000] {logging_mixin.py:188} INFO - [2024-08-09T07:37:25.167+0000] {dagbag.py:545} INFO - Filling up the DagBag from /opt/airflow/dags/kafka_stream.py
[2024-08-09T07:37:25.234+0000] {processor.py:840} INFO - DAG(s) 'user_automation' retrieved from /opt/airflow/dags/kafka_stream.py
[2024-08-09T07:37:25.294+0000] {logging_mixin.py:188} INFO - [2024-08-09T07:37:25.293+0000] {dag.py:3089} INFO - Sync 1 DAGs
[2024-08-09T07:37:25.340+0000] {logging_mixin.py:188} INFO - [2024-08-09T07:37:25.339+0000] {dag.py:3947} INFO - Setting next_dagrun for user_automation to 2024-08-09 00:00:00+00:00, run_after=2024-08-10 00:00:00+00:00
[2024-08-09T07:37:25.385+0000] {processor.py:183} INFO - Processing /opt/airflow/dags/kafka_stream.py took 0.232 seconds
[2024-08-09T07:37:55.557+0000] {processor.py:161} INFO - Started process (PID=632) to work on /opt/airflow/dags/kafka_stream.py
[2024-08-09T07:37:55.558+0000] {processor.py:830} INFO - Processing file /opt/airflow/dags/kafka_stream.py for tasks to queue
[2024-08-09T07:37:55.560+0000] {logging_mixin.py:188} INFO - [2024-08-09T07:37:55.559+0000] {dagbag.py:545} INFO - Filling up the DagBag from /opt/airflow/dags/kafka_stream.py
[2024-08-09T07:37:55.596+0000] {processor.py:840} INFO - DAG(s) 'user_automation' retrieved from /opt/airflow/dags/kafka_stream.py
[2024-08-09T07:37:55.645+0000] {logging_mixin.py:188} INFO - [2024-08-09T07:37:55.645+0000] {dag.py:3089} INFO - Sync 1 DAGs
[2024-08-09T07:37:55.680+0000] {logging_mixin.py:188} INFO - [2024-08-09T07:37:55.680+0000] {dag.py:3947} INFO - Setting next_dagrun for user_automation to 2024-08-09 00:00:00+00:00, run_after=2024-08-10 00:00:00+00:00
[2024-08-09T07:37:55.724+0000] {processor.py:183} INFO - Processing /opt/airflow/dags/kafka_stream.py took 0.173 seconds
[2024-08-09T07:38:26.080+0000] {processor.py:161} INFO - Started process (PID=729) to work on /opt/airflow/dags/kafka_stream.py
[2024-08-09T07:38:26.081+0000] {processor.py:830} INFO - Processing file /opt/airflow/dags/kafka_stream.py for tasks to queue
[2024-08-09T07:38:26.084+0000] {logging_mixin.py:188} INFO - [2024-08-09T07:38:26.084+0000] {dagbag.py:545} INFO - Filling up the DagBag from /opt/airflow/dags/kafka_stream.py
[2024-08-09T07:38:26.126+0000] {processor.py:840} INFO - DAG(s) 'user_automation' retrieved from /opt/airflow/dags/kafka_stream.py
[2024-08-09T07:38:26.170+0000] {logging_mixin.py:188} INFO - [2024-08-09T07:38:26.169+0000] {dag.py:3089} INFO - Sync 1 DAGs
[2024-08-09T07:38:26.212+0000] {logging_mixin.py:188} INFO - [2024-08-09T07:38:26.212+0000] {dag.py:3947} INFO - Setting next_dagrun for user_automation to 2024-08-09 00:00:00+00:00, run_after=2024-08-10 00:00:00+00:00
[2024-08-09T07:38:26.240+0000] {processor.py:183} INFO - Processing /opt/airflow/dags/kafka_stream.py took 0.170 seconds
[2024-08-09T07:38:56.863+0000] {processor.py:161} INFO - Started process (PID=761) to work on /opt/airflow/dags/kafka_stream.py
[2024-08-09T07:38:56.868+0000] {processor.py:830} INFO - Processing file /opt/airflow/dags/kafka_stream.py for tasks to queue
[2024-08-09T07:38:56.877+0000] {logging_mixin.py:188} INFO - [2024-08-09T07:38:56.876+0000] {dagbag.py:545} INFO - Filling up the DagBag from /opt/airflow/dags/kafka_stream.py
[2024-08-09T07:38:56.950+0000] {processor.py:840} INFO - DAG(s) 'user_automation' retrieved from /opt/airflow/dags/kafka_stream.py
[2024-08-09T07:38:57.022+0000] {logging_mixin.py:188} INFO - [2024-08-09T07:38:57.021+0000] {dag.py:3089} INFO - Sync 1 DAGs
[2024-08-09T07:38:57.077+0000] {logging_mixin.py:188} INFO - [2024-08-09T07:38:57.076+0000] {dag.py:3947} INFO - Setting next_dagrun for user_automation to 2024-08-09 00:00:00+00:00, run_after=2024-08-10 00:00:00+00:00
[2024-08-09T07:38:57.133+0000] {processor.py:183} INFO - Processing /opt/airflow/dags/kafka_stream.py took 0.298 seconds
[2024-08-09T07:39:27.550+0000] {processor.py:161} INFO - Started process (PID=777) to work on /opt/airflow/dags/kafka_stream.py
[2024-08-09T07:39:27.552+0000] {processor.py:830} INFO - Processing file /opt/airflow/dags/kafka_stream.py for tasks to queue
[2024-08-09T07:39:27.554+0000] {logging_mixin.py:188} INFO - [2024-08-09T07:39:27.554+0000] {dagbag.py:545} INFO - Filling up the DagBag from /opt/airflow/dags/kafka_stream.py
[2024-08-09T07:39:27.589+0000] {processor.py:840} INFO - DAG(s) 'user_automation' retrieved from /opt/airflow/dags/kafka_stream.py
[2024-08-09T07:39:27.648+0000] {logging_mixin.py:188} INFO - [2024-08-09T07:39:27.647+0000] {dag.py:3089} INFO - Sync 1 DAGs
[2024-08-09T07:39:27.688+0000] {logging_mixin.py:188} INFO - [2024-08-09T07:39:27.688+0000] {dag.py:3947} INFO - Setting next_dagrun for user_automation to 2024-08-09 00:00:00+00:00, run_after=2024-08-10 00:00:00+00:00
[2024-08-09T07:39:27.735+0000] {processor.py:183} INFO - Processing /opt/airflow/dags/kafka_stream.py took 0.195 seconds
[2024-08-09T07:39:57.905+0000] {processor.py:161} INFO - Started process (PID=798) to work on /opt/airflow/dags/kafka_stream.py
[2024-08-09T07:39:57.906+0000] {processor.py:830} INFO - Processing file /opt/airflow/dags/kafka_stream.py for tasks to queue
[2024-08-09T07:39:57.908+0000] {logging_mixin.py:188} INFO - [2024-08-09T07:39:57.908+0000] {dagbag.py:545} INFO - Filling up the DagBag from /opt/airflow/dags/kafka_stream.py
[2024-08-09T07:39:57.937+0000] {processor.py:840} INFO - DAG(s) 'user_automation' retrieved from /opt/airflow/dags/kafka_stream.py
[2024-08-09T07:39:58.002+0000] {logging_mixin.py:188} INFO - [2024-08-09T07:39:58.002+0000] {dag.py:3089} INFO - Sync 1 DAGs
[2024-08-09T07:39:58.040+0000] {logging_mixin.py:188} INFO - [2024-08-09T07:39:58.039+0000] {dag.py:3947} INFO - Setting next_dagrun for user_automation to 2024-08-09 00:00:00+00:00, run_after=2024-08-10 00:00:00+00:00
[2024-08-09T07:39:58.062+0000] {processor.py:183} INFO - Processing /opt/airflow/dags/kafka_stream.py took 0.162 seconds
[2024-08-09T07:40:28.310+0000] {processor.py:161} INFO - Started process (PID=814) to work on /opt/airflow/dags/kafka_stream.py
[2024-08-09T07:40:28.311+0000] {processor.py:830} INFO - Processing file /opt/airflow/dags/kafka_stream.py for tasks to queue
[2024-08-09T07:40:28.313+0000] {logging_mixin.py:188} INFO - [2024-08-09T07:40:28.313+0000] {dagbag.py:545} INFO - Filling up the DagBag from /opt/airflow/dags/kafka_stream.py
[2024-08-09T07:40:28.350+0000] {processor.py:840} INFO - DAG(s) 'user_automation' retrieved from /opt/airflow/dags/kafka_stream.py
[2024-08-09T07:40:28.398+0000] {logging_mixin.py:188} INFO - [2024-08-09T07:40:28.398+0000] {dag.py:3089} INFO - Sync 1 DAGs
[2024-08-09T07:40:28.440+0000] {logging_mixin.py:188} INFO - [2024-08-09T07:40:28.439+0000] {dag.py:3947} INFO - Setting next_dagrun for user_automation to 2024-08-09 00:00:00+00:00, run_after=2024-08-10 00:00:00+00:00
[2024-08-09T07:40:28.484+0000] {processor.py:183} INFO - Processing /opt/airflow/dags/kafka_stream.py took 0.182 seconds
[2024-08-09T07:40:58.866+0000] {processor.py:161} INFO - Started process (PID=835) to work on /opt/airflow/dags/kafka_stream.py
[2024-08-09T07:40:58.867+0000] {processor.py:830} INFO - Processing file /opt/airflow/dags/kafka_stream.py for tasks to queue
[2024-08-09T07:40:58.870+0000] {logging_mixin.py:188} INFO - [2024-08-09T07:40:58.870+0000] {dagbag.py:545} INFO - Filling up the DagBag from /opt/airflow/dags/kafka_stream.py
[2024-08-09T07:40:58.907+0000] {processor.py:840} INFO - DAG(s) 'user_automation' retrieved from /opt/airflow/dags/kafka_stream.py
[2024-08-09T07:40:58.966+0000] {logging_mixin.py:188} INFO - [2024-08-09T07:40:58.966+0000] {dag.py:3089} INFO - Sync 1 DAGs
[2024-08-09T07:40:59.002+0000] {logging_mixin.py:188} INFO - [2024-08-09T07:40:59.002+0000] {dag.py:3947} INFO - Setting next_dagrun for user_automation to 2024-08-09 00:00:00+00:00, run_after=2024-08-10 00:00:00+00:00
[2024-08-09T07:40:59.034+0000] {processor.py:183} INFO - Processing /opt/airflow/dags/kafka_stream.py took 0.176 seconds
[2024-08-09T07:41:29.188+0000] {processor.py:161} INFO - Started process (PID=851) to work on /opt/airflow/dags/kafka_stream.py
[2024-08-09T07:41:29.189+0000] {processor.py:830} INFO - Processing file /opt/airflow/dags/kafka_stream.py for tasks to queue
[2024-08-09T07:41:29.191+0000] {logging_mixin.py:188} INFO - [2024-08-09T07:41:29.191+0000] {dagbag.py:545} INFO - Filling up the DagBag from /opt/airflow/dags/kafka_stream.py
[2024-08-09T07:41:29.225+0000] {processor.py:840} INFO - DAG(s) 'user_automation' retrieved from /opt/airflow/dags/kafka_stream.py
[2024-08-09T07:41:29.259+0000] {logging_mixin.py:188} INFO - [2024-08-09T07:41:29.258+0000] {dag.py:3089} INFO - Sync 1 DAGs
[2024-08-09T07:41:29.289+0000] {logging_mixin.py:188} INFO - [2024-08-09T07:41:29.289+0000] {dag.py:3947} INFO - Setting next_dagrun for user_automation to 2024-08-09 00:00:00+00:00, run_after=2024-08-10 00:00:00+00:00
[2024-08-09T07:41:29.329+0000] {processor.py:183} INFO - Processing /opt/airflow/dags/kafka_stream.py took 0.147 seconds
[2024-08-09T07:41:59.495+0000] {processor.py:161} INFO - Started process (PID=872) to work on /opt/airflow/dags/kafka_stream.py
[2024-08-09T07:41:59.497+0000] {processor.py:830} INFO - Processing file /opt/airflow/dags/kafka_stream.py for tasks to queue
[2024-08-09T07:41:59.500+0000] {logging_mixin.py:188} INFO - [2024-08-09T07:41:59.499+0000] {dagbag.py:545} INFO - Filling up the DagBag from /opt/airflow/dags/kafka_stream.py
[2024-08-09T07:41:59.574+0000] {processor.py:840} INFO - DAG(s) 'user_automation' retrieved from /opt/airflow/dags/kafka_stream.py
[2024-08-09T07:41:59.640+0000] {logging_mixin.py:188} INFO - [2024-08-09T07:41:59.640+0000] {dag.py:3089} INFO - Sync 1 DAGs
[2024-08-09T07:41:59.695+0000] {logging_mixin.py:188} INFO - [2024-08-09T07:41:59.694+0000] {dag.py:3947} INFO - Setting next_dagrun for user_automation to 2024-08-09 00:00:00+00:00, run_after=2024-08-10 00:00:00+00:00
[2024-08-09T07:41:59.727+0000] {processor.py:183} INFO - Processing /opt/airflow/dags/kafka_stream.py took 0.240 seconds
[2024-08-09T07:42:30.263+0000] {processor.py:161} INFO - Started process (PID=888) to work on /opt/airflow/dags/kafka_stream.py
[2024-08-09T07:42:30.265+0000] {processor.py:830} INFO - Processing file /opt/airflow/dags/kafka_stream.py for tasks to queue
[2024-08-09T07:42:30.267+0000] {logging_mixin.py:188} INFO - [2024-08-09T07:42:30.267+0000] {dagbag.py:545} INFO - Filling up the DagBag from /opt/airflow/dags/kafka_stream.py
[2024-08-09T07:42:30.329+0000] {processor.py:840} INFO - DAG(s) 'user_automation' retrieved from /opt/airflow/dags/kafka_stream.py
[2024-08-09T07:42:30.372+0000] {logging_mixin.py:188} INFO - [2024-08-09T07:42:30.371+0000] {dag.py:3089} INFO - Sync 1 DAGs
[2024-08-09T07:42:30.405+0000] {logging_mixin.py:188} INFO - [2024-08-09T07:42:30.405+0000] {dag.py:3947} INFO - Setting next_dagrun for user_automation to 2024-08-09 00:00:00+00:00, run_after=2024-08-10 00:00:00+00:00
[2024-08-09T07:42:30.443+0000] {processor.py:183} INFO - Processing /opt/airflow/dags/kafka_stream.py took 0.189 seconds
[2024-08-09T07:43:01.212+0000] {processor.py:161} INFO - Started process (PID=913) to work on /opt/airflow/dags/kafka_stream.py
[2024-08-09T07:43:01.213+0000] {processor.py:830} INFO - Processing file /opt/airflow/dags/kafka_stream.py for tasks to queue
[2024-08-09T07:43:01.215+0000] {logging_mixin.py:188} INFO - [2024-08-09T07:43:01.215+0000] {dagbag.py:545} INFO - Filling up the DagBag from /opt/airflow/dags/kafka_stream.py
[2024-08-09T07:43:01.243+0000] {processor.py:840} INFO - DAG(s) 'user_automation' retrieved from /opt/airflow/dags/kafka_stream.py
[2024-08-09T07:43:01.278+0000] {logging_mixin.py:188} INFO - [2024-08-09T07:43:01.277+0000] {dag.py:3089} INFO - Sync 1 DAGs
[2024-08-09T07:43:01.301+0000] {logging_mixin.py:188} INFO - [2024-08-09T07:43:01.301+0000] {dag.py:3947} INFO - Setting next_dagrun for user_automation to 2024-08-09 00:00:00+00:00, run_after=2024-08-10 00:00:00+00:00
[2024-08-09T07:43:01.323+0000] {processor.py:183} INFO - Processing /opt/airflow/dags/kafka_stream.py took 0.116 seconds
[2024-08-09T07:43:31.640+0000] {processor.py:161} INFO - Started process (PID=934) to work on /opt/airflow/dags/kafka_stream.py
[2024-08-09T07:43:31.641+0000] {processor.py:830} INFO - Processing file /opt/airflow/dags/kafka_stream.py for tasks to queue
[2024-08-09T07:43:31.642+0000] {logging_mixin.py:188} INFO - [2024-08-09T07:43:31.642+0000] {dagbag.py:545} INFO - Filling up the DagBag from /opt/airflow/dags/kafka_stream.py
[2024-08-09T07:43:31.670+0000] {processor.py:840} INFO - DAG(s) 'user_automation' retrieved from /opt/airflow/dags/kafka_stream.py
[2024-08-09T07:43:31.724+0000] {logging_mixin.py:188} INFO - [2024-08-09T07:43:31.723+0000] {dag.py:3089} INFO - Sync 1 DAGs
[2024-08-09T07:43:31.761+0000] {logging_mixin.py:188} INFO - [2024-08-09T07:43:31.761+0000] {dag.py:3947} INFO - Setting next_dagrun for user_automation to 2024-08-09 00:00:00+00:00, run_after=2024-08-10 00:00:00+00:00
[2024-08-09T07:43:31.787+0000] {processor.py:183} INFO - Processing /opt/airflow/dags/kafka_stream.py took 0.153 seconds
[2024-08-09T07:44:02.407+0000] {processor.py:161} INFO - Started process (PID=983) to work on /opt/airflow/dags/kafka_stream.py
[2024-08-09T07:44:02.408+0000] {processor.py:830} INFO - Processing file /opt/airflow/dags/kafka_stream.py for tasks to queue
[2024-08-09T07:44:02.410+0000] {logging_mixin.py:188} INFO - [2024-08-09T07:44:02.409+0000] {dagbag.py:545} INFO - Filling up the DagBag from /opt/airflow/dags/kafka_stream.py
[2024-08-09T07:44:02.449+0000] {processor.py:840} INFO - DAG(s) 'user_automation' retrieved from /opt/airflow/dags/kafka_stream.py
[2024-08-09T07:44:02.495+0000] {logging_mixin.py:188} INFO - [2024-08-09T07:44:02.495+0000] {dag.py:3089} INFO - Sync 1 DAGs
[2024-08-09T07:44:02.567+0000] {logging_mixin.py:188} INFO - [2024-08-09T07:44:02.566+0000] {dag.py:3947} INFO - Setting next_dagrun for user_automation to 2024-08-09 00:00:00+00:00, run_after=2024-08-10 00:00:00+00:00
[2024-08-09T07:44:02.647+0000] {processor.py:183} INFO - Processing /opt/airflow/dags/kafka_stream.py took 0.249 seconds
[2024-08-09T07:44:32.736+0000] {processor.py:161} INFO - Started process (PID=1028) to work on /opt/airflow/dags/kafka_stream.py
[2024-08-09T07:44:32.737+0000] {processor.py:830} INFO - Processing file /opt/airflow/dags/kafka_stream.py for tasks to queue
[2024-08-09T07:44:32.739+0000] {logging_mixin.py:188} INFO - [2024-08-09T07:44:32.738+0000] {dagbag.py:545} INFO - Filling up the DagBag from /opt/airflow/dags/kafka_stream.py
[2024-08-09T07:44:32.769+0000] {processor.py:840} INFO - DAG(s) 'user_automation' retrieved from /opt/airflow/dags/kafka_stream.py
[2024-08-09T07:44:32.804+0000] {logging_mixin.py:188} INFO - [2024-08-09T07:44:32.804+0000] {dag.py:3089} INFO - Sync 1 DAGs
[2024-08-09T07:44:32.842+0000] {logging_mixin.py:188} INFO - [2024-08-09T07:44:32.842+0000] {dag.py:3947} INFO - Setting next_dagrun for user_automation to 2024-08-09 00:00:00+00:00, run_after=2024-08-10 00:00:00+00:00
[2024-08-09T07:44:32.864+0000] {processor.py:183} INFO - Processing /opt/airflow/dags/kafka_stream.py took 0.133 seconds
[2024-08-09T07:45:03.070+0000] {processor.py:161} INFO - Started process (PID=1044) to work on /opt/airflow/dags/kafka_stream.py
[2024-08-09T07:45:03.072+0000] {processor.py:830} INFO - Processing file /opt/airflow/dags/kafka_stream.py for tasks to queue
[2024-08-09T07:45:03.073+0000] {logging_mixin.py:188} INFO - [2024-08-09T07:45:03.072+0000] {dagbag.py:545} INFO - Filling up the DagBag from /opt/airflow/dags/kafka_stream.py
[2024-08-09T07:45:03.102+0000] {processor.py:840} INFO - DAG(s) 'user_automation' retrieved from /opt/airflow/dags/kafka_stream.py
[2024-08-09T07:45:03.140+0000] {logging_mixin.py:188} INFO - [2024-08-09T07:45:03.139+0000] {dag.py:3089} INFO - Sync 1 DAGs
[2024-08-09T07:45:03.164+0000] {logging_mixin.py:188} INFO - [2024-08-09T07:45:03.164+0000] {dag.py:3947} INFO - Setting next_dagrun for user_automation to 2024-08-09 00:00:00+00:00, run_after=2024-08-10 00:00:00+00:00
[2024-08-09T07:45:03.185+0000] {processor.py:183} INFO - Processing /opt/airflow/dags/kafka_stream.py took 0.121 seconds
[2024-08-09T07:45:33.486+0000] {processor.py:161} INFO - Started process (PID=1060) to work on /opt/airflow/dags/kafka_stream.py
[2024-08-09T07:45:33.487+0000] {processor.py:830} INFO - Processing file /opt/airflow/dags/kafka_stream.py for tasks to queue
[2024-08-09T07:45:33.488+0000] {logging_mixin.py:188} INFO - [2024-08-09T07:45:33.488+0000] {dagbag.py:545} INFO - Filling up the DagBag from /opt/airflow/dags/kafka_stream.py
[2024-08-09T07:45:33.521+0000] {processor.py:840} INFO - DAG(s) 'user_automation' retrieved from /opt/airflow/dags/kafka_stream.py
[2024-08-09T07:45:33.556+0000] {logging_mixin.py:188} INFO - [2024-08-09T07:45:33.556+0000] {dag.py:3089} INFO - Sync 1 DAGs
[2024-08-09T07:45:33.584+0000] {logging_mixin.py:188} INFO - [2024-08-09T07:45:33.584+0000] {dag.py:3947} INFO - Setting next_dagrun for user_automation to 2024-08-09 00:00:00+00:00, run_after=2024-08-10 00:00:00+00:00
[2024-08-09T07:45:33.625+0000] {processor.py:183} INFO - Processing /opt/airflow/dags/kafka_stream.py took 0.144 seconds
[2024-08-09T07:46:04.153+0000] {processor.py:161} INFO - Started process (PID=1082) to work on /opt/airflow/dags/kafka_stream.py
[2024-08-09T07:46:04.154+0000] {processor.py:830} INFO - Processing file /opt/airflow/dags/kafka_stream.py for tasks to queue
[2024-08-09T07:46:04.156+0000] {logging_mixin.py:188} INFO - [2024-08-09T07:46:04.155+0000] {dagbag.py:545} INFO - Filling up the DagBag from /opt/airflow/dags/kafka_stream.py
[2024-08-09T07:46:04.207+0000] {processor.py:840} INFO - DAG(s) 'user_automation' retrieved from /opt/airflow/dags/kafka_stream.py
[2024-08-09T07:46:04.271+0000] {logging_mixin.py:188} INFO - [2024-08-09T07:46:04.270+0000] {dag.py:3089} INFO - Sync 1 DAGs
[2024-08-09T07:46:04.332+0000] {logging_mixin.py:188} INFO - [2024-08-09T07:46:04.331+0000] {dag.py:3947} INFO - Setting next_dagrun for user_automation to 2024-08-09 00:00:00+00:00, run_after=2024-08-10 00:00:00+00:00
[2024-08-09T07:46:04.366+0000] {processor.py:183} INFO - Processing /opt/airflow/dags/kafka_stream.py took 0.221 seconds
[2024-08-09T07:46:34.732+0000] {processor.py:161} INFO - Started process (PID=1104) to work on /opt/airflow/dags/kafka_stream.py
[2024-08-09T07:46:34.733+0000] {processor.py:830} INFO - Processing file /opt/airflow/dags/kafka_stream.py for tasks to queue
[2024-08-09T07:46:34.734+0000] {logging_mixin.py:188} INFO - [2024-08-09T07:46:34.734+0000] {dagbag.py:545} INFO - Filling up the DagBag from /opt/airflow/dags/kafka_stream.py
[2024-08-09T07:46:34.762+0000] {processor.py:840} INFO - DAG(s) 'user_automation' retrieved from /opt/airflow/dags/kafka_stream.py
[2024-08-09T07:46:34.813+0000] {logging_mixin.py:188} INFO - [2024-08-09T07:46:34.813+0000] {dag.py:3089} INFO - Sync 1 DAGs
[2024-08-09T07:46:34.835+0000] {logging_mixin.py:188} INFO - [2024-08-09T07:46:34.834+0000] {dag.py:3947} INFO - Setting next_dagrun for user_automation to 2024-08-09 00:00:00+00:00, run_after=2024-08-10 00:00:00+00:00
[2024-08-09T07:46:34.856+0000] {processor.py:183} INFO - Processing /opt/airflow/dags/kafka_stream.py took 0.129 seconds
[2024-08-09T07:47:05.320+0000] {processor.py:161} INFO - Started process (PID=1120) to work on /opt/airflow/dags/kafka_stream.py
[2024-08-09T07:47:05.321+0000] {processor.py:830} INFO - Processing file /opt/airflow/dags/kafka_stream.py for tasks to queue
[2024-08-09T07:47:05.323+0000] {logging_mixin.py:188} INFO - [2024-08-09T07:47:05.322+0000] {dagbag.py:545} INFO - Filling up the DagBag from /opt/airflow/dags/kafka_stream.py
[2024-08-09T07:47:05.357+0000] {processor.py:840} INFO - DAG(s) 'user_automation' retrieved from /opt/airflow/dags/kafka_stream.py
[2024-08-09T07:47:05.398+0000] {logging_mixin.py:188} INFO - [2024-08-09T07:47:05.398+0000] {dag.py:3089} INFO - Sync 1 DAGs
[2024-08-09T07:47:05.425+0000] {logging_mixin.py:188} INFO - [2024-08-09T07:47:05.425+0000] {dag.py:3947} INFO - Setting next_dagrun for user_automation to 2024-08-09 00:00:00+00:00, run_after=2024-08-10 00:00:00+00:00
[2024-08-09T07:47:05.446+0000] {processor.py:183} INFO - Processing /opt/airflow/dags/kafka_stream.py took 0.133 seconds
[2024-08-09T07:47:35.831+0000] {processor.py:161} INFO - Started process (PID=1142) to work on /opt/airflow/dags/kafka_stream.py
[2024-08-09T07:47:35.832+0000] {processor.py:830} INFO - Processing file /opt/airflow/dags/kafka_stream.py for tasks to queue
[2024-08-09T07:47:35.833+0000] {logging_mixin.py:188} INFO - [2024-08-09T07:47:35.833+0000] {dagbag.py:545} INFO - Filling up the DagBag from /opt/airflow/dags/kafka_stream.py
[2024-08-09T07:47:35.861+0000] {processor.py:840} INFO - DAG(s) 'user_automation' retrieved from /opt/airflow/dags/kafka_stream.py
[2024-08-09T07:47:35.892+0000] {logging_mixin.py:188} INFO - [2024-08-09T07:47:35.892+0000] {dag.py:3089} INFO - Sync 1 DAGs
[2024-08-09T07:47:35.917+0000] {logging_mixin.py:188} INFO - [2024-08-09T07:47:35.916+0000] {dag.py:3947} INFO - Setting next_dagrun for user_automation to 2024-08-09 00:00:00+00:00, run_after=2024-08-10 00:00:00+00:00
[2024-08-09T07:47:35.954+0000] {processor.py:183} INFO - Processing /opt/airflow/dags/kafka_stream.py took 0.129 seconds
[2024-08-09T07:48:06.692+0000] {processor.py:161} INFO - Started process (PID=1170) to work on /opt/airflow/dags/kafka_stream.py
[2024-08-09T07:48:06.693+0000] {processor.py:830} INFO - Processing file /opt/airflow/dags/kafka_stream.py for tasks to queue
[2024-08-09T07:48:06.694+0000] {logging_mixin.py:188} INFO - [2024-08-09T07:48:06.694+0000] {dagbag.py:545} INFO - Filling up the DagBag from /opt/airflow/dags/kafka_stream.py
[2024-08-09T07:48:06.723+0000] {processor.py:840} INFO - DAG(s) 'user_automation' retrieved from /opt/airflow/dags/kafka_stream.py
[2024-08-09T07:48:06.752+0000] {logging_mixin.py:188} INFO - [2024-08-09T07:48:06.751+0000] {dag.py:3089} INFO - Sync 1 DAGs
[2024-08-09T07:48:06.775+0000] {logging_mixin.py:188} INFO - [2024-08-09T07:48:06.774+0000] {dag.py:3947} INFO - Setting next_dagrun for user_automation to 2024-08-09 00:00:00+00:00, run_after=2024-08-10 00:00:00+00:00
[2024-08-09T07:48:06.799+0000] {processor.py:183} INFO - Processing /opt/airflow/dags/kafka_stream.py took 0.113 seconds
[2024-08-09T07:48:37.028+0000] {processor.py:161} INFO - Started process (PID=1209) to work on /opt/airflow/dags/kafka_stream.py
[2024-08-09T07:48:37.030+0000] {processor.py:830} INFO - Processing file /opt/airflow/dags/kafka_stream.py for tasks to queue
[2024-08-09T07:48:37.031+0000] {logging_mixin.py:188} INFO - [2024-08-09T07:48:37.030+0000] {dagbag.py:545} INFO - Filling up the DagBag from /opt/airflow/dags/kafka_stream.py
[2024-08-09T07:48:37.080+0000] {processor.py:840} INFO - DAG(s) 'user_automation' retrieved from /opt/airflow/dags/kafka_stream.py
[2024-08-09T07:48:37.113+0000] {logging_mixin.py:188} INFO - [2024-08-09T07:48:37.113+0000] {dag.py:3089} INFO - Sync 1 DAGs
[2024-08-09T07:48:37.137+0000] {logging_mixin.py:188} INFO - [2024-08-09T07:48:37.137+0000] {dag.py:3947} INFO - Setting next_dagrun for user_automation to 2024-08-09 00:00:00+00:00, run_after=2024-08-10 00:00:00+00:00
[2024-08-09T07:48:37.177+0000] {processor.py:183} INFO - Processing /opt/airflow/dags/kafka_stream.py took 0.155 seconds
[2024-08-09T07:49:07.642+0000] {processor.py:161} INFO - Started process (PID=1253) to work on /opt/airflow/dags/kafka_stream.py
[2024-08-09T07:49:07.643+0000] {processor.py:830} INFO - Processing file /opt/airflow/dags/kafka_stream.py for tasks to queue
[2024-08-09T07:49:07.644+0000] {logging_mixin.py:188} INFO - [2024-08-09T07:49:07.644+0000] {dagbag.py:545} INFO - Filling up the DagBag from /opt/airflow/dags/kafka_stream.py
[2024-08-09T07:49:07.681+0000] {processor.py:840} INFO - DAG(s) 'user_automation' retrieved from /opt/airflow/dags/kafka_stream.py
[2024-08-09T07:49:07.727+0000] {logging_mixin.py:188} INFO - [2024-08-09T07:49:07.727+0000] {dag.py:3089} INFO - Sync 1 DAGs
[2024-08-09T07:49:07.773+0000] {logging_mixin.py:188} INFO - [2024-08-09T07:49:07.772+0000] {dag.py:3947} INFO - Setting next_dagrun for user_automation to 2024-08-09 00:00:00+00:00, run_after=2024-08-10 00:00:00+00:00
[2024-08-09T07:49:07.807+0000] {processor.py:183} INFO - Processing /opt/airflow/dags/kafka_stream.py took 0.172 seconds
[2024-08-09T07:49:38.098+0000] {processor.py:161} INFO - Started process (PID=1307) to work on /opt/airflow/dags/kafka_stream.py
[2024-08-09T07:49:38.100+0000] {processor.py:830} INFO - Processing file /opt/airflow/dags/kafka_stream.py for tasks to queue
[2024-08-09T07:49:38.101+0000] {logging_mixin.py:188} INFO - [2024-08-09T07:49:38.101+0000] {dagbag.py:545} INFO - Filling up the DagBag from /opt/airflow/dags/kafka_stream.py
[2024-08-09T07:49:38.144+0000] {processor.py:840} INFO - DAG(s) 'user_automation' retrieved from /opt/airflow/dags/kafka_stream.py
[2024-08-09T07:49:38.193+0000] {logging_mixin.py:188} INFO - [2024-08-09T07:49:38.193+0000] {dag.py:3089} INFO - Sync 1 DAGs
[2024-08-09T07:49:38.229+0000] {logging_mixin.py:188} INFO - [2024-08-09T07:49:38.228+0000] {dag.py:3947} INFO - Setting next_dagrun for user_automation to 2024-08-09 00:00:00+00:00, run_after=2024-08-10 00:00:00+00:00
[2024-08-09T07:49:38.258+0000] {processor.py:183} INFO - Processing /opt/airflow/dags/kafka_stream.py took 0.170 seconds
[2024-08-09T07:50:08.466+0000] {processor.py:161} INFO - Started process (PID=1385) to work on /opt/airflow/dags/kafka_stream.py
[2024-08-09T07:50:08.467+0000] {processor.py:830} INFO - Processing file /opt/airflow/dags/kafka_stream.py for tasks to queue
[2024-08-09T07:50:08.469+0000] {logging_mixin.py:188} INFO - [2024-08-09T07:50:08.468+0000] {dagbag.py:545} INFO - Filling up the DagBag from /opt/airflow/dags/kafka_stream.py
[2024-08-09T07:50:08.519+0000] {processor.py:840} INFO - DAG(s) 'user_automation' retrieved from /opt/airflow/dags/kafka_stream.py
[2024-08-09T07:50:08.552+0000] {logging_mixin.py:188} INFO - [2024-08-09T07:50:08.552+0000] {dag.py:3089} INFO - Sync 1 DAGs
[2024-08-09T07:50:08.582+0000] {logging_mixin.py:188} INFO - [2024-08-09T07:50:08.582+0000] {dag.py:3947} INFO - Setting next_dagrun for user_automation to 2024-08-09 00:00:00+00:00, run_after=2024-08-10 00:00:00+00:00
[2024-08-09T07:50:08.625+0000] {processor.py:183} INFO - Processing /opt/airflow/dags/kafka_stream.py took 0.167 seconds
[2024-08-09T07:50:38.947+0000] {processor.py:161} INFO - Started process (PID=1401) to work on /opt/airflow/dags/kafka_stream.py
[2024-08-09T07:50:38.948+0000] {processor.py:830} INFO - Processing file /opt/airflow/dags/kafka_stream.py for tasks to queue
[2024-08-09T07:50:38.951+0000] {logging_mixin.py:188} INFO - [2024-08-09T07:50:38.950+0000] {dagbag.py:545} INFO - Filling up the DagBag from /opt/airflow/dags/kafka_stream.py
[2024-08-09T07:50:38.988+0000] {processor.py:840} INFO - DAG(s) 'user_automation' retrieved from /opt/airflow/dags/kafka_stream.py
[2024-08-09T07:50:39.028+0000] {logging_mixin.py:188} INFO - [2024-08-09T07:50:39.028+0000] {dag.py:3089} INFO - Sync 1 DAGs
[2024-08-09T07:50:39.059+0000] {logging_mixin.py:188} INFO - [2024-08-09T07:50:39.059+0000] {dag.py:3947} INFO - Setting next_dagrun for user_automation to 2024-08-09 00:00:00+00:00, run_after=2024-08-10 00:00:00+00:00
[2024-08-09T07:50:39.099+0000] {processor.py:183} INFO - Processing /opt/airflow/dags/kafka_stream.py took 0.161 seconds
[2024-08-09T07:51:09.227+0000] {processor.py:161} INFO - Started process (PID=1417) to work on /opt/airflow/dags/kafka_stream.py
[2024-08-09T07:51:09.229+0000] {processor.py:830} INFO - Processing file /opt/airflow/dags/kafka_stream.py for tasks to queue
[2024-08-09T07:51:09.230+0000] {logging_mixin.py:188} INFO - [2024-08-09T07:51:09.230+0000] {dagbag.py:545} INFO - Filling up the DagBag from /opt/airflow/dags/kafka_stream.py
[2024-08-09T07:51:09.266+0000] {processor.py:840} INFO - DAG(s) 'user_automation' retrieved from /opt/airflow/dags/kafka_stream.py
[2024-08-09T07:51:09.304+0000] {logging_mixin.py:188} INFO - [2024-08-09T07:51:09.304+0000] {dag.py:3089} INFO - Sync 1 DAGs
[2024-08-09T07:51:09.333+0000] {logging_mixin.py:188} INFO - [2024-08-09T07:51:09.332+0000] {dag.py:3947} INFO - Setting next_dagrun for user_automation to 2024-08-09 00:00:00+00:00, run_after=2024-08-10 00:00:00+00:00
[2024-08-09T07:51:09.357+0000] {processor.py:183} INFO - Processing /opt/airflow/dags/kafka_stream.py took 0.137 seconds
[2024-08-09T07:51:39.720+0000] {processor.py:161} INFO - Started process (PID=1433) to work on /opt/airflow/dags/kafka_stream.py
[2024-08-09T07:51:39.722+0000] {processor.py:830} INFO - Processing file /opt/airflow/dags/kafka_stream.py for tasks to queue
[2024-08-09T07:51:39.724+0000] {logging_mixin.py:188} INFO - [2024-08-09T07:51:39.723+0000] {dagbag.py:545} INFO - Filling up the DagBag from /opt/airflow/dags/kafka_stream.py
[2024-08-09T07:51:39.769+0000] {processor.py:840} INFO - DAG(s) 'user_automation' retrieved from /opt/airflow/dags/kafka_stream.py
[2024-08-09T07:51:39.818+0000] {logging_mixin.py:188} INFO - [2024-08-09T07:51:39.818+0000] {dag.py:3089} INFO - Sync 1 DAGs
[2024-08-09T07:51:39.859+0000] {logging_mixin.py:188} INFO - [2024-08-09T07:51:39.858+0000] {dag.py:3947} INFO - Setting next_dagrun for user_automation to 2024-08-09 00:00:00+00:00, run_after=2024-08-10 00:00:00+00:00
[2024-08-09T07:51:39.907+0000] {processor.py:183} INFO - Processing /opt/airflow/dags/kafka_stream.py took 0.202 seconds
[2024-08-09T07:52:09.997+0000] {processor.py:161} INFO - Started process (PID=1449) to work on /opt/airflow/dags/kafka_stream.py
[2024-08-09T07:52:09.998+0000] {processor.py:830} INFO - Processing file /opt/airflow/dags/kafka_stream.py for tasks to queue
[2024-08-09T07:52:09.999+0000] {logging_mixin.py:188} INFO - [2024-08-09T07:52:09.999+0000] {dagbag.py:545} INFO - Filling up the DagBag from /opt/airflow/dags/kafka_stream.py
[2024-08-09T07:52:10.029+0000] {processor.py:840} INFO - DAG(s) 'user_automation' retrieved from /opt/airflow/dags/kafka_stream.py
[2024-08-09T07:52:10.062+0000] {logging_mixin.py:188} INFO - [2024-08-09T07:52:10.062+0000] {dag.py:3089} INFO - Sync 1 DAGs
[2024-08-09T07:52:10.088+0000] {logging_mixin.py:188} INFO - [2024-08-09T07:52:10.088+0000] {dag.py:3947} INFO - Setting next_dagrun for user_automation to 2024-08-09 00:00:00+00:00, run_after=2024-08-10 00:00:00+00:00
[2024-08-09T07:52:10.112+0000] {processor.py:183} INFO - Processing /opt/airflow/dags/kafka_stream.py took 0.121 seconds
[2024-08-09T07:52:40.657+0000] {processor.py:161} INFO - Started process (PID=1465) to work on /opt/airflow/dags/kafka_stream.py
[2024-08-09T07:52:40.661+0000] {processor.py:830} INFO - Processing file /opt/airflow/dags/kafka_stream.py for tasks to queue
[2024-08-09T07:52:40.663+0000] {logging_mixin.py:188} INFO - [2024-08-09T07:52:40.662+0000] {dagbag.py:545} INFO - Filling up the DagBag from /opt/airflow/dags/kafka_stream.py
[2024-08-09T07:52:40.713+0000] {processor.py:840} INFO - DAG(s) 'user_automation' retrieved from /opt/airflow/dags/kafka_stream.py
[2024-08-09T07:52:40.746+0000] {logging_mixin.py:188} INFO - [2024-08-09T07:52:40.745+0000] {dag.py:3089} INFO - Sync 1 DAGs
[2024-08-09T07:52:40.771+0000] {logging_mixin.py:188} INFO - [2024-08-09T07:52:40.770+0000] {dag.py:3947} INFO - Setting next_dagrun for user_automation to 2024-08-09 00:00:00+00:00, run_after=2024-08-10 00:00:00+00:00
[2024-08-09T07:52:40.791+0000] {processor.py:183} INFO - Processing /opt/airflow/dags/kafka_stream.py took 0.146 seconds
[2024-08-09T07:53:11.136+0000] {processor.py:161} INFO - Started process (PID=1481) to work on /opt/airflow/dags/kafka_stream.py
[2024-08-09T07:53:11.137+0000] {processor.py:830} INFO - Processing file /opt/airflow/dags/kafka_stream.py for tasks to queue
[2024-08-09T07:53:11.139+0000] {logging_mixin.py:188} INFO - [2024-08-09T07:53:11.138+0000] {dagbag.py:545} INFO - Filling up the DagBag from /opt/airflow/dags/kafka_stream.py
[2024-08-09T07:53:11.222+0000] {processor.py:840} INFO - DAG(s) 'user_automation' retrieved from /opt/airflow/dags/kafka_stream.py
[2024-08-09T07:53:11.273+0000] {logging_mixin.py:188} INFO - [2024-08-09T07:53:11.273+0000] {dag.py:3089} INFO - Sync 1 DAGs
[2024-08-09T07:53:11.321+0000] {logging_mixin.py:188} INFO - [2024-08-09T07:53:11.321+0000] {dag.py:3947} INFO - Setting next_dagrun for user_automation to 2024-08-09 00:00:00+00:00, run_after=2024-08-10 00:00:00+00:00
[2024-08-09T07:53:11.362+0000] {processor.py:183} INFO - Processing /opt/airflow/dags/kafka_stream.py took 0.234 seconds
[2024-08-09T07:53:41.681+0000] {processor.py:161} INFO - Started process (PID=1515) to work on /opt/airflow/dags/kafka_stream.py
[2024-08-09T07:53:41.683+0000] {processor.py:830} INFO - Processing file /opt/airflow/dags/kafka_stream.py for tasks to queue
[2024-08-09T07:53:41.685+0000] {logging_mixin.py:188} INFO - [2024-08-09T07:53:41.684+0000] {dagbag.py:545} INFO - Filling up the DagBag from /opt/airflow/dags/kafka_stream.py
[2024-08-09T07:53:41.729+0000] {processor.py:840} INFO - DAG(s) 'user_automation' retrieved from /opt/airflow/dags/kafka_stream.py
[2024-08-09T07:53:41.793+0000] {logging_mixin.py:188} INFO - [2024-08-09T07:53:41.793+0000] {dag.py:3089} INFO - Sync 1 DAGs
[2024-08-09T07:53:41.867+0000] {logging_mixin.py:188} INFO - [2024-08-09T07:53:41.867+0000] {dag.py:3947} INFO - Setting next_dagrun for user_automation to 2024-08-09 00:00:00+00:00, run_after=2024-08-10 00:00:00+00:00
[2024-08-09T07:53:41.907+0000] {processor.py:183} INFO - Processing /opt/airflow/dags/kafka_stream.py took 0.235 seconds
[2024-08-09T07:54:12.160+0000] {processor.py:161} INFO - Started process (PID=1531) to work on /opt/airflow/dags/kafka_stream.py
[2024-08-09T07:54:12.161+0000] {processor.py:830} INFO - Processing file /opt/airflow/dags/kafka_stream.py for tasks to queue
[2024-08-09T07:54:12.162+0000] {logging_mixin.py:188} INFO - [2024-08-09T07:54:12.162+0000] {dagbag.py:545} INFO - Filling up the DagBag from /opt/airflow/dags/kafka_stream.py
[2024-08-09T07:54:12.196+0000] {processor.py:840} INFO - DAG(s) 'user_automation' retrieved from /opt/airflow/dags/kafka_stream.py
[2024-08-09T07:54:12.228+0000] {logging_mixin.py:188} INFO - [2024-08-09T07:54:12.228+0000] {dag.py:3089} INFO - Sync 1 DAGs
[2024-08-09T07:54:12.254+0000] {logging_mixin.py:188} INFO - [2024-08-09T07:54:12.254+0000] {dag.py:3947} INFO - Setting next_dagrun for user_automation to 2024-08-09 00:00:00+00:00, run_after=2024-08-10 00:00:00+00:00
[2024-08-09T07:54:12.293+0000] {processor.py:183} INFO - Processing /opt/airflow/dags/kafka_stream.py took 0.139 seconds
[2024-08-09T07:54:42.506+0000] {processor.py:161} INFO - Started process (PID=1547) to work on /opt/airflow/dags/kafka_stream.py
[2024-08-09T07:54:42.508+0000] {processor.py:830} INFO - Processing file /opt/airflow/dags/kafka_stream.py for tasks to queue
[2024-08-09T07:54:42.509+0000] {logging_mixin.py:188} INFO - [2024-08-09T07:54:42.508+0000] {dagbag.py:545} INFO - Filling up the DagBag from /opt/airflow/dags/kafka_stream.py
[2024-08-09T07:54:42.538+0000] {processor.py:840} INFO - DAG(s) 'user_automation' retrieved from /opt/airflow/dags/kafka_stream.py
[2024-08-09T07:54:42.569+0000] {logging_mixin.py:188} INFO - [2024-08-09T07:54:42.568+0000] {dag.py:3089} INFO - Sync 1 DAGs
[2024-08-09T07:54:42.593+0000] {logging_mixin.py:188} INFO - [2024-08-09T07:54:42.593+0000] {dag.py:3947} INFO - Setting next_dagrun for user_automation to 2024-08-09 00:00:00+00:00, run_after=2024-08-10 00:00:00+00:00
[2024-08-09T07:54:42.628+0000] {processor.py:183} INFO - Processing /opt/airflow/dags/kafka_stream.py took 0.129 seconds
[2024-08-09T07:55:12.808+0000] {processor.py:161} INFO - Started process (PID=1563) to work on /opt/airflow/dags/kafka_stream.py
[2024-08-09T07:55:12.809+0000] {processor.py:830} INFO - Processing file /opt/airflow/dags/kafka_stream.py for tasks to queue
[2024-08-09T07:55:12.810+0000] {logging_mixin.py:188} INFO - [2024-08-09T07:55:12.810+0000] {dagbag.py:545} INFO - Filling up the DagBag from /opt/airflow/dags/kafka_stream.py
[2024-08-09T07:55:12.841+0000] {processor.py:840} INFO - DAG(s) 'user_automation' retrieved from /opt/airflow/dags/kafka_stream.py
[2024-08-09T07:55:12.890+0000] {logging_mixin.py:188} INFO - [2024-08-09T07:55:12.889+0000] {dag.py:3089} INFO - Sync 1 DAGs
[2024-08-09T07:55:12.915+0000] {logging_mixin.py:188} INFO - [2024-08-09T07:55:12.915+0000] {dag.py:3947} INFO - Setting next_dagrun for user_automation to 2024-08-09 00:00:00+00:00, run_after=2024-08-10 00:00:00+00:00
[2024-08-09T07:55:12.937+0000] {processor.py:183} INFO - Processing /opt/airflow/dags/kafka_stream.py took 0.136 seconds
[2024-08-09T07:55:43.185+0000] {processor.py:161} INFO - Started process (PID=1579) to work on /opt/airflow/dags/kafka_stream.py
[2024-08-09T07:55:43.187+0000] {processor.py:830} INFO - Processing file /opt/airflow/dags/kafka_stream.py for tasks to queue
[2024-08-09T07:55:43.188+0000] {logging_mixin.py:188} INFO - [2024-08-09T07:55:43.187+0000] {dagbag.py:545} INFO - Filling up the DagBag from /opt/airflow/dags/kafka_stream.py
[2024-08-09T07:55:43.218+0000] {processor.py:840} INFO - DAG(s) 'user_automation' retrieved from /opt/airflow/dags/kafka_stream.py
[2024-08-09T07:55:43.249+0000] {logging_mixin.py:188} INFO - [2024-08-09T07:55:43.248+0000] {dag.py:3089} INFO - Sync 1 DAGs
[2024-08-09T07:55:43.274+0000] {logging_mixin.py:188} INFO - [2024-08-09T07:55:43.273+0000] {dag.py:3947} INFO - Setting next_dagrun for user_automation to 2024-08-09 00:00:00+00:00, run_after=2024-08-10 00:00:00+00:00
[2024-08-09T07:55:43.295+0000] {processor.py:183} INFO - Processing /opt/airflow/dags/kafka_stream.py took 0.116 seconds
[2024-08-09T07:56:13.551+0000] {processor.py:161} INFO - Started process (PID=1595) to work on /opt/airflow/dags/kafka_stream.py
[2024-08-09T07:56:13.552+0000] {processor.py:830} INFO - Processing file /opt/airflow/dags/kafka_stream.py for tasks to queue
[2024-08-09T07:56:13.554+0000] {logging_mixin.py:188} INFO - [2024-08-09T07:56:13.553+0000] {dagbag.py:545} INFO - Filling up the DagBag from /opt/airflow/dags/kafka_stream.py
[2024-08-09T07:56:13.588+0000] {processor.py:840} INFO - DAG(s) 'user_automation' retrieved from /opt/airflow/dags/kafka_stream.py
[2024-08-09T07:56:13.628+0000] {logging_mixin.py:188} INFO - [2024-08-09T07:56:13.627+0000] {dag.py:3089} INFO - Sync 1 DAGs
[2024-08-09T07:56:13.656+0000] {logging_mixin.py:188} INFO - [2024-08-09T07:56:13.656+0000] {dag.py:3947} INFO - Setting next_dagrun for user_automation to 2024-08-09 00:00:00+00:00, run_after=2024-08-10 00:00:00+00:00
[2024-08-09T07:56:13.698+0000] {processor.py:183} INFO - Processing /opt/airflow/dags/kafka_stream.py took 0.155 seconds
[2024-08-09T07:56:43.866+0000] {processor.py:161} INFO - Started process (PID=1611) to work on /opt/airflow/dags/kafka_stream.py
[2024-08-09T07:56:43.867+0000] {processor.py:830} INFO - Processing file /opt/airflow/dags/kafka_stream.py for tasks to queue
[2024-08-09T07:56:43.869+0000] {logging_mixin.py:188} INFO - [2024-08-09T07:56:43.868+0000] {dagbag.py:545} INFO - Filling up the DagBag from /opt/airflow/dags/kafka_stream.py
[2024-08-09T07:56:43.901+0000] {processor.py:840} INFO - DAG(s) 'user_automation' retrieved from /opt/airflow/dags/kafka_stream.py
[2024-08-09T07:56:43.946+0000] {logging_mixin.py:188} INFO - [2024-08-09T07:56:43.945+0000] {dag.py:3089} INFO - Sync 1 DAGs
[2024-08-09T07:56:43.986+0000] {logging_mixin.py:188} INFO - [2024-08-09T07:56:43.985+0000] {dag.py:3947} INFO - Setting next_dagrun for user_automation to 2024-08-09 00:00:00+00:00, run_after=2024-08-10 00:00:00+00:00
[2024-08-09T07:56:44.040+0000] {processor.py:183} INFO - Processing /opt/airflow/dags/kafka_stream.py took 0.182 seconds
[2024-08-09T07:57:14.263+0000] {processor.py:161} INFO - Started process (PID=1627) to work on /opt/airflow/dags/kafka_stream.py
[2024-08-09T07:57:14.264+0000] {processor.py:830} INFO - Processing file /opt/airflow/dags/kafka_stream.py for tasks to queue
[2024-08-09T07:57:14.267+0000] {logging_mixin.py:188} INFO - [2024-08-09T07:57:14.266+0000] {dagbag.py:545} INFO - Filling up the DagBag from /opt/airflow/dags/kafka_stream.py
[2024-08-09T07:57:14.304+0000] {processor.py:840} INFO - DAG(s) 'user_automation' retrieved from /opt/airflow/dags/kafka_stream.py
[2024-08-09T07:57:14.368+0000] {logging_mixin.py:188} INFO - [2024-08-09T07:57:14.367+0000] {dag.py:3089} INFO - Sync 1 DAGs
[2024-08-09T07:57:14.415+0000] {logging_mixin.py:188} INFO - [2024-08-09T07:57:14.414+0000] {dag.py:3947} INFO - Setting next_dagrun for user_automation to 2024-08-09 00:00:00+00:00, run_after=2024-08-10 00:00:00+00:00
[2024-08-09T07:57:14.459+0000] {processor.py:183} INFO - Processing /opt/airflow/dags/kafka_stream.py took 0.210 seconds
[2024-08-09T07:57:45.214+0000] {processor.py:161} INFO - Started process (PID=1643) to work on /opt/airflow/dags/kafka_stream.py
[2024-08-09T07:57:45.215+0000] {processor.py:830} INFO - Processing file /opt/airflow/dags/kafka_stream.py for tasks to queue
[2024-08-09T07:57:45.217+0000] {logging_mixin.py:188} INFO - [2024-08-09T07:57:45.216+0000] {dagbag.py:545} INFO - Filling up the DagBag from /opt/airflow/dags/kafka_stream.py
[2024-08-09T07:57:45.246+0000] {processor.py:840} INFO - DAG(s) 'user_automation' retrieved from /opt/airflow/dags/kafka_stream.py
[2024-08-09T07:57:45.280+0000] {logging_mixin.py:188} INFO - [2024-08-09T07:57:45.280+0000] {dag.py:3089} INFO - Sync 1 DAGs
[2024-08-09T07:57:45.309+0000] {logging_mixin.py:188} INFO - [2024-08-09T07:57:45.308+0000] {dag.py:3947} INFO - Setting next_dagrun for user_automation to 2024-08-09 00:00:00+00:00, run_after=2024-08-10 00:00:00+00:00
[2024-08-09T07:57:45.348+0000] {processor.py:183} INFO - Processing /opt/airflow/dags/kafka_stream.py took 0.140 seconds
[2024-08-09T07:58:15.745+0000] {processor.py:161} INFO - Started process (PID=1659) to work on /opt/airflow/dags/kafka_stream.py
[2024-08-09T07:58:15.746+0000] {processor.py:830} INFO - Processing file /opt/airflow/dags/kafka_stream.py for tasks to queue
[2024-08-09T07:58:15.747+0000] {logging_mixin.py:188} INFO - [2024-08-09T07:58:15.747+0000] {dagbag.py:545} INFO - Filling up the DagBag from /opt/airflow/dags/kafka_stream.py
[2024-08-09T07:58:15.783+0000] {processor.py:840} INFO - DAG(s) 'user_automation' retrieved from /opt/airflow/dags/kafka_stream.py
[2024-08-09T07:58:15.818+0000] {logging_mixin.py:188} INFO - [2024-08-09T07:58:15.818+0000] {dag.py:3089} INFO - Sync 1 DAGs
[2024-08-09T07:58:15.845+0000] {logging_mixin.py:188} INFO - [2024-08-09T07:58:15.845+0000] {dag.py:3947} INFO - Setting next_dagrun for user_automation to 2024-08-09 00:00:00+00:00, run_after=2024-08-10 00:00:00+00:00
[2024-08-09T07:58:15.885+0000] {processor.py:183} INFO - Processing /opt/airflow/dags/kafka_stream.py took 0.146 seconds
[2024-08-09T07:58:46.054+0000] {processor.py:161} INFO - Started process (PID=1675) to work on /opt/airflow/dags/kafka_stream.py
[2024-08-09T07:58:46.056+0000] {processor.py:830} INFO - Processing file /opt/airflow/dags/kafka_stream.py for tasks to queue
[2024-08-09T07:58:46.058+0000] {logging_mixin.py:188} INFO - [2024-08-09T07:58:46.057+0000] {dagbag.py:545} INFO - Filling up the DagBag from /opt/airflow/dags/kafka_stream.py
[2024-08-09T07:58:46.092+0000] {processor.py:840} INFO - DAG(s) 'user_automation' retrieved from /opt/airflow/dags/kafka_stream.py
[2024-08-09T07:58:46.132+0000] {logging_mixin.py:188} INFO - [2024-08-09T07:58:46.132+0000] {dag.py:3089} INFO - Sync 1 DAGs
[2024-08-09T07:58:46.157+0000] {logging_mixin.py:188} INFO - [2024-08-09T07:58:46.157+0000] {dag.py:3947} INFO - Setting next_dagrun for user_automation to 2024-08-09 00:00:00+00:00, run_after=2024-08-10 00:00:00+00:00
[2024-08-09T07:58:46.179+0000] {processor.py:183} INFO - Processing /opt/airflow/dags/kafka_stream.py took 0.131 seconds
[2024-08-09T07:59:16.933+0000] {processor.py:161} INFO - Started process (PID=1691) to work on /opt/airflow/dags/kafka_stream.py
[2024-08-09T07:59:16.935+0000] {processor.py:830} INFO - Processing file /opt/airflow/dags/kafka_stream.py for tasks to queue
[2024-08-09T07:59:16.936+0000] {logging_mixin.py:188} INFO - [2024-08-09T07:59:16.936+0000] {dagbag.py:545} INFO - Filling up the DagBag from /opt/airflow/dags/kafka_stream.py
[2024-08-09T07:59:16.968+0000] {processor.py:840} INFO - DAG(s) 'user_automation' retrieved from /opt/airflow/dags/kafka_stream.py
[2024-08-09T07:59:17.008+0000] {logging_mixin.py:188} INFO - [2024-08-09T07:59:17.008+0000] {dag.py:3089} INFO - Sync 1 DAGs
[2024-08-09T07:59:17.035+0000] {logging_mixin.py:188} INFO - [2024-08-09T07:59:17.035+0000] {dag.py:3947} INFO - Setting next_dagrun for user_automation to 2024-08-09 00:00:00+00:00, run_after=2024-08-10 00:00:00+00:00
[2024-08-09T07:59:17.068+0000] {processor.py:183} INFO - Processing /opt/airflow/dags/kafka_stream.py took 0.141 seconds
[2024-08-09T07:59:47.372+0000] {processor.py:161} INFO - Started process (PID=1707) to work on /opt/airflow/dags/kafka_stream.py
[2024-08-09T07:59:47.373+0000] {processor.py:830} INFO - Processing file /opt/airflow/dags/kafka_stream.py for tasks to queue
[2024-08-09T07:59:47.374+0000] {logging_mixin.py:188} INFO - [2024-08-09T07:59:47.374+0000] {dagbag.py:545} INFO - Filling up the DagBag from /opt/airflow/dags/kafka_stream.py
[2024-08-09T07:59:47.405+0000] {processor.py:840} INFO - DAG(s) 'user_automation' retrieved from /opt/airflow/dags/kafka_stream.py
[2024-08-09T07:59:47.437+0000] {logging_mixin.py:188} INFO - [2024-08-09T07:59:47.437+0000] {dag.py:3089} INFO - Sync 1 DAGs
[2024-08-09T07:59:47.460+0000] {logging_mixin.py:188} INFO - [2024-08-09T07:59:47.459+0000] {dag.py:3947} INFO - Setting next_dagrun for user_automation to 2024-08-09 00:00:00+00:00, run_after=2024-08-10 00:00:00+00:00
[2024-08-09T07:59:47.493+0000] {processor.py:183} INFO - Processing /opt/airflow/dags/kafka_stream.py took 0.126 seconds
[2024-08-09T08:00:17.733+0000] {processor.py:161} INFO - Started process (PID=1723) to work on /opt/airflow/dags/kafka_stream.py
[2024-08-09T08:00:17.734+0000] {processor.py:830} INFO - Processing file /opt/airflow/dags/kafka_stream.py for tasks to queue
[2024-08-09T08:00:17.735+0000] {logging_mixin.py:188} INFO - [2024-08-09T08:00:17.735+0000] {dagbag.py:545} INFO - Filling up the DagBag from /opt/airflow/dags/kafka_stream.py
[2024-08-09T08:00:17.765+0000] {processor.py:840} INFO - DAG(s) 'user_automation' retrieved from /opt/airflow/dags/kafka_stream.py
[2024-08-09T08:00:17.796+0000] {logging_mixin.py:188} INFO - [2024-08-09T08:00:17.796+0000] {dag.py:3089} INFO - Sync 1 DAGs
[2024-08-09T08:00:17.820+0000] {logging_mixin.py:188} INFO - [2024-08-09T08:00:17.820+0000] {dag.py:3947} INFO - Setting next_dagrun for user_automation to 2024-08-09 00:00:00+00:00, run_after=2024-08-10 00:00:00+00:00
[2024-08-09T08:00:17.841+0000] {processor.py:183} INFO - Processing /opt/airflow/dags/kafka_stream.py took 0.114 seconds
[2024-08-09T08:00:48.258+0000] {processor.py:161} INFO - Started process (PID=1736) to work on /opt/airflow/dags/kafka_stream.py
[2024-08-09T08:00:48.259+0000] {processor.py:830} INFO - Processing file /opt/airflow/dags/kafka_stream.py for tasks to queue
[2024-08-09T08:00:48.260+0000] {logging_mixin.py:188} INFO - [2024-08-09T08:00:48.260+0000] {dagbag.py:545} INFO - Filling up the DagBag from /opt/airflow/dags/kafka_stream.py
[2024-08-09T08:00:48.288+0000] {processor.py:840} INFO - DAG(s) 'user_automation' retrieved from /opt/airflow/dags/kafka_stream.py
[2024-08-09T08:00:48.322+0000] {logging_mixin.py:188} INFO - [2024-08-09T08:00:48.322+0000] {dag.py:3089} INFO - Sync 1 DAGs
[2024-08-09T08:00:48.361+0000] {logging_mixin.py:188} INFO - [2024-08-09T08:00:48.360+0000] {dag.py:3947} INFO - Setting next_dagrun for user_automation to 2024-08-09 00:00:00+00:00, run_after=2024-08-10 00:00:00+00:00
[2024-08-09T08:00:48.382+0000] {processor.py:183} INFO - Processing /opt/airflow/dags/kafka_stream.py took 0.133 seconds
[2024-08-09T08:01:18.530+0000] {processor.py:161} INFO - Started process (PID=1749) to work on /opt/airflow/dags/kafka_stream.py
[2024-08-09T08:01:18.531+0000] {processor.py:830} INFO - Processing file /opt/airflow/dags/kafka_stream.py for tasks to queue
[2024-08-09T08:01:18.532+0000] {logging_mixin.py:188} INFO - [2024-08-09T08:01:18.532+0000] {dagbag.py:545} INFO - Filling up the DagBag from /opt/airflow/dags/kafka_stream.py
[2024-08-09T08:01:18.560+0000] {processor.py:840} INFO - DAG(s) 'user_automation' retrieved from /opt/airflow/dags/kafka_stream.py
[2024-08-09T08:01:18.589+0000] {logging_mixin.py:188} INFO - [2024-08-09T08:01:18.589+0000] {dag.py:3089} INFO - Sync 1 DAGs
[2024-08-09T08:01:18.612+0000] {logging_mixin.py:188} INFO - [2024-08-09T08:01:18.611+0000] {dag.py:3947} INFO - Setting next_dagrun for user_automation to 2024-08-09 00:00:00+00:00, run_after=2024-08-10 00:00:00+00:00
[2024-08-09T08:01:18.632+0000] {processor.py:183} INFO - Processing /opt/airflow/dags/kafka_stream.py took 0.108 seconds
[2024-08-09T08:01:49.041+0000] {processor.py:161} INFO - Started process (PID=1765) to work on /opt/airflow/dags/kafka_stream.py
[2024-08-09T08:01:49.042+0000] {processor.py:830} INFO - Processing file /opt/airflow/dags/kafka_stream.py for tasks to queue
[2024-08-09T08:01:49.043+0000] {logging_mixin.py:188} INFO - [2024-08-09T08:01:49.043+0000] {dagbag.py:545} INFO - Filling up the DagBag from /opt/airflow/dags/kafka_stream.py
[2024-08-09T08:01:49.075+0000] {processor.py:840} INFO - DAG(s) 'user_automation' retrieved from /opt/airflow/dags/kafka_stream.py
[2024-08-09T08:01:49.106+0000] {logging_mixin.py:188} INFO - [2024-08-09T08:01:49.106+0000] {dag.py:3089} INFO - Sync 1 DAGs
[2024-08-09T08:01:49.134+0000] {logging_mixin.py:188} INFO - [2024-08-09T08:01:49.133+0000] {dag.py:3947} INFO - Setting next_dagrun for user_automation to 2024-08-09 00:00:00+00:00, run_after=2024-08-10 00:00:00+00:00
[2024-08-09T08:01:49.174+0000] {processor.py:183} INFO - Processing /opt/airflow/dags/kafka_stream.py took 0.139 seconds
[2024-08-09T08:02:19.479+0000] {processor.py:161} INFO - Started process (PID=1797) to work on /opt/airflow/dags/kafka_stream.py
[2024-08-09T08:02:19.481+0000] {processor.py:830} INFO - Processing file /opt/airflow/dags/kafka_stream.py for tasks to queue
[2024-08-09T08:02:19.483+0000] {logging_mixin.py:188} INFO - [2024-08-09T08:02:19.482+0000] {dagbag.py:545} INFO - Filling up the DagBag from /opt/airflow/dags/kafka_stream.py
[2024-08-09T08:02:19.536+0000] {processor.py:840} INFO - DAG(s) 'user_automation' retrieved from /opt/airflow/dags/kafka_stream.py
[2024-08-09T08:02:19.609+0000] {logging_mixin.py:188} INFO - [2024-08-09T08:02:19.609+0000] {dag.py:3089} INFO - Sync 1 DAGs
[2024-08-09T08:02:19.700+0000] {logging_mixin.py:188} INFO - [2024-08-09T08:02:19.699+0000] {dag.py:3947} INFO - Setting next_dagrun for user_automation to 2024-08-09 00:00:00+00:00, run_after=2024-08-10 00:00:00+00:00
[2024-08-09T08:02:19.743+0000] {processor.py:183} INFO - Processing /opt/airflow/dags/kafka_stream.py took 0.282 seconds
[2024-08-09T08:02:50.180+0000] {processor.py:161} INFO - Started process (PID=1815) to work on /opt/airflow/dags/kafka_stream.py
[2024-08-09T08:02:50.182+0000] {processor.py:830} INFO - Processing file /opt/airflow/dags/kafka_stream.py for tasks to queue
[2024-08-09T08:02:50.183+0000] {logging_mixin.py:188} INFO - [2024-08-09T08:02:50.183+0000] {dagbag.py:545} INFO - Filling up the DagBag from /opt/airflow/dags/kafka_stream.py
[2024-08-09T08:02:50.227+0000] {processor.py:840} INFO - DAG(s) 'user_automation' retrieved from /opt/airflow/dags/kafka_stream.py
[2024-08-09T08:02:50.269+0000] {logging_mixin.py:188} INFO - [2024-08-09T08:02:50.269+0000] {dag.py:3089} INFO - Sync 1 DAGs
[2024-08-09T08:02:50.324+0000] {logging_mixin.py:188} INFO - [2024-08-09T08:02:50.324+0000] {dag.py:3947} INFO - Setting next_dagrun for user_automation to 2024-08-09 00:00:00+00:00, run_after=2024-08-10 00:00:00+00:00
[2024-08-09T08:02:50.353+0000] {processor.py:183} INFO - Processing /opt/airflow/dags/kafka_stream.py took 0.180 seconds
[2024-08-09T08:03:20.558+0000] {processor.py:161} INFO - Started process (PID=1831) to work on /opt/airflow/dags/kafka_stream.py
[2024-08-09T08:03:20.559+0000] {processor.py:830} INFO - Processing file /opt/airflow/dags/kafka_stream.py for tasks to queue
[2024-08-09T08:03:20.560+0000] {logging_mixin.py:188} INFO - [2024-08-09T08:03:20.560+0000] {dagbag.py:545} INFO - Filling up the DagBag from /opt/airflow/dags/kafka_stream.py
[2024-08-09T08:03:20.598+0000] {processor.py:840} INFO - DAG(s) 'user_automation' retrieved from /opt/airflow/dags/kafka_stream.py
[2024-08-09T08:03:20.642+0000] {logging_mixin.py:188} INFO - [2024-08-09T08:03:20.641+0000] {dag.py:3089} INFO - Sync 1 DAGs
[2024-08-09T08:03:20.675+0000] {logging_mixin.py:188} INFO - [2024-08-09T08:03:20.675+0000] {dag.py:3947} INFO - Setting next_dagrun for user_automation to 2024-08-09 00:00:00+00:00, run_after=2024-08-10 00:00:00+00:00
[2024-08-09T08:03:20.719+0000] {processor.py:183} INFO - Processing /opt/airflow/dags/kafka_stream.py took 0.169 seconds
[2024-08-09T08:03:51.137+0000] {processor.py:161} INFO - Started process (PID=1847) to work on /opt/airflow/dags/kafka_stream.py
[2024-08-09T08:03:51.139+0000] {processor.py:830} INFO - Processing file /opt/airflow/dags/kafka_stream.py for tasks to queue
[2024-08-09T08:03:51.140+0000] {logging_mixin.py:188} INFO - [2024-08-09T08:03:51.140+0000] {dagbag.py:545} INFO - Filling up the DagBag from /opt/airflow/dags/kafka_stream.py
[2024-08-09T08:03:51.169+0000] {processor.py:840} INFO - DAG(s) 'user_automation' retrieved from /opt/airflow/dags/kafka_stream.py
[2024-08-09T08:03:51.212+0000] {logging_mixin.py:188} INFO - [2024-08-09T08:03:51.212+0000] {dag.py:3089} INFO - Sync 1 DAGs
[2024-08-09T08:03:51.243+0000] {logging_mixin.py:188} INFO - [2024-08-09T08:03:51.243+0000] {dag.py:3947} INFO - Setting next_dagrun for user_automation to 2024-08-09 00:00:00+00:00, run_after=2024-08-10 00:00:00+00:00
[2024-08-09T08:03:51.267+0000] {processor.py:183} INFO - Processing /opt/airflow/dags/kafka_stream.py took 0.142 seconds
[2024-08-09T08:04:21.662+0000] {processor.py:161} INFO - Started process (PID=1863) to work on /opt/airflow/dags/kafka_stream.py
[2024-08-09T08:04:21.663+0000] {processor.py:830} INFO - Processing file /opt/airflow/dags/kafka_stream.py for tasks to queue
[2024-08-09T08:04:21.665+0000] {logging_mixin.py:188} INFO - [2024-08-09T08:04:21.664+0000] {dagbag.py:545} INFO - Filling up the DagBag from /opt/airflow/dags/kafka_stream.py
[2024-08-09T08:04:21.701+0000] {processor.py:840} INFO - DAG(s) 'user_automation' retrieved from /opt/airflow/dags/kafka_stream.py
[2024-08-09T08:04:21.772+0000] {logging_mixin.py:188} INFO - [2024-08-09T08:04:21.771+0000] {dag.py:3089} INFO - Sync 1 DAGs
[2024-08-09T08:04:21.818+0000] {logging_mixin.py:188} INFO - [2024-08-09T08:04:21.817+0000] {dag.py:3947} INFO - Setting next_dagrun for user_automation to 2024-08-09 00:00:00+00:00, run_after=2024-08-10 00:00:00+00:00
[2024-08-09T08:04:21.866+0000] {processor.py:183} INFO - Processing /opt/airflow/dags/kafka_stream.py took 0.213 seconds
[2024-08-09T08:04:52.287+0000] {processor.py:161} INFO - Started process (PID=1879) to work on /opt/airflow/dags/kafka_stream.py
[2024-08-09T08:04:52.288+0000] {processor.py:830} INFO - Processing file /opt/airflow/dags/kafka_stream.py for tasks to queue
[2024-08-09T08:04:52.290+0000] {logging_mixin.py:188} INFO - [2024-08-09T08:04:52.290+0000] {dagbag.py:545} INFO - Filling up the DagBag from /opt/airflow/dags/kafka_stream.py
[2024-08-09T08:04:52.321+0000] {processor.py:840} INFO - DAG(s) 'user_automation' retrieved from /opt/airflow/dags/kafka_stream.py
[2024-08-09T08:04:52.355+0000] {logging_mixin.py:188} INFO - [2024-08-09T08:04:52.354+0000] {dag.py:3089} INFO - Sync 1 DAGs
[2024-08-09T08:04:52.379+0000] {logging_mixin.py:188} INFO - [2024-08-09T08:04:52.379+0000] {dag.py:3947} INFO - Setting next_dagrun for user_automation to 2024-08-09 00:00:00+00:00, run_after=2024-08-10 00:00:00+00:00
[2024-08-09T08:04:52.420+0000] {processor.py:183} INFO - Processing /opt/airflow/dags/kafka_stream.py took 0.139 seconds
[2024-08-09T08:05:22.569+0000] {processor.py:161} INFO - Started process (PID=1928) to work on /opt/airflow/dags/kafka_stream.py
[2024-08-09T08:05:22.570+0000] {processor.py:830} INFO - Processing file /opt/airflow/dags/kafka_stream.py for tasks to queue
[2024-08-09T08:05:22.587+0000] {logging_mixin.py:188} INFO - [2024-08-09T08:05:22.587+0000] {dagbag.py:545} INFO - Filling up the DagBag from /opt/airflow/dags/kafka_stream.py
[2024-08-09T08:05:22.618+0000] {processor.py:840} INFO - DAG(s) 'user_automation' retrieved from /opt/airflow/dags/kafka_stream.py
[2024-08-09T08:05:22.649+0000] {logging_mixin.py:188} INFO - [2024-08-09T08:05:22.649+0000] {dag.py:3089} INFO - Sync 1 DAGs
[2024-08-09T08:05:22.674+0000] {logging_mixin.py:188} INFO - [2024-08-09T08:05:22.674+0000] {dag.py:3947} INFO - Setting next_dagrun for user_automation to 2024-08-09 00:00:00+00:00, run_after=2024-08-10 00:00:00+00:00
[2024-08-09T08:05:22.698+0000] {processor.py:183} INFO - Processing /opt/airflow/dags/kafka_stream.py took 0.134 seconds
[2024-08-09T08:05:53.286+0000] {processor.py:161} INFO - Started process (PID=1957) to work on /opt/airflow/dags/kafka_stream.py
[2024-08-09T08:05:53.292+0000] {processor.py:830} INFO - Processing file /opt/airflow/dags/kafka_stream.py for tasks to queue
[2024-08-09T08:05:53.294+0000] {logging_mixin.py:188} INFO - [2024-08-09T08:05:53.293+0000] {dagbag.py:545} INFO - Filling up the DagBag from /opt/airflow/dags/kafka_stream.py
[2024-08-09T08:05:53.369+0000] {processor.py:840} INFO - DAG(s) 'user_automation' retrieved from /opt/airflow/dags/kafka_stream.py
[2024-08-09T08:05:53.476+0000] {logging_mixin.py:188} INFO - [2024-08-09T08:05:53.476+0000] {dag.py:3089} INFO - Sync 1 DAGs
[2024-08-09T08:05:53.539+0000] {logging_mixin.py:188} INFO - [2024-08-09T08:05:53.539+0000] {dag.py:3947} INFO - Setting next_dagrun for user_automation to 2024-08-09 00:00:00+00:00, run_after=2024-08-10 00:00:00+00:00
[2024-08-09T08:05:53.615+0000] {processor.py:183} INFO - Processing /opt/airflow/dags/kafka_stream.py took 0.348 seconds
[2024-08-09T08:06:24.013+0000] {processor.py:161} INFO - Started process (PID=1974) to work on /opt/airflow/dags/kafka_stream.py
[2024-08-09T08:06:24.015+0000] {processor.py:830} INFO - Processing file /opt/airflow/dags/kafka_stream.py for tasks to queue
[2024-08-09T08:06:24.016+0000] {logging_mixin.py:188} INFO - [2024-08-09T08:06:24.016+0000] {dagbag.py:545} INFO - Filling up the DagBag from /opt/airflow/dags/kafka_stream.py
[2024-08-09T08:06:24.056+0000] {processor.py:840} INFO - DAG(s) 'user_automation' retrieved from /opt/airflow/dags/kafka_stream.py
[2024-08-09T08:06:24.116+0000] {logging_mixin.py:188} INFO - [2024-08-09T08:06:24.116+0000] {dag.py:3089} INFO - Sync 1 DAGs
[2024-08-09T08:06:24.211+0000] {logging_mixin.py:188} INFO - [2024-08-09T08:06:24.211+0000] {dag.py:3947} INFO - Setting next_dagrun for user_automation to 2024-08-09 00:00:00+00:00, run_after=2024-08-10 00:00:00+00:00
[2024-08-09T08:06:24.276+0000] {processor.py:183} INFO - Processing /opt/airflow/dags/kafka_stream.py took 0.270 seconds
[2024-08-09T08:06:54.486+0000] {processor.py:161} INFO - Started process (PID=1994) to work on /opt/airflow/dags/kafka_stream.py
[2024-08-09T08:06:54.488+0000] {processor.py:830} INFO - Processing file /opt/airflow/dags/kafka_stream.py for tasks to queue
[2024-08-09T08:06:54.490+0000] {logging_mixin.py:188} INFO - [2024-08-09T08:06:54.489+0000] {dagbag.py:545} INFO - Filling up the DagBag from /opt/airflow/dags/kafka_stream.py
[2024-08-09T08:06:54.541+0000] {processor.py:840} INFO - DAG(s) 'user_automation' retrieved from /opt/airflow/dags/kafka_stream.py
[2024-08-09T08:06:54.606+0000] {logging_mixin.py:188} INFO - [2024-08-09T08:06:54.605+0000] {dag.py:3089} INFO - Sync 1 DAGs
[2024-08-09T08:06:54.705+0000] {logging_mixin.py:188} INFO - [2024-08-09T08:06:54.704+0000] {dag.py:3947} INFO - Setting next_dagrun for user_automation to 2024-08-09 00:00:00+00:00, run_after=2024-08-10 00:00:00+00:00
[2024-08-09T08:06:54.795+0000] {processor.py:183} INFO - Processing /opt/airflow/dags/kafka_stream.py took 0.320 seconds
[2024-08-09T08:07:25.093+0000] {processor.py:161} INFO - Started process (PID=2021) to work on /opt/airflow/dags/kafka_stream.py
[2024-08-09T08:07:25.094+0000] {processor.py:830} INFO - Processing file /opt/airflow/dags/kafka_stream.py for tasks to queue
[2024-08-09T08:07:25.096+0000] {logging_mixin.py:188} INFO - [2024-08-09T08:07:25.095+0000] {dagbag.py:545} INFO - Filling up the DagBag from /opt/airflow/dags/kafka_stream.py
[2024-08-09T08:07:25.133+0000] {processor.py:840} INFO - DAG(s) 'user_automation' retrieved from /opt/airflow/dags/kafka_stream.py
[2024-08-09T08:07:25.180+0000] {logging_mixin.py:188} INFO - [2024-08-09T08:07:25.179+0000] {dag.py:3089} INFO - Sync 1 DAGs
[2024-08-09T08:07:25.211+0000] {logging_mixin.py:188} INFO - [2024-08-09T08:07:25.211+0000] {dag.py:3947} INFO - Setting next_dagrun for user_automation to 2024-08-09 00:00:00+00:00, run_after=2024-08-10 00:00:00+00:00
[2024-08-09T08:07:25.240+0000] {processor.py:183} INFO - Processing /opt/airflow/dags/kafka_stream.py took 0.155 seconds
[2024-08-09T08:07:55.486+0000] {processor.py:161} INFO - Started process (PID=2065) to work on /opt/airflow/dags/kafka_stream.py
[2024-08-09T08:07:55.487+0000] {processor.py:830} INFO - Processing file /opt/airflow/dags/kafka_stream.py for tasks to queue
[2024-08-09T08:07:55.489+0000] {logging_mixin.py:188} INFO - [2024-08-09T08:07:55.489+0000] {dagbag.py:545} INFO - Filling up the DagBag from /opt/airflow/dags/kafka_stream.py
[2024-08-09T08:07:55.517+0000] {processor.py:840} INFO - DAG(s) 'user_automation' retrieved from /opt/airflow/dags/kafka_stream.py
[2024-08-09T08:07:55.549+0000] {logging_mixin.py:188} INFO - [2024-08-09T08:07:55.549+0000] {dag.py:3089} INFO - Sync 1 DAGs
[2024-08-09T08:07:55.574+0000] {logging_mixin.py:188} INFO - [2024-08-09T08:07:55.573+0000] {dag.py:3947} INFO - Setting next_dagrun for user_automation to 2024-08-09 00:00:00+00:00, run_after=2024-08-10 00:00:00+00:00
[2024-08-09T08:07:55.615+0000] {processor.py:183} INFO - Processing /opt/airflow/dags/kafka_stream.py took 0.136 seconds
[2024-08-09T08:08:25.992+0000] {processor.py:161} INFO - Started process (PID=2081) to work on /opt/airflow/dags/kafka_stream.py
[2024-08-09T08:08:25.993+0000] {processor.py:830} INFO - Processing file /opt/airflow/dags/kafka_stream.py for tasks to queue
[2024-08-09T08:08:25.994+0000] {logging_mixin.py:188} INFO - [2024-08-09T08:08:25.994+0000] {dagbag.py:545} INFO - Filling up the DagBag from /opt/airflow/dags/kafka_stream.py
[2024-08-09T08:08:26.025+0000] {processor.py:840} INFO - DAG(s) 'user_automation' retrieved from /opt/airflow/dags/kafka_stream.py
[2024-08-09T08:08:26.067+0000] {logging_mixin.py:188} INFO - [2024-08-09T08:08:26.067+0000] {dag.py:3089} INFO - Sync 1 DAGs
[2024-08-09T08:08:26.093+0000] {logging_mixin.py:188} INFO - [2024-08-09T08:08:26.093+0000] {dag.py:3947} INFO - Setting next_dagrun for user_automation to 2024-08-09 00:00:00+00:00, run_after=2024-08-10 00:00:00+00:00
[2024-08-09T08:08:26.117+0000] {processor.py:183} INFO - Processing /opt/airflow/dags/kafka_stream.py took 0.131 seconds
[2024-08-09T08:08:56.463+0000] {processor.py:161} INFO - Started process (PID=2097) to work on /opt/airflow/dags/kafka_stream.py
[2024-08-09T08:08:56.464+0000] {processor.py:830} INFO - Processing file /opt/airflow/dags/kafka_stream.py for tasks to queue
[2024-08-09T08:08:56.465+0000] {logging_mixin.py:188} INFO - [2024-08-09T08:08:56.465+0000] {dagbag.py:545} INFO - Filling up the DagBag from /opt/airflow/dags/kafka_stream.py
[2024-08-09T08:08:56.495+0000] {processor.py:840} INFO - DAG(s) 'user_automation' retrieved from /opt/airflow/dags/kafka_stream.py
[2024-08-09T08:08:56.524+0000] {logging_mixin.py:188} INFO - [2024-08-09T08:08:56.524+0000] {dag.py:3089} INFO - Sync 1 DAGs
[2024-08-09T08:08:56.547+0000] {logging_mixin.py:188} INFO - [2024-08-09T08:08:56.547+0000] {dag.py:3947} INFO - Setting next_dagrun for user_automation to 2024-08-09 00:00:00+00:00, run_after=2024-08-10 00:00:00+00:00
[2024-08-09T08:08:56.585+0000] {processor.py:183} INFO - Processing /opt/airflow/dags/kafka_stream.py took 0.128 seconds
[2024-08-09T08:09:26.967+0000] {processor.py:161} INFO - Started process (PID=2131) to work on /opt/airflow/dags/kafka_stream.py
[2024-08-09T08:09:26.968+0000] {processor.py:830} INFO - Processing file /opt/airflow/dags/kafka_stream.py for tasks to queue
[2024-08-09T08:09:26.969+0000] {logging_mixin.py:188} INFO - [2024-08-09T08:09:26.969+0000] {dagbag.py:545} INFO - Filling up the DagBag from /opt/airflow/dags/kafka_stream.py
[2024-08-09T08:09:27.000+0000] {processor.py:840} INFO - DAG(s) 'user_automation' retrieved from /opt/airflow/dags/kafka_stream.py
[2024-08-09T08:09:27.035+0000] {logging_mixin.py:188} INFO - [2024-08-09T08:09:27.034+0000] {dag.py:3089} INFO - Sync 1 DAGs
[2024-08-09T08:09:27.058+0000] {logging_mixin.py:188} INFO - [2024-08-09T08:09:27.057+0000] {dag.py:3947} INFO - Setting next_dagrun for user_automation to 2024-08-09 00:00:00+00:00, run_after=2024-08-10 00:00:00+00:00
[2024-08-09T08:09:27.079+0000] {processor.py:183} INFO - Processing /opt/airflow/dags/kafka_stream.py took 0.118 seconds
[2024-08-09T08:09:57.491+0000] {processor.py:161} INFO - Started process (PID=2171) to work on /opt/airflow/dags/kafka_stream.py
[2024-08-09T08:09:57.492+0000] {processor.py:830} INFO - Processing file /opt/airflow/dags/kafka_stream.py for tasks to queue
[2024-08-09T08:09:57.493+0000] {logging_mixin.py:188} INFO - [2024-08-09T08:09:57.493+0000] {dagbag.py:545} INFO - Filling up the DagBag from /opt/airflow/dags/kafka_stream.py
[2024-08-09T08:09:57.525+0000] {processor.py:840} INFO - DAG(s) 'user_automation' retrieved from /opt/airflow/dags/kafka_stream.py
[2024-08-09T08:09:57.580+0000] {logging_mixin.py:188} INFO - [2024-08-09T08:09:57.580+0000] {dag.py:3089} INFO - Sync 1 DAGs
[2024-08-09T08:09:57.614+0000] {logging_mixin.py:188} INFO - [2024-08-09T08:09:57.614+0000] {dag.py:3947} INFO - Setting next_dagrun for user_automation to 2024-08-09 00:00:00+00:00, run_after=2024-08-10 00:00:00+00:00
[2024-08-09T08:09:57.641+0000] {processor.py:183} INFO - Processing /opt/airflow/dags/kafka_stream.py took 0.156 seconds
[2024-08-09T08:10:28.047+0000] {processor.py:161} INFO - Started process (PID=2198) to work on /opt/airflow/dags/kafka_stream.py
[2024-08-09T08:10:28.048+0000] {processor.py:830} INFO - Processing file /opt/airflow/dags/kafka_stream.py for tasks to queue
[2024-08-09T08:10:28.049+0000] {logging_mixin.py:188} INFO - [2024-08-09T08:10:28.049+0000] {dagbag.py:545} INFO - Filling up the DagBag from /opt/airflow/dags/kafka_stream.py
[2024-08-09T08:10:28.081+0000] {processor.py:840} INFO - DAG(s) 'user_automation' retrieved from /opt/airflow/dags/kafka_stream.py
[2024-08-09T08:10:28.119+0000] {logging_mixin.py:188} INFO - [2024-08-09T08:10:28.119+0000] {dag.py:3089} INFO - Sync 1 DAGs
[2024-08-09T08:10:28.147+0000] {logging_mixin.py:188} INFO - [2024-08-09T08:10:28.147+0000] {dag.py:3947} INFO - Setting next_dagrun for user_automation to 2024-08-09 00:00:00+00:00, run_after=2024-08-10 00:00:00+00:00
[2024-08-09T08:10:28.188+0000] {processor.py:183} INFO - Processing /opt/airflow/dags/kafka_stream.py took 0.146 seconds
[2024-08-09T08:10:58.691+0000] {processor.py:161} INFO - Started process (PID=2226) to work on /opt/airflow/dags/kafka_stream.py
[2024-08-09T08:10:58.692+0000] {processor.py:830} INFO - Processing file /opt/airflow/dags/kafka_stream.py for tasks to queue
[2024-08-09T08:10:58.693+0000] {logging_mixin.py:188} INFO - [2024-08-09T08:10:58.692+0000] {dagbag.py:545} INFO - Filling up the DagBag from /opt/airflow/dags/kafka_stream.py
[2024-08-09T08:10:58.721+0000] {processor.py:840} INFO - DAG(s) 'user_automation' retrieved from /opt/airflow/dags/kafka_stream.py
[2024-08-09T08:10:58.752+0000] {logging_mixin.py:188} INFO - [2024-08-09T08:10:58.752+0000] {dag.py:3089} INFO - Sync 1 DAGs
[2024-08-09T08:10:58.774+0000] {logging_mixin.py:188} INFO - [2024-08-09T08:10:58.774+0000] {dag.py:3947} INFO - Setting next_dagrun for user_automation to 2024-08-09 00:00:00+00:00, run_after=2024-08-10 00:00:00+00:00
[2024-08-09T08:10:58.817+0000] {processor.py:183} INFO - Processing /opt/airflow/dags/kafka_stream.py took 0.132 seconds
[2024-08-09T08:11:29.246+0000] {processor.py:161} INFO - Started process (PID=2242) to work on /opt/airflow/dags/kafka_stream.py
[2024-08-09T08:11:29.247+0000] {processor.py:830} INFO - Processing file /opt/airflow/dags/kafka_stream.py for tasks to queue
[2024-08-09T08:11:29.248+0000] {logging_mixin.py:188} INFO - [2024-08-09T08:11:29.248+0000] {dagbag.py:545} INFO - Filling up the DagBag from /opt/airflow/dags/kafka_stream.py
[2024-08-09T08:11:29.278+0000] {processor.py:840} INFO - DAG(s) 'user_automation' retrieved from /opt/airflow/dags/kafka_stream.py
[2024-08-09T08:11:29.311+0000] {logging_mixin.py:188} INFO - [2024-08-09T08:11:29.311+0000] {dag.py:3089} INFO - Sync 1 DAGs
[2024-08-09T08:11:29.343+0000] {logging_mixin.py:188} INFO - [2024-08-09T08:11:29.343+0000] {dag.py:3947} INFO - Setting next_dagrun for user_automation to 2024-08-09 00:00:00+00:00, run_after=2024-08-10 00:00:00+00:00
[2024-08-09T08:11:29.365+0000] {processor.py:183} INFO - Processing /opt/airflow/dags/kafka_stream.py took 0.125 seconds
[2024-08-09T08:11:59.459+0000] {processor.py:161} INFO - Started process (PID=2271) to work on /opt/airflow/dags/kafka_stream.py
[2024-08-09T08:11:59.460+0000] {processor.py:830} INFO - Processing file /opt/airflow/dags/kafka_stream.py for tasks to queue
[2024-08-09T08:11:59.462+0000] {logging_mixin.py:188} INFO - [2024-08-09T08:11:59.461+0000] {dagbag.py:545} INFO - Filling up the DagBag from /opt/airflow/dags/kafka_stream.py
[2024-08-09T08:11:59.496+0000] {processor.py:840} INFO - DAG(s) 'user_automation' retrieved from /opt/airflow/dags/kafka_stream.py
[2024-08-09T08:11:59.535+0000] {logging_mixin.py:188} INFO - [2024-08-09T08:11:59.535+0000] {dag.py:3089} INFO - Sync 1 DAGs
[2024-08-09T08:11:59.566+0000] {logging_mixin.py:188} INFO - [2024-08-09T08:11:59.566+0000] {dag.py:3947} INFO - Setting next_dagrun for user_automation to 2024-08-09 00:00:00+00:00, run_after=2024-08-10 00:00:00+00:00
[2024-08-09T08:11:59.593+0000] {processor.py:183} INFO - Processing /opt/airflow/dags/kafka_stream.py took 0.144 seconds
[2024-08-09T08:12:29.864+0000] {processor.py:161} INFO - Started process (PID=2321) to work on /opt/airflow/dags/kafka_stream.py
[2024-08-09T08:12:29.865+0000] {processor.py:830} INFO - Processing file /opt/airflow/dags/kafka_stream.py for tasks to queue
[2024-08-09T08:12:29.867+0000] {logging_mixin.py:188} INFO - [2024-08-09T08:12:29.866+0000] {dagbag.py:545} INFO - Filling up the DagBag from /opt/airflow/dags/kafka_stream.py
[2024-08-09T08:12:29.917+0000] {processor.py:840} INFO - DAG(s) 'user_automation' retrieved from /opt/airflow/dags/kafka_stream.py
[2024-08-09T08:12:29.977+0000] {logging_mixin.py:188} INFO - [2024-08-09T08:12:29.976+0000] {dag.py:3089} INFO - Sync 1 DAGs
[2024-08-09T08:12:30.012+0000] {logging_mixin.py:188} INFO - [2024-08-09T08:12:30.012+0000] {dag.py:3947} INFO - Setting next_dagrun for user_automation to 2024-08-09 00:00:00+00:00, run_after=2024-08-10 00:00:00+00:00
[2024-08-09T08:12:30.057+0000] {processor.py:183} INFO - Processing /opt/airflow/dags/kafka_stream.py took 0.206 seconds
[2024-08-09T08:13:00.124+0000] {processor.py:161} INFO - Started process (PID=2341) to work on /opt/airflow/dags/kafka_stream.py
[2024-08-09T08:13:00.125+0000] {processor.py:830} INFO - Processing file /opt/airflow/dags/kafka_stream.py for tasks to queue
[2024-08-09T08:13:00.126+0000] {logging_mixin.py:188} INFO - [2024-08-09T08:13:00.126+0000] {dagbag.py:545} INFO - Filling up the DagBag from /opt/airflow/dags/kafka_stream.py
[2024-08-09T08:13:00.153+0000] {processor.py:840} INFO - DAG(s) 'user_automation' retrieved from /opt/airflow/dags/kafka_stream.py
[2024-08-09T08:13:00.197+0000] {logging_mixin.py:188} INFO - [2024-08-09T08:13:00.197+0000] {dag.py:3089} INFO - Sync 1 DAGs
[2024-08-09T08:13:00.221+0000] {logging_mixin.py:188} INFO - [2024-08-09T08:13:00.221+0000] {dag.py:3947} INFO - Setting next_dagrun for user_automation to 2024-08-09 00:00:00+00:00, run_after=2024-08-10 00:00:00+00:00
[2024-08-09T08:13:00.245+0000] {processor.py:183} INFO - Processing /opt/airflow/dags/kafka_stream.py took 0.127 seconds
[2024-08-09T08:13:30.529+0000] {processor.py:161} INFO - Started process (PID=2358) to work on /opt/airflow/dags/kafka_stream.py
[2024-08-09T08:13:30.530+0000] {processor.py:830} INFO - Processing file /opt/airflow/dags/kafka_stream.py for tasks to queue
[2024-08-09T08:13:30.532+0000] {logging_mixin.py:188} INFO - [2024-08-09T08:13:30.531+0000] {dagbag.py:545} INFO - Filling up the DagBag from /opt/airflow/dags/kafka_stream.py
[2024-08-09T08:13:30.586+0000] {processor.py:840} INFO - DAG(s) 'user_automation' retrieved from /opt/airflow/dags/kafka_stream.py
[2024-08-09T08:13:30.635+0000] {logging_mixin.py:188} INFO - [2024-08-09T08:13:30.634+0000] {dag.py:3089} INFO - Sync 1 DAGs
[2024-08-09T08:13:30.681+0000] {logging_mixin.py:188} INFO - [2024-08-09T08:13:30.681+0000] {dag.py:3947} INFO - Setting next_dagrun for user_automation to 2024-08-09 00:00:00+00:00, run_after=2024-08-10 00:00:00+00:00
[2024-08-09T08:13:30.730+0000] {processor.py:183} INFO - Processing /opt/airflow/dags/kafka_stream.py took 0.211 seconds
