[2024-08-09T08:32:51.576+0000] {processor.py:161} INFO - Started process (PID=294) to work on /opt/airflow/dags/stream_today.py
[2024-08-09T08:32:51.577+0000] {processor.py:830} INFO - Processing file /opt/airflow/dags/stream_today.py for tasks to queue
[2024-08-09T08:32:51.581+0000] {logging_mixin.py:188} INFO - [2024-08-09T08:32:51.580+0000] {dagbag.py:545} INFO - Filling up the DagBag from /opt/airflow/dags/stream_today.py
[2024-08-09T08:32:53.297+0000] {processor.py:840} INFO - DAG(s) 'streaming_data_today' retrieved from /opt/airflow/dags/stream_today.py
[2024-08-09T08:32:53.379+0000] {logging_mixin.py:188} INFO - [2024-08-09T08:32:53.378+0000] {dag.py:3089} INFO - Sync 1 DAGs
[2024-08-09T08:32:53.434+0000] {logging_mixin.py:188} INFO - [2024-08-09T08:32:53.433+0000] {dag.py:3947} INFO - Setting next_dagrun for streaming_data_today to 2024-07-15 00:00:00+00:00, run_after=2024-07-15 00:00:00+00:00
[2024-08-09T08:32:53.479+0000] {processor.py:183} INFO - Processing /opt/airflow/dags/stream_today.py took 1.915 seconds
[2024-08-09T08:33:23.942+0000] {processor.py:161} INFO - Started process (PID=306) to work on /opt/airflow/dags/stream_today.py
[2024-08-09T08:33:23.943+0000] {processor.py:830} INFO - Processing file /opt/airflow/dags/stream_today.py for tasks to queue
[2024-08-09T08:33:23.946+0000] {logging_mixin.py:188} INFO - [2024-08-09T08:33:23.945+0000] {dagbag.py:545} INFO - Filling up the DagBag from /opt/airflow/dags/stream_today.py
[2024-08-09T08:33:25.389+0000] {processor.py:840} INFO - DAG(s) 'streaming_data_today' retrieved from /opt/airflow/dags/stream_today.py
[2024-08-09T08:33:25.619+0000] {logging_mixin.py:188} INFO - [2024-08-09T08:33:25.618+0000] {dag.py:3089} INFO - Sync 1 DAGs
[2024-08-09T08:33:25.657+0000] {logging_mixin.py:188} INFO - [2024-08-09T08:33:25.656+0000] {dag.py:3947} INFO - Setting next_dagrun for streaming_data_today to 2024-07-15 00:00:00+00:00, run_after=2024-07-15 00:00:00+00:00
[2024-08-09T08:33:25.711+0000] {processor.py:183} INFO - Processing /opt/airflow/dags/stream_today.py took 1.779 seconds
[2024-08-09T08:33:56.101+0000] {processor.py:161} INFO - Started process (PID=349) to work on /opt/airflow/dags/stream_today.py
[2024-08-09T08:33:56.103+0000] {processor.py:830} INFO - Processing file /opt/airflow/dags/stream_today.py for tasks to queue
[2024-08-09T08:33:56.106+0000] {logging_mixin.py:188} INFO - [2024-08-09T08:33:56.105+0000] {dagbag.py:545} INFO - Filling up the DagBag from /opt/airflow/dags/stream_today.py
[2024-08-09T08:33:57.303+0000] {processor.py:840} INFO - DAG(s) 'streaming_data_today' retrieved from /opt/airflow/dags/stream_today.py
[2024-08-09T08:33:57.374+0000] {logging_mixin.py:188} INFO - [2024-08-09T08:33:57.373+0000] {dag.py:3089} INFO - Sync 1 DAGs
[2024-08-09T08:33:57.426+0000] {logging_mixin.py:188} INFO - [2024-08-09T08:33:57.425+0000] {dag.py:3947} INFO - Setting next_dagrun for streaming_data_today to 2024-07-15 00:00:00+00:00, run_after=2024-07-15 00:00:00+00:00
[2024-08-09T08:33:57.465+0000] {processor.py:183} INFO - Processing /opt/airflow/dags/stream_today.py took 1.375 seconds
[2024-08-09T08:34:27.783+0000] {processor.py:161} INFO - Started process (PID=361) to work on /opt/airflow/dags/stream_today.py
[2024-08-09T08:34:27.785+0000] {processor.py:830} INFO - Processing file /opt/airflow/dags/stream_today.py for tasks to queue
[2024-08-09T08:34:27.790+0000] {logging_mixin.py:188} INFO - [2024-08-09T08:34:27.789+0000] {dagbag.py:545} INFO - Filling up the DagBag from /opt/airflow/dags/stream_today.py
[2024-08-09T08:34:29.295+0000] {processor.py:840} INFO - DAG(s) 'streaming_data_today' retrieved from /opt/airflow/dags/stream_today.py
[2024-08-09T08:34:29.379+0000] {logging_mixin.py:188} INFO - [2024-08-09T08:34:29.378+0000] {dag.py:3089} INFO - Sync 1 DAGs
[2024-08-09T08:34:29.420+0000] {logging_mixin.py:188} INFO - [2024-08-09T08:34:29.420+0000] {dag.py:3947} INFO - Setting next_dagrun for streaming_data_today to 2024-07-15 00:00:00+00:00, run_after=2024-07-15 00:00:00+00:00
[2024-08-09T08:34:29.467+0000] {processor.py:183} INFO - Processing /opt/airflow/dags/stream_today.py took 1.697 seconds
[2024-08-09T08:34:59.842+0000] {processor.py:161} INFO - Started process (PID=384) to work on /opt/airflow/dags/stream_today.py
[2024-08-09T08:34:59.845+0000] {processor.py:830} INFO - Processing file /opt/airflow/dags/stream_today.py for tasks to queue
[2024-08-09T08:34:59.849+0000] {logging_mixin.py:188} INFO - [2024-08-09T08:34:59.848+0000] {dagbag.py:545} INFO - Filling up the DagBag from /opt/airflow/dags/stream_today.py
[2024-08-09T08:35:01.741+0000] {processor.py:840} INFO - DAG(s) 'streaming_data_today' retrieved from /opt/airflow/dags/stream_today.py
[2024-08-09T08:35:01.850+0000] {logging_mixin.py:188} INFO - [2024-08-09T08:35:01.849+0000] {dag.py:3089} INFO - Sync 1 DAGs
[2024-08-09T08:35:01.961+0000] {logging_mixin.py:188} INFO - [2024-08-09T08:35:01.960+0000] {dag.py:3947} INFO - Setting next_dagrun for streaming_data_today to None, run_after=None
[2024-08-09T08:35:02.027+0000] {processor.py:183} INFO - Processing /opt/airflow/dags/stream_today.py took 2.205 seconds
[2024-08-09T08:35:32.767+0000] {processor.py:161} INFO - Started process (PID=431) to work on /opt/airflow/dags/stream_today.py
[2024-08-09T08:35:32.769+0000] {processor.py:830} INFO - Processing file /opt/airflow/dags/stream_today.py for tasks to queue
[2024-08-09T08:35:32.772+0000] {logging_mixin.py:188} INFO - [2024-08-09T08:35:32.771+0000] {dagbag.py:545} INFO - Filling up the DagBag from /opt/airflow/dags/stream_today.py
[2024-08-09T08:35:33.876+0000] {processor.py:840} INFO - DAG(s) 'streaming_data_today' retrieved from /opt/airflow/dags/stream_today.py
[2024-08-09T08:35:33.928+0000] {logging_mixin.py:188} INFO - [2024-08-09T08:35:33.927+0000] {dag.py:3089} INFO - Sync 1 DAGs
[2024-08-09T08:35:33.973+0000] {logging_mixin.py:188} INFO - [2024-08-09T08:35:33.972+0000] {dag.py:3947} INFO - Setting next_dagrun for streaming_data_today to None, run_after=None
[2024-08-09T08:35:34.027+0000] {processor.py:183} INFO - Processing /opt/airflow/dags/stream_today.py took 1.271 seconds
[2024-08-09T08:36:04.183+0000] {processor.py:161} INFO - Started process (PID=443) to work on /opt/airflow/dags/stream_today.py
[2024-08-09T08:36:04.185+0000] {processor.py:830} INFO - Processing file /opt/airflow/dags/stream_today.py for tasks to queue
[2024-08-09T08:36:04.188+0000] {logging_mixin.py:188} INFO - [2024-08-09T08:36:04.188+0000] {dagbag.py:545} INFO - Filling up the DagBag from /opt/airflow/dags/stream_today.py
[2024-08-09T08:36:05.519+0000] {processor.py:840} INFO - DAG(s) 'streaming_data_today' retrieved from /opt/airflow/dags/stream_today.py
[2024-08-09T08:36:05.589+0000] {logging_mixin.py:188} INFO - [2024-08-09T08:36:05.588+0000] {dag.py:3089} INFO - Sync 1 DAGs
[2024-08-09T08:36:05.624+0000] {logging_mixin.py:188} INFO - [2024-08-09T08:36:05.624+0000] {dag.py:3947} INFO - Setting next_dagrun for streaming_data_today to None, run_after=None
[2024-08-09T08:36:05.665+0000] {processor.py:183} INFO - Processing /opt/airflow/dags/stream_today.py took 1.492 seconds
[2024-08-09T08:36:35.984+0000] {processor.py:161} INFO - Started process (PID=455) to work on /opt/airflow/dags/stream_today.py
[2024-08-09T08:36:35.986+0000] {processor.py:830} INFO - Processing file /opt/airflow/dags/stream_today.py for tasks to queue
[2024-08-09T08:36:35.990+0000] {logging_mixin.py:188} INFO - [2024-08-09T08:36:35.989+0000] {dagbag.py:545} INFO - Filling up the DagBag from /opt/airflow/dags/stream_today.py
[2024-08-09T08:36:37.504+0000] {processor.py:840} INFO - DAG(s) 'streaming_data_today' retrieved from /opt/airflow/dags/stream_today.py
[2024-08-09T08:36:37.552+0000] {logging_mixin.py:188} INFO - [2024-08-09T08:36:37.552+0000] {dag.py:3089} INFO - Sync 1 DAGs
[2024-08-09T08:36:37.590+0000] {logging_mixin.py:188} INFO - [2024-08-09T08:36:37.590+0000] {dag.py:3947} INFO - Setting next_dagrun for streaming_data_today to None, run_after=None
[2024-08-09T08:36:37.618+0000] {processor.py:183} INFO - Processing /opt/airflow/dags/stream_today.py took 1.642 seconds
[2024-08-09T08:37:08.076+0000] {processor.py:161} INFO - Started process (PID=467) to work on /opt/airflow/dags/stream_today.py
[2024-08-09T08:37:08.078+0000] {processor.py:830} INFO - Processing file /opt/airflow/dags/stream_today.py for tasks to queue
[2024-08-09T08:37:08.081+0000] {logging_mixin.py:188} INFO - [2024-08-09T08:37:08.080+0000] {dagbag.py:545} INFO - Filling up the DagBag from /opt/airflow/dags/stream_today.py
[2024-08-09T08:37:09.483+0000] {processor.py:840} INFO - DAG(s) 'streaming_data_today' retrieved from /opt/airflow/dags/stream_today.py
[2024-08-09T08:37:09.538+0000] {logging_mixin.py:188} INFO - [2024-08-09T08:37:09.538+0000] {dag.py:3089} INFO - Sync 1 DAGs
[2024-08-09T08:37:09.590+0000] {logging_mixin.py:188} INFO - [2024-08-09T08:37:09.590+0000] {dag.py:3947} INFO - Setting next_dagrun for streaming_data_today to None, run_after=None
[2024-08-09T08:37:09.623+0000] {processor.py:183} INFO - Processing /opt/airflow/dags/stream_today.py took 1.556 seconds
[2024-08-09T08:37:39.997+0000] {processor.py:161} INFO - Started process (PID=479) to work on /opt/airflow/dags/stream_today.py
[2024-08-09T08:37:39.999+0000] {processor.py:830} INFO - Processing file /opt/airflow/dags/stream_today.py for tasks to queue
[2024-08-09T08:37:40.002+0000] {logging_mixin.py:188} INFO - [2024-08-09T08:37:40.001+0000] {dagbag.py:545} INFO - Filling up the DagBag from /opt/airflow/dags/stream_today.py
[2024-08-09T08:37:41.892+0000] {processor.py:840} INFO - DAG(s) 'streaming_data_today' retrieved from /opt/airflow/dags/stream_today.py
[2024-08-09T08:37:42.035+0000] {logging_mixin.py:188} INFO - [2024-08-09T08:37:42.033+0000] {dag.py:3089} INFO - Sync 1 DAGs
[2024-08-09T08:37:42.132+0000] {logging_mixin.py:188} INFO - [2024-08-09T08:37:42.132+0000] {dag.py:3947} INFO - Setting next_dagrun for streaming_data_today to None, run_after=None
[2024-08-09T08:37:42.201+0000] {processor.py:183} INFO - Processing /opt/airflow/dags/stream_today.py took 2.214 seconds
[2024-08-09T08:38:13.648+0000] {processor.py:161} INFO - Started process (PID=491) to work on /opt/airflow/dags/stream_today.py
[2024-08-09T08:38:13.651+0000] {processor.py:830} INFO - Processing file /opt/airflow/dags/stream_today.py for tasks to queue
[2024-08-09T08:38:13.663+0000] {logging_mixin.py:188} INFO - [2024-08-09T08:38:13.662+0000] {dagbag.py:545} INFO - Filling up the DagBag from /opt/airflow/dags/stream_today.py
[2024-08-09T08:38:17.658+0000] {processor.py:840} INFO - DAG(s) 'streaming_data_today' retrieved from /opt/airflow/dags/stream_today.py
[2024-08-09T08:38:17.807+0000] {logging_mixin.py:188} INFO - [2024-08-09T08:38:17.806+0000] {dag.py:3089} INFO - Sync 1 DAGs
[2024-08-09T08:38:17.938+0000] {logging_mixin.py:188} INFO - [2024-08-09T08:38:17.937+0000] {dag.py:3947} INFO - Setting next_dagrun for streaming_data_today to None, run_after=None
[2024-08-09T08:38:18.139+0000] {processor.py:183} INFO - Processing /opt/airflow/dags/stream_today.py took 4.515 seconds
[2024-08-09T08:38:49.103+0000] {processor.py:161} INFO - Started process (PID=503) to work on /opt/airflow/dags/stream_today.py
[2024-08-09T08:38:49.114+0000] {processor.py:830} INFO - Processing file /opt/airflow/dags/stream_today.py for tasks to queue
[2024-08-09T08:38:49.119+0000] {logging_mixin.py:188} INFO - [2024-08-09T08:38:49.118+0000] {dagbag.py:545} INFO - Filling up the DagBag from /opt/airflow/dags/stream_today.py
[2024-08-09T08:38:51.473+0000] {processor.py:840} INFO - DAG(s) 'streaming_data_today' retrieved from /opt/airflow/dags/stream_today.py
[2024-08-09T08:38:51.564+0000] {logging_mixin.py:188} INFO - [2024-08-09T08:38:51.563+0000] {dag.py:3089} INFO - Sync 1 DAGs
[2024-08-09T08:38:51.685+0000] {logging_mixin.py:188} INFO - [2024-08-09T08:38:51.685+0000] {dag.py:3947} INFO - Setting next_dagrun for streaming_data_today to None, run_after=None
[2024-08-09T08:38:51.746+0000] {processor.py:183} INFO - Processing /opt/airflow/dags/stream_today.py took 2.668 seconds
[2024-08-09T08:39:22.104+0000] {processor.py:161} INFO - Started process (PID=515) to work on /opt/airflow/dags/stream_today.py
[2024-08-09T08:39:22.106+0000] {processor.py:830} INFO - Processing file /opt/airflow/dags/stream_today.py for tasks to queue
[2024-08-09T08:39:22.110+0000] {logging_mixin.py:188} INFO - [2024-08-09T08:39:22.110+0000] {dagbag.py:545} INFO - Filling up the DagBag from /opt/airflow/dags/stream_today.py
[2024-08-09T08:39:23.489+0000] {processor.py:840} INFO - DAG(s) 'streaming_data_today' retrieved from /opt/airflow/dags/stream_today.py
[2024-08-09T08:39:23.535+0000] {logging_mixin.py:188} INFO - [2024-08-09T08:39:23.534+0000] {dag.py:3089} INFO - Sync 1 DAGs
[2024-08-09T08:39:23.569+0000] {logging_mixin.py:188} INFO - [2024-08-09T08:39:23.568+0000] {dag.py:3947} INFO - Setting next_dagrun for streaming_data_today to None, run_after=None
[2024-08-09T08:39:23.616+0000] {processor.py:183} INFO - Processing /opt/airflow/dags/stream_today.py took 1.526 seconds
[2024-08-09T08:39:54.134+0000] {processor.py:161} INFO - Started process (PID=527) to work on /opt/airflow/dags/stream_today.py
[2024-08-09T08:39:54.137+0000] {processor.py:830} INFO - Processing file /opt/airflow/dags/stream_today.py for tasks to queue
[2024-08-09T08:39:54.147+0000] {logging_mixin.py:188} INFO - [2024-08-09T08:39:54.147+0000] {dagbag.py:545} INFO - Filling up the DagBag from /opt/airflow/dags/stream_today.py
[2024-08-09T08:39:55.995+0000] {processor.py:840} INFO - DAG(s) 'streaming_data_today' retrieved from /opt/airflow/dags/stream_today.py
[2024-08-09T08:39:56.098+0000] {logging_mixin.py:188} INFO - [2024-08-09T08:39:56.097+0000] {dag.py:3089} INFO - Sync 1 DAGs
[2024-08-09T08:39:56.155+0000] {logging_mixin.py:188} INFO - [2024-08-09T08:39:56.154+0000] {dag.py:3947} INFO - Setting next_dagrun for streaming_data_today to None, run_after=None
[2024-08-09T08:39:56.195+0000] {processor.py:183} INFO - Processing /opt/airflow/dags/stream_today.py took 2.073 seconds
[2024-08-09T08:40:26.753+0000] {processor.py:161} INFO - Started process (PID=551) to work on /opt/airflow/dags/stream_today.py
[2024-08-09T08:40:26.756+0000] {processor.py:830} INFO - Processing file /opt/airflow/dags/stream_today.py for tasks to queue
[2024-08-09T08:40:26.767+0000] {logging_mixin.py:188} INFO - [2024-08-09T08:40:26.766+0000] {dagbag.py:545} INFO - Filling up the DagBag from /opt/airflow/dags/stream_today.py
[2024-08-09T08:40:29.848+0000] {processor.py:840} INFO - DAG(s) 'streaming_data_today' retrieved from /opt/airflow/dags/stream_today.py
[2024-08-09T08:40:30.005+0000] {logging_mixin.py:188} INFO - [2024-08-09T08:40:29.995+0000] {dag.py:3089} INFO - Sync 1 DAGs
[2024-08-09T08:40:30.125+0000] {logging_mixin.py:188} INFO - [2024-08-09T08:40:30.124+0000] {dag.py:3947} INFO - Setting next_dagrun for streaming_data_today to None, run_after=None
[2024-08-09T08:40:30.236+0000] {processor.py:183} INFO - Processing /opt/airflow/dags/stream_today.py took 3.507 seconds
[2024-08-09T08:41:00.970+0000] {processor.py:161} INFO - Started process (PID=566) to work on /opt/airflow/dags/stream_today.py
[2024-08-09T08:41:00.977+0000] {processor.py:830} INFO - Processing file /opt/airflow/dags/stream_today.py for tasks to queue
[2024-08-09T08:41:00.986+0000] {logging_mixin.py:188} INFO - [2024-08-09T08:41:00.985+0000] {dagbag.py:545} INFO - Filling up the DagBag from /opt/airflow/dags/stream_today.py
[2024-08-09T08:41:03.742+0000] {processor.py:840} INFO - DAG(s) 'streaming_data_today' retrieved from /opt/airflow/dags/stream_today.py
[2024-08-09T08:41:03.845+0000] {logging_mixin.py:188} INFO - [2024-08-09T08:41:03.844+0000] {dag.py:3089} INFO - Sync 1 DAGs
[2024-08-09T08:41:03.938+0000] {logging_mixin.py:188} INFO - [2024-08-09T08:41:03.937+0000] {dag.py:3947} INFO - Setting next_dagrun for streaming_data_today to None, run_after=None
[2024-08-09T08:41:03.991+0000] {processor.py:183} INFO - Processing /opt/airflow/dags/stream_today.py took 3.042 seconds
[2024-08-09T08:41:34.338+0000] {processor.py:161} INFO - Started process (PID=608) to work on /opt/airflow/dags/stream_today.py
[2024-08-09T08:41:34.341+0000] {processor.py:830} INFO - Processing file /opt/airflow/dags/stream_today.py for tasks to queue
[2024-08-09T08:41:34.345+0000] {logging_mixin.py:188} INFO - [2024-08-09T08:41:34.345+0000] {dagbag.py:545} INFO - Filling up the DagBag from /opt/airflow/dags/stream_today.py
[2024-08-09T08:41:36.280+0000] {processor.py:840} INFO - DAG(s) 'streaming_data_today' retrieved from /opt/airflow/dags/stream_today.py
[2024-08-09T08:41:36.408+0000] {logging_mixin.py:188} INFO - [2024-08-09T08:41:36.406+0000] {dag.py:3089} INFO - Sync 1 DAGs
[2024-08-09T08:41:36.476+0000] {logging_mixin.py:188} INFO - [2024-08-09T08:41:36.476+0000] {dag.py:3947} INFO - Setting next_dagrun for streaming_data_today to None, run_after=None
[2024-08-09T08:41:36.564+0000] {processor.py:183} INFO - Processing /opt/airflow/dags/stream_today.py took 2.240 seconds
[2024-08-09T08:42:07.155+0000] {processor.py:161} INFO - Started process (PID=624) to work on /opt/airflow/dags/stream_today.py
[2024-08-09T08:42:07.156+0000] {processor.py:830} INFO - Processing file /opt/airflow/dags/stream_today.py for tasks to queue
[2024-08-09T08:42:07.159+0000] {logging_mixin.py:188} INFO - [2024-08-09T08:42:07.158+0000] {dagbag.py:545} INFO - Filling up the DagBag from /opt/airflow/dags/stream_today.py
[2024-08-09T08:42:08.357+0000] {processor.py:840} INFO - DAG(s) 'streaming_data_today' retrieved from /opt/airflow/dags/stream_today.py
[2024-08-09T08:42:08.417+0000] {logging_mixin.py:188} INFO - [2024-08-09T08:42:08.416+0000] {dag.py:3089} INFO - Sync 1 DAGs
[2024-08-09T08:42:08.480+0000] {logging_mixin.py:188} INFO - [2024-08-09T08:42:08.479+0000] {dag.py:3947} INFO - Setting next_dagrun for streaming_data_today to None, run_after=None
[2024-08-09T08:42:08.534+0000] {processor.py:183} INFO - Processing /opt/airflow/dags/stream_today.py took 1.388 seconds
[2024-08-09T08:42:38.951+0000] {processor.py:161} INFO - Started process (PID=667) to work on /opt/airflow/dags/stream_today.py
[2024-08-09T08:42:38.962+0000] {processor.py:830} INFO - Processing file /opt/airflow/dags/stream_today.py for tasks to queue
[2024-08-09T08:42:38.971+0000] {logging_mixin.py:188} INFO - [2024-08-09T08:42:38.970+0000] {dagbag.py:545} INFO - Filling up the DagBag from /opt/airflow/dags/stream_today.py
[2024-08-09T08:42:41.294+0000] {processor.py:840} INFO - DAG(s) 'streaming_data_today' retrieved from /opt/airflow/dags/stream_today.py
[2024-08-09T08:42:41.345+0000] {logging_mixin.py:188} INFO - [2024-08-09T08:42:41.344+0000] {dag.py:3089} INFO - Sync 1 DAGs
[2024-08-09T08:42:41.394+0000] {logging_mixin.py:188} INFO - [2024-08-09T08:42:41.394+0000] {dag.py:3947} INFO - Setting next_dagrun for streaming_data_today to None, run_after=None
[2024-08-09T08:42:41.440+0000] {processor.py:183} INFO - Processing /opt/airflow/dags/stream_today.py took 2.550 seconds
[2024-08-09T08:43:11.565+0000] {processor.py:161} INFO - Started process (PID=679) to work on /opt/airflow/dags/stream_today.py
[2024-08-09T08:43:11.566+0000] {processor.py:830} INFO - Processing file /opt/airflow/dags/stream_today.py for tasks to queue
[2024-08-09T08:43:11.569+0000] {logging_mixin.py:188} INFO - [2024-08-09T08:43:11.568+0000] {dagbag.py:545} INFO - Filling up the DagBag from /opt/airflow/dags/stream_today.py
[2024-08-09T08:43:13.227+0000] {processor.py:840} INFO - DAG(s) 'streaming_data_today' retrieved from /opt/airflow/dags/stream_today.py
[2024-08-09T08:43:13.291+0000] {logging_mixin.py:188} INFO - [2024-08-09T08:43:13.290+0000] {dag.py:3089} INFO - Sync 1 DAGs
[2024-08-09T08:43:13.328+0000] {logging_mixin.py:188} INFO - [2024-08-09T08:43:13.328+0000] {dag.py:3947} INFO - Setting next_dagrun for streaming_data_today to None, run_after=None
[2024-08-09T08:43:13.384+0000] {processor.py:183} INFO - Processing /opt/airflow/dags/stream_today.py took 1.828 seconds
[2024-08-09T08:43:44.283+0000] {processor.py:161} INFO - Started process (PID=691) to work on /opt/airflow/dags/stream_today.py
[2024-08-09T08:43:44.285+0000] {processor.py:830} INFO - Processing file /opt/airflow/dags/stream_today.py for tasks to queue
[2024-08-09T08:43:44.287+0000] {logging_mixin.py:188} INFO - [2024-08-09T08:43:44.287+0000] {dagbag.py:545} INFO - Filling up the DagBag from /opt/airflow/dags/stream_today.py
[2024-08-09T08:43:45.305+0000] {processor.py:840} INFO - DAG(s) 'streaming_data_today' retrieved from /opt/airflow/dags/stream_today.py
[2024-08-09T08:43:45.371+0000] {logging_mixin.py:188} INFO - [2024-08-09T08:43:45.370+0000] {dag.py:3089} INFO - Sync 1 DAGs
[2024-08-09T08:43:45.407+0000] {logging_mixin.py:188} INFO - [2024-08-09T08:43:45.407+0000] {dag.py:3947} INFO - Setting next_dagrun for streaming_data_today to None, run_after=None
[2024-08-09T08:43:45.453+0000] {processor.py:183} INFO - Processing /opt/airflow/dags/stream_today.py took 1.177 seconds
[2024-08-09T08:44:15.977+0000] {processor.py:161} INFO - Started process (PID=703) to work on /opt/airflow/dags/stream_today.py
[2024-08-09T08:44:15.978+0000] {processor.py:830} INFO - Processing file /opt/airflow/dags/stream_today.py for tasks to queue
[2024-08-09T08:44:15.981+0000] {logging_mixin.py:188} INFO - [2024-08-09T08:44:15.981+0000] {dagbag.py:545} INFO - Filling up the DagBag from /opt/airflow/dags/stream_today.py
[2024-08-09T08:44:17.657+0000] {processor.py:840} INFO - DAG(s) 'streaming_data_today' retrieved from /opt/airflow/dags/stream_today.py
[2024-08-09T08:44:17.809+0000] {logging_mixin.py:188} INFO - [2024-08-09T08:44:17.803+0000] {dag.py:3089} INFO - Sync 1 DAGs
[2024-08-09T08:44:17.911+0000] {logging_mixin.py:188} INFO - [2024-08-09T08:44:17.910+0000] {dag.py:3947} INFO - Setting next_dagrun for streaming_data_today to None, run_after=None
[2024-08-09T08:44:17.973+0000] {processor.py:183} INFO - Processing /opt/airflow/dags/stream_today.py took 2.003 seconds
[2024-08-09T08:44:48.348+0000] {processor.py:161} INFO - Started process (PID=715) to work on /opt/airflow/dags/stream_today.py
[2024-08-09T08:44:48.360+0000] {processor.py:830} INFO - Processing file /opt/airflow/dags/stream_today.py for tasks to queue
[2024-08-09T08:44:48.365+0000] {logging_mixin.py:188} INFO - [2024-08-09T08:44:48.364+0000] {dagbag.py:545} INFO - Filling up the DagBag from /opt/airflow/dags/stream_today.py
[2024-08-09T08:44:50.220+0000] {processor.py:840} INFO - DAG(s) 'streaming_data_today' retrieved from /opt/airflow/dags/stream_today.py
[2024-08-09T08:44:50.337+0000] {logging_mixin.py:188} INFO - [2024-08-09T08:44:50.336+0000] {dag.py:3089} INFO - Sync 1 DAGs
[2024-08-09T08:44:50.405+0000] {logging_mixin.py:188} INFO - [2024-08-09T08:44:50.405+0000] {dag.py:3947} INFO - Setting next_dagrun for streaming_data_today to None, run_after=None
[2024-08-09T08:44:50.456+0000] {processor.py:183} INFO - Processing /opt/airflow/dags/stream_today.py took 2.125 seconds
[2024-08-09T08:45:21.089+0000] {processor.py:161} INFO - Started process (PID=727) to work on /opt/airflow/dags/stream_today.py
[2024-08-09T08:45:21.091+0000] {processor.py:830} INFO - Processing file /opt/airflow/dags/stream_today.py for tasks to queue
[2024-08-09T08:45:21.095+0000] {logging_mixin.py:188} INFO - [2024-08-09T08:45:21.095+0000] {dagbag.py:545} INFO - Filling up the DagBag from /opt/airflow/dags/stream_today.py
[2024-08-09T08:45:22.918+0000] {processor.py:840} INFO - DAG(s) 'streaming_data_today' retrieved from /opt/airflow/dags/stream_today.py
[2024-08-09T08:45:23.030+0000] {logging_mixin.py:188} INFO - [2024-08-09T08:45:23.029+0000] {dag.py:3089} INFO - Sync 1 DAGs
[2024-08-09T08:45:23.087+0000] {logging_mixin.py:188} INFO - [2024-08-09T08:45:23.086+0000] {dag.py:3947} INFO - Setting next_dagrun for streaming_data_today to None, run_after=None
[2024-08-09T08:45:23.117+0000] {processor.py:183} INFO - Processing /opt/airflow/dags/stream_today.py took 2.048 seconds
[2024-08-09T08:45:53.469+0000] {processor.py:161} INFO - Started process (PID=739) to work on /opt/airflow/dags/stream_today.py
[2024-08-09T08:45:53.475+0000] {processor.py:830} INFO - Processing file /opt/airflow/dags/stream_today.py for tasks to queue
[2024-08-09T08:45:53.493+0000] {logging_mixin.py:188} INFO - [2024-08-09T08:45:53.491+0000] {dagbag.py:545} INFO - Filling up the DagBag from /opt/airflow/dags/stream_today.py
[2024-08-09T08:45:55.120+0000] {processor.py:840} INFO - DAG(s) 'streaming_data_today' retrieved from /opt/airflow/dags/stream_today.py
[2024-08-09T08:45:55.188+0000] {logging_mixin.py:188} INFO - [2024-08-09T08:45:55.187+0000] {dag.py:3089} INFO - Sync 1 DAGs
[2024-08-09T08:45:55.224+0000] {logging_mixin.py:188} INFO - [2024-08-09T08:45:55.224+0000] {dag.py:3947} INFO - Setting next_dagrun for streaming_data_today to None, run_after=None
[2024-08-09T08:45:55.264+0000] {processor.py:183} INFO - Processing /opt/airflow/dags/stream_today.py took 1.820 seconds
[2024-08-09T08:46:26.318+0000] {processor.py:161} INFO - Started process (PID=751) to work on /opt/airflow/dags/stream_today.py
[2024-08-09T08:46:26.324+0000] {processor.py:830} INFO - Processing file /opt/airflow/dags/stream_today.py for tasks to queue
[2024-08-09T08:46:26.333+0000] {logging_mixin.py:188} INFO - [2024-08-09T08:46:26.332+0000] {dagbag.py:545} INFO - Filling up the DagBag from /opt/airflow/dags/stream_today.py
[2024-08-09T08:46:29.687+0000] {processor.py:840} INFO - DAG(s) 'streaming_data_today' retrieved from /opt/airflow/dags/stream_today.py
[2024-08-09T08:46:29.840+0000] {logging_mixin.py:188} INFO - [2024-08-09T08:46:29.839+0000] {dag.py:3089} INFO - Sync 1 DAGs
[2024-08-09T08:46:29.965+0000] {logging_mixin.py:188} INFO - [2024-08-09T08:46:29.965+0000] {dag.py:3947} INFO - Setting next_dagrun for streaming_data_today to None, run_after=None
[2024-08-09T08:46:30.285+0000] {processor.py:183} INFO - Processing /opt/airflow/dags/stream_today.py took 4.001 seconds
[2024-08-09T08:47:01.369+0000] {processor.py:161} INFO - Started process (PID=763) to work on /opt/airflow/dags/stream_today.py
[2024-08-09T08:47:01.372+0000] {processor.py:830} INFO - Processing file /opt/airflow/dags/stream_today.py for tasks to queue
[2024-08-09T08:47:01.377+0000] {logging_mixin.py:188} INFO - [2024-08-09T08:47:01.376+0000] {dagbag.py:545} INFO - Filling up the DagBag from /opt/airflow/dags/stream_today.py
[2024-08-09T08:47:04.268+0000] {processor.py:840} INFO - DAG(s) 'streaming_data_today' retrieved from /opt/airflow/dags/stream_today.py
[2024-08-09T08:47:04.383+0000] {logging_mixin.py:188} INFO - [2024-08-09T08:47:04.382+0000] {dag.py:3089} INFO - Sync 1 DAGs
[2024-08-09T08:47:04.479+0000] {logging_mixin.py:188} INFO - [2024-08-09T08:47:04.478+0000] {dag.py:3947} INFO - Setting next_dagrun for streaming_data_today to None, run_after=None
[2024-08-09T08:47:04.567+0000] {processor.py:183} INFO - Processing /opt/airflow/dags/stream_today.py took 3.217 seconds
[2024-08-09T08:47:34.707+0000] {processor.py:161} INFO - Started process (PID=775) to work on /opt/airflow/dags/stream_today.py
[2024-08-09T08:47:34.709+0000] {processor.py:830} INFO - Processing file /opt/airflow/dags/stream_today.py for tasks to queue
[2024-08-09T08:47:34.712+0000] {logging_mixin.py:188} INFO - [2024-08-09T08:47:34.712+0000] {dagbag.py:545} INFO - Filling up the DagBag from /opt/airflow/dags/stream_today.py
[2024-08-09T08:47:36.581+0000] {processor.py:840} INFO - DAG(s) 'streaming_data_today' retrieved from /opt/airflow/dags/stream_today.py
[2024-08-09T08:47:36.652+0000] {logging_mixin.py:188} INFO - [2024-08-09T08:47:36.651+0000] {dag.py:3089} INFO - Sync 1 DAGs
[2024-08-09T08:47:36.709+0000] {logging_mixin.py:188} INFO - [2024-08-09T08:47:36.709+0000] {dag.py:3947} INFO - Setting next_dagrun for streaming_data_today to None, run_after=None
[2024-08-09T08:47:36.757+0000] {processor.py:183} INFO - Processing /opt/airflow/dags/stream_today.py took 2.058 seconds
[2024-08-09T08:48:07.413+0000] {processor.py:161} INFO - Started process (PID=787) to work on /opt/airflow/dags/stream_today.py
[2024-08-09T08:48:07.418+0000] {processor.py:830} INFO - Processing file /opt/airflow/dags/stream_today.py for tasks to queue
[2024-08-09T08:48:07.425+0000] {logging_mixin.py:188} INFO - [2024-08-09T08:48:07.424+0000] {dagbag.py:545} INFO - Filling up the DagBag from /opt/airflow/dags/stream_today.py
[2024-08-09T08:48:10.235+0000] {processor.py:840} INFO - DAG(s) 'streaming_data_today' retrieved from /opt/airflow/dags/stream_today.py
[2024-08-09T08:48:10.340+0000] {logging_mixin.py:188} INFO - [2024-08-09T08:48:10.339+0000] {dag.py:3089} INFO - Sync 1 DAGs
[2024-08-09T08:48:10.406+0000] {logging_mixin.py:188} INFO - [2024-08-09T08:48:10.405+0000] {dag.py:3947} INFO - Setting next_dagrun for streaming_data_today to None, run_after=None
[2024-08-09T08:48:10.469+0000] {processor.py:183} INFO - Processing /opt/airflow/dags/stream_today.py took 3.071 seconds
[2024-08-09T08:48:40.883+0000] {processor.py:161} INFO - Started process (PID=799) to work on /opt/airflow/dags/stream_today.py
[2024-08-09T08:48:40.885+0000] {processor.py:830} INFO - Processing file /opt/airflow/dags/stream_today.py for tasks to queue
[2024-08-09T08:48:40.888+0000] {logging_mixin.py:188} INFO - [2024-08-09T08:48:40.887+0000] {dagbag.py:545} INFO - Filling up the DagBag from /opt/airflow/dags/stream_today.py
[2024-08-09T08:48:42.487+0000] {processor.py:840} INFO - DAG(s) 'streaming_data_today' retrieved from /opt/airflow/dags/stream_today.py
[2024-08-09T08:48:42.531+0000] {logging_mixin.py:188} INFO - [2024-08-09T08:48:42.530+0000] {dag.py:3089} INFO - Sync 1 DAGs
[2024-08-09T08:48:42.595+0000] {logging_mixin.py:188} INFO - [2024-08-09T08:48:42.594+0000] {dag.py:3947} INFO - Setting next_dagrun for streaming_data_today to None, run_after=None
[2024-08-09T08:48:42.648+0000] {processor.py:183} INFO - Processing /opt/airflow/dags/stream_today.py took 1.782 seconds
[2024-08-09T08:49:13.485+0000] {processor.py:161} INFO - Started process (PID=811) to work on /opt/airflow/dags/stream_today.py
[2024-08-09T08:49:13.488+0000] {processor.py:830} INFO - Processing file /opt/airflow/dags/stream_today.py for tasks to queue
[2024-08-09T08:49:13.493+0000] {logging_mixin.py:188} INFO - [2024-08-09T08:49:13.492+0000] {dagbag.py:545} INFO - Filling up the DagBag from /opt/airflow/dags/stream_today.py
[2024-08-09T08:49:15.371+0000] {processor.py:840} INFO - DAG(s) 'streaming_data_today' retrieved from /opt/airflow/dags/stream_today.py
[2024-08-09T08:49:15.471+0000] {logging_mixin.py:188} INFO - [2024-08-09T08:49:15.471+0000] {dag.py:3089} INFO - Sync 1 DAGs
[2024-08-09T08:49:15.544+0000] {logging_mixin.py:188} INFO - [2024-08-09T08:49:15.544+0000] {dag.py:3947} INFO - Setting next_dagrun for streaming_data_today to None, run_after=None
[2024-08-09T08:49:15.587+0000] {processor.py:183} INFO - Processing /opt/airflow/dags/stream_today.py took 2.122 seconds
[2024-08-09T08:49:46.192+0000] {processor.py:161} INFO - Started process (PID=823) to work on /opt/airflow/dags/stream_today.py
[2024-08-09T08:49:46.194+0000] {processor.py:830} INFO - Processing file /opt/airflow/dags/stream_today.py for tasks to queue
[2024-08-09T08:49:46.197+0000] {logging_mixin.py:188} INFO - [2024-08-09T08:49:46.196+0000] {dagbag.py:545} INFO - Filling up the DagBag from /opt/airflow/dags/stream_today.py
[2024-08-09T08:49:47.651+0000] {processor.py:840} INFO - DAG(s) 'streaming_data_today' retrieved from /opt/airflow/dags/stream_today.py
[2024-08-09T08:49:47.713+0000] {logging_mixin.py:188} INFO - [2024-08-09T08:49:47.712+0000] {dag.py:3089} INFO - Sync 1 DAGs
[2024-08-09T08:49:47.764+0000] {logging_mixin.py:188} INFO - [2024-08-09T08:49:47.764+0000] {dag.py:3947} INFO - Setting next_dagrun for streaming_data_today to None, run_after=None
[2024-08-09T08:49:47.802+0000] {processor.py:183} INFO - Processing /opt/airflow/dags/stream_today.py took 1.644 seconds
[2024-08-09T08:50:17.881+0000] {processor.py:161} INFO - Started process (PID=835) to work on /opt/airflow/dags/stream_today.py
[2024-08-09T08:50:17.883+0000] {processor.py:830} INFO - Processing file /opt/airflow/dags/stream_today.py for tasks to queue
[2024-08-09T08:50:17.886+0000] {logging_mixin.py:188} INFO - [2024-08-09T08:50:17.886+0000] {dagbag.py:545} INFO - Filling up the DagBag from /opt/airflow/dags/stream_today.py
[2024-08-09T08:50:19.303+0000] {processor.py:840} INFO - DAG(s) 'streaming_data_today' retrieved from /opt/airflow/dags/stream_today.py
[2024-08-09T08:50:19.349+0000] {logging_mixin.py:188} INFO - [2024-08-09T08:50:19.349+0000] {dag.py:3089} INFO - Sync 1 DAGs
[2024-08-09T08:50:19.385+0000] {logging_mixin.py:188} INFO - [2024-08-09T08:50:19.385+0000] {dag.py:3947} INFO - Setting next_dagrun for streaming_data_today to None, run_after=None
[2024-08-09T08:50:19.432+0000] {processor.py:183} INFO - Processing /opt/airflow/dags/stream_today.py took 1.560 seconds
[2024-08-09T08:50:49.926+0000] {processor.py:161} INFO - Started process (PID=847) to work on /opt/airflow/dags/stream_today.py
[2024-08-09T08:50:49.927+0000] {processor.py:830} INFO - Processing file /opt/airflow/dags/stream_today.py for tasks to queue
[2024-08-09T08:50:49.930+0000] {logging_mixin.py:188} INFO - [2024-08-09T08:50:49.929+0000] {dagbag.py:545} INFO - Filling up the DagBag from /opt/airflow/dags/stream_today.py
[2024-08-09T08:50:51.303+0000] {processor.py:840} INFO - DAG(s) 'streaming_data_today' retrieved from /opt/airflow/dags/stream_today.py
[2024-08-09T08:50:51.383+0000] {logging_mixin.py:188} INFO - [2024-08-09T08:50:51.382+0000] {dag.py:3089} INFO - Sync 1 DAGs
[2024-08-09T08:50:51.421+0000] {logging_mixin.py:188} INFO - [2024-08-09T08:50:51.421+0000] {dag.py:3947} INFO - Setting next_dagrun for streaming_data_today to None, run_after=None
[2024-08-09T08:50:51.463+0000] {processor.py:183} INFO - Processing /opt/airflow/dags/stream_today.py took 1.546 seconds
[2024-08-09T08:51:21.834+0000] {processor.py:161} INFO - Started process (PID=859) to work on /opt/airflow/dags/stream_today.py
[2024-08-09T08:51:21.841+0000] {processor.py:830} INFO - Processing file /opt/airflow/dags/stream_today.py for tasks to queue
[2024-08-09T08:51:21.845+0000] {logging_mixin.py:188} INFO - [2024-08-09T08:51:21.844+0000] {dagbag.py:545} INFO - Filling up the DagBag from /opt/airflow/dags/stream_today.py
[2024-08-09T08:51:22.797+0000] {processor.py:840} INFO - DAG(s) 'streaming_data_today' retrieved from /opt/airflow/dags/stream_today.py
[2024-08-09T08:51:22.834+0000] {logging_mixin.py:188} INFO - [2024-08-09T08:51:22.833+0000] {dag.py:3089} INFO - Sync 1 DAGs
[2024-08-09T08:51:22.863+0000] {logging_mixin.py:188} INFO - [2024-08-09T08:51:22.862+0000] {dag.py:3947} INFO - Setting next_dagrun for streaming_data_today to None, run_after=None
[2024-08-09T08:51:22.910+0000] {processor.py:183} INFO - Processing /opt/airflow/dags/stream_today.py took 1.110 seconds
[2024-08-09T08:51:53.277+0000] {processor.py:161} INFO - Started process (PID=871) to work on /opt/airflow/dags/stream_today.py
[2024-08-09T08:51:53.279+0000] {processor.py:830} INFO - Processing file /opt/airflow/dags/stream_today.py for tasks to queue
[2024-08-09T08:51:53.284+0000] {logging_mixin.py:188} INFO - [2024-08-09T08:51:53.283+0000] {dagbag.py:545} INFO - Filling up the DagBag from /opt/airflow/dags/stream_today.py
[2024-08-09T08:51:54.731+0000] {processor.py:840} INFO - DAG(s) 'streaming_data_today' retrieved from /opt/airflow/dags/stream_today.py
[2024-08-09T08:51:54.868+0000] {logging_mixin.py:188} INFO - [2024-08-09T08:51:54.867+0000] {dag.py:3089} INFO - Sync 1 DAGs
[2024-08-09T08:51:55.070+0000] {logging_mixin.py:188} INFO - [2024-08-09T08:51:55.069+0000] {dag.py:3947} INFO - Setting next_dagrun for streaming_data_today to None, run_after=None
[2024-08-09T08:51:55.125+0000] {processor.py:183} INFO - Processing /opt/airflow/dags/stream_today.py took 1.862 seconds
[2024-08-09T08:52:25.569+0000] {processor.py:161} INFO - Started process (PID=883) to work on /opt/airflow/dags/stream_today.py
[2024-08-09T08:52:25.571+0000] {processor.py:830} INFO - Processing file /opt/airflow/dags/stream_today.py for tasks to queue
[2024-08-09T08:52:25.574+0000] {logging_mixin.py:188} INFO - [2024-08-09T08:52:25.574+0000] {dagbag.py:545} INFO - Filling up the DagBag from /opt/airflow/dags/stream_today.py
[2024-08-09T08:52:26.447+0000] {processor.py:840} INFO - DAG(s) 'streaming_data_today' retrieved from /opt/airflow/dags/stream_today.py
[2024-08-09T08:52:26.505+0000] {logging_mixin.py:188} INFO - [2024-08-09T08:52:26.504+0000] {dag.py:3089} INFO - Sync 1 DAGs
[2024-08-09T08:52:26.538+0000] {logging_mixin.py:188} INFO - [2024-08-09T08:52:26.538+0000] {dag.py:3947} INFO - Setting next_dagrun for streaming_data_today to None, run_after=None
[2024-08-09T08:52:26.566+0000] {processor.py:183} INFO - Processing /opt/airflow/dags/stream_today.py took 1.004 seconds
[2024-08-09T08:52:56.899+0000] {processor.py:161} INFO - Started process (PID=895) to work on /opt/airflow/dags/stream_today.py
[2024-08-09T08:52:56.901+0000] {processor.py:830} INFO - Processing file /opt/airflow/dags/stream_today.py for tasks to queue
[2024-08-09T08:52:56.904+0000] {logging_mixin.py:188} INFO - [2024-08-09T08:52:56.903+0000] {dagbag.py:545} INFO - Filling up the DagBag from /opt/airflow/dags/stream_today.py
[2024-08-09T08:52:57.941+0000] {processor.py:840} INFO - DAG(s) 'streaming_data_today' retrieved from /opt/airflow/dags/stream_today.py
[2024-08-09T08:52:57.982+0000] {logging_mixin.py:188} INFO - [2024-08-09T08:52:57.981+0000] {dag.py:3089} INFO - Sync 1 DAGs
[2024-08-09T08:52:58.013+0000] {logging_mixin.py:188} INFO - [2024-08-09T08:52:58.013+0000] {dag.py:3947} INFO - Setting next_dagrun for streaming_data_today to None, run_after=None
[2024-08-09T08:52:58.040+0000] {processor.py:183} INFO - Processing /opt/airflow/dags/stream_today.py took 1.148 seconds
[2024-08-09T08:53:28.407+0000] {processor.py:161} INFO - Started process (PID=907) to work on /opt/airflow/dags/stream_today.py
[2024-08-09T08:53:28.410+0000] {processor.py:830} INFO - Processing file /opt/airflow/dags/stream_today.py for tasks to queue
[2024-08-09T08:53:28.413+0000] {logging_mixin.py:188} INFO - [2024-08-09T08:53:28.412+0000] {dagbag.py:545} INFO - Filling up the DagBag from /opt/airflow/dags/stream_today.py
[2024-08-09T08:53:29.491+0000] {processor.py:840} INFO - DAG(s) 'streaming_data_today' retrieved from /opt/airflow/dags/stream_today.py
[2024-08-09T08:53:29.555+0000] {logging_mixin.py:188} INFO - [2024-08-09T08:53:29.554+0000] {dag.py:3089} INFO - Sync 1 DAGs
[2024-08-09T08:53:29.608+0000] {logging_mixin.py:188} INFO - [2024-08-09T08:53:29.608+0000] {dag.py:3947} INFO - Setting next_dagrun for streaming_data_today to None, run_after=None
[2024-08-09T08:53:29.638+0000] {processor.py:183} INFO - Processing /opt/airflow/dags/stream_today.py took 1.239 seconds
[2024-08-09T08:53:59.968+0000] {processor.py:161} INFO - Started process (PID=919) to work on /opt/airflow/dags/stream_today.py
[2024-08-09T08:53:59.970+0000] {processor.py:830} INFO - Processing file /opt/airflow/dags/stream_today.py for tasks to queue
[2024-08-09T08:53:59.973+0000] {logging_mixin.py:188} INFO - [2024-08-09T08:53:59.972+0000] {dagbag.py:545} INFO - Filling up the DagBag from /opt/airflow/dags/stream_today.py
[2024-08-09T08:54:01.095+0000] {processor.py:840} INFO - DAG(s) 'streaming_data_today' retrieved from /opt/airflow/dags/stream_today.py
[2024-08-09T08:54:01.152+0000] {logging_mixin.py:188} INFO - [2024-08-09T08:54:01.151+0000] {dag.py:3089} INFO - Sync 1 DAGs
[2024-08-09T08:54:01.238+0000] {logging_mixin.py:188} INFO - [2024-08-09T08:54:01.237+0000] {dag.py:3947} INFO - Setting next_dagrun for streaming_data_today to None, run_after=None
[2024-08-09T08:54:01.316+0000] {processor.py:183} INFO - Processing /opt/airflow/dags/stream_today.py took 1.355 seconds
[2024-08-09T08:54:31.785+0000] {processor.py:161} INFO - Started process (PID=931) to work on /opt/airflow/dags/stream_today.py
[2024-08-09T08:54:31.788+0000] {processor.py:830} INFO - Processing file /opt/airflow/dags/stream_today.py for tasks to queue
[2024-08-09T08:54:31.792+0000] {logging_mixin.py:188} INFO - [2024-08-09T08:54:31.792+0000] {dagbag.py:545} INFO - Filling up the DagBag from /opt/airflow/dags/stream_today.py
[2024-08-09T08:54:32.821+0000] {processor.py:840} INFO - DAG(s) 'streaming_data_today' retrieved from /opt/airflow/dags/stream_today.py
[2024-08-09T08:54:32.881+0000] {logging_mixin.py:188} INFO - [2024-08-09T08:54:32.880+0000] {dag.py:3089} INFO - Sync 1 DAGs
[2024-08-09T08:54:32.919+0000] {logging_mixin.py:188} INFO - [2024-08-09T08:54:32.918+0000] {dag.py:3947} INFO - Setting next_dagrun for streaming_data_today to None, run_after=None
[2024-08-09T08:54:32.984+0000] {processor.py:183} INFO - Processing /opt/airflow/dags/stream_today.py took 1.205 seconds
[2024-08-09T08:55:03.111+0000] {processor.py:161} INFO - Started process (PID=943) to work on /opt/airflow/dags/stream_today.py
[2024-08-09T08:55:03.112+0000] {processor.py:830} INFO - Processing file /opt/airflow/dags/stream_today.py for tasks to queue
[2024-08-09T08:55:03.114+0000] {logging_mixin.py:188} INFO - [2024-08-09T08:55:03.114+0000] {dagbag.py:545} INFO - Filling up the DagBag from /opt/airflow/dags/stream_today.py
[2024-08-09T08:55:03.981+0000] {processor.py:840} INFO - DAG(s) 'streaming_data_today' retrieved from /opt/airflow/dags/stream_today.py
[2024-08-09T08:55:04.041+0000] {logging_mixin.py:188} INFO - [2024-08-09T08:55:04.040+0000] {dag.py:3089} INFO - Sync 1 DAGs
[2024-08-09T08:55:04.074+0000] {logging_mixin.py:188} INFO - [2024-08-09T08:55:04.074+0000] {dag.py:3947} INFO - Setting next_dagrun for streaming_data_today to None, run_after=None
[2024-08-09T08:55:04.099+0000] {processor.py:183} INFO - Processing /opt/airflow/dags/stream_today.py took 0.996 seconds
[2024-08-09T08:55:34.409+0000] {processor.py:161} INFO - Started process (PID=955) to work on /opt/airflow/dags/stream_today.py
[2024-08-09T08:55:34.411+0000] {processor.py:830} INFO - Processing file /opt/airflow/dags/stream_today.py for tasks to queue
[2024-08-09T08:55:34.414+0000] {logging_mixin.py:188} INFO - [2024-08-09T08:55:34.413+0000] {dagbag.py:545} INFO - Filling up the DagBag from /opt/airflow/dags/stream_today.py
[2024-08-09T08:55:35.228+0000] {processor.py:840} INFO - DAG(s) 'streaming_data_today' retrieved from /opt/airflow/dags/stream_today.py
[2024-08-09T08:55:35.269+0000] {logging_mixin.py:188} INFO - [2024-08-09T08:55:35.269+0000] {dag.py:3089} INFO - Sync 1 DAGs
[2024-08-09T08:55:35.296+0000] {logging_mixin.py:188} INFO - [2024-08-09T08:55:35.296+0000] {dag.py:3947} INFO - Setting next_dagrun for streaming_data_today to None, run_after=None
[2024-08-09T08:55:35.318+0000] {processor.py:183} INFO - Processing /opt/airflow/dags/stream_today.py took 0.917 seconds
[2024-08-09T08:56:05.374+0000] {processor.py:161} INFO - Started process (PID=967) to work on /opt/airflow/dags/stream_today.py
[2024-08-09T08:56:05.375+0000] {processor.py:830} INFO - Processing file /opt/airflow/dags/stream_today.py for tasks to queue
[2024-08-09T08:56:05.378+0000] {logging_mixin.py:188} INFO - [2024-08-09T08:56:05.377+0000] {dagbag.py:545} INFO - Filling up the DagBag from /opt/airflow/dags/stream_today.py
[2024-08-09T08:56:06.196+0000] {processor.py:840} INFO - DAG(s) 'streaming_data_today' retrieved from /opt/airflow/dags/stream_today.py
[2024-08-09T08:56:06.227+0000] {logging_mixin.py:188} INFO - [2024-08-09T08:56:06.227+0000] {dag.py:3089} INFO - Sync 1 DAGs
[2024-08-09T08:56:06.249+0000] {logging_mixin.py:188} INFO - [2024-08-09T08:56:06.248+0000] {dag.py:3947} INFO - Setting next_dagrun for streaming_data_today to None, run_after=None
[2024-08-09T08:56:06.287+0000] {processor.py:183} INFO - Processing /opt/airflow/dags/stream_today.py took 0.919 seconds
[2024-08-09T08:56:36.484+0000] {processor.py:161} INFO - Started process (PID=979) to work on /opt/airflow/dags/stream_today.py
[2024-08-09T08:56:36.485+0000] {processor.py:830} INFO - Processing file /opt/airflow/dags/stream_today.py for tasks to queue
[2024-08-09T08:56:36.487+0000] {logging_mixin.py:188} INFO - [2024-08-09T08:56:36.487+0000] {dagbag.py:545} INFO - Filling up the DagBag from /opt/airflow/dags/stream_today.py
[2024-08-09T08:56:37.464+0000] {processor.py:840} INFO - DAG(s) 'streaming_data_today' retrieved from /opt/airflow/dags/stream_today.py
[2024-08-09T08:56:37.503+0000] {logging_mixin.py:188} INFO - [2024-08-09T08:56:37.502+0000] {dag.py:3089} INFO - Sync 1 DAGs
[2024-08-09T08:56:37.539+0000] {logging_mixin.py:188} INFO - [2024-08-09T08:56:37.539+0000] {dag.py:3947} INFO - Setting next_dagrun for streaming_data_today to None, run_after=None
[2024-08-09T08:56:37.587+0000] {processor.py:183} INFO - Processing /opt/airflow/dags/stream_today.py took 1.109 seconds
[2024-08-09T08:57:07.884+0000] {processor.py:161} INFO - Started process (PID=991) to work on /opt/airflow/dags/stream_today.py
[2024-08-09T08:57:07.886+0000] {processor.py:830} INFO - Processing file /opt/airflow/dags/stream_today.py for tasks to queue
[2024-08-09T08:57:07.888+0000] {logging_mixin.py:188} INFO - [2024-08-09T08:57:07.888+0000] {dagbag.py:545} INFO - Filling up the DagBag from /opt/airflow/dags/stream_today.py
[2024-08-09T08:57:08.960+0000] {processor.py:840} INFO - DAG(s) 'streaming_data_today' retrieved from /opt/airflow/dags/stream_today.py
[2024-08-09T08:57:08.999+0000] {logging_mixin.py:188} INFO - [2024-08-09T08:57:08.998+0000] {dag.py:3089} INFO - Sync 1 DAGs
[2024-08-09T08:57:09.025+0000] {logging_mixin.py:188} INFO - [2024-08-09T08:57:09.024+0000] {dag.py:3947} INFO - Setting next_dagrun for streaming_data_today to None, run_after=None
[2024-08-09T08:57:09.073+0000] {processor.py:183} INFO - Processing /opt/airflow/dags/stream_today.py took 1.198 seconds
[2024-08-09T08:57:39.462+0000] {processor.py:161} INFO - Started process (PID=1003) to work on /opt/airflow/dags/stream_today.py
[2024-08-09T08:57:39.464+0000] {processor.py:830} INFO - Processing file /opt/airflow/dags/stream_today.py for tasks to queue
[2024-08-09T08:57:39.467+0000] {logging_mixin.py:188} INFO - [2024-08-09T08:57:39.466+0000] {dagbag.py:545} INFO - Filling up the DagBag from /opt/airflow/dags/stream_today.py
[2024-08-09T08:57:40.888+0000] {processor.py:840} INFO - DAG(s) 'streaming_data_today' retrieved from /opt/airflow/dags/stream_today.py
[2024-08-09T08:57:40.982+0000] {logging_mixin.py:188} INFO - [2024-08-09T08:57:40.981+0000] {dag.py:3089} INFO - Sync 1 DAGs
[2024-08-09T08:57:41.024+0000] {logging_mixin.py:188} INFO - [2024-08-09T08:57:41.024+0000] {dag.py:3947} INFO - Setting next_dagrun for streaming_data_today to None, run_after=None
[2024-08-09T08:57:41.068+0000] {processor.py:183} INFO - Processing /opt/airflow/dags/stream_today.py took 1.615 seconds
[2024-08-09T08:58:11.536+0000] {processor.py:161} INFO - Started process (PID=1015) to work on /opt/airflow/dags/stream_today.py
[2024-08-09T08:58:11.537+0000] {processor.py:830} INFO - Processing file /opt/airflow/dags/stream_today.py for tasks to queue
[2024-08-09T08:58:11.539+0000] {logging_mixin.py:188} INFO - [2024-08-09T08:58:11.539+0000] {dagbag.py:545} INFO - Filling up the DagBag from /opt/airflow/dags/stream_today.py
[2024-08-09T08:58:12.279+0000] {processor.py:840} INFO - DAG(s) 'streaming_data_today' retrieved from /opt/airflow/dags/stream_today.py
[2024-08-09T08:58:12.308+0000] {logging_mixin.py:188} INFO - [2024-08-09T08:58:12.307+0000] {dag.py:3089} INFO - Sync 1 DAGs
[2024-08-09T08:58:12.326+0000] {logging_mixin.py:188} INFO - [2024-08-09T08:58:12.325+0000] {dag.py:3947} INFO - Setting next_dagrun for streaming_data_today to None, run_after=None
[2024-08-09T08:58:12.347+0000] {processor.py:183} INFO - Processing /opt/airflow/dags/stream_today.py took 0.819 seconds
[2024-08-09T08:58:43.018+0000] {processor.py:161} INFO - Started process (PID=1027) to work on /opt/airflow/dags/stream_today.py
[2024-08-09T08:58:43.019+0000] {processor.py:830} INFO - Processing file /opt/airflow/dags/stream_today.py for tasks to queue
[2024-08-09T08:58:43.021+0000] {logging_mixin.py:188} INFO - [2024-08-09T08:58:43.021+0000] {dagbag.py:545} INFO - Filling up the DagBag from /opt/airflow/dags/stream_today.py
[2024-08-09T08:58:43.851+0000] {processor.py:840} INFO - DAG(s) 'streaming_data_today' retrieved from /opt/airflow/dags/stream_today.py
[2024-08-09T08:58:43.897+0000] {logging_mixin.py:188} INFO - [2024-08-09T08:58:43.896+0000] {dag.py:3089} INFO - Sync 1 DAGs
[2024-08-09T08:58:43.928+0000] {logging_mixin.py:188} INFO - [2024-08-09T08:58:43.927+0000] {dag.py:3947} INFO - Setting next_dagrun for streaming_data_today to None, run_after=None
[2024-08-09T08:58:43.974+0000] {processor.py:183} INFO - Processing /opt/airflow/dags/stream_today.py took 0.965 seconds
[2024-08-09T08:59:14.633+0000] {processor.py:161} INFO - Started process (PID=1039) to work on /opt/airflow/dags/stream_today.py
[2024-08-09T08:59:14.635+0000] {processor.py:830} INFO - Processing file /opt/airflow/dags/stream_today.py for tasks to queue
[2024-08-09T08:59:14.638+0000] {logging_mixin.py:188} INFO - [2024-08-09T08:59:14.637+0000] {dagbag.py:545} INFO - Filling up the DagBag from /opt/airflow/dags/stream_today.py
[2024-08-09T08:59:15.860+0000] {processor.py:840} INFO - DAG(s) 'streaming_data_today' retrieved from /opt/airflow/dags/stream_today.py
[2024-08-09T08:59:15.898+0000] {logging_mixin.py:188} INFO - [2024-08-09T08:59:15.897+0000] {dag.py:3089} INFO - Sync 1 DAGs
[2024-08-09T08:59:15.921+0000] {logging_mixin.py:188} INFO - [2024-08-09T08:59:15.921+0000] {dag.py:3947} INFO - Setting next_dagrun for streaming_data_today to None, run_after=None
[2024-08-09T08:59:15.946+0000] {processor.py:183} INFO - Processing /opt/airflow/dags/stream_today.py took 1.326 seconds
[2024-08-09T08:59:46.355+0000] {processor.py:161} INFO - Started process (PID=1051) to work on /opt/airflow/dags/stream_today.py
[2024-08-09T08:59:46.358+0000] {processor.py:830} INFO - Processing file /opt/airflow/dags/stream_today.py for tasks to queue
[2024-08-09T08:59:46.366+0000] {logging_mixin.py:188} INFO - [2024-08-09T08:59:46.365+0000] {dagbag.py:545} INFO - Filling up the DagBag from /opt/airflow/dags/stream_today.py
[2024-08-09T08:59:48.625+0000] {processor.py:840} INFO - DAG(s) 'streaming_data_today' retrieved from /opt/airflow/dags/stream_today.py
[2024-08-09T08:59:48.702+0000] {logging_mixin.py:188} INFO - [2024-08-09T08:59:48.700+0000] {dag.py:3089} INFO - Sync 1 DAGs
[2024-08-09T08:59:48.760+0000] {logging_mixin.py:188} INFO - [2024-08-09T08:59:48.760+0000] {dag.py:3947} INFO - Setting next_dagrun for streaming_data_today to None, run_after=None
[2024-08-09T08:59:48.795+0000] {processor.py:183} INFO - Processing /opt/airflow/dags/stream_today.py took 2.461 seconds
[2024-08-09T09:00:18.862+0000] {processor.py:161} INFO - Started process (PID=1063) to work on /opt/airflow/dags/stream_today.py
[2024-08-09T09:00:18.864+0000] {processor.py:830} INFO - Processing file /opt/airflow/dags/stream_today.py for tasks to queue
[2024-08-09T09:00:18.866+0000] {logging_mixin.py:188} INFO - [2024-08-09T09:00:18.866+0000] {dagbag.py:545} INFO - Filling up the DagBag from /opt/airflow/dags/stream_today.py
[2024-08-09T09:00:19.707+0000] {processor.py:840} INFO - DAG(s) 'streaming_data_today' retrieved from /opt/airflow/dags/stream_today.py
[2024-08-09T09:00:19.762+0000] {logging_mixin.py:188} INFO - [2024-08-09T09:00:19.761+0000] {dag.py:3089} INFO - Sync 1 DAGs
[2024-08-09T09:00:19.832+0000] {logging_mixin.py:188} INFO - [2024-08-09T09:00:19.832+0000] {dag.py:3947} INFO - Setting next_dagrun for streaming_data_today to None, run_after=None
[2024-08-09T09:00:19.864+0000] {processor.py:183} INFO - Processing /opt/airflow/dags/stream_today.py took 1.010 seconds
[2024-08-09T09:00:50.168+0000] {processor.py:161} INFO - Started process (PID=1075) to work on /opt/airflow/dags/stream_today.py
[2024-08-09T09:00:50.170+0000] {processor.py:830} INFO - Processing file /opt/airflow/dags/stream_today.py for tasks to queue
[2024-08-09T09:00:50.172+0000] {logging_mixin.py:188} INFO - [2024-08-09T09:00:50.171+0000] {dagbag.py:545} INFO - Filling up the DagBag from /opt/airflow/dags/stream_today.py
[2024-08-09T09:00:50.820+0000] {processor.py:840} INFO - DAG(s) 'streaming_data_today' retrieved from /opt/airflow/dags/stream_today.py
[2024-08-09T09:00:50.850+0000] {logging_mixin.py:188} INFO - [2024-08-09T09:00:50.849+0000] {dag.py:3089} INFO - Sync 1 DAGs
[2024-08-09T09:00:50.873+0000] {logging_mixin.py:188} INFO - [2024-08-09T09:00:50.873+0000] {dag.py:3947} INFO - Setting next_dagrun for streaming_data_today to None, run_after=None
[2024-08-09T09:00:50.894+0000] {processor.py:183} INFO - Processing /opt/airflow/dags/stream_today.py took 0.732 seconds
[2024-08-09T09:01:21.164+0000] {processor.py:161} INFO - Started process (PID=1087) to work on /opt/airflow/dags/stream_today.py
[2024-08-09T09:01:21.165+0000] {processor.py:830} INFO - Processing file /opt/airflow/dags/stream_today.py for tasks to queue
[2024-08-09T09:01:21.168+0000] {logging_mixin.py:188} INFO - [2024-08-09T09:01:21.167+0000] {dagbag.py:545} INFO - Filling up the DagBag from /opt/airflow/dags/stream_today.py
[2024-08-09T09:01:22.819+0000] {processor.py:840} INFO - DAG(s) 'streaming_data_today' retrieved from /opt/airflow/dags/stream_today.py
[2024-08-09T09:01:22.913+0000] {logging_mixin.py:188} INFO - [2024-08-09T09:01:22.912+0000] {dag.py:3089} INFO - Sync 1 DAGs
[2024-08-09T09:01:22.952+0000] {logging_mixin.py:188} INFO - [2024-08-09T09:01:22.952+0000] {dag.py:3947} INFO - Setting next_dagrun for streaming_data_today to None, run_after=None
[2024-08-09T09:01:22.997+0000] {processor.py:183} INFO - Processing /opt/airflow/dags/stream_today.py took 1.844 seconds
[2024-08-09T09:01:53.495+0000] {processor.py:161} INFO - Started process (PID=1130) to work on /opt/airflow/dags/stream_today.py
[2024-08-09T09:01:53.496+0000] {processor.py:830} INFO - Processing file /opt/airflow/dags/stream_today.py for tasks to queue
[2024-08-09T09:01:53.499+0000] {logging_mixin.py:188} INFO - [2024-08-09T09:01:53.499+0000] {dagbag.py:545} INFO - Filling up the DagBag from /opt/airflow/dags/stream_today.py
[2024-08-09T09:01:55.267+0000] {processor.py:840} INFO - DAG(s) 'streaming_data_today' retrieved from /opt/airflow/dags/stream_today.py
[2024-08-09T09:01:55.320+0000] {logging_mixin.py:188} INFO - [2024-08-09T09:01:55.320+0000] {dag.py:3089} INFO - Sync 1 DAGs
[2024-08-09T09:01:55.357+0000] {logging_mixin.py:188} INFO - [2024-08-09T09:01:55.357+0000] {dag.py:3947} INFO - Setting next_dagrun for streaming_data_today to None, run_after=None
[2024-08-09T09:01:55.403+0000] {processor.py:183} INFO - Processing /opt/airflow/dags/stream_today.py took 1.916 seconds
[2024-08-09T09:02:25.791+0000] {processor.py:161} INFO - Started process (PID=1142) to work on /opt/airflow/dags/stream_today.py
[2024-08-09T09:02:25.792+0000] {processor.py:830} INFO - Processing file /opt/airflow/dags/stream_today.py for tasks to queue
[2024-08-09T09:02:25.794+0000] {logging_mixin.py:188} INFO - [2024-08-09T09:02:25.794+0000] {dagbag.py:545} INFO - Filling up the DagBag from /opt/airflow/dags/stream_today.py
[2024-08-09T09:02:26.752+0000] {processor.py:840} INFO - DAG(s) 'streaming_data_today' retrieved from /opt/airflow/dags/stream_today.py
[2024-08-09T09:02:26.863+0000] {logging_mixin.py:188} INFO - [2024-08-09T09:02:26.862+0000] {dag.py:3089} INFO - Sync 1 DAGs
[2024-08-09T09:02:26.924+0000] {logging_mixin.py:188} INFO - [2024-08-09T09:02:26.924+0000] {dag.py:3947} INFO - Setting next_dagrun for streaming_data_today to None, run_after=None
[2024-08-09T09:02:26.989+0000] {processor.py:183} INFO - Processing /opt/airflow/dags/stream_today.py took 1.208 seconds
[2024-08-09T09:02:57.291+0000] {processor.py:161} INFO - Started process (PID=1154) to work on /opt/airflow/dags/stream_today.py
[2024-08-09T09:02:57.293+0000] {processor.py:830} INFO - Processing file /opt/airflow/dags/stream_today.py for tasks to queue
[2024-08-09T09:02:57.295+0000] {logging_mixin.py:188} INFO - [2024-08-09T09:02:57.294+0000] {dagbag.py:545} INFO - Filling up the DagBag from /opt/airflow/dags/stream_today.py
[2024-08-09T09:02:58.110+0000] {processor.py:840} INFO - DAG(s) 'streaming_data_today' retrieved from /opt/airflow/dags/stream_today.py
[2024-08-09T09:02:58.147+0000] {logging_mixin.py:188} INFO - [2024-08-09T09:02:58.146+0000] {dag.py:3089} INFO - Sync 1 DAGs
[2024-08-09T09:02:58.173+0000] {logging_mixin.py:188} INFO - [2024-08-09T09:02:58.173+0000] {dag.py:3947} INFO - Setting next_dagrun for streaming_data_today to None, run_after=None
[2024-08-09T09:02:58.199+0000] {processor.py:183} INFO - Processing /opt/airflow/dags/stream_today.py took 0.914 seconds
[2024-08-09T09:03:28.573+0000] {processor.py:161} INFO - Started process (PID=1166) to work on /opt/airflow/dags/stream_today.py
[2024-08-09T09:03:28.575+0000] {processor.py:830} INFO - Processing file /opt/airflow/dags/stream_today.py for tasks to queue
[2024-08-09T09:03:28.578+0000] {logging_mixin.py:188} INFO - [2024-08-09T09:03:28.577+0000] {dagbag.py:545} INFO - Filling up the DagBag from /opt/airflow/dags/stream_today.py
[2024-08-09T09:03:29.511+0000] {processor.py:840} INFO - DAG(s) 'streaming_data_today' retrieved from /opt/airflow/dags/stream_today.py
[2024-08-09T09:03:29.555+0000] {logging_mixin.py:188} INFO - [2024-08-09T09:03:29.554+0000] {dag.py:3089} INFO - Sync 1 DAGs
[2024-08-09T09:03:29.588+0000] {logging_mixin.py:188} INFO - [2024-08-09T09:03:29.587+0000] {dag.py:3947} INFO - Setting next_dagrun for streaming_data_today to None, run_after=None
[2024-08-09T09:03:29.620+0000] {processor.py:183} INFO - Processing /opt/airflow/dags/stream_today.py took 1.069 seconds
[2024-08-09T09:04:00.076+0000] {processor.py:161} INFO - Started process (PID=1178) to work on /opt/airflow/dags/stream_today.py
[2024-08-09T09:04:00.078+0000] {processor.py:830} INFO - Processing file /opt/airflow/dags/stream_today.py for tasks to queue
[2024-08-09T09:04:00.081+0000] {logging_mixin.py:188} INFO - [2024-08-09T09:04:00.081+0000] {dagbag.py:545} INFO - Filling up the DagBag from /opt/airflow/dags/stream_today.py
[2024-08-09T09:04:01.289+0000] {processor.py:840} INFO - DAG(s) 'streaming_data_today' retrieved from /opt/airflow/dags/stream_today.py
[2024-08-09T09:04:01.348+0000] {logging_mixin.py:188} INFO - [2024-08-09T09:04:01.347+0000] {dag.py:3089} INFO - Sync 1 DAGs
[2024-08-09T09:04:01.385+0000] {logging_mixin.py:188} INFO - [2024-08-09T09:04:01.384+0000] {dag.py:3947} INFO - Setting next_dagrun for streaming_data_today to None, run_after=None
[2024-08-09T09:04:01.436+0000] {processor.py:183} INFO - Processing /opt/airflow/dags/stream_today.py took 1.371 seconds
[2024-08-09T09:04:31.776+0000] {processor.py:161} INFO - Started process (PID=1190) to work on /opt/airflow/dags/stream_today.py
[2024-08-09T09:04:31.777+0000] {processor.py:830} INFO - Processing file /opt/airflow/dags/stream_today.py for tasks to queue
[2024-08-09T09:04:31.779+0000] {logging_mixin.py:188} INFO - [2024-08-09T09:04:31.779+0000] {dagbag.py:545} INFO - Filling up the DagBag from /opt/airflow/dags/stream_today.py
[2024-08-09T09:04:32.629+0000] {processor.py:840} INFO - DAG(s) 'streaming_data_today' retrieved from /opt/airflow/dags/stream_today.py
[2024-08-09T09:04:32.667+0000] {logging_mixin.py:188} INFO - [2024-08-09T09:04:32.667+0000] {dag.py:3089} INFO - Sync 1 DAGs
[2024-08-09T09:04:32.694+0000] {logging_mixin.py:188} INFO - [2024-08-09T09:04:32.693+0000] {dag.py:3947} INFO - Setting next_dagrun for streaming_data_today to None, run_after=None
[2024-08-09T09:04:32.741+0000] {processor.py:183} INFO - Processing /opt/airflow/dags/stream_today.py took 0.972 seconds
[2024-08-09T09:05:03.043+0000] {processor.py:161} INFO - Started process (PID=1202) to work on /opt/airflow/dags/stream_today.py
[2024-08-09T09:05:03.044+0000] {processor.py:830} INFO - Processing file /opt/airflow/dags/stream_today.py for tasks to queue
[2024-08-09T09:05:03.048+0000] {logging_mixin.py:188} INFO - [2024-08-09T09:05:03.047+0000] {dagbag.py:545} INFO - Filling up the DagBag from /opt/airflow/dags/stream_today.py
[2024-08-09T09:05:03.829+0000] {processor.py:840} INFO - DAG(s) 'streaming_data_today' retrieved from /opt/airflow/dags/stream_today.py
[2024-08-09T09:05:03.862+0000] {logging_mixin.py:188} INFO - [2024-08-09T09:05:03.861+0000] {dag.py:3089} INFO - Sync 1 DAGs
[2024-08-09T09:05:03.885+0000] {logging_mixin.py:188} INFO - [2024-08-09T09:05:03.885+0000] {dag.py:3947} INFO - Setting next_dagrun for streaming_data_today to None, run_after=None
[2024-08-09T09:05:03.920+0000] {processor.py:183} INFO - Processing /opt/airflow/dags/stream_today.py took 0.884 seconds
[2024-08-09T09:05:34.268+0000] {processor.py:161} INFO - Started process (PID=1214) to work on /opt/airflow/dags/stream_today.py
[2024-08-09T09:05:34.269+0000] {processor.py:830} INFO - Processing file /opt/airflow/dags/stream_today.py for tasks to queue
[2024-08-09T09:05:34.271+0000] {logging_mixin.py:188} INFO - [2024-08-09T09:05:34.271+0000] {dagbag.py:545} INFO - Filling up the DagBag from /opt/airflow/dags/stream_today.py
[2024-08-09T09:05:34.883+0000] {processor.py:840} INFO - DAG(s) 'streaming_data_today' retrieved from /opt/airflow/dags/stream_today.py
[2024-08-09T09:05:34.916+0000] {logging_mixin.py:188} INFO - [2024-08-09T09:05:34.915+0000] {dag.py:3089} INFO - Sync 1 DAGs
[2024-08-09T09:05:34.935+0000] {logging_mixin.py:188} INFO - [2024-08-09T09:05:34.935+0000] {dag.py:3947} INFO - Setting next_dagrun for streaming_data_today to None, run_after=None
[2024-08-09T09:05:34.973+0000] {processor.py:183} INFO - Processing /opt/airflow/dags/stream_today.py took 0.710 seconds
[2024-08-09T09:06:05.376+0000] {processor.py:161} INFO - Started process (PID=1226) to work on /opt/airflow/dags/stream_today.py
[2024-08-09T09:06:05.377+0000] {processor.py:830} INFO - Processing file /opt/airflow/dags/stream_today.py for tasks to queue
[2024-08-09T09:06:05.380+0000] {logging_mixin.py:188} INFO - [2024-08-09T09:06:05.380+0000] {dagbag.py:545} INFO - Filling up the DagBag from /opt/airflow/dags/stream_today.py
[2024-08-09T09:06:06.163+0000] {processor.py:840} INFO - DAG(s) 'streaming_data_today' retrieved from /opt/airflow/dags/stream_today.py
[2024-08-09T09:06:06.193+0000] {logging_mixin.py:188} INFO - [2024-08-09T09:06:06.192+0000] {dag.py:3089} INFO - Sync 1 DAGs
[2024-08-09T09:06:06.219+0000] {logging_mixin.py:188} INFO - [2024-08-09T09:06:06.219+0000] {dag.py:3947} INFO - Setting next_dagrun for streaming_data_today to None, run_after=None
[2024-08-09T09:06:06.247+0000] {processor.py:183} INFO - Processing /opt/airflow/dags/stream_today.py took 0.878 seconds
[2024-08-09T09:06:36.872+0000] {processor.py:161} INFO - Started process (PID=1238) to work on /opt/airflow/dags/stream_today.py
[2024-08-09T09:06:36.873+0000] {processor.py:830} INFO - Processing file /opt/airflow/dags/stream_today.py for tasks to queue
[2024-08-09T09:06:36.876+0000] {logging_mixin.py:188} INFO - [2024-08-09T09:06:36.876+0000] {dagbag.py:545} INFO - Filling up the DagBag from /opt/airflow/dags/stream_today.py
[2024-08-09T09:06:37.689+0000] {processor.py:840} INFO - DAG(s) 'streaming_data_today' retrieved from /opt/airflow/dags/stream_today.py
[2024-08-09T09:06:37.725+0000] {logging_mixin.py:188} INFO - [2024-08-09T09:06:37.725+0000] {dag.py:3089} INFO - Sync 1 DAGs
[2024-08-09T09:06:37.747+0000] {logging_mixin.py:188} INFO - [2024-08-09T09:06:37.747+0000] {dag.py:3947} INFO - Setting next_dagrun for streaming_data_today to None, run_after=None
[2024-08-09T09:06:37.783+0000] {processor.py:183} INFO - Processing /opt/airflow/dags/stream_today.py took 0.917 seconds
[2024-08-09T09:07:07.942+0000] {processor.py:161} INFO - Started process (PID=1250) to work on /opt/airflow/dags/stream_today.py
[2024-08-09T09:07:07.943+0000] {processor.py:830} INFO - Processing file /opt/airflow/dags/stream_today.py for tasks to queue
[2024-08-09T09:07:07.945+0000] {logging_mixin.py:188} INFO - [2024-08-09T09:07:07.945+0000] {dagbag.py:545} INFO - Filling up the DagBag from /opt/airflow/dags/stream_today.py
[2024-08-09T09:07:08.862+0000] {processor.py:840} INFO - DAG(s) 'streaming_data_today' retrieved from /opt/airflow/dags/stream_today.py
[2024-08-09T09:07:08.921+0000] {logging_mixin.py:188} INFO - [2024-08-09T09:07:08.920+0000] {dag.py:3089} INFO - Sync 1 DAGs
[2024-08-09T09:07:08.962+0000] {logging_mixin.py:188} INFO - [2024-08-09T09:07:08.962+0000] {dag.py:3947} INFO - Setting next_dagrun for streaming_data_today to None, run_after=None
[2024-08-09T09:07:09.031+0000] {processor.py:183} INFO - Processing /opt/airflow/dags/stream_today.py took 1.095 seconds
[2024-08-09T09:07:39.140+0000] {processor.py:161} INFO - Started process (PID=1262) to work on /opt/airflow/dags/stream_today.py
[2024-08-09T09:07:39.141+0000] {processor.py:830} INFO - Processing file /opt/airflow/dags/stream_today.py for tasks to queue
[2024-08-09T09:07:39.143+0000] {logging_mixin.py:188} INFO - [2024-08-09T09:07:39.143+0000] {dagbag.py:545} INFO - Filling up the DagBag from /opt/airflow/dags/stream_today.py
[2024-08-09T09:07:39.972+0000] {processor.py:840} INFO - DAG(s) 'streaming_data_today' retrieved from /opt/airflow/dags/stream_today.py
[2024-08-09T09:07:40.012+0000] {logging_mixin.py:188} INFO - [2024-08-09T09:07:40.011+0000] {dag.py:3089} INFO - Sync 1 DAGs
[2024-08-09T09:07:40.039+0000] {logging_mixin.py:188} INFO - [2024-08-09T09:07:40.039+0000] {dag.py:3947} INFO - Setting next_dagrun for streaming_data_today to None, run_after=None
[2024-08-09T09:07:40.078+0000] {processor.py:183} INFO - Processing /opt/airflow/dags/stream_today.py took 0.943 seconds
[2024-08-09T09:08:10.402+0000] {processor.py:161} INFO - Started process (PID=1274) to work on /opt/airflow/dags/stream_today.py
[2024-08-09T09:08:10.404+0000] {processor.py:830} INFO - Processing file /opt/airflow/dags/stream_today.py for tasks to queue
[2024-08-09T09:08:10.406+0000] {logging_mixin.py:188} INFO - [2024-08-09T09:08:10.406+0000] {dagbag.py:545} INFO - Filling up the DagBag from /opt/airflow/dags/stream_today.py
[2024-08-09T09:08:11.266+0000] {processor.py:840} INFO - DAG(s) 'streaming_data_today' retrieved from /opt/airflow/dags/stream_today.py
[2024-08-09T09:08:11.307+0000] {logging_mixin.py:188} INFO - [2024-08-09T09:08:11.307+0000] {dag.py:3089} INFO - Sync 1 DAGs
[2024-08-09T09:08:11.362+0000] {logging_mixin.py:188} INFO - [2024-08-09T09:08:11.362+0000] {dag.py:3947} INFO - Setting next_dagrun for streaming_data_today to None, run_after=None
[2024-08-09T09:08:11.388+0000] {processor.py:183} INFO - Processing /opt/airflow/dags/stream_today.py took 0.996 seconds
[2024-08-09T09:08:41.699+0000] {processor.py:161} INFO - Started process (PID=1286) to work on /opt/airflow/dags/stream_today.py
[2024-08-09T09:08:41.700+0000] {processor.py:830} INFO - Processing file /opt/airflow/dags/stream_today.py for tasks to queue
[2024-08-09T09:08:41.702+0000] {logging_mixin.py:188} INFO - [2024-08-09T09:08:41.702+0000] {dagbag.py:545} INFO - Filling up the DagBag from /opt/airflow/dags/stream_today.py
[2024-08-09T09:08:42.532+0000] {processor.py:840} INFO - DAG(s) 'streaming_data_today' retrieved from /opt/airflow/dags/stream_today.py
[2024-08-09T09:08:42.582+0000] {logging_mixin.py:188} INFO - [2024-08-09T09:08:42.581+0000] {dag.py:3089} INFO - Sync 1 DAGs
[2024-08-09T09:08:42.610+0000] {logging_mixin.py:188} INFO - [2024-08-09T09:08:42.610+0000] {dag.py:3947} INFO - Setting next_dagrun for streaming_data_today to None, run_after=None
[2024-08-09T09:08:42.649+0000] {processor.py:183} INFO - Processing /opt/airflow/dags/stream_today.py took 0.956 seconds
[2024-08-09T09:09:13.013+0000] {processor.py:161} INFO - Started process (PID=1298) to work on /opt/airflow/dags/stream_today.py
[2024-08-09T09:09:13.016+0000] {processor.py:830} INFO - Processing file /opt/airflow/dags/stream_today.py for tasks to queue
[2024-08-09T09:09:13.024+0000] {logging_mixin.py:188} INFO - [2024-08-09T09:09:13.022+0000] {dagbag.py:545} INFO - Filling up the DagBag from /opt/airflow/dags/stream_today.py
[2024-08-09T09:09:14.954+0000] {processor.py:840} INFO - DAG(s) 'streaming_data_today' retrieved from /opt/airflow/dags/stream_today.py
[2024-08-09T09:09:15.022+0000] {logging_mixin.py:188} INFO - [2024-08-09T09:09:15.020+0000] {dag.py:3089} INFO - Sync 1 DAGs
[2024-08-09T09:09:15.089+0000] {logging_mixin.py:188} INFO - [2024-08-09T09:09:15.088+0000] {dag.py:3947} INFO - Setting next_dagrun for streaming_data_today to None, run_after=None
[2024-08-09T09:09:15.136+0000] {processor.py:183} INFO - Processing /opt/airflow/dags/stream_today.py took 2.147 seconds
[2024-08-09T09:09:45.474+0000] {processor.py:161} INFO - Started process (PID=1310) to work on /opt/airflow/dags/stream_today.py
[2024-08-09T09:09:45.475+0000] {processor.py:830} INFO - Processing file /opt/airflow/dags/stream_today.py for tasks to queue
[2024-08-09T09:09:45.477+0000] {logging_mixin.py:188} INFO - [2024-08-09T09:09:45.477+0000] {dagbag.py:545} INFO - Filling up the DagBag from /opt/airflow/dags/stream_today.py
[2024-08-09T09:09:46.130+0000] {processor.py:840} INFO - DAG(s) 'streaming_data_today' retrieved from /opt/airflow/dags/stream_today.py
[2024-08-09T09:09:46.169+0000] {logging_mixin.py:188} INFO - [2024-08-09T09:09:46.168+0000] {dag.py:3089} INFO - Sync 1 DAGs
[2024-08-09T09:09:46.194+0000] {logging_mixin.py:188} INFO - [2024-08-09T09:09:46.193+0000] {dag.py:3947} INFO - Setting next_dagrun for streaming_data_today to None, run_after=None
[2024-08-09T09:09:46.229+0000] {processor.py:183} INFO - Processing /opt/airflow/dags/stream_today.py took 0.762 seconds
[2024-08-09T09:10:16.376+0000] {processor.py:161} INFO - Started process (PID=1322) to work on /opt/airflow/dags/stream_today.py
[2024-08-09T09:10:16.378+0000] {processor.py:830} INFO - Processing file /opt/airflow/dags/stream_today.py for tasks to queue
[2024-08-09T09:10:16.380+0000] {logging_mixin.py:188} INFO - [2024-08-09T09:10:16.379+0000] {dagbag.py:545} INFO - Filling up the DagBag from /opt/airflow/dags/stream_today.py
[2024-08-09T09:10:17.003+0000] {processor.py:840} INFO - DAG(s) 'streaming_data_today' retrieved from /opt/airflow/dags/stream_today.py
[2024-08-09T09:10:17.033+0000] {logging_mixin.py:188} INFO - [2024-08-09T09:10:17.032+0000] {dag.py:3089} INFO - Sync 1 DAGs
[2024-08-09T09:10:17.052+0000] {logging_mixin.py:188} INFO - [2024-08-09T09:10:17.052+0000] {dag.py:3947} INFO - Setting next_dagrun for streaming_data_today to None, run_after=None
[2024-08-09T09:10:17.073+0000] {processor.py:183} INFO - Processing /opt/airflow/dags/stream_today.py took 0.702 seconds
[2024-08-09T09:10:47.215+0000] {processor.py:161} INFO - Started process (PID=1334) to work on /opt/airflow/dags/stream_today.py
[2024-08-09T09:10:47.217+0000] {processor.py:830} INFO - Processing file /opt/airflow/dags/stream_today.py for tasks to queue
[2024-08-09T09:10:47.219+0000] {logging_mixin.py:188} INFO - [2024-08-09T09:10:47.219+0000] {dagbag.py:545} INFO - Filling up the DagBag from /opt/airflow/dags/stream_today.py
[2024-08-09T09:10:47.841+0000] {processor.py:840} INFO - DAG(s) 'streaming_data_today' retrieved from /opt/airflow/dags/stream_today.py
[2024-08-09T09:10:47.883+0000] {logging_mixin.py:188} INFO - [2024-08-09T09:10:47.883+0000] {dag.py:3089} INFO - Sync 1 DAGs
[2024-08-09T09:10:47.901+0000] {logging_mixin.py:188} INFO - [2024-08-09T09:10:47.900+0000] {dag.py:3947} INFO - Setting next_dagrun for streaming_data_today to None, run_after=None
[2024-08-09T09:10:47.922+0000] {processor.py:183} INFO - Processing /opt/airflow/dags/stream_today.py took 0.712 seconds
[2024-08-09T09:11:18.074+0000] {processor.py:161} INFO - Started process (PID=1346) to work on /opt/airflow/dags/stream_today.py
[2024-08-09T09:11:18.075+0000] {processor.py:830} INFO - Processing file /opt/airflow/dags/stream_today.py for tasks to queue
[2024-08-09T09:11:18.077+0000] {logging_mixin.py:188} INFO - [2024-08-09T09:11:18.077+0000] {dagbag.py:545} INFO - Filling up the DagBag from /opt/airflow/dags/stream_today.py
[2024-08-09T09:11:18.700+0000] {processor.py:840} INFO - DAG(s) 'streaming_data_today' retrieved from /opt/airflow/dags/stream_today.py
[2024-08-09T09:11:18.733+0000] {logging_mixin.py:188} INFO - [2024-08-09T09:11:18.732+0000] {dag.py:3089} INFO - Sync 1 DAGs
[2024-08-09T09:11:18.756+0000] {logging_mixin.py:188} INFO - [2024-08-09T09:11:18.755+0000] {dag.py:3947} INFO - Setting next_dagrun for streaming_data_today to None, run_after=None
[2024-08-09T09:11:18.796+0000] {processor.py:183} INFO - Processing /opt/airflow/dags/stream_today.py took 0.728 seconds
[2024-08-09T09:11:49.033+0000] {processor.py:161} INFO - Started process (PID=1358) to work on /opt/airflow/dags/stream_today.py
[2024-08-09T09:11:49.034+0000] {processor.py:830} INFO - Processing file /opt/airflow/dags/stream_today.py for tasks to queue
[2024-08-09T09:11:49.036+0000] {logging_mixin.py:188} INFO - [2024-08-09T09:11:49.035+0000] {dagbag.py:545} INFO - Filling up the DagBag from /opt/airflow/dags/stream_today.py
[2024-08-09T09:11:49.707+0000] {processor.py:840} INFO - DAG(s) 'streaming_data_today' retrieved from /opt/airflow/dags/stream_today.py
[2024-08-09T09:11:49.736+0000] {logging_mixin.py:188} INFO - [2024-08-09T09:11:49.736+0000] {dag.py:3089} INFO - Sync 1 DAGs
[2024-08-09T09:11:49.756+0000] {logging_mixin.py:188} INFO - [2024-08-09T09:11:49.756+0000] {dag.py:3947} INFO - Setting next_dagrun for streaming_data_today to None, run_after=None
[2024-08-09T09:11:49.776+0000] {processor.py:183} INFO - Processing /opt/airflow/dags/stream_today.py took 0.749 seconds
[2024-08-09T09:12:19.959+0000] {processor.py:161} INFO - Started process (PID=1370) to work on /opt/airflow/dags/stream_today.py
[2024-08-09T09:12:19.960+0000] {processor.py:830} INFO - Processing file /opt/airflow/dags/stream_today.py for tasks to queue
[2024-08-09T09:12:19.962+0000] {logging_mixin.py:188} INFO - [2024-08-09T09:12:19.961+0000] {dagbag.py:545} INFO - Filling up the DagBag from /opt/airflow/dags/stream_today.py
[2024-08-09T09:12:20.548+0000] {processor.py:840} INFO - DAG(s) 'streaming_data_today' retrieved from /opt/airflow/dags/stream_today.py
[2024-08-09T09:12:20.588+0000] {logging_mixin.py:188} INFO - [2024-08-09T09:12:20.587+0000] {dag.py:3089} INFO - Sync 1 DAGs
[2024-08-09T09:12:20.606+0000] {logging_mixin.py:188} INFO - [2024-08-09T09:12:20.606+0000] {dag.py:3947} INFO - Setting next_dagrun for streaming_data_today to None, run_after=None
[2024-08-09T09:12:20.626+0000] {processor.py:183} INFO - Processing /opt/airflow/dags/stream_today.py took 0.672 seconds
[2024-08-09T09:12:50.823+0000] {processor.py:161} INFO - Started process (PID=1382) to work on /opt/airflow/dags/stream_today.py
[2024-08-09T09:12:50.824+0000] {processor.py:830} INFO - Processing file /opt/airflow/dags/stream_today.py for tasks to queue
[2024-08-09T09:12:50.826+0000] {logging_mixin.py:188} INFO - [2024-08-09T09:12:50.826+0000] {dagbag.py:545} INFO - Filling up the DagBag from /opt/airflow/dags/stream_today.py
[2024-08-09T09:12:51.429+0000] {processor.py:840} INFO - DAG(s) 'streaming_data_today' retrieved from /opt/airflow/dags/stream_today.py
[2024-08-09T09:12:51.455+0000] {logging_mixin.py:188} INFO - [2024-08-09T09:12:51.454+0000] {dag.py:3089} INFO - Sync 1 DAGs
[2024-08-09T09:12:51.472+0000] {logging_mixin.py:188} INFO - [2024-08-09T09:12:51.472+0000] {dag.py:3947} INFO - Setting next_dagrun for streaming_data_today to None, run_after=None
[2024-08-09T09:12:51.510+0000] {processor.py:183} INFO - Processing /opt/airflow/dags/stream_today.py took 0.693 seconds
