[2024-07-26T10:48:51.680+0000] {local_task_job_runner.py:120} INFO - ::group::Pre task execution logs
[2024-07-26T10:48:51.777+0000] {taskinstance.py:2076} INFO - Dependencies all met for dep_context=non-requeueable deps ti=<TaskInstance: finnhub_kafka.stream_data_from_api scheduled__2024-01-01T10:00:00+00:00 [queued]>
[2024-07-26T10:48:51.795+0000] {taskinstance.py:2076} INFO - Dependencies all met for dep_context=requeueable deps ti=<TaskInstance: finnhub_kafka.stream_data_from_api scheduled__2024-01-01T10:00:00+00:00 [queued]>
[2024-07-26T10:48:51.796+0000] {taskinstance.py:2306} INFO - Starting attempt 1 of 1
[2024-07-26T10:48:51.843+0000] {taskinstance.py:2330} INFO - Executing <Task(PythonOperator): stream_data_from_api> on 2024-01-01 10:00:00+00:00
[2024-07-26T10:48:51.856+0000] {logging_mixin.py:188} WARNING - /home/***/.local/lib/python3.12/site-packages/***/task/task_runner/standard_task_runner.py:62 DeprecationWarning: This process (pid=251) is multi-threaded, use of fork() may lead to deadlocks in the child.
[2024-07-26T10:48:51.858+0000] {standard_task_runner.py:64} INFO - Started process 256 to run task
[2024-07-26T10:48:51.854+0000] {standard_task_runner.py:90} INFO - Running: ['***', 'tasks', 'run', 'finnhub_kafka', 'stream_data_from_api', 'scheduled__2024-01-01T10:00:00+00:00', '--job-id', '36', '--raw', '--subdir', 'DAGS_FOLDER/topic.py', '--cfg-path', '/tmp/tmpchqo1iv4']
[2024-07-26T10:48:51.860+0000] {standard_task_runner.py:91} INFO - Job 36: Subtask stream_data_from_api
[2024-07-26T10:48:51.935+0000] {logging_mixin.py:188} WARNING - /home/***/.local/lib/python3.12/site-packages/***/settings.py:195 DeprecationWarning: The sql_alchemy_conn option in [core] has been moved to the sql_alchemy_conn option in [database] - the old setting has been used, but please update your config.
[2024-07-26T10:48:52.135+0000] {task_command.py:426} INFO - Running <TaskInstance: finnhub_kafka.stream_data_from_api scheduled__2024-01-01T10:00:00+00:00 [running]> on host 58d89cf8ae8c
[2024-07-26T10:48:52.482+0000] {taskinstance.py:2648} INFO - Exporting env vars: AIRFLOW_CTX_DAG_OWNER='***' AIRFLOW_CTX_DAG_ID='finnhub_kafka' AIRFLOW_CTX_TASK_ID='stream_data_from_api' AIRFLOW_CTX_EXECUTION_DATE='2024-01-01T10:00:00+00:00' AIRFLOW_CTX_TRY_NUMBER='1' AIRFLOW_CTX_DAG_RUN_ID='scheduled__2024-01-01T10:00:00+00:00'
[2024-07-26T10:48:52.485+0000] {taskinstance.py:430} INFO - ::endgroup::
[2024-07-26T10:48:53.763+0000] {logging_mixin.py:188} INFO - {'symbol': 'AAPL', 'data': {'c': 217.49, 'd': -1.05, 'dp': -0.4805, 'h': 220.85, 'l': 214.62, 'o': 218.87, 'pc': 218.54, 't': 1721937602}, 'timestamp': '2024-07-26T10:48:53.763102'}
[2024-07-26T10:48:53.788+0000] {logging_mixin.py:188} INFO - Message được gửi tới topic_finnhub [Partition: 0]
[2024-07-26T10:48:53.790+0000] {python.py:237} INFO - Done. Returned value was: None
[2024-07-26T10:48:53.793+0000] {taskinstance.py:441} INFO - ::group::Post task execution logs
[2024-07-26T10:48:53.849+0000] {taskinstance.py:1206} INFO - Marking task as SUCCESS. dag_id=finnhub_kafka, task_id=stream_data_from_api, run_id=scheduled__2024-01-01T10:00:00+00:00, execution_date=20240101T100000, start_date=20240726T104851, end_date=20240726T104853
[2024-07-26T10:48:53.909+0000] {local_task_job_runner.py:243} INFO - Task exited with return code 0
[2024-07-26T10:48:53.961+0000] {taskinstance.py:3503} INFO - 0 downstream tasks scheduled from follow-on schedule check
[2024-07-26T10:48:53.965+0000] {local_task_job_runner.py:222} INFO - ::endgroup::
