[2024-08-10T14:08:10.018+0000] {local_task_job_runner.py:120} INFO - ::group::Pre task execution logs
[2024-08-10T14:08:10.061+0000] {taskinstance.py:2076} INFO - Dependencies all met for dep_context=non-requeueable deps ti=<TaskInstance: streaming_data.get_data manual__2024-08-10T14:08:08.552827+00:00 [queued]>
[2024-08-10T14:08:10.071+0000] {taskinstance.py:2076} INFO - Dependencies all met for dep_context=requeueable deps ti=<TaskInstance: streaming_data.get_data manual__2024-08-10T14:08:08.552827+00:00 [queued]>
[2024-08-10T14:08:10.074+0000] {taskinstance.py:2306} INFO - Starting attempt 1 of 2
[2024-08-10T14:08:10.094+0000] {taskinstance.py:2330} INFO - Executing <Task(PythonOperator): get_data> on 2024-08-10 14:08:08.552827+00:00
[2024-08-10T14:08:10.102+0000] {logging_mixin.py:188} WARNING - /home/***/.local/lib/python3.12/site-packages/***/task/task_runner/standard_task_runner.py:62 DeprecationWarning: This process (pid=935) is multi-threaded, use of fork() may lead to deadlocks in the child.
[2024-08-10T14:08:10.103+0000] {standard_task_runner.py:64} INFO - Started process 937 to run task
[2024-08-10T14:08:10.102+0000] {standard_task_runner.py:90} INFO - Running: ['***', 'tasks', 'run', 'streaming_data', 'get_data', 'manual__2024-08-10T14:08:08.552827+00:00', '--job-id', '183', '--raw', '--subdir', 'DAGS_FOLDER/stream.py', '--cfg-path', '/tmp/tmp9d93h4zs']
[2024-08-10T14:08:10.104+0000] {standard_task_runner.py:91} INFO - Job 183: Subtask get_data
[2024-08-10T14:08:10.125+0000] {logging_mixin.py:188} WARNING - /home/***/.local/lib/python3.12/site-packages/***/settings.py:195 DeprecationWarning: The sql_alchemy_conn option in [core] has been moved to the sql_alchemy_conn option in [database] - the old setting has been used, but please update your config.
[2024-08-10T14:08:10.173+0000] {task_command.py:426} INFO - Running <TaskInstance: streaming_data.get_data manual__2024-08-10T14:08:08.552827+00:00 [running]> on host 562e157be0a0
[2024-08-10T14:08:10.289+0000] {taskinstance.py:2648} INFO - Exporting env vars: AIRFLOW_CTX_DAG_OWNER='***' AIRFLOW_CTX_DAG_ID='streaming_data' AIRFLOW_CTX_TASK_ID='get_data' AIRFLOW_CTX_EXECUTION_DATE='2024-08-10T14:08:08.552827+00:00' AIRFLOW_CTX_TRY_NUMBER='1' AIRFLOW_CTX_DAG_RUN_ID='manual__2024-08-10T14:08:08.552827+00:00'
[2024-08-10T14:08:10.291+0000] {taskinstance.py:430} INFO - ::endgroup::
[2024-08-10T14:08:10.885+0000] {logging_mixin.py:188} WARNING - [*********************100%%**********************]  1 of 1 completed
[2024-08-10T14:08:10.933+0000] {logging_mixin.py:188} WARNING - [*********************100%%**********************]  1 of 1 completed
[2024-08-10T14:08:10.967+0000] {logging_mixin.py:188} WARNING - [*********************100%%**********************]  1 of 1 completed
[2024-08-10T14:08:10.986+0000] {logging_mixin.py:188} WARNING - [*********************100%%**********************]  1 of 1 completed
[2024-08-10T14:08:11.003+0000] {logging_mixin.py:188} WARNING - [*********************100%%**********************]  1 of 1 completed
[2024-08-10T14:08:11.015+0000] {logging_mixin.py:188} WARNING - [*********************100%%**********************]  1 of 1 completed
[2024-08-10T14:08:11.027+0000] {logging_mixin.py:188} WARNING - [*********************100%%**********************]  1 of 1 completed
[2024-08-10T14:08:11.039+0000] {logging_mixin.py:188} WARNING - [*********************100%%**********************]  1 of 1 completed
[2024-08-10T14:08:11.050+0000] {logging_mixin.py:188} WARNING - [*********************100%%**********************]  1 of 1 completed
[2024-08-10T14:08:11.062+0000] {logging_mixin.py:188} WARNING - [*********************100%%**********************]  1 of 1 completed
[2024-08-10T14:08:11.121+0000] {python.py:237} INFO - Done. Returned value was: [                  Open        High  ...   Adj Close    Volume
Date                                ...                      
2024-08-01  224.369995  224.479996  ...  218.360001  62501000

[1 rows x 6 columns],                   Open        High  ...   Adj Close    Volume
Date                                ...                      
2024-08-01  224.369995  224.479996  ...  218.360001  62501000

[1 rows x 6 columns],                   Open        High  ...   Adj Close    Volume
Date                                ...                      
2024-08-01  224.369995  224.479996  ...  218.360001  62501000

[1 rows x 6 columns],                   Open        High  ...   Adj Close    Volume
Date                                ...                      
2024-08-01  224.369995  224.479996  ...  218.360001  62501000

[1 rows x 6 columns],                   Open        High  ...   Adj Close    Volume
Date                                ...                      
2024-08-01  224.369995  224.479996  ...  218.360001  62501000

[1 rows x 6 columns],                   Open        High  ...   Adj Close    Volume
Date                                ...                      
2024-08-01  224.369995  224.479996  ...  218.360001  62501000

[1 rows x 6 columns],                   Open        High  ...   Adj Close    Volume
Date                                ...                      
2024-08-01  224.369995  224.479996  ...  218.360001  62501000

[1 rows x 6 columns],                   Open        High  ...   Adj Close    Volume
Date                                ...                      
2024-08-01  224.369995  224.479996  ...  218.360001  62501000

[1 rows x 6 columns],                   Open        High  ...   Adj Close    Volume
Date                                ...                      
2024-08-01  224.369995  224.479996  ...  218.360001  62501000

[1 rows x 6 columns],                   Open        High  ...   Adj Close    Volume
Date                                ...                      
2024-08-01  224.369995  224.479996  ...  218.360001  62501000

[1 rows x 6 columns]]
[2024-08-10T14:08:11.199+0000] {taskinstance.py:441} INFO - ::group::Post task execution logs
[2024-08-10T14:08:11.246+0000] {taskinstance.py:1206} INFO - Marking task as SUCCESS. dag_id=streaming_data, task_id=get_data, run_id=manual__2024-08-10T14:08:08.552827+00:00, execution_date=20240810T140808, start_date=20240810T140810, end_date=20240810T140811
[2024-08-10T14:08:11.285+0000] {local_task_job_runner.py:243} INFO - Task exited with return code 0
[2024-08-10T14:08:11.318+0000] {taskinstance.py:3503} INFO - 1 downstream tasks scheduled from follow-on schedule check
[2024-08-10T14:08:11.321+0000] {local_task_job_runner.py:222} INFO - ::endgroup::
