[2024-08-13T14:43:07.614+0000] {local_task_job_runner.py:120} INFO - ::group::Pre task execution logs
[2024-08-13T14:43:07.666+0000] {taskinstance.py:2076} INFO - Dependencies all met for dep_context=non-requeueable deps ti=<TaskInstance: streaming_data_today.get_data manual__2024-08-13T14:43:06.009113+00:00 [queued]>
[2024-08-13T14:43:07.678+0000] {taskinstance.py:2076} INFO - Dependencies all met for dep_context=requeueable deps ti=<TaskInstance: streaming_data_today.get_data manual__2024-08-13T14:43:06.009113+00:00 [queued]>
[2024-08-13T14:43:07.695+0000] {taskinstance.py:2306} INFO - Starting attempt 1 of 2
[2024-08-13T14:43:07.721+0000] {taskinstance.py:2330} INFO - Executing <Task(PythonOperator): get_data> on 2024-08-13 14:43:06.009113+00:00
[2024-08-13T14:43:07.735+0000] {logging_mixin.py:188} WARNING - /home/***/.local/lib/python3.12/site-packages/***/task/task_runner/standard_task_runner.py:62 DeprecationWarning: This process (pid=653) is multi-threaded, use of fork() may lead to deadlocks in the child.
[2024-08-13T14:43:07.737+0000] {standard_task_runner.py:64} INFO - Started process 655 to run task
[2024-08-13T14:43:07.734+0000] {standard_task_runner.py:90} INFO - Running: ['***', 'tasks', 'run', 'streaming_data_today', 'get_data', 'manual__2024-08-13T14:43:06.009113+00:00', '--job-id', '220', '--raw', '--subdir', 'DAGS_FOLDER/stream_today.py', '--cfg-path', '/tmp/tmprir2ae19']
[2024-08-13T14:43:07.739+0000] {standard_task_runner.py:91} INFO - Job 220: Subtask get_data
[2024-08-13T14:43:07.769+0000] {logging_mixin.py:188} WARNING - /home/***/.local/lib/python3.12/site-packages/***/settings.py:195 DeprecationWarning: The sql_alchemy_conn option in [core] has been moved to the sql_alchemy_conn option in [database] - the old setting has been used, but please update your config.
[2024-08-13T14:43:07.837+0000] {task_command.py:426} INFO - Running <TaskInstance: streaming_data_today.get_data manual__2024-08-13T14:43:06.009113+00:00 [running]> on host 3b2272169cb8
[2024-08-13T14:43:07.994+0000] {taskinstance.py:2648} INFO - Exporting env vars: AIRFLOW_CTX_DAG_OWNER='***' AIRFLOW_CTX_DAG_ID='streaming_data_today' AIRFLOW_CTX_TASK_ID='get_data' AIRFLOW_CTX_EXECUTION_DATE='2024-08-13T14:43:06.009113+00:00' AIRFLOW_CTX_TRY_NUMBER='1' AIRFLOW_CTX_DAG_RUN_ID='manual__2024-08-13T14:43:06.009113+00:00'
[2024-08-13T14:43:07.996+0000] {taskinstance.py:430} INFO - ::endgroup::
[2024-08-13T14:43:08.847+0000] {logging_mixin.py:188} INFO - $AAPL: possibly delisted; No price data found  (1d 2024-08-13 -> 2024-08-13)
[2024-08-13T14:43:08.848+0000] {logging_mixin.py:188} WARNING - [*********************100%%**********************]  1 of 1 completed
[2024-08-13T14:43:08.851+0000] {multi.py:171} ERROR - 
1 Failed download:
[2024-08-13T14:43:08.852+0000] {multi.py:184} ERROR - ['AAPL']: YFPricesMissingError('$%ticker%: possibly delisted; No price data found  (1d 2024-08-13 -> 2024-08-13)')
[2024-08-13T14:43:09.009+0000] {logging_mixin.py:188} INFO - $AMD: possibly delisted; No price data found  (1d 2024-08-13 -> 2024-08-13)
[2024-08-13T14:43:09.016+0000] {logging_mixin.py:188} WARNING - [*********************100%%**********************]  1 of 1 completed
[2024-08-13T14:43:09.017+0000] {multi.py:171} ERROR - 
1 Failed download:
[2024-08-13T14:43:09.018+0000] {multi.py:184} ERROR - ['AMD']: YFPricesMissingError('$%ticker%: possibly delisted; No price data found  (1d 2024-08-13 -> 2024-08-13)')
[2024-08-13T14:43:09.173+0000] {logging_mixin.py:188} INFO - $AMZN: possibly delisted; No price data found  (1d 2024-08-13 -> 2024-08-13)
[2024-08-13T14:43:09.173+0000] {logging_mixin.py:188} WARNING - [*********************100%%**********************]  1 of 1 completed
[2024-08-13T14:43:09.177+0000] {multi.py:171} ERROR - 
1 Failed download:
[2024-08-13T14:43:09.178+0000] {multi.py:184} ERROR - ['AMZN']: YFPricesMissingError('$%ticker%: possibly delisted; No price data found  (1d 2024-08-13 -> 2024-08-13)')
[2024-08-13T14:43:09.374+0000] {logging_mixin.py:188} INFO - $QCOM: possibly delisted; No price data found  (1d 2024-08-13 -> 2024-08-13)
[2024-08-13T14:43:09.377+0000] {logging_mixin.py:188} WARNING - [*********************100%%**********************]  1 of 1 completed
[2024-08-13T14:43:09.377+0000] {multi.py:171} ERROR - 
1 Failed download:
[2024-08-13T14:43:09.378+0000] {multi.py:184} ERROR - ['QCOM']: YFPricesMissingError('$%ticker%: possibly delisted; No price data found  (1d 2024-08-13 -> 2024-08-13)')
[2024-08-13T14:43:09.535+0000] {logging_mixin.py:188} INFO - $TPE: possibly delisted; No price data found  (1d 2024-08-13 -> 2024-08-13)
[2024-08-13T14:43:09.542+0000] {logging_mixin.py:188} WARNING - [*********************100%%**********************]  1 of 1 completed
[2024-08-13T14:43:09.543+0000] {multi.py:171} ERROR - 
1 Failed download:
[2024-08-13T14:43:09.544+0000] {multi.py:184} ERROR - ['TPE']: YFPricesMissingError('$%ticker%: possibly delisted; No price data found  (1d 2024-08-13 -> 2024-08-13)')
[2024-08-13T14:43:09.700+0000] {logging_mixin.py:188} INFO - $GOOGL: possibly delisted; No price data found  (1d 2024-08-13 -> 2024-08-13)
[2024-08-13T14:43:09.708+0000] {logging_mixin.py:188} WARNING - [*********************100%%**********************]  1 of 1 completed
[2024-08-13T14:43:09.709+0000] {multi.py:171} ERROR - 
1 Failed download:
[2024-08-13T14:43:09.710+0000] {multi.py:184} ERROR - ['GOOGL']: YFPricesMissingError('$%ticker%: possibly delisted; No price data found  (1d 2024-08-13 -> 2024-08-13)')
[2024-08-13T14:43:09.894+0000] {logging_mixin.py:188} INFO - $INTC: possibly delisted; No price data found  (1d 2024-08-13 -> 2024-08-13)
[2024-08-13T14:43:09.903+0000] {logging_mixin.py:188} WARNING - [*********************100%%**********************]  1 of 1 completed
[2024-08-13T14:43:09.904+0000] {multi.py:171} ERROR - 
1 Failed download:
[2024-08-13T14:43:09.904+0000] {multi.py:184} ERROR - ['INTC']: YFPricesMissingError('$%ticker%: possibly delisted; No price data found  (1d 2024-08-13 -> 2024-08-13)')
[2024-08-13T14:43:10.068+0000] {logging_mixin.py:188} INFO - $META: possibly delisted; No price data found  (1d 2024-08-13 -> 2024-08-13)
[2024-08-13T14:43:10.069+0000] {logging_mixin.py:188} WARNING - [*********************100%%**********************]  1 of 1 completed
[2024-08-13T14:43:10.072+0000] {multi.py:171} ERROR - 
1 Failed download:
[2024-08-13T14:43:10.073+0000] {multi.py:184} ERROR - ['META']: YFPricesMissingError('$%ticker%: possibly delisted; No price data found  (1d 2024-08-13 -> 2024-08-13)')
[2024-08-13T14:43:10.255+0000] {logging_mixin.py:188} INFO - $NVDA: possibly delisted; No price data found  (1d 2024-08-13 -> 2024-08-13)
[2024-08-13T14:43:10.258+0000] {logging_mixin.py:188} WARNING - [*********************100%%**********************]  1 of 1 completed
[2024-08-13T14:43:10.259+0000] {multi.py:171} ERROR - 
1 Failed download:
[2024-08-13T14:43:10.261+0000] {multi.py:184} ERROR - ['NVDA']: YFPricesMissingError('$%ticker%: possibly delisted; No price data found  (1d 2024-08-13 -> 2024-08-13)')
[2024-08-13T14:43:10.417+0000] {logging_mixin.py:188} INFO - $NFLX: possibly delisted; No price data found  (1d 2024-08-13 -> 2024-08-13)
[2024-08-13T14:43:10.427+0000] {logging_mixin.py:188} WARNING - [*********************100%%**********************]  1 of 1 completed
[2024-08-13T14:43:10.428+0000] {multi.py:171} ERROR - 
1 Failed download:
[2024-08-13T14:43:10.430+0000] {multi.py:184} ERROR - ['NFLX']: YFPricesMissingError('$%ticker%: possibly delisted; No price data found  (1d 2024-08-13 -> 2024-08-13)')
[2024-08-13T14:43:10.644+0000] {python.py:237} INFO - Done. Returned value was: [Empty DataFrame
Columns: [Open, High, Low, Close, Adj Close, Volume]
Index: [], Empty DataFrame
Columns: [Open, High, Low, Close, Adj Close, Volume]
Index: [], Empty DataFrame
Columns: [Open, High, Low, Close, Adj Close, Volume]
Index: [], Empty DataFrame
Columns: [Open, High, Low, Close, Adj Close, Volume]
Index: [], Empty DataFrame
Columns: [Open, High, Low, Close, Adj Close, Volume]
Index: [], Empty DataFrame
Columns: [Open, High, Low, Close, Adj Close, Volume]
Index: [], Empty DataFrame
Columns: [Open, High, Low, Close, Adj Close, Volume]
Index: [], Empty DataFrame
Columns: [Open, High, Low, Close, Adj Close, Volume]
Index: [], Empty DataFrame
Columns: [Open, High, Low, Close, Adj Close, Volume]
Index: [], Empty DataFrame
Columns: [Open, High, Low, Close, Adj Close, Volume]
Index: []]
[2024-08-13T14:43:10.659+0000] {taskinstance.py:441} INFO - ::group::Post task execution logs
[2024-08-13T14:43:10.747+0000] {taskinstance.py:1206} INFO - Marking task as SUCCESS. dag_id=streaming_data_today, task_id=get_data, run_id=manual__2024-08-13T14:43:06.009113+00:00, execution_date=20240813T144306, start_date=20240813T144307, end_date=20240813T144310
[2024-08-13T14:43:10.805+0000] {local_task_job_runner.py:243} INFO - Task exited with return code 0
[2024-08-13T14:43:10.859+0000] {taskinstance.py:3503} INFO - 1 downstream tasks scheduled from follow-on schedule check
[2024-08-13T14:43:10.862+0000] {local_task_job_runner.py:222} INFO - ::endgroup::
