[2024-08-09T08:41:26.462+0000] {local_task_job_runner.py:120} INFO - ::group::Pre task execution logs
[2024-08-09T08:41:26.645+0000] {taskinstance.py:2076} INFO - Dependencies all met for dep_context=non-requeueable deps ti=<TaskInstance: streaming_data.get_data manual__2024-08-09T08:40:48.161460+00:00 [queued]>
[2024-08-09T08:41:26.703+0000] {taskinstance.py:2076} INFO - Dependencies all met for dep_context=requeueable deps ti=<TaskInstance: streaming_data.get_data manual__2024-08-09T08:40:48.161460+00:00 [queued]>
[2024-08-09T08:41:26.707+0000] {taskinstance.py:2306} INFO - Starting attempt 2 of 3
[2024-08-09T08:41:26.776+0000] {taskinstance.py:2330} INFO - Executing <Task(PythonOperator): get_data> on 2024-08-09 08:40:48.161460+00:00
[2024-08-09T08:41:26.811+0000] {standard_task_runner.py:90} INFO - Running: ['***', 'tasks', 'run', 'streaming_data', 'get_data', 'manual__2024-08-09T08:40:48.161460+00:00', '--job-id', '164', '--raw', '--subdir', 'DAGS_FOLDER/stream.py', '--cfg-path', '/tmp/tmpmf3g0i_d']
[2024-08-09T08:41:26.819+0000] {logging_mixin.py:188} WARNING - /home/***/.local/lib/python3.12/site-packages/***/task/task_runner/standard_task_runner.py:62 DeprecationWarning: This process (pid=581) is multi-threaded, use of fork() may lead to deadlocks in the child.
[2024-08-09T08:41:26.847+0000] {standard_task_runner.py:91} INFO - Job 164: Subtask get_data
[2024-08-09T08:41:26.868+0000] {standard_task_runner.py:64} INFO - Started process 583 to run task
[2024-08-09T08:41:26.954+0000] {logging_mixin.py:188} WARNING - /home/***/.local/lib/python3.12/site-packages/***/settings.py:195 DeprecationWarning: The sql_alchemy_conn option in [core] has been moved to the sql_alchemy_conn option in [database] - the old setting has been used, but please update your config.
[2024-08-09T08:41:27.123+0000] {task_command.py:426} INFO - Running <TaskInstance: streaming_data.get_data manual__2024-08-09T08:40:48.161460+00:00 [running]> on host 562e157be0a0
[2024-08-09T08:41:27.465+0000] {taskinstance.py:2648} INFO - Exporting env vars: AIRFLOW_CTX_DAG_OWNER='***' AIRFLOW_CTX_DAG_ID='streaming_data' AIRFLOW_CTX_TASK_ID='get_data' AIRFLOW_CTX_EXECUTION_DATE='2024-08-09T08:40:48.161460+00:00' AIRFLOW_CTX_TRY_NUMBER='2' AIRFLOW_CTX_DAG_RUN_ID='manual__2024-08-09T08:40:48.161460+00:00'
[2024-08-09T08:41:27.469+0000] {taskinstance.py:430} INFO - ::endgroup::
[2024-08-09T08:41:28.231+0000] {logging_mixin.py:188} WARNING - [*********************100%%**********************]  1 of 1 completed
[2024-08-09T08:41:28.256+0000] {logging_mixin.py:188} WARNING - [*********************100%%**********************]  1 of 1 completed
[2024-08-09T08:41:28.280+0000] {logging_mixin.py:188} WARNING - [*********************100%%**********************]  1 of 1 completed
[2024-08-09T08:41:28.323+0000] {logging_mixin.py:188} WARNING - [*********************100%%**********************]  1 of 1 completed
[2024-08-09T08:41:28.347+0000] {logging_mixin.py:188} WARNING - [*********************100%%**********************]  1 of 1 completed
[2024-08-09T08:41:28.374+0000] {logging_mixin.py:188} WARNING - [*********************100%%**********************]  1 of 1 completed
[2024-08-09T08:41:28.398+0000] {logging_mixin.py:188} WARNING - [*********************100%%**********************]  1 of 1 completed
[2024-08-09T08:41:28.424+0000] {logging_mixin.py:188} WARNING - [*********************100%%**********************]  1 of 1 completed
[2024-08-09T08:41:28.449+0000] {logging_mixin.py:188} WARNING - [*********************100%%**********************]  1 of 1 completed
[2024-08-09T08:41:28.466+0000] {logging_mixin.py:188} WARNING - [*********************100%%**********************]  1 of 1 completed
[2024-08-09T08:41:28.548+0000] {python.py:237} INFO - Done. Returned value was: [                  Open        High  ...   Adj Close    Volume
Date                                ...                      
2024-08-06  205.300003  209.990005  ...  207.229996  69660500
2024-08-07  206.899994  213.639999  ...  209.820007  63516400

[2 rows x 6 columns],                   Open        High  ...   Adj Close    Volume
Date                                ...                      
2024-08-06  205.300003  209.990005  ...  207.229996  69660500
2024-08-07  206.899994  213.639999  ...  209.820007  63516400

[2 rows x 6 columns],                   Open        High  ...   Adj Close    Volume
Date                                ...                      
2024-08-06  205.300003  209.990005  ...  207.229996  69660500
2024-08-07  206.899994  213.639999  ...  209.820007  63516400

[2 rows x 6 columns],                   Open        High  ...   Adj Close    Volume
Date                                ...                      
2024-08-06  205.300003  209.990005  ...  207.229996  69660500
2024-08-07  206.899994  213.639999  ...  209.820007  63516400

[2 rows x 6 columns],                   Open        High  ...   Adj Close    Volume
Date                                ...                      
2024-08-06  205.300003  209.990005  ...  207.229996  69660500
2024-08-07  206.899994  213.639999  ...  209.820007  63516400

[2 rows x 6 columns],                   Open        High  ...   Adj Close    Volume
Date                                ...                      
2024-08-06  205.300003  209.990005  ...  207.229996  69660500
2024-08-07  206.899994  213.639999  ...  209.820007  63516400

[2 rows x 6 columns],                   Open        High  ...   Adj Close    Volume
Date                                ...                      
2024-08-06  205.300003  209.990005  ...  207.229996  69660500
2024-08-07  206.899994  213.639999  ...  209.820007  63516400

[2 rows x 6 columns],                   Open        High  ...   Adj Close    Volume
Date                                ...                      
2024-08-06  205.300003  209.990005  ...  207.229996  69660500
2024-08-07  206.899994  213.639999  ...  209.820007  63516400

[2 rows x 6 columns],                   Open        High  ...   Adj Close    Volume
Date                                ...                      
2024-08-06  205.300003  209.990005  ...  207.229996  69660500
2024-08-07  206.899994  213.639999  ...  209.820007  63516400

[2 rows x 6 columns],                   Open        High  ...   Adj Close    Volume
Date                                ...                      
2024-08-06  205.300003  209.990005  ...  207.229996  69660500
2024-08-07  206.899994  213.639999  ...  209.820007  63516400

[2 rows x 6 columns]]
[2024-08-09T08:41:28.726+0000] {taskinstance.py:441} INFO - ::group::Post task execution logs
[2024-08-09T08:41:28.844+0000] {taskinstance.py:1206} INFO - Marking task as SUCCESS. dag_id=streaming_data, task_id=get_data, run_id=manual__2024-08-09T08:40:48.161460+00:00, execution_date=20240809T084048, start_date=20240809T084126, end_date=20240809T084128
[2024-08-09T08:41:28.934+0000] {local_task_job_runner.py:243} INFO - Task exited with return code 0
[2024-08-09T08:41:28.997+0000] {taskinstance.py:3503} INFO - 1 downstream tasks scheduled from follow-on schedule check
[2024-08-09T08:41:29.000+0000] {local_task_job_runner.py:222} INFO - ::endgroup::
