[2024-08-13T14:57:59.819+0000] {local_task_job_runner.py:120} INFO - ::group::Pre task execution logs
[2024-08-13T14:57:59.884+0000] {taskinstance.py:2076} INFO - Dependencies all met for dep_context=non-requeueable deps ti=<TaskInstance: streaming_data_today.send_data manual__2024-08-13T14:57:50.934668+00:00 [queued]>
[2024-08-13T14:57:59.897+0000] {taskinstance.py:2076} INFO - Dependencies all met for dep_context=requeueable deps ti=<TaskInstance: streaming_data_today.send_data manual__2024-08-13T14:57:50.934668+00:00 [queued]>
[2024-08-13T14:57:59.899+0000] {taskinstance.py:2306} INFO - Starting attempt 1 of 2
[2024-08-13T14:57:59.925+0000] {taskinstance.py:2330} INFO - Executing <Task(PythonOperator): send_data> on 2024-08-13 14:57:50.934668+00:00
[2024-08-13T14:57:59.935+0000] {logging_mixin.py:188} WARNING - /home/***/.local/lib/python3.12/site-packages/***/task/task_runner/standard_task_runner.py:62 DeprecationWarning: This process (pid=1119) is multi-threaded, use of fork() may lead to deadlocks in the child.
[2024-08-13T14:57:59.937+0000] {standard_task_runner.py:64} INFO - Started process 1121 to run task
[2024-08-13T14:57:59.935+0000] {standard_task_runner.py:90} INFO - Running: ['***', 'tasks', 'run', 'streaming_data_today', 'send_data', 'manual__2024-08-13T14:57:50.934668+00:00', '--job-id', '231', '--raw', '--subdir', 'DAGS_FOLDER/stream_today.py', '--cfg-path', '/tmp/tmpynup1tly']
[2024-08-13T14:57:59.938+0000] {standard_task_runner.py:91} INFO - Job 231: Subtask send_data
[2024-08-13T14:57:59.962+0000] {logging_mixin.py:188} WARNING - /home/***/.local/lib/python3.12/site-packages/***/settings.py:195 DeprecationWarning: The sql_alchemy_conn option in [core] has been moved to the sql_alchemy_conn option in [database] - the old setting has been used, but please update your config.
[2024-08-13T14:58:00.018+0000] {task_command.py:426} INFO - Running <TaskInstance: streaming_data_today.send_data manual__2024-08-13T14:57:50.934668+00:00 [running]> on host 3b2272169cb8
[2024-08-13T14:58:00.182+0000] {taskinstance.py:2648} INFO - Exporting env vars: AIRFLOW_CTX_DAG_OWNER='***' AIRFLOW_CTX_DAG_ID='streaming_data_today' AIRFLOW_CTX_TASK_ID='send_data' AIRFLOW_CTX_EXECUTION_DATE='2024-08-13T14:57:50.934668+00:00' AIRFLOW_CTX_TRY_NUMBER='1' AIRFLOW_CTX_DAG_RUN_ID='manual__2024-08-13T14:57:50.934668+00:00'
[2024-08-13T14:58:00.184+0000] {taskinstance.py:430} INFO - ::endgroup::
[2024-08-13T14:58:02.220+0000] {logging_mixin.py:188} INFO - Delivered message to data [0]
[2024-08-13T14:58:02.222+0000] {logging_mixin.py:188} INFO - Delivered message to data [0]
[2024-08-13T14:58:02.222+0000] {logging_mixin.py:188} INFO - Delivered message to data [0]
[2024-08-13T14:58:02.223+0000] {logging_mixin.py:188} INFO - Delivered message to data [0]
[2024-08-13T14:58:02.224+0000] {logging_mixin.py:188} INFO - Delivered message to data [0]
[2024-08-13T14:58:02.224+0000] {logging_mixin.py:188} INFO - Delivered message to data [0]
[2024-08-13T14:58:02.225+0000] {logging_mixin.py:188} INFO - Delivered message to data [0]
[2024-08-13T14:58:02.225+0000] {logging_mixin.py:188} INFO - Delivered message to data [0]
[2024-08-13T14:58:02.226+0000] {logging_mixin.py:188} INFO - Delivered message to data [0]
[2024-08-13T14:58:02.226+0000] {logging_mixin.py:188} INFO - Delivered message to data [0]
[2024-08-13T14:58:02.227+0000] {logging_mixin.py:188} INFO - Delivered message to data [0]
[2024-08-13T14:58:02.228+0000] {logging_mixin.py:188} INFO - Delivered message to data [0]
[2024-08-13T14:58:02.228+0000] {logging_mixin.py:188} INFO - Delivered message to data [0]
[2024-08-13T14:58:02.229+0000] {logging_mixin.py:188} INFO - Delivered message to data [0]
[2024-08-13T14:58:02.229+0000] {logging_mixin.py:188} INFO - Delivered message to data [0]
[2024-08-13T14:58:02.230+0000] {logging_mixin.py:188} INFO - Delivered message to data [0]
[2024-08-13T14:58:02.231+0000] {logging_mixin.py:188} INFO - Delivered message to data [0]
[2024-08-13T14:58:02.231+0000] {logging_mixin.py:188} INFO - Delivered message to data [0]
[2024-08-13T14:58:02.232+0000] {python.py:237} INFO - Done. Returned value was: None
[2024-08-13T14:58:02.233+0000] {taskinstance.py:441} INFO - ::group::Post task execution logs
[2024-08-13T14:58:02.252+0000] {taskinstance.py:1206} INFO - Marking task as SUCCESS. dag_id=streaming_data_today, task_id=send_data, run_id=manual__2024-08-13T14:57:50.934668+00:00, execution_date=20240813T145750, start_date=20240813T145759, end_date=20240813T145802
[2024-08-13T14:58:02.321+0000] {local_task_job_runner.py:243} INFO - Task exited with return code 0
[2024-08-13T14:58:02.349+0000] {taskinstance.py:3503} INFO - 0 downstream tasks scheduled from follow-on schedule check
[2024-08-13T14:58:02.353+0000] {local_task_job_runner.py:222} INFO - ::endgroup::
