[2024-07-28T14:10:01.137+0000] {local_task_job_runner.py:120} INFO - ::group::Pre task execution logs
[2024-07-28T14:10:01.177+0000] {taskinstance.py:2076} INFO - Dependencies all met for dep_context=non-requeueable deps ti=<TaskInstance: finnhub_kafka.stream_data_from_api scheduled__2024-07-28T14:08:00+00:00 [queued]>
[2024-07-28T14:10:01.187+0000] {taskinstance.py:2076} INFO - Dependencies all met for dep_context=requeueable deps ti=<TaskInstance: finnhub_kafka.stream_data_from_api scheduled__2024-07-28T14:08:00+00:00 [queued]>
[2024-07-28T14:10:01.187+0000] {taskinstance.py:2306} INFO - Starting attempt 1 of 1
[2024-07-28T14:10:01.206+0000] {taskinstance.py:2330} INFO - Executing <Task(PythonOperator): stream_data_from_api> on 2024-07-28 14:08:00+00:00
[2024-07-28T14:10:01.215+0000] {logging_mixin.py:188} WARNING - /home/***/.local/lib/python3.12/site-packages/***/task/task_runner/standard_task_runner.py:62 DeprecationWarning: This process (pid=356) is multi-threaded, use of fork() may lead to deadlocks in the child.
[2024-07-28T14:10:01.216+0000] {standard_task_runner.py:64} INFO - Started process 357 to run task
[2024-07-28T14:10:01.215+0000] {standard_task_runner.py:90} INFO - Running: ['***', 'tasks', 'run', 'finnhub_kafka', 'stream_data_from_api', 'scheduled__2024-07-28T14:08:00+00:00', '--job-id', '6', '--raw', '--subdir', 'DAGS_FOLDER/topic.py', '--cfg-path', '/tmp/tmpkyysjv0w']
[2024-07-28T14:10:01.217+0000] {standard_task_runner.py:91} INFO - Job 6: Subtask stream_data_from_api
[2024-07-28T14:10:01.236+0000] {logging_mixin.py:188} WARNING - /home/***/.local/lib/python3.12/site-packages/***/settings.py:195 DeprecationWarning: The sql_alchemy_conn option in [core] has been moved to the sql_alchemy_conn option in [database] - the old setting has been used, but please update your config.
[2024-07-28T14:10:01.270+0000] {task_command.py:426} INFO - Running <TaskInstance: finnhub_kafka.stream_data_from_api scheduled__2024-07-28T14:08:00+00:00 [running]> on host b39be762c74f
[2024-07-28T14:10:01.361+0000] {taskinstance.py:2648} INFO - Exporting env vars: AIRFLOW_CTX_DAG_OWNER='***' AIRFLOW_CTX_DAG_ID='finnhub_kafka' AIRFLOW_CTX_TASK_ID='stream_data_from_api' AIRFLOW_CTX_EXECUTION_DATE='2024-07-28T14:08:00+00:00' AIRFLOW_CTX_TRY_NUMBER='1' AIRFLOW_CTX_DAG_RUN_ID='scheduled__2024-07-28T14:08:00+00:00'
[2024-07-28T14:10:01.363+0000] {taskinstance.py:430} INFO - ::endgroup::
[2024-07-28T14:10:02.573+0000] {logging_mixin.py:188} INFO - {'symbol': 'AAPL', 'data': {'c': 217.96, 'd': 0.47, 'dp': 0.2161, 'h': 219.49, 'l': 216.01, 'o': 218.85, 'pc': 217.49, 't': 1722024001}, 'timestamp': '2024-07-28T14:10:02.573862'}
[2024-07-28T14:10:02.579+0000] {logging_mixin.py:188} INFO - Message được gửi tới topic_finnhub [Partition: 0]
[2024-07-28T14:10:02.580+0000] {python.py:237} INFO - Done. Returned value was: None
[2024-07-28T14:10:02.581+0000] {taskinstance.py:441} INFO - ::group::Post task execution logs
[2024-07-28T14:10:02.592+0000] {taskinstance.py:1206} INFO - Marking task as SUCCESS. dag_id=finnhub_kafka, task_id=stream_data_from_api, run_id=scheduled__2024-07-28T14:08:00+00:00, execution_date=20240728T140800, start_date=20240728T141001, end_date=20240728T141002
[2024-07-28T14:10:02.634+0000] {local_task_job_runner.py:243} INFO - Task exited with return code 0
[2024-07-28T14:10:02.652+0000] {taskinstance.py:3503} INFO - 0 downstream tasks scheduled from follow-on schedule check
[2024-07-28T14:10:02.656+0000] {local_task_job_runner.py:222} INFO - ::endgroup::
