[2024-08-08T16:40:30.043+0000] {local_task_job_runner.py:120} INFO - ::group::Pre task execution logs
[2024-08-08T16:40:30.124+0000] {taskinstance.py:2076} INFO - Dependencies all met for dep_context=non-requeueable deps ti=<TaskInstance: stock_data_streaming.get_data scheduled__2024-08-07T05:00:00+00:00 [queued]>
[2024-08-08T16:40:30.142+0000] {taskinstance.py:2076} INFO - Dependencies all met for dep_context=requeueable deps ti=<TaskInstance: stock_data_streaming.get_data scheduled__2024-08-07T05:00:00+00:00 [queued]>
[2024-08-08T16:40:30.144+0000] {taskinstance.py:2306} INFO - Starting attempt 1 of 2
[2024-08-08T16:40:30.171+0000] {taskinstance.py:2330} INFO - Executing <Task(PythonOperator): get_data> on 2024-08-07 05:00:00+00:00
[2024-08-08T16:40:30.195+0000] {logging_mixin.py:188} WARNING - /home/***/.local/lib/python3.12/site-packages/***/task/task_runner/standard_task_runner.py:62 DeprecationWarning: This process (pid=1410) is multi-threaded, use of fork() may lead to deadlocks in the child.
[2024-08-08T16:40:30.191+0000] {standard_task_runner.py:90} INFO - Running: ['***', 'tasks', 'run', 'stock_data_streaming', 'get_data', 'scheduled__2024-08-07T05:00:00+00:00', '--job-id', '111', '--raw', '--subdir', 'DAGS_FOLDER/topic.py', '--cfg-path', '/tmp/tmpa927dsjw']
[2024-08-08T16:40:30.197+0000] {standard_task_runner.py:64} INFO - Started process 1418 to run task
[2024-08-08T16:40:30.198+0000] {standard_task_runner.py:91} INFO - Job 111: Subtask get_data
[2024-08-08T16:40:30.273+0000] {logging_mixin.py:188} WARNING - /home/***/.local/lib/python3.12/site-packages/***/settings.py:195 DeprecationWarning: The sql_alchemy_conn option in [core] has been moved to the sql_alchemy_conn option in [database] - the old setting has been used, but please update your config.
[2024-08-08T16:40:30.482+0000] {task_command.py:426} INFO - Running <TaskInstance: stock_data_streaming.get_data scheduled__2024-08-07T05:00:00+00:00 [running]> on host 552be2a98828
[2024-08-08T16:40:30.934+0000] {taskinstance.py:2648} INFO - Exporting env vars: AIRFLOW_CTX_DAG_OWNER='***' AIRFLOW_CTX_DAG_ID='stock_data_streaming' AIRFLOW_CTX_TASK_ID='get_data' AIRFLOW_CTX_EXECUTION_DATE='2024-08-07T05:00:00+00:00' AIRFLOW_CTX_TRY_NUMBER='1' AIRFLOW_CTX_DAG_RUN_ID='scheduled__2024-08-07T05:00:00+00:00'
[2024-08-08T16:40:30.940+0000] {taskinstance.py:430} INFO - ::endgroup::
[2024-08-08T16:40:32.038+0000] {logging_mixin.py:188} INFO - $AAPL: possibly delisted; No price data found  (1d 2024-08-08 -> 2024-08-08)
[2024-08-08T16:40:32.044+0000] {logging_mixin.py:188} WARNING - [*********************100%%**********************]  1 of 1 completed
[2024-08-08T16:40:32.046+0000] {multi.py:171} ERROR - 
1 Failed download:
[2024-08-08T16:40:32.048+0000] {multi.py:184} ERROR - ['AAPL']: YFPricesMissingError('$%ticker%: possibly delisted; No price data found  (1d 2024-08-08 -> 2024-08-08)')
[2024-08-08T16:40:32.263+0000] {logging_mixin.py:188} INFO - $AMD: possibly delisted; No price data found  (1d 2024-08-08 -> 2024-08-08)
[2024-08-08T16:40:32.268+0000] {logging_mixin.py:188} WARNING - [*********************100%%**********************]  1 of 1 completed
[2024-08-08T16:40:32.270+0000] {multi.py:171} ERROR - 
1 Failed download:
[2024-08-08T16:40:32.271+0000] {multi.py:184} ERROR - ['AMD']: YFPricesMissingError('$%ticker%: possibly delisted; No price data found  (1d 2024-08-08 -> 2024-08-08)')
[2024-08-08T16:40:32.490+0000] {logging_mixin.py:188} INFO - $AMZN: possibly delisted; No price data found  (1d 2024-08-08 -> 2024-08-08)
[2024-08-08T16:40:32.490+0000] {logging_mixin.py:188} WARNING - [*********************100%%**********************]  1 of 1 completed
[2024-08-08T16:40:32.494+0000] {multi.py:171} ERROR - 
1 Failed download:
[2024-08-08T16:40:32.495+0000] {multi.py:184} ERROR - ['AMZN']: YFPricesMissingError('$%ticker%: possibly delisted; No price data found  (1d 2024-08-08 -> 2024-08-08)')
[2024-08-08T16:40:32.776+0000] {logging_mixin.py:188} INFO - $QCOM: possibly delisted; No price data found  (1d 2024-08-08 -> 2024-08-08)
[2024-08-08T16:40:32.780+0000] {logging_mixin.py:188} WARNING - [*********************100%%**********************]  1 of 1 completed
[2024-08-08T16:40:32.781+0000] {multi.py:171} ERROR - 
1 Failed download:
[2024-08-08T16:40:32.782+0000] {multi.py:184} ERROR - ['QCOM']: YFPricesMissingError('$%ticker%: possibly delisted; No price data found  (1d 2024-08-08 -> 2024-08-08)')
[2024-08-08T16:40:32.923+0000] {logging_mixin.py:188} INFO - $TPE: possibly delisted; No price data found  (1d 2024-08-08 -> 2024-08-08)
[2024-08-08T16:40:32.925+0000] {logging_mixin.py:188} WARNING - [*********************100%%**********************]  1 of 1 completed
[2024-08-08T16:40:32.927+0000] {multi.py:171} ERROR - 
1 Failed download:
[2024-08-08T16:40:32.928+0000] {multi.py:184} ERROR - ['TPE']: YFPricesMissingError('$%ticker%: possibly delisted; No price data found  (1d 2024-08-08 -> 2024-08-08)')
[2024-08-08T16:40:33.244+0000] {logging_mixin.py:188} INFO - $GOOGL: possibly delisted; No price data found  (1d 2024-08-08 -> 2024-08-08)
[2024-08-08T16:40:33.251+0000] {logging_mixin.py:188} WARNING - [*********************100%%**********************]  1 of 1 completed
[2024-08-08T16:40:33.252+0000] {multi.py:171} ERROR - 
1 Failed download:
[2024-08-08T16:40:33.253+0000] {multi.py:184} ERROR - ['GOOGL']: YFPricesMissingError('$%ticker%: possibly delisted; No price data found  (1d 2024-08-08 -> 2024-08-08)')
[2024-08-08T16:40:33.640+0000] {logging_mixin.py:188} INFO - $INTC: possibly delisted; No price data found  (1d 2024-08-08 -> 2024-08-08)
[2024-08-08T16:40:33.648+0000] {logging_mixin.py:188} WARNING - [*********************100%%**********************]  1 of 1 completed
[2024-08-08T16:40:33.649+0000] {multi.py:171} ERROR - 
1 Failed download:
[2024-08-08T16:40:33.649+0000] {multi.py:184} ERROR - ['INTC']: YFPricesMissingError('$%ticker%: possibly delisted; No price data found  (1d 2024-08-08 -> 2024-08-08)')
[2024-08-08T16:40:33.938+0000] {logging_mixin.py:188} INFO - $META: possibly delisted; No price data found  (1d 2024-08-08 -> 2024-08-08)
[2024-08-08T16:40:33.947+0000] {logging_mixin.py:188} WARNING - [*********************100%%**********************]  1 of 1 completed
[2024-08-08T16:40:33.948+0000] {multi.py:171} ERROR - 
1 Failed download:
[2024-08-08T16:40:33.949+0000] {multi.py:184} ERROR - ['META']: YFPricesMissingError('$%ticker%: possibly delisted; No price data found  (1d 2024-08-08 -> 2024-08-08)')
[2024-08-08T16:40:34.228+0000] {logging_mixin.py:188} INFO - $NVDA: possibly delisted; No price data found  (1d 2024-08-08 -> 2024-08-08)
[2024-08-08T16:40:34.235+0000] {logging_mixin.py:188} WARNING - [*********************100%%**********************]  1 of 1 completed
[2024-08-08T16:40:34.236+0000] {multi.py:171} ERROR - 
1 Failed download:
[2024-08-08T16:40:34.237+0000] {multi.py:184} ERROR - ['NVDA']: YFPricesMissingError('$%ticker%: possibly delisted; No price data found  (1d 2024-08-08 -> 2024-08-08)')
[2024-08-08T16:40:34.504+0000] {logging_mixin.py:188} INFO - $NFLX: possibly delisted; No price data found  (1d 2024-08-08 -> 2024-08-08)
[2024-08-08T16:40:34.513+0000] {logging_mixin.py:188} WARNING - [*********************100%%**********************]  1 of 1 completed
[2024-08-08T16:40:34.514+0000] {multi.py:171} ERROR - 
1 Failed download:
[2024-08-08T16:40:34.514+0000] {multi.py:184} ERROR - ['NFLX']: YFPricesMissingError('$%ticker%: possibly delisted; No price data found  (1d 2024-08-08 -> 2024-08-08)')
[2024-08-08T16:40:34.608+0000] {python.py:237} INFO - Done. Returned value was: [Empty DataFrame
Columns: [Open, High, Low, Close, Adj Close, Volume]
Index: [], Empty DataFrame
Columns: [Open, High, Low, Close, Adj Close, Volume]
Index: [], Empty DataFrame
Columns: [Open, High, Low, Close, Adj Close, Volume]
Index: [], Empty DataFrame
Columns: [Open, High, Low, Close, Adj Close, Volume]
Index: [], Empty DataFrame
Columns: [Open, High, Low, Close, Adj Close, Volume]
Index: [], Empty DataFrame
Columns: [Open, High, Low, Close, Adj Close, Volume]
Index: [], Empty DataFrame
Columns: [Open, High, Low, Close, Adj Close, Volume]
Index: [], Empty DataFrame
Columns: [Open, High, Low, Close, Adj Close, Volume]
Index: [], Empty DataFrame
Columns: [Open, High, Low, Close, Adj Close, Volume]
Index: [], Empty DataFrame
Columns: [Open, High, Low, Close, Adj Close, Volume]
Index: []]
[2024-08-08T16:40:34.618+0000] {taskinstance.py:441} INFO - ::group::Post task execution logs
[2024-08-08T16:40:34.681+0000] {taskinstance.py:1206} INFO - Marking task as SUCCESS. dag_id=stock_data_streaming, task_id=get_data, run_id=scheduled__2024-08-07T05:00:00+00:00, execution_date=20240807T050000, start_date=20240808T164030, end_date=20240808T164034
[2024-08-08T16:40:34.737+0000] {local_task_job_runner.py:243} INFO - Task exited with return code 0
[2024-08-08T16:40:34.782+0000] {taskinstance.py:3503} INFO - 1 downstream tasks scheduled from follow-on schedule check
[2024-08-08T16:40:34.789+0000] {local_task_job_runner.py:222} INFO - ::endgroup::
