[2024-08-10T14:15:36.293+0000] {local_task_job_runner.py:120} INFO - ::group::Pre task execution logs
[2024-08-10T14:15:36.349+0000] {taskinstance.py:2076} INFO - Dependencies all met for dep_context=non-requeueable deps ti=<TaskInstance: streaming_data.get_data manual__2024-08-10T14:15:33.928109+00:00 [queued]>
[2024-08-10T14:15:36.360+0000] {taskinstance.py:2076} INFO - Dependencies all met for dep_context=requeueable deps ti=<TaskInstance: streaming_data.get_data manual__2024-08-10T14:15:33.928109+00:00 [queued]>
[2024-08-10T14:15:36.376+0000] {taskinstance.py:2306} INFO - Starting attempt 1 of 2
[2024-08-10T14:15:36.399+0000] {taskinstance.py:2330} INFO - Executing <Task(PythonOperator): get_data> on 2024-08-10 14:15:33.928109+00:00
[2024-08-10T14:15:36.409+0000] {logging_mixin.py:188} WARNING - /home/***/.local/lib/python3.12/site-packages/***/task/task_runner/standard_task_runner.py:62 DeprecationWarning: This process (pid=1226) is multi-threaded, use of fork() may lead to deadlocks in the child.
[2024-08-10T14:15:36.411+0000] {standard_task_runner.py:64} INFO - Started process 1228 to run task
[2024-08-10T14:15:36.408+0000] {standard_task_runner.py:90} INFO - Running: ['***', 'tasks', 'run', 'streaming_data', 'get_data', 'manual__2024-08-10T14:15:33.928109+00:00', '--job-id', '192', '--raw', '--subdir', 'DAGS_FOLDER/stream.py', '--cfg-path', '/tmp/tmp_zgh73gd']
[2024-08-10T14:15:36.412+0000] {standard_task_runner.py:91} INFO - Job 192: Subtask get_data
[2024-08-10T14:15:36.442+0000] {logging_mixin.py:188} WARNING - /home/***/.local/lib/python3.12/site-packages/***/settings.py:195 DeprecationWarning: The sql_alchemy_conn option in [core] has been moved to the sql_alchemy_conn option in [database] - the old setting has been used, but please update your config.
[2024-08-10T14:15:36.519+0000] {task_command.py:426} INFO - Running <TaskInstance: streaming_data.get_data manual__2024-08-10T14:15:33.928109+00:00 [running]> on host 562e157be0a0
[2024-08-10T14:15:36.717+0000] {taskinstance.py:2648} INFO - Exporting env vars: AIRFLOW_CTX_DAG_OWNER='***' AIRFLOW_CTX_DAG_ID='streaming_data' AIRFLOW_CTX_TASK_ID='get_data' AIRFLOW_CTX_EXECUTION_DATE='2024-08-10T14:15:33.928109+00:00' AIRFLOW_CTX_TRY_NUMBER='1' AIRFLOW_CTX_DAG_RUN_ID='manual__2024-08-10T14:15:33.928109+00:00'
[2024-08-10T14:15:36.719+0000] {taskinstance.py:430} INFO - ::endgroup::
[2024-08-10T14:15:37.600+0000] {logging_mixin.py:188} WARNING - [*********************100%%**********************]  1 of 1 completed
[2024-08-10T14:15:37.617+0000] {logging_mixin.py:188} WARNING - [*********************100%%**********************]  1 of 1 completed
[2024-08-10T14:15:37.631+0000] {logging_mixin.py:188} WARNING - [*********************100%%**********************]  1 of 1 completed
[2024-08-10T14:15:37.647+0000] {logging_mixin.py:188} WARNING - [*********************100%%**********************]  1 of 1 completed
[2024-08-10T14:15:37.663+0000] {logging_mixin.py:188} WARNING - [*********************100%%**********************]  1 of 1 completed
[2024-08-10T14:15:37.685+0000] {logging_mixin.py:188} WARNING - [*********************100%%**********************]  1 of 1 completed
[2024-08-10T14:15:37.702+0000] {logging_mixin.py:188} WARNING - [*********************100%%**********************]  1 of 1 completed
[2024-08-10T14:15:37.726+0000] {logging_mixin.py:188} WARNING - [*********************100%%**********************]  1 of 1 completed
[2024-08-10T14:15:37.749+0000] {logging_mixin.py:188} WARNING - [*********************100%%**********************]  1 of 1 completed
[2024-08-10T14:15:37.762+0000] {logging_mixin.py:188} WARNING - [*********************100%%**********************]  1 of 1 completed
[2024-08-10T14:15:37.942+0000] {python.py:237} INFO - Done. Returned value was: [                  Open        High  ...   Adj Close     Volume
Date                                ...                       
2024-08-01  224.369995  224.479996  ...  218.360001   62501000
2024-08-02  219.149994  225.600006  ...  219.860001  105568600
2024-08-05  199.089996  213.500000  ...  209.270004  119548600
2024-08-06  205.300003  209.990005  ...  207.229996   69660500
2024-08-07  206.899994  213.639999  ...  209.820007   63516400
2024-08-08  213.110001  214.199997  ...  213.309998   47161100

[6 rows x 6 columns],                   Open        High  ...   Adj Close     Volume
Date                                ...                       
2024-08-01  224.369995  224.479996  ...  218.360001   62501000
2024-08-02  219.149994  225.600006  ...  219.860001  105568600
2024-08-05  199.089996  213.500000  ...  209.270004  119548600
2024-08-06  205.300003  209.990005  ...  207.229996   69660500
2024-08-07  206.899994  213.639999  ...  209.820007   63516400
2024-08-08  213.110001  214.199997  ...  213.309998   47161100

[6 rows x 6 columns],                   Open        High  ...   Adj Close     Volume
Date                                ...                       
2024-08-01  224.369995  224.479996  ...  218.360001   62501000
2024-08-02  219.149994  225.600006  ...  219.860001  105568600
2024-08-05  199.089996  213.500000  ...  209.270004  119548600
2024-08-06  205.300003  209.990005  ...  207.229996   69660500
2024-08-07  206.899994  213.639999  ...  209.820007   63516400
2024-08-08  213.110001  214.199997  ...  213.309998   47161100

[6 rows x 6 columns],                   Open        High  ...   Adj Close     Volume
Date                                ...                       
2024-08-01  224.369995  224.479996  ...  218.360001   62501000
2024-08-02  219.149994  225.600006  ...  219.860001  105568600
2024-08-05  199.089996  213.500000  ...  209.270004  119548600
2024-08-06  205.300003  209.990005  ...  207.229996   69660500
2024-08-07  206.899994  213.639999  ...  209.820007   63516400
2024-08-08  213.110001  214.199997  ...  213.309998   47161100

[6 rows x 6 columns],                   Open        High  ...   Adj Close     Volume
Date                                ...                       
2024-08-01  224.369995  224.479996  ...  218.360001   62501000
2024-08-02  219.149994  225.600006  ...  219.860001  105568600
2024-08-05  199.089996  213.500000  ...  209.270004  119548600
2024-08-06  205.300003  209.990005  ...  207.229996   69660500
2024-08-07  206.899994  213.639999  ...  209.820007   63516400
2024-08-08  213.110001  214.199997  ...  213.309998   47161100

[6 rows x 6 columns],                   Open        High  ...   Adj Close     Volume
Date                                ...                       
2024-08-01  224.369995  224.479996  ...  218.360001   62501000
2024-08-02  219.149994  225.600006  ...  219.860001  105568600
2024-08-05  199.089996  213.500000  ...  209.270004  119548600
2024-08-06  205.300003  209.990005  ...  207.229996   69660500
2024-08-07  206.899994  213.639999  ...  209.820007   63516400
2024-08-08  213.110001  214.199997  ...  213.309998   47161100

[6 rows x 6 columns],                   Open        High  ...   Adj Close     Volume
Date                                ...                       
2024-08-01  224.369995  224.479996  ...  218.360001   62501000
2024-08-02  219.149994  225.600006  ...  219.860001  105568600
2024-08-05  199.089996  213.500000  ...  209.270004  119548600
2024-08-06  205.300003  209.990005  ...  207.229996   69660500
2024-08-07  206.899994  213.639999  ...  209.820007   63516400
2024-08-08  213.110001  214.199997  ...  213.309998   47161100

[6 rows x 6 columns],                   Open        High  ...   Adj Close     Volume
Date                                ...                       
2024-08-01  224.369995  224.479996  ...  218.360001   62501000
2024-08-02  219.149994  225.600006  ...  219.860001  105568600
2024-08-05  199.089996  213.500000  ...  209.270004  119548600
2024-08-06  205.300003  209.990005  ...  207.229996   69660500
2024-08-07  206.899994  213.639999  ...  209.820007   63516400
2024-08-08  213.110001  214.199997  ...  213.309998   47161100

[6 rows x 6 columns],                   Open        High  ...   Adj Close     Volume
Date                                ...                       
2024-08-01  224.369995  224.479996  ...  218.360001   62501000
2024-08-02  219.149994  225.600006  ...  219.860001  105568600
2024-08-05  199.089996  213.500000  ...  209.270004  119548600
2024-08-06  205.300003  209.990005  ...  207.229996   69660500
2024-08-07  206.899994  213.639999  ...  209.820007   63516400
2024-08-08  213.110001  214.199997  ...  213.309998   47161100

[6 rows x 6 columns],                   Open        High  ...   Adj Close     Volume
Date                                ...                       
2024-08-01  224.369995  224.479996  ...  218.360001   62501000
2024-08-02  219.149994  225.600006  ...  219.860001  105568600
2024-08-05  199.089996  213.500000  ...  209.270004  119548600
2024-08-06  205.300003  209.990005  ...  207.229996   69660500
2024-08-07  206.899994  213.639999  ...  209.820007   63516400
2024-08-08  213.110001  214.199997  ...  213.309998   47161100

[6 rows x 6 columns]]
[2024-08-10T14:15:38.074+0000] {taskinstance.py:441} INFO - ::group::Post task execution logs
[2024-08-10T14:15:38.146+0000] {taskinstance.py:1206} INFO - Marking task as SUCCESS. dag_id=streaming_data, task_id=get_data, run_id=manual__2024-08-10T14:15:33.928109+00:00, execution_date=20240810T141533, start_date=20240810T141536, end_date=20240810T141538
[2024-08-10T14:15:38.192+0000] {local_task_job_runner.py:243} INFO - Task exited with return code 0
[2024-08-10T14:15:38.253+0000] {taskinstance.py:3503} INFO - 1 downstream tasks scheduled from follow-on schedule check
[2024-08-10T14:15:38.256+0000] {local_task_job_runner.py:222} INFO - ::endgroup::
