[2024-08-09T08:07:37.080+0000] {local_task_job_runner.py:120} INFO - ::group::Pre task execution logs
[2024-08-09T08:07:37.133+0000] {taskinstance.py:2076} INFO - Dependencies all met for dep_context=non-requeueable deps ti=<TaskInstance: streaming.get_data manual__2024-08-09T08:07:35.686485+00:00 [queued]>
[2024-08-09T08:07:37.144+0000] {taskinstance.py:2076} INFO - Dependencies all met for dep_context=requeueable deps ti=<TaskInstance: streaming.get_data manual__2024-08-09T08:07:35.686485+00:00 [queued]>
[2024-08-09T08:07:37.146+0000] {taskinstance.py:2306} INFO - Starting attempt 1 of 2
[2024-08-09T08:07:37.168+0000] {taskinstance.py:2330} INFO - Executing <Task(PythonOperator): get_data> on 2024-08-09 08:07:35.686485+00:00
[2024-08-09T08:07:37.180+0000] {logging_mixin.py:188} WARNING - /home/***/.local/lib/python3.12/site-packages/***/task/task_runner/standard_task_runner.py:62 DeprecationWarning: This process (pid=2029) is multi-threaded, use of fork() may lead to deadlocks in the child.
[2024-08-09T08:07:37.182+0000] {standard_task_runner.py:64} INFO - Started process 2031 to run task
[2024-08-09T08:07:37.180+0000] {standard_task_runner.py:90} INFO - Running: ['***', 'tasks', 'run', 'streaming', 'get_data', 'manual__2024-08-09T08:07:35.686485+00:00', '--job-id', '142', '--raw', '--subdir', 'DAGS_FOLDER/topic.py', '--cfg-path', '/tmp/tmp_8kcwiyn']
[2024-08-09T08:07:37.183+0000] {standard_task_runner.py:91} INFO - Job 142: Subtask get_data
[2024-08-09T08:07:37.215+0000] {logging_mixin.py:188} WARNING - /home/***/.local/lib/python3.12/site-packages/***/settings.py:195 DeprecationWarning: The sql_alchemy_conn option in [core] has been moved to the sql_alchemy_conn option in [database] - the old setting has been used, but please update your config.
[2024-08-09T08:07:37.274+0000] {task_command.py:426} INFO - Running <TaskInstance: streaming.get_data manual__2024-08-09T08:07:35.686485+00:00 [running]> on host 110119ffa3a6
[2024-08-09T08:07:37.476+0000] {taskinstance.py:2648} INFO - Exporting env vars: AIRFLOW_CTX_DAG_OWNER='***' AIRFLOW_CTX_DAG_ID='streaming' AIRFLOW_CTX_TASK_ID='get_data' AIRFLOW_CTX_EXECUTION_DATE='2024-08-09T08:07:35.686485+00:00' AIRFLOW_CTX_TRY_NUMBER='1' AIRFLOW_CTX_DAG_RUN_ID='manual__2024-08-09T08:07:35.686485+00:00'
[2024-08-09T08:07:37.477+0000] {taskinstance.py:430} INFO - ::endgroup::
[2024-08-09T08:07:38.116+0000] {logging_mixin.py:188} WARNING - [*********************100%%**********************]  1 of 1 completed
[2024-08-09T08:07:38.235+0000] {logging_mixin.py:188} WARNING - [*********************100%%**********************]  1 of 1 completed
[2024-08-09T08:07:38.394+0000] {logging_mixin.py:188} WARNING - [*********************100%%**********************]  1 of 1 completed
[2024-08-09T08:07:38.567+0000] {logging_mixin.py:188} WARNING - [*********************100%%**********************]  1 of 1 completed
[2024-08-09T08:07:38.701+0000] {logging_mixin.py:188} INFO - $TPE: possibly delisted; No price data found  (1d 2024-08-09 -> 2024-08-09)
[2024-08-09T08:07:38.703+0000] {logging_mixin.py:188} WARNING - [*********************100%%**********************]  1 of 1 completed
[2024-08-09T08:07:38.704+0000] {multi.py:171} ERROR - 
1 Failed download:
[2024-08-09T08:07:38.704+0000] {multi.py:184} ERROR - ['TPE']: YFPricesMissingError('$%ticker%: possibly delisted; No price data found  (1d 2024-08-09 -> 2024-08-09)')
[2024-08-09T08:07:38.892+0000] {logging_mixin.py:188} WARNING - [*********************100%%**********************]  1 of 1 completed
[2024-08-09T08:07:39.097+0000] {logging_mixin.py:188} WARNING - [*********************100%%**********************]  1 of 1 completed
[2024-08-09T08:07:39.268+0000] {logging_mixin.py:188} WARNING - [*********************100%%**********************]  1 of 1 completed
[2024-08-09T08:07:39.471+0000] {logging_mixin.py:188} WARNING - [*********************100%%**********************]  1 of 1 completed
[2024-08-09T08:07:39.669+0000] {logging_mixin.py:188} WARNING - [*********************100%%**********************]  1 of 1 completed
[2024-08-09T08:07:39.761+0000] {python.py:237} INFO - Done. Returned value was: [                  Open        High  ...   Adj Close    Volume
Date                                ...                      
2024-08-08  213.095001  214.199997  ...  213.309998  44537549

[1 rows x 6 columns],              Open        High         Low       Close   Adj Close    Volume
Date                                                                       
2024-08-08  132.0  136.479996  128.949997  136.320007  136.320007  48618905,                   Open        High  ...   Adj Close    Volume
Date                                ...                      
2024-08-08  165.214996  166.689896  ...  165.800003  43980419

[1 rows x 6 columns],                   Open        High         Low       Close   Adj Close   Volume
Date                                                                           
2024-08-08  160.740005  165.580002  157.869995  164.949997  164.949997  9469521, Empty DataFrame
Columns: [Open, High, Low, Close, Adj Close, Volume]
Index: [],                   Open        High  ...   Adj Close    Volume
Date                                ...                      
2024-08-08  160.509995  163.690002  ...  162.029999  25288177

[1 rows x 6 columns],              Open       High    Low  Close  Adj Close    Volume
Date                                                           
2024-08-08  19.09  20.549999  18.84  20.49      20.49  96035286,                   Open        High  ...   Adj Close    Volume
Date                                ...                      
2024-08-08  497.950012  509.959991  ...  509.630005  15987409

[1 rows x 6 columns],                   Open   High        Low       Close   Adj Close     Volume
Date                                                                       
2024-08-08  101.989998  105.5  97.519997  104.970001  104.970001  386755086,              Open        High         Low       Close   Adj Close   Volume
Date                                                                      
2024-08-08  622.0  632.289978  616.030029  630.349976  630.349976  3044773]
[2024-08-09T08:07:39.849+0000] {taskinstance.py:441} INFO - ::group::Post task execution logs
[2024-08-09T08:07:39.930+0000] {taskinstance.py:1206} INFO - Marking task as SUCCESS. dag_id=streaming, task_id=get_data, run_id=manual__2024-08-09T08:07:35.686485+00:00, execution_date=20240809T080735, start_date=20240809T080737, end_date=20240809T080739
[2024-08-09T08:07:39.988+0000] {local_task_job_runner.py:243} INFO - Task exited with return code 0
[2024-08-09T08:07:40.030+0000] {taskinstance.py:3503} INFO - 1 downstream tasks scheduled from follow-on schedule check
[2024-08-09T08:07:40.033+0000] {local_task_job_runner.py:222} INFO - ::endgroup::
