[2024-08-01T08:37:47.183+0000] {local_task_job_runner.py:120} INFO - ::group::Pre task execution logs
[2024-08-01T08:37:47.259+0000] {taskinstance.py:2076} INFO - Dependencies all met for dep_context=non-requeueable deps ti=<TaskInstance: finnhub_data_streaming.stream_data scheduled__2024-01-01T10:22:00+00:00 [queued]>
[2024-08-01T08:37:47.276+0000] {taskinstance.py:2076} INFO - Dependencies all met for dep_context=requeueable deps ti=<TaskInstance: finnhub_data_streaming.stream_data scheduled__2024-01-01T10:22:00+00:00 [queued]>
[2024-08-01T08:37:47.279+0000] {taskinstance.py:2306} INFO - Starting attempt 1 of 1
[2024-08-01T08:37:47.309+0000] {taskinstance.py:2330} INFO - Executing <Task(PythonOperator): stream_data> on 2024-01-01 10:22:00+00:00
[2024-08-01T08:37:47.321+0000] {logging_mixin.py:188} WARNING - /home/***/.local/lib/python3.12/site-packages/***/task/task_runner/standard_task_runner.py:62 DeprecationWarning: This process (pid=503) is multi-threaded, use of fork() may lead to deadlocks in the child.
[2024-08-01T08:37:47.325+0000] {standard_task_runner.py:64} INFO - Started process 516 to run task
[2024-08-01T08:37:47.323+0000] {standard_task_runner.py:90} INFO - Running: ['***', 'tasks', 'run', 'finnhub_data_streaming', 'stream_data', 'scheduled__2024-01-01T10:22:00+00:00', '--job-id', '78', '--raw', '--subdir', 'DAGS_FOLDER/topic.py', '--cfg-path', '/tmp/tmp7yc9r_tq']
[2024-08-01T08:37:47.326+0000] {standard_task_runner.py:91} INFO - Job 78: Subtask stream_data
[2024-08-01T08:37:47.350+0000] {logging_mixin.py:188} WARNING - /home/***/.local/lib/python3.12/site-packages/***/settings.py:195 DeprecationWarning: The sql_alchemy_conn option in [core] has been moved to the sql_alchemy_conn option in [database] - the old setting has been used, but please update your config.
[2024-08-01T08:37:47.402+0000] {task_command.py:426} INFO - Running <TaskInstance: finnhub_data_streaming.stream_data scheduled__2024-01-01T10:22:00+00:00 [running]> on host 0baaf0b4c9a1
[2024-08-01T08:37:47.532+0000] {taskinstance.py:2648} INFO - Exporting env vars: AIRFLOW_CTX_DAG_OWNER='***' AIRFLOW_CTX_DAG_ID='finnhub_data_streaming' AIRFLOW_CTX_TASK_ID='stream_data' AIRFLOW_CTX_EXECUTION_DATE='2024-01-01T10:22:00+00:00' AIRFLOW_CTX_TRY_NUMBER='1' AIRFLOW_CTX_DAG_RUN_ID='scheduled__2024-01-01T10:22:00+00:00'
[2024-08-01T08:37:47.534+0000] {taskinstance.py:430} INFO - ::endgroup::
[2024-08-01T08:37:49.558+0000] {logging_mixin.py:188} INFO - Message được gửi tới topic_finnhub [Partition: 0]
[2024-08-01T08:37:49.559+0000] {python.py:237} INFO - Done. Returned value was: None
[2024-08-01T08:37:49.559+0000] {taskinstance.py:441} INFO - ::group::Post task execution logs
[2024-08-01T08:37:49.568+0000] {taskinstance.py:1206} INFO - Marking task as SUCCESS. dag_id=finnhub_data_streaming, task_id=stream_data, run_id=scheduled__2024-01-01T10:22:00+00:00, execution_date=20240101T102200, start_date=20240801T083747, end_date=20240801T083749
[2024-08-01T08:37:49.666+0000] {local_task_job_runner.py:243} INFO - Task exited with return code 0
[2024-08-01T08:37:49.690+0000] {taskinstance.py:3503} INFO - 0 downstream tasks scheduled from follow-on schedule check
[2024-08-01T08:37:49.695+0000] {local_task_job_runner.py:222} INFO - ::endgroup::
