[2024-08-13T09:06:50.552+0000] {local_task_job_runner.py:120} INFO - ::group::Pre task execution logs
[2024-08-13T09:06:50.622+0000] {taskinstance.py:2076} INFO - Dependencies all met for dep_context=non-requeueable deps ti=<TaskInstance: streaming_data.send_data manual__2024-08-13T09:06:35.620543+00:00 [queued]>
[2024-08-13T09:06:50.635+0000] {taskinstance.py:2076} INFO - Dependencies all met for dep_context=requeueable deps ti=<TaskInstance: streaming_data.send_data manual__2024-08-13T09:06:35.620543+00:00 [queued]>
[2024-08-13T09:06:50.636+0000] {taskinstance.py:2306} INFO - Starting attempt 1 of 2
[2024-08-13T09:06:50.662+0000] {taskinstance.py:2330} INFO - Executing <Task(PythonOperator): send_data> on 2024-08-13 09:06:35.620543+00:00
[2024-08-13T09:06:50.675+0000] {logging_mixin.py:188} WARNING - /home/***/.local/lib/python3.12/site-packages/***/task/task_runner/standard_task_runner.py:62 DeprecationWarning: This process (pid=340) is multi-threaded, use of fork() may lead to deadlocks in the child.
[2024-08-13T09:06:50.673+0000] {standard_task_runner.py:90} INFO - Running: ['***', 'tasks', 'run', 'streaming_data', 'send_data', 'manual__2024-08-13T09:06:35.620543+00:00', '--job-id', '207', '--raw', '--subdir', 'DAGS_FOLDER/stream.py', '--cfg-path', '/tmp/tmpfjzuup12']
[2024-08-13T09:06:50.677+0000] {standard_task_runner.py:64} INFO - Started process 342 to run task
[2024-08-13T09:06:50.677+0000] {standard_task_runner.py:91} INFO - Job 207: Subtask send_data
[2024-08-13T09:06:50.705+0000] {logging_mixin.py:188} WARNING - /home/***/.local/lib/python3.12/site-packages/***/settings.py:195 DeprecationWarning: The sql_alchemy_conn option in [core] has been moved to the sql_alchemy_conn option in [database] - the old setting has been used, but please update your config.
[2024-08-13T09:06:50.753+0000] {task_command.py:426} INFO - Running <TaskInstance: streaming_data.send_data manual__2024-08-13T09:06:35.620543+00:00 [running]> on host 379e0e17b6cf
[2024-08-13T09:06:50.884+0000] {taskinstance.py:2648} INFO - Exporting env vars: AIRFLOW_CTX_DAG_OWNER='***' AIRFLOW_CTX_DAG_ID='streaming_data' AIRFLOW_CTX_TASK_ID='send_data' AIRFLOW_CTX_EXECUTION_DATE='2024-08-13T09:06:35.620543+00:00' AIRFLOW_CTX_TRY_NUMBER='1' AIRFLOW_CTX_DAG_RUN_ID='manual__2024-08-13T09:06:35.620543+00:00'
[2024-08-13T09:06:50.886+0000] {taskinstance.py:430} INFO - ::endgroup::
[2024-08-13T09:06:52.942+0000] {logging_mixin.py:188} INFO - Delivered message to stock_data [0]
[2024-08-13T09:06:52.943+0000] {logging_mixin.py:188} INFO - Delivered message to stock_data [0]
[2024-08-13T09:06:52.944+0000] {logging_mixin.py:188} INFO - Delivered message to stock_data [0]
[2024-08-13T09:06:52.945+0000] {logging_mixin.py:188} INFO - Delivered message to stock_data [0]
[2024-08-13T09:06:52.946+0000] {logging_mixin.py:188} INFO - Delivered message to stock_data [0]
[2024-08-13T09:06:52.947+0000] {logging_mixin.py:188} INFO - Delivered message to stock_data [0]
[2024-08-13T09:06:52.947+0000] {logging_mixin.py:188} INFO - Delivered message to stock_data [0]
[2024-08-13T09:06:52.948+0000] {logging_mixin.py:188} INFO - Delivered message to stock_data [0]
[2024-08-13T09:06:52.948+0000] {logging_mixin.py:188} INFO - Delivered message to stock_data [0]
[2024-08-13T09:06:52.949+0000] {logging_mixin.py:188} INFO - Delivered message to stock_data [0]
[2024-08-13T09:06:52.950+0000] {logging_mixin.py:188} INFO - Delivered message to stock_data [0]
[2024-08-13T09:06:52.950+0000] {logging_mixin.py:188} INFO - Delivered message to stock_data [0]
[2024-08-13T09:06:52.951+0000] {logging_mixin.py:188} INFO - Delivered message to stock_data [0]
[2024-08-13T09:06:52.951+0000] {logging_mixin.py:188} INFO - Delivered message to stock_data [0]
[2024-08-13T09:06:52.952+0000] {logging_mixin.py:188} INFO - Delivered message to stock_data [0]
[2024-08-13T09:06:52.953+0000] {logging_mixin.py:188} INFO - Delivered message to stock_data [0]
[2024-08-13T09:06:52.953+0000] {logging_mixin.py:188} INFO - Delivered message to stock_data [0]
[2024-08-13T09:06:52.954+0000] {logging_mixin.py:188} INFO - Delivered message to stock_data [0]
[2024-08-13T09:06:52.955+0000] {logging_mixin.py:188} INFO - Delivered message to stock_data [0]
[2024-08-13T09:06:52.956+0000] {logging_mixin.py:188} INFO - Delivered message to stock_data [0]
[2024-08-13T09:06:52.957+0000] {logging_mixin.py:188} INFO - Delivered message to stock_data [0]
[2024-08-13T09:06:52.957+0000] {logging_mixin.py:188} INFO - Delivered message to stock_data [0]
[2024-08-13T09:06:52.958+0000] {logging_mixin.py:188} INFO - Delivered message to stock_data [0]
[2024-08-13T09:06:52.959+0000] {logging_mixin.py:188} INFO - Delivered message to stock_data [0]
[2024-08-13T09:06:52.960+0000] {logging_mixin.py:188} INFO - Delivered message to stock_data [0]
[2024-08-13T09:06:52.961+0000] {logging_mixin.py:188} INFO - Delivered message to stock_data [0]
[2024-08-13T09:06:52.961+0000] {logging_mixin.py:188} INFO - Delivered message to stock_data [0]
[2024-08-13T09:06:52.962+0000] {logging_mixin.py:188} INFO - Delivered message to stock_data [0]
[2024-08-13T09:06:52.962+0000] {logging_mixin.py:188} INFO - Delivered message to stock_data [0]
[2024-08-13T09:06:52.963+0000] {logging_mixin.py:188} INFO - Delivered message to stock_data [0]
[2024-08-13T09:06:52.964+0000] {logging_mixin.py:188} INFO - Delivered message to stock_data [0]
[2024-08-13T09:06:52.964+0000] {logging_mixin.py:188} INFO - Delivered message to stock_data [0]
[2024-08-13T09:06:52.965+0000] {logging_mixin.py:188} INFO - Delivered message to stock_data [0]
[2024-08-13T09:06:52.965+0000] {logging_mixin.py:188} INFO - Delivered message to stock_data [0]
[2024-08-13T09:06:52.966+0000] {logging_mixin.py:188} INFO - Delivered message to stock_data [0]
[2024-08-13T09:06:52.966+0000] {logging_mixin.py:188} INFO - Delivered message to stock_data [0]
[2024-08-13T09:06:52.967+0000] {logging_mixin.py:188} INFO - Delivered message to stock_data [0]
[2024-08-13T09:06:52.967+0000] {logging_mixin.py:188} INFO - Delivered message to stock_data [0]
[2024-08-13T09:06:52.968+0000] {logging_mixin.py:188} INFO - Delivered message to stock_data [0]
[2024-08-13T09:06:52.968+0000] {logging_mixin.py:188} INFO - Delivered message to stock_data [0]
[2024-08-13T09:06:52.968+0000] {logging_mixin.py:188} INFO - Delivered message to stock_data [0]
[2024-08-13T09:06:52.969+0000] {logging_mixin.py:188} INFO - Delivered message to stock_data [0]
[2024-08-13T09:06:52.969+0000] {logging_mixin.py:188} INFO - Delivered message to stock_data [0]
[2024-08-13T09:06:52.970+0000] {logging_mixin.py:188} INFO - Delivered message to stock_data [0]
[2024-08-13T09:06:52.970+0000] {logging_mixin.py:188} INFO - Delivered message to stock_data [0]
[2024-08-13T09:06:52.971+0000] {logging_mixin.py:188} INFO - Delivered message to stock_data [0]
[2024-08-13T09:06:52.971+0000] {logging_mixin.py:188} INFO - Delivered message to stock_data [0]
[2024-08-13T09:06:52.972+0000] {logging_mixin.py:188} INFO - Delivered message to stock_data [0]
[2024-08-13T09:06:52.973+0000] {logging_mixin.py:188} INFO - Delivered message to stock_data [0]
[2024-08-13T09:06:52.973+0000] {logging_mixin.py:188} INFO - Delivered message to stock_data [0]
[2024-08-13T09:06:52.974+0000] {logging_mixin.py:188} INFO - Delivered message to stock_data [0]
[2024-08-13T09:06:52.974+0000] {logging_mixin.py:188} INFO - Delivered message to stock_data [0]
[2024-08-13T09:06:52.975+0000] {logging_mixin.py:188} INFO - Delivered message to stock_data [0]
[2024-08-13T09:06:52.975+0000] {logging_mixin.py:188} INFO - Delivered message to stock_data [0]
[2024-08-13T09:06:52.975+0000] {logging_mixin.py:188} INFO - Delivered message to stock_data [0]
[2024-08-13T09:06:52.976+0000] {logging_mixin.py:188} INFO - Delivered message to stock_data [0]
[2024-08-13T09:06:52.976+0000] {logging_mixin.py:188} INFO - Delivered message to stock_data [0]
[2024-08-13T09:06:52.977+0000] {logging_mixin.py:188} INFO - Delivered message to stock_data [0]
[2024-08-13T09:06:52.977+0000] {logging_mixin.py:188} INFO - Delivered message to stock_data [0]
[2024-08-13T09:06:52.977+0000] {logging_mixin.py:188} INFO - Delivered message to stock_data [0]
[2024-08-13T09:06:52.978+0000] {logging_mixin.py:188} INFO - Delivered message to stock_data [0]
[2024-08-13T09:06:52.978+0000] {logging_mixin.py:188} INFO - Delivered message to stock_data [0]
[2024-08-13T09:06:52.979+0000] {logging_mixin.py:188} INFO - Delivered message to stock_data [0]
[2024-08-13T09:06:52.979+0000] {logging_mixin.py:188} INFO - Delivered message to stock_data [0]
[2024-08-13T09:06:52.980+0000] {logging_mixin.py:188} INFO - Delivered message to stock_data [0]
[2024-08-13T09:06:52.980+0000] {logging_mixin.py:188} INFO - Delivered message to stock_data [0]
[2024-08-13T09:06:52.981+0000] {logging_mixin.py:188} INFO - Delivered message to stock_data [0]
[2024-08-13T09:06:52.981+0000] {logging_mixin.py:188} INFO - Delivered message to stock_data [0]
[2024-08-13T09:06:52.981+0000] {logging_mixin.py:188} INFO - Delivered message to stock_data [0]
[2024-08-13T09:06:52.982+0000] {logging_mixin.py:188} INFO - Delivered message to stock_data [0]
[2024-08-13T09:06:52.982+0000] {logging_mixin.py:188} INFO - Delivered message to stock_data [0]
[2024-08-13T09:06:52.983+0000] {logging_mixin.py:188} INFO - Delivered message to stock_data [0]
[2024-08-13T09:06:52.983+0000] {logging_mixin.py:188} INFO - Delivered message to stock_data [0]
[2024-08-13T09:06:52.984+0000] {logging_mixin.py:188} INFO - Delivered message to stock_data [0]
[2024-08-13T09:06:52.984+0000] {logging_mixin.py:188} INFO - Delivered message to stock_data [0]
[2024-08-13T09:06:52.984+0000] {logging_mixin.py:188} INFO - Delivered message to stock_data [0]
[2024-08-13T09:06:52.985+0000] {logging_mixin.py:188} INFO - Delivered message to stock_data [0]
[2024-08-13T09:06:52.985+0000] {logging_mixin.py:188} INFO - Delivered message to stock_data [0]
[2024-08-13T09:06:52.986+0000] {logging_mixin.py:188} INFO - Delivered message to stock_data [0]
[2024-08-13T09:06:52.986+0000] {logging_mixin.py:188} INFO - Delivered message to stock_data [0]
[2024-08-13T09:06:52.987+0000] {logging_mixin.py:188} INFO - Delivered message to stock_data [0]
[2024-08-13T09:06:52.987+0000] {logging_mixin.py:188} INFO - Delivered message to stock_data [0]
[2024-08-13T09:06:52.988+0000] {logging_mixin.py:188} INFO - Delivered message to stock_data [0]
[2024-08-13T09:06:52.988+0000] {logging_mixin.py:188} INFO - Delivered message to stock_data [0]
[2024-08-13T09:06:52.989+0000] {logging_mixin.py:188} INFO - Delivered message to stock_data [0]
[2024-08-13T09:06:52.989+0000] {logging_mixin.py:188} INFO - Delivered message to stock_data [0]
[2024-08-13T09:06:52.990+0000] {logging_mixin.py:188} INFO - Delivered message to stock_data [0]
[2024-08-13T09:06:52.990+0000] {logging_mixin.py:188} INFO - Delivered message to stock_data [0]
[2024-08-13T09:06:52.990+0000] {logging_mixin.py:188} INFO - Delivered message to stock_data [0]
[2024-08-13T09:06:52.991+0000] {logging_mixin.py:188} INFO - Delivered message to stock_data [0]
[2024-08-13T09:06:52.991+0000] {logging_mixin.py:188} INFO - Delivered message to stock_data [0]
[2024-08-13T09:06:52.992+0000] {logging_mixin.py:188} INFO - Delivered message to stock_data [0]
[2024-08-13T09:06:52.992+0000] {logging_mixin.py:188} INFO - Delivered message to stock_data [0]
[2024-08-13T09:06:52.992+0000] {logging_mixin.py:188} INFO - Delivered message to stock_data [0]
[2024-08-13T09:06:52.993+0000] {logging_mixin.py:188} INFO - Delivered message to stock_data [0]
[2024-08-13T09:06:52.993+0000] {logging_mixin.py:188} INFO - Delivered message to stock_data [0]
[2024-08-13T09:06:52.994+0000] {logging_mixin.py:188} INFO - Delivered message to stock_data [0]
[2024-08-13T09:06:52.994+0000] {logging_mixin.py:188} INFO - Delivered message to stock_data [0]
[2024-08-13T09:06:52.994+0000] {logging_mixin.py:188} INFO - Delivered message to stock_data [0]
[2024-08-13T09:06:52.995+0000] {logging_mixin.py:188} INFO - Delivered message to stock_data [0]
[2024-08-13T09:06:52.995+0000] {logging_mixin.py:188} INFO - Delivered message to stock_data [0]
[2024-08-13T09:06:52.996+0000] {logging_mixin.py:188} INFO - Delivered message to stock_data [0]
[2024-08-13T09:06:52.996+0000] {logging_mixin.py:188} INFO - Delivered message to stock_data [0]
[2024-08-13T09:06:52.996+0000] {logging_mixin.py:188} INFO - Delivered message to stock_data [0]
[2024-08-13T09:06:52.997+0000] {logging_mixin.py:188} INFO - Delivered message to stock_data [0]
[2024-08-13T09:06:52.997+0000] {logging_mixin.py:188} INFO - Delivered message to stock_data [0]
[2024-08-13T09:06:52.998+0000] {logging_mixin.py:188} INFO - Delivered message to stock_data [0]
[2024-08-13T09:06:52.998+0000] {logging_mixin.py:188} INFO - Delivered message to stock_data [0]
[2024-08-13T09:06:52.998+0000] {logging_mixin.py:188} INFO - Delivered message to stock_data [0]
[2024-08-13T09:06:52.999+0000] {logging_mixin.py:188} INFO - Delivered message to stock_data [0]
[2024-08-13T09:06:52.999+0000] {logging_mixin.py:188} INFO - Delivered message to stock_data [0]
[2024-08-13T09:06:53.000+0000] {logging_mixin.py:188} INFO - Delivered message to stock_data [0]
[2024-08-13T09:06:53.000+0000] {logging_mixin.py:188} INFO - Delivered message to stock_data [0]
[2024-08-13T09:06:53.001+0000] {logging_mixin.py:188} INFO - Delivered message to stock_data [0]
[2024-08-13T09:06:53.001+0000] {logging_mixin.py:188} INFO - Delivered message to stock_data [0]
[2024-08-13T09:06:53.001+0000] {logging_mixin.py:188} INFO - Delivered message to stock_data [0]
[2024-08-13T09:06:53.002+0000] {logging_mixin.py:188} INFO - Delivered message to stock_data [0]
[2024-08-13T09:06:53.002+0000] {logging_mixin.py:188} INFO - Delivered message to stock_data [0]
[2024-08-13T09:06:53.002+0000] {logging_mixin.py:188} INFO - Delivered message to stock_data [0]
[2024-08-13T09:06:53.003+0000] {logging_mixin.py:188} INFO - Delivered message to stock_data [0]
[2024-08-13T09:06:53.003+0000] {logging_mixin.py:188} INFO - Delivered message to stock_data [0]
[2024-08-13T09:06:53.004+0000] {logging_mixin.py:188} INFO - Delivered message to stock_data [0]
[2024-08-13T09:06:53.004+0000] {logging_mixin.py:188} INFO - Delivered message to stock_data [0]
[2024-08-13T09:06:53.005+0000] {logging_mixin.py:188} INFO - Delivered message to stock_data [0]
[2024-08-13T09:06:53.005+0000] {logging_mixin.py:188} INFO - Delivered message to stock_data [0]
[2024-08-13T09:06:53.006+0000] {logging_mixin.py:188} INFO - Delivered message to stock_data [0]
[2024-08-13T09:06:53.006+0000] {logging_mixin.py:188} INFO - Delivered message to stock_data [0]
[2024-08-13T09:06:53.007+0000] {logging_mixin.py:188} INFO - Delivered message to stock_data [0]
[2024-08-13T09:06:53.007+0000] {logging_mixin.py:188} INFO - Delivered message to stock_data [0]
[2024-08-13T09:06:53.008+0000] {logging_mixin.py:188} INFO - Delivered message to stock_data [0]
[2024-08-13T09:06:53.008+0000] {logging_mixin.py:188} INFO - Delivered message to stock_data [0]
[2024-08-13T09:06:53.008+0000] {logging_mixin.py:188} INFO - Delivered message to stock_data [0]
[2024-08-13T09:06:53.009+0000] {logging_mixin.py:188} INFO - Delivered message to stock_data [0]
[2024-08-13T09:06:53.009+0000] {logging_mixin.py:188} INFO - Delivered message to stock_data [0]
[2024-08-13T09:06:53.010+0000] {logging_mixin.py:188} INFO - Delivered message to stock_data [0]
[2024-08-13T09:06:53.010+0000] {logging_mixin.py:188} INFO - Delivered message to stock_data [0]
[2024-08-13T09:06:53.011+0000] {logging_mixin.py:188} INFO - Delivered message to stock_data [0]
[2024-08-13T09:06:53.011+0000] {logging_mixin.py:188} INFO - Delivered message to stock_data [0]
[2024-08-13T09:06:53.011+0000] {logging_mixin.py:188} INFO - Delivered message to stock_data [0]
[2024-08-13T09:06:53.012+0000] {logging_mixin.py:188} INFO - Delivered message to stock_data [0]
[2024-08-13T09:06:53.012+0000] {logging_mixin.py:188} INFO - Delivered message to stock_data [0]
[2024-08-13T09:06:53.013+0000] {logging_mixin.py:188} INFO - Delivered message to stock_data [0]
[2024-08-13T09:06:53.013+0000] {logging_mixin.py:188} INFO - Delivered message to stock_data [0]
[2024-08-13T09:06:53.013+0000] {logging_mixin.py:188} INFO - Delivered message to stock_data [0]
[2024-08-13T09:06:53.014+0000] {logging_mixin.py:188} INFO - Delivered message to stock_data [0]
[2024-08-13T09:06:53.014+0000] {logging_mixin.py:188} INFO - Delivered message to stock_data [0]
[2024-08-13T09:06:53.015+0000] {logging_mixin.py:188} INFO - Delivered message to stock_data [0]
[2024-08-13T09:06:53.015+0000] {logging_mixin.py:188} INFO - Delivered message to stock_data [0]
[2024-08-13T09:06:53.016+0000] {logging_mixin.py:188} INFO - Delivered message to stock_data [0]
[2024-08-13T09:06:53.016+0000] {logging_mixin.py:188} INFO - Delivered message to stock_data [0]
[2024-08-13T09:06:53.016+0000] {logging_mixin.py:188} INFO - Delivered message to stock_data [0]
[2024-08-13T09:06:53.017+0000] {logging_mixin.py:188} INFO - Delivered message to stock_data [0]
[2024-08-13T09:06:53.017+0000] {logging_mixin.py:188} INFO - Delivered message to stock_data [0]
[2024-08-13T09:06:53.017+0000] {logging_mixin.py:188} INFO - Delivered message to stock_data [0]
[2024-08-13T09:06:53.018+0000] {logging_mixin.py:188} INFO - Delivered message to stock_data [0]
[2024-08-13T09:06:53.018+0000] {logging_mixin.py:188} INFO - Delivered message to stock_data [0]
[2024-08-13T09:06:53.018+0000] {logging_mixin.py:188} INFO - Delivered message to stock_data [0]
[2024-08-13T09:06:53.019+0000] {logging_mixin.py:188} INFO - Delivered message to stock_data [0]
[2024-08-13T09:06:53.019+0000] {logging_mixin.py:188} INFO - Delivered message to stock_data [0]
[2024-08-13T09:06:53.019+0000] {logging_mixin.py:188} INFO - Delivered message to stock_data [0]
[2024-08-13T09:06:53.020+0000] {logging_mixin.py:188} INFO - Delivered message to stock_data [0]
[2024-08-13T09:06:53.020+0000] {logging_mixin.py:188} INFO - Delivered message to stock_data [0]
[2024-08-13T09:06:53.021+0000] {logging_mixin.py:188} INFO - Delivered message to stock_data [0]
[2024-08-13T09:06:53.021+0000] {logging_mixin.py:188} INFO - Delivered message to stock_data [0]
[2024-08-13T09:06:53.022+0000] {logging_mixin.py:188} INFO - Delivered message to stock_data [0]
[2024-08-13T09:06:53.022+0000] {logging_mixin.py:188} INFO - Delivered message to stock_data [0]
[2024-08-13T09:06:53.023+0000] {logging_mixin.py:188} INFO - Delivered message to stock_data [0]
[2024-08-13T09:06:53.023+0000] {logging_mixin.py:188} INFO - Delivered message to stock_data [0]
[2024-08-13T09:06:53.023+0000] {logging_mixin.py:188} INFO - Delivered message to stock_data [0]
[2024-08-13T09:06:53.024+0000] {logging_mixin.py:188} INFO - Delivered message to stock_data [0]
[2024-08-13T09:06:53.024+0000] {logging_mixin.py:188} INFO - Delivered message to stock_data [0]
[2024-08-13T09:06:53.024+0000] {logging_mixin.py:188} INFO - Delivered message to stock_data [0]
[2024-08-13T09:06:53.025+0000] {logging_mixin.py:188} INFO - Delivered message to stock_data [0]
[2024-08-13T09:06:53.025+0000] {logging_mixin.py:188} INFO - Delivered message to stock_data [0]
[2024-08-13T09:06:53.025+0000] {logging_mixin.py:188} INFO - Delivered message to stock_data [0]
[2024-08-13T09:06:53.026+0000] {logging_mixin.py:188} INFO - Delivered message to stock_data [0]
[2024-08-13T09:06:53.026+0000] {logging_mixin.py:188} INFO - Delivered message to stock_data [0]
[2024-08-13T09:06:53.026+0000] {logging_mixin.py:188} INFO - Delivered message to stock_data [0]
[2024-08-13T09:06:53.027+0000] {logging_mixin.py:188} INFO - Delivered message to stock_data [0]
[2024-08-13T09:06:53.027+0000] {logging_mixin.py:188} INFO - Delivered message to stock_data [0]
[2024-08-13T09:06:53.027+0000] {logging_mixin.py:188} INFO - Delivered message to stock_data [0]
[2024-08-13T09:06:53.028+0000] {logging_mixin.py:188} INFO - Delivered message to stock_data [0]
[2024-08-13T09:06:53.028+0000] {logging_mixin.py:188} INFO - Delivered message to stock_data [0]
[2024-08-13T09:06:53.028+0000] {logging_mixin.py:188} INFO - Delivered message to stock_data [0]
[2024-08-13T09:06:53.029+0000] {logging_mixin.py:188} INFO - Delivered message to stock_data [0]
[2024-08-13T09:06:53.029+0000] {logging_mixin.py:188} INFO - Delivered message to stock_data [0]
[2024-08-13T09:06:53.030+0000] {logging_mixin.py:188} INFO - Delivered message to stock_data [0]
[2024-08-13T09:06:53.030+0000] {logging_mixin.py:188} INFO - Delivered message to stock_data [0]
[2024-08-13T09:06:53.031+0000] {logging_mixin.py:188} INFO - Delivered message to stock_data [0]
[2024-08-13T09:06:53.032+0000] {logging_mixin.py:188} INFO - Delivered message to stock_data [0]
[2024-08-13T09:06:53.032+0000] {logging_mixin.py:188} INFO - Delivered message to stock_data [0]
[2024-08-13T09:06:53.033+0000] {logging_mixin.py:188} INFO - Delivered message to stock_data [0]
[2024-08-13T09:06:53.033+0000] {logging_mixin.py:188} INFO - Delivered message to stock_data [0]
[2024-08-13T09:06:53.034+0000] {logging_mixin.py:188} INFO - Delivered message to stock_data [0]
[2024-08-13T09:06:53.034+0000] {logging_mixin.py:188} INFO - Delivered message to stock_data [0]
[2024-08-13T09:06:53.034+0000] {logging_mixin.py:188} INFO - Delivered message to stock_data [0]
[2024-08-13T09:06:53.035+0000] {logging_mixin.py:188} INFO - Delivered message to stock_data [0]
[2024-08-13T09:06:53.035+0000] {logging_mixin.py:188} INFO - Delivered message to stock_data [0]
[2024-08-13T09:06:53.035+0000] {logging_mixin.py:188} INFO - Delivered message to stock_data [0]
[2024-08-13T09:06:53.036+0000] {logging_mixin.py:188} INFO - Delivered message to stock_data [0]
[2024-08-13T09:06:53.036+0000] {logging_mixin.py:188} INFO - Delivered message to stock_data [0]
[2024-08-13T09:06:53.037+0000] {logging_mixin.py:188} INFO - Delivered message to stock_data [0]
[2024-08-13T09:06:53.037+0000] {logging_mixin.py:188} INFO - Delivered message to stock_data [0]
[2024-08-13T09:06:53.037+0000] {logging_mixin.py:188} INFO - Delivered message to stock_data [0]
[2024-08-13T09:06:53.038+0000] {logging_mixin.py:188} INFO - Delivered message to stock_data [0]
[2024-08-13T09:06:53.038+0000] {logging_mixin.py:188} INFO - Delivered message to stock_data [0]
[2024-08-13T09:06:53.039+0000] {logging_mixin.py:188} INFO - Delivered message to stock_data [0]
[2024-08-13T09:06:53.039+0000] {logging_mixin.py:188} INFO - Delivered message to stock_data [0]
[2024-08-13T09:06:53.040+0000] {logging_mixin.py:188} INFO - Delivered message to stock_data [0]
[2024-08-13T09:06:53.040+0000] {logging_mixin.py:188} INFO - Delivered message to stock_data [0]
[2024-08-13T09:06:53.040+0000] {logging_mixin.py:188} INFO - Delivered message to stock_data [0]
[2024-08-13T09:06:53.041+0000] {logging_mixin.py:188} INFO - Delivered message to stock_data [0]
[2024-08-13T09:06:53.041+0000] {logging_mixin.py:188} INFO - Delivered message to stock_data [0]
[2024-08-13T09:06:53.041+0000] {logging_mixin.py:188} INFO - Delivered message to stock_data [0]
[2024-08-13T09:06:53.042+0000] {logging_mixin.py:188} INFO - Delivered message to stock_data [0]
[2024-08-13T09:06:53.042+0000] {logging_mixin.py:188} INFO - Delivered message to stock_data [0]
[2024-08-13T09:06:53.043+0000] {logging_mixin.py:188} INFO - Delivered message to stock_data [0]
[2024-08-13T09:06:53.043+0000] {logging_mixin.py:188} INFO - Delivered message to stock_data [0]
[2024-08-13T09:06:53.043+0000] {logging_mixin.py:188} INFO - Delivered message to stock_data [0]
[2024-08-13T09:06:53.044+0000] {logging_mixin.py:188} INFO - Delivered message to stock_data [0]
[2024-08-13T09:06:53.044+0000] {logging_mixin.py:188} INFO - Delivered message to stock_data [0]
[2024-08-13T09:06:53.044+0000] {logging_mixin.py:188} INFO - Delivered message to stock_data [0]
[2024-08-13T09:06:53.045+0000] {logging_mixin.py:188} INFO - Delivered message to stock_data [0]
[2024-08-13T09:06:53.045+0000] {logging_mixin.py:188} INFO - Delivered message to stock_data [0]
[2024-08-13T09:06:53.045+0000] {logging_mixin.py:188} INFO - Delivered message to stock_data [0]
[2024-08-13T09:06:53.046+0000] {logging_mixin.py:188} INFO - Delivered message to stock_data [0]
[2024-08-13T09:06:53.046+0000] {logging_mixin.py:188} INFO - Delivered message to stock_data [0]
[2024-08-13T09:06:53.047+0000] {logging_mixin.py:188} INFO - Delivered message to stock_data [0]
[2024-08-13T09:06:53.047+0000] {logging_mixin.py:188} INFO - Delivered message to stock_data [0]
[2024-08-13T09:06:53.047+0000] {logging_mixin.py:188} INFO - Delivered message to stock_data [0]
[2024-08-13T09:06:53.048+0000] {logging_mixin.py:188} INFO - Delivered message to stock_data [0]
[2024-08-13T09:06:53.048+0000] {logging_mixin.py:188} INFO - Delivered message to stock_data [0]
[2024-08-13T09:06:53.048+0000] {logging_mixin.py:188} INFO - Delivered message to stock_data [0]
[2024-08-13T09:06:53.049+0000] {logging_mixin.py:188} INFO - Delivered message to stock_data [0]
[2024-08-13T09:06:53.049+0000] {logging_mixin.py:188} INFO - Delivered message to stock_data [0]
[2024-08-13T09:06:53.049+0000] {logging_mixin.py:188} INFO - Delivered message to stock_data [0]
[2024-08-13T09:06:53.050+0000] {logging_mixin.py:188} INFO - Delivered message to stock_data [0]
[2024-08-13T09:06:53.050+0000] {logging_mixin.py:188} INFO - Delivered message to stock_data [0]
[2024-08-13T09:06:53.050+0000] {logging_mixin.py:188} INFO - Delivered message to stock_data [0]
[2024-08-13T09:06:53.051+0000] {logging_mixin.py:188} INFO - Delivered message to stock_data [0]
[2024-08-13T09:06:53.051+0000] {logging_mixin.py:188} INFO - Delivered message to stock_data [0]
[2024-08-13T09:06:53.051+0000] {logging_mixin.py:188} INFO - Delivered message to stock_data [0]
[2024-08-13T09:06:53.052+0000] {logging_mixin.py:188} INFO - Delivered message to stock_data [0]
[2024-08-13T09:06:53.052+0000] {logging_mixin.py:188} INFO - Delivered message to stock_data [0]
[2024-08-13T09:06:53.053+0000] {logging_mixin.py:188} INFO - Delivered message to stock_data [0]
[2024-08-13T09:06:53.053+0000] {logging_mixin.py:188} INFO - Delivered message to stock_data [0]
[2024-08-13T09:06:53.053+0000] {logging_mixin.py:188} INFO - Delivered message to stock_data [0]
[2024-08-13T09:06:53.054+0000] {logging_mixin.py:188} INFO - Delivered message to stock_data [0]
[2024-08-13T09:06:53.054+0000] {logging_mixin.py:188} INFO - Delivered message to stock_data [0]
[2024-08-13T09:06:53.055+0000] {logging_mixin.py:188} INFO - Delivered message to stock_data [0]
[2024-08-13T09:06:53.055+0000] {logging_mixin.py:188} INFO - Delivered message to stock_data [0]
[2024-08-13T09:06:53.056+0000] {logging_mixin.py:188} INFO - Delivered message to stock_data [0]
[2024-08-13T09:06:53.056+0000] {logging_mixin.py:188} INFO - Delivered message to stock_data [0]
[2024-08-13T09:06:53.057+0000] {logging_mixin.py:188} INFO - Delivered message to stock_data [0]
[2024-08-13T09:06:53.057+0000] {logging_mixin.py:188} INFO - Delivered message to stock_data [0]
[2024-08-13T09:06:53.057+0000] {logging_mixin.py:188} INFO - Delivered message to stock_data [0]
[2024-08-13T09:06:53.058+0000] {logging_mixin.py:188} INFO - Delivered message to stock_data [0]
[2024-08-13T09:06:53.058+0000] {logging_mixin.py:188} INFO - Delivered message to stock_data [0]
[2024-08-13T09:06:53.058+0000] {logging_mixin.py:188} INFO - Delivered message to stock_data [0]
[2024-08-13T09:06:53.059+0000] {logging_mixin.py:188} INFO - Delivered message to stock_data [0]
[2024-08-13T09:06:53.059+0000] {logging_mixin.py:188} INFO - Delivered message to stock_data [0]
[2024-08-13T09:06:53.060+0000] {python.py:237} INFO - Done. Returned value was: None
[2024-08-13T09:06:53.060+0000] {taskinstance.py:441} INFO - ::group::Post task execution logs
[2024-08-13T09:06:53.075+0000] {taskinstance.py:1206} INFO - Marking task as SUCCESS. dag_id=streaming_data, task_id=send_data, run_id=manual__2024-08-13T09:06:35.620543+00:00, execution_date=20240813T090635, start_date=20240813T090650, end_date=20240813T090653
[2024-08-13T09:06:53.119+0000] {local_task_job_runner.py:243} INFO - Task exited with return code 0
[2024-08-13T09:06:53.144+0000] {taskinstance.py:3503} INFO - 0 downstream tasks scheduled from follow-on schedule check
[2024-08-13T09:06:53.147+0000] {local_task_job_runner.py:222} INFO - ::endgroup::
